#
# A fatal error has been detected by the Java Runtime Environment:
#
#  EXCEPTION_ACCESS_VIOLATION (0xc0000005) at pc=0x00007ffe2799c6f9, pid=5748, tid=11752
#
# JRE version: OpenJDK Runtime Environment Microsoft-8902769 (17.0.10+7) (build 17.0.10+7-LTS)
# Java VM: OpenJDK 64-Bit Server VM Microsoft-8902769 (17.0.10+7-LTS, mixed mode, sharing, tiered, compressed oops, compressed class ptrs, g1 gc, windows-amd64)
# Problematic frame:
# V  [jvm.dll+0x30c6f9]
#
# No core dump will be written. Minidumps are not enabled by default on client versions of Windows
#
# If you would like to submit a bug report, please visit:
#   https://github.com/microsoft/openjdk/issues
#

---------------  S U M M A R Y ------------

Command Line: -Dmaven.multiModuleProjectDirectory=D:\app_sms_833\app_sms_back org.apache.maven.wrapper.MavenWrapperMain quarkus:dev

Host: Intel(R) Core(TM) i7-7700HQ CPU @ 2.80GHz, 8 cores, 15G,  Windows 10 , 64 bit Build 19041 (10.0.19041.3636)
Time: Fri Apr  5 10:00:40 2024 Afrique de l, 64 bit Build 19041 (10.0.19041.3636) elapsed time: 9.868725 seconds (0d 0h 0m 9s)

---------------  T H R E A D  ---------------

Current thread (0x000001663f6ea390):  GCTaskThread "GC Thread#0" [stack: 0x0000000fde200000,0x0000000fde300000] [id=11752]

Stack: [0x0000000fde200000,0x0000000fde300000],  sp=0x0000000fde2ff870,  free space=1022k
Native frames: (J=compiled Java code, j=interpreted, Vv=VM code, C=native code)
V  [jvm.dll+0x30c6f9]
V  [jvm.dll+0x2df81f]
V  [jvm.dll+0x2e011a]
V  [jvm.dll+0x2e0217]
V  [jvm.dll+0x2e580b]
V  [jvm.dll+0x864c7b]
V  [jvm.dll+0x864cc6]
V  [jvm.dll+0x7e69da]
V  [jvm.dll+0x67e715]
C  [ucrtbase.dll+0x21bb2]
C  [KERNEL32.DLL+0x17344]
C  [ntdll.dll+0x526b1]


siginfo: EXCEPTION_ACCESS_VIOLATION (0xc0000005), reading address 0x0000000020000000


Registers:
RAX=0x0000000000000000, RBX=0x0000000708c72a71, RCX=0x0000000000000015, RDX=0x0000000000000000
RSP=0x0000000fde2ff870, RBP=0x00000000000011a3, RSI=0x0000000708c72a70, RDI=0x00000166a8de5080
R8 =0x0000000708c72b08, R9 =0x00000007018ec408, R10=0x0000000020000000, R11=0x0000000000000001
R12=0x000001663f6906d8, R13=0x0000000fde2ff9a0, R14=0x0000000000000000, R15=0x0000000000000000
RIP=0x00007ffe2799c6f9, EFLAGS=0x0000000000010246


Register to memory mapping:

RIP=0x00007ffe2799c6f9 jvm.dll
RAX=0x0 is NULL
RBX=0x0000000708c72a71 is pointing into object: java.util.HashMap 
{0x0000000708c72a48} - klass: 'java/util/HashMap'
 - ---- fields (total size 6 words):
 - transient 'keySet' 'Ljava/util/Set;' @12  NULL (0)
 - transient 'values' 'Ljava/util/Collection;' @16  NULL (0)
 - transient 'size' 'I' @20  4
 - transient 'modCount' 'I' @24  67108868 (4000004)
 - 'threshold' 'I' @28  6
 - final 'loadFactor' 'F' @32  0.750000 (3f400000)
 - transient 'table' '[Ljava/util/HashMap$Node;' @36  a 'java/util/HashMap$Node'[8] {0x0000000708c72a78} (e118e54f)
 - transient 'entrySet' 'Ljava/util/Set;' @40  
[error occurred during error reporting (printing register info), id 0xc0000005, EXCEPTION_ACCESS_VIOLATION (0xc0000005) at pc=0x00007ffe27a2655e]

Top of Stack: (sp=0x0000000fde2ff870)
0x0000000fde2ff870:   0000000717610000 0000000000000100
0x0000000fde2ff880:   0000016600000000 0000000000000001
0x0000000fde2ff890:   000001663f6902f0 00000166a8de5080
0x0000000fde2ff8a0:   0000000fde7fed00 0000000000000013
0x0000000fde2ff8b0:   0000000fde2ff920 00007ffe2796f81f
0x0000000fde2ff8c0:   000001663f6906d8 0000000000000000
0x0000000fde2ff8d0:   0000000000000094 00007ffe00000001
0x0000000fde2ff8e0:   0000000000000008 00007ffe27990fd7
0x0000000fde2ff8f0:   0000000000000000 0000000000000000
0x0000000fde2ff900:   0000000fde2f0000 00007ffe27e8524e
0x0000000fde2ff910:   0000000000000000 0000000000000000
0x0000000fde2ff920:   000001663f6902f0 00000166a86e2450
0x0000000fde2ff930:   00000000000003d8 000001663f6906d8
0x0000000fde2ff940:   0000000fde7fed40 0000000000000013
0x0000000fde2ff950:   0000000000000001 00007ffe2797011a
0x0000000fde2ff960:   000001663f6919a0 00000166a8de5080
0x0000000fde2ff970:   00000166a8de5080 0000000000000000
0x0000000fde2ff980:   00007ffe27fedbc0 0000000100000001
0x0000000fde2ff990:   0000000005dd6835 000000066d732bcf
0x0000000fde2ff9a0:   00007ffe27fe6328 0000000000000000
0x0000000fde2ff9b0:   0000000000000000 0000000000000000
0x0000000fde2ff9c0:   000001663f6919a0 00000166a8de5080
0x0000000fde2ff9d0:   000001663f690b50 0000000fde7fed70
0x0000000fde2ff9e0:   0000000000000013 0000000000000000
0x0000000fde2ff9f0:   0000000000000000 0000000000000000
0x0000000fde2ffa00:   000001663f690300 00007ffe27970217
0x0000000fde2ffa10:   00000166a8de5080 0000000000000001
0x0000000fde2ffa20:   000001663d3687b0 0000000fde7fed40
0x0000000fde2ffa30:   0000000000000015 0000000000000013
0x0000000fde2ffa40:   0000000fde7fed40 00007ffe2797580b
0x0000000fde2ffa50:   00000166a8de5080 000001663d3687b0
0x0000000fde2ffa60:   0000000000000000 0000000000000000 

Instructions: (pc=0x00007ffe2799c6f9)
0x00007ffe2799c5f9:   ff 48 8d 53 fe 48 8b cf e8 6a f4 ff ff e9 35 fd
0x00007ffe2799c609:   ff ff 0f 1f 44 00 00 48 8b 77 10 8b ae 80 00 00
0x00007ffe2799c619:   00 8b cd 8b 86 00 01 00 00 2b c8 81 e1 ff ff 01
0x00007ffe2799c629:   00 41 3b ce 0f 86 e9 02 00 00 ff cd 81 e5 ff ff
0x00007ffe2799c639:   01 00 89 ae 80 00 00 00 e8 7a 45 36 00 90 8b d5
0x00007ffe2799c649:   8b 86 00 01 00 00 8b cd 48 8b 9e 80 01 00 00 2b
0x00007ffe2799c659:   c8 81 e1 ff ff 01 00 81 f9 ff ff 01 00 48 8b 1c
0x00007ffe2799c669:   eb 41 0f 44 cf 85 c9 75 3d 90 89 6c 24 50 48 8b
0x00007ffe2799c679:   86 00 01 00 00 48 8b c8 48 c1 e9 20 ff c1 89 4c
0x00007ffe2799c689:   24 54 3b e8 0f 85 77 02 00 00 48 c1 e1 20 48 0b
0x00007ffe2799c699:   ca f0 48 0f b1 8e 00 01 00 00 0f 85 61 02 00 00
0x00007ffe2799c6a9:   8b 86 00 01 00 00 f6 c3 01 0f 84 2f 01 00 00 8b
0x00007ffe2799c6b9:   0d 2a dc 80 00 48 8d 73 ff 48 8b 47 08 44 8b 16
0x00007ffe2799c6c9:   49 d3 e2 4c 03 15 0d dc 80 00 8b 88 90 05 00 00
0x00007ffe2799c6d9:   49 8b d2 48 8b 80 80 05 00 00 48 d3 ea 0f b7 14
0x00007ffe2799c6e9:   50 0f b7 c2 66 c1 e8 08 84 c0 0f 88 17 ff ff ff
0x00007ffe2799c6f9:   4d 8b 02 41 0f b6 c0 24 03 3c 03 75 1e 44 38 3d
0x00007ffe2799c709:   b2 9d 87 00 74 0f 41 0f b6 c0 24 07 3c 05 75 05
0x00007ffe2799c719:   4d 8b c7 eb 17 49 83 e0 fc eb 11 4d 8b c8 48 8b
0x00007ffe2799c729:   cf 4d 8b c2 e8 2e ef ff ff 4c 8b c0 8b 0d ad db
0x00007ffe2799c739:   80 00 49 8b d0 48 2b 15 9b db 80 00 48 d3 ea 89
0x00007ffe2799c749:   16 49 8b d0 8b 0d 7d a6 87 00 48 33 d6 48 d3 ea
0x00007ffe2799c759:   48 85 d2 0f 84 ae fe ff ff 48 8b 47 08 48 8b d6
0x00007ffe2799c769:   8b 88 c0 01 00 00 48 8b 80 b0 01 00 00 48 d3 ea
0x00007ffe2799c779:   48 8b 0c d0 8b 81 94 00 00 00 d1 e8 a8 01 0f 85
0x00007ffe2799c789:   83 fe ff ff 48 8b 47 08 8b 88 90 05 00 00 48 8b
0x00007ffe2799c799:   80 80 05 00 00 49 d3 e8 46 38 3c 40 0f 84 65 fe
0x00007ffe2799c7a9:   ff ff 48 8b 47 60 48 c1 ee 09 48 8b 58 40 48 8b
0x00007ffe2799c7b9:   48 38 48 03 de 48 2b d9 48 39 9f b0 01 00 00 0f
0x00007ffe2799c7c9:   84 42 fe ff ff 48 8d 14 0b 48 8d 4f 18 e8 a5 40
0x00007ffe2799c7d9:   00 00 48 89 9f b0 01 00 00 e9 29 fe ff ff f6 c3
0x00007ffe2799c7e9:   03 0f 85 09 01 00 00 48 8b 47 08 4c 8b 13 49 8b 


Stack slot to memory mapping:
stack at sp + 0 slots: 0x0000000717610000 is an oop: java.util.Collections$UnmodifiableMap 
{0x0000000717610000} - klass: 'java/util/Collections$UnmodifiableMap'
 - ---- fields (total size 4 words):
 - private final 'm' 'Ljava/util/Map;' @12  a 'java/util/HashMap'{0x000000071760fea0} (e2ec1fd4)
 - private transient 'keySet' 'Ljava/util/Set;' @16  NULL (0)
 - private transient 'entrySet' 'Ljava/util/Set;' @20  NULL (0)
 - private transient 'values' 'Ljava/util/Collection;' @24  NULL (0)
stack at sp + 1 slots: 0x0000000000000100 is an unknown value
stack at sp + 2 slots: 0x0000016600000000 is an unknown value
stack at sp + 3 slots: 0x0000000000000001 is an unknown value
stack at sp + 4 slots: 0x000001663f6902f0 points into unknown readable memory: 0x0000000000000000 | 00 00 00 00 00 00 00 00
stack at sp + 5 slots: 0x00000166a8de5080 points into unknown readable memory: 0x00007ffe27fecaf8 | f8 ca fe 27 fe 7f 00 00
stack at sp + 6 slots: 0x0000000fde7fed00 points into unknown readable memory: 0x0000000000000000 | 00 00 00 00 00 00 00 00
stack at sp + 7 slots: 0x0000000000000013 is an unknown value


---------------  P R O C E S S  ---------------

Threads class SMR info:
_java_thread_list=0x00000166aac87240, length=14, elements={
0x000001663f67ff20, 0x00000166626b2380, 0x00000166626b3200, 0x0000016662804090,
0x0000016662804c50, 0x00000166626ce170, 0x0000016662805610, 0x0000016662806f20,
0x000001666280aed0, 0x000001666280d8e0, 0x000001666293d420, 0x00000166629493c0,
0x00000166a8589050, 0x00000166a94ba360
}

Java Threads: ( => current thread )
  0x000001663f67ff20 JavaThread "main" [_thread_blocked, id=14912, stack(0x0000000fde100000,0x0000000fde200000)]
  0x00000166626b2380 JavaThread "Reference Handler" daemon [_thread_blocked, id=11132, stack(0x0000000fde800000,0x0000000fde900000)]
  0x00000166626b3200 JavaThread "Finalizer" daemon [_thread_blocked, id=10304, stack(0x0000000fde900000,0x0000000fdea00000)]
  0x0000016662804090 JavaThread "Signal Dispatcher" daemon [_thread_blocked, id=14916, stack(0x0000000fdea00000,0x0000000fdeb00000)]
  0x0000016662804c50 JavaThread "Attach Listener" daemon [_thread_blocked, id=11940, stack(0x0000000fdeb00000,0x0000000fdec00000)]
  0x00000166626ce170 JavaThread "Service Thread" daemon [_thread_blocked, id=15356, stack(0x0000000fdec00000,0x0000000fded00000)]
  0x0000016662805610 JavaThread "Monitor Deflation Thread" daemon [_thread_blocked, id=8700, stack(0x0000000fded00000,0x0000000fdee00000)]
  0x0000016662806f20 JavaThread "C2 CompilerThread0" daemon [_thread_blocked, id=7768, stack(0x0000000fdee00000,0x0000000fdef00000)]
  0x000001666280aed0 JavaThread "C1 CompilerThread0" daemon [_thread_blocked, id=14924, stack(0x0000000fdef00000,0x0000000fdf000000)]
  0x000001666280d8e0 JavaThread "Sweeper thread" daemon [_thread_blocked, id=2592, stack(0x0000000fdf000000,0x0000000fdf100000)]
  0x000001666293d420 JavaThread "Notification Thread" daemon [_thread_blocked, id=14908, stack(0x0000000fdf100000,0x0000000fdf200000)]
  0x00000166629493c0 JavaThread "Common-Cleaner" daemon [_thread_blocked, id=15196, stack(0x0000000fdf300000,0x0000000fdf400000)]
  0x00000166a8589050 JavaThread "C2 CompilerThread1" daemon [_thread_blocked, id=10220, stack(0x0000000fdf400000,0x0000000fdf500000)]
  0x00000166a94ba360 JavaThread "C2 CompilerThread2" daemon [_thread_blocked, id=4844, stack(0x0000000fdf500000,0x0000000fdf600000)]

Other Threads:
  0x00000166626a9da0 VMThread "VM Thread" [stack: 0x0000000fde700000,0x0000000fde800000] [id=15180]
  0x000001666293f910 WatcherThread [stack: 0x0000000fdf200000,0x0000000fdf300000] [id=14904]
=>0x000001663f6ea390 GCTaskThread "GC Thread#0" [stack: 0x0000000fde200000,0x0000000fde300000] [id=11752]
  0x00000166a87fc020 GCTaskThread "GC Thread#1" [stack: 0x0000000fdf600000,0x0000000fdf700000] [id=14964]
  0x00000166a87fc2e0 GCTaskThread "GC Thread#2" [stack: 0x0000000fdf700000,0x0000000fdf800000] [id=6156]
  0x00000166a87fc5a0 GCTaskThread "GC Thread#3" [stack: 0x0000000fdf800000,0x0000000fdf900000] [id=10588]
  0x00000166a87fc860 GCTaskThread "GC Thread#4" [stack: 0x0000000fdf900000,0x0000000fdfa00000] [id=5808]
  0x00000166a87fcf30 GCTaskThread "GC Thread#5" [stack: 0x0000000fdfa00000,0x0000000fdfb00000] [id=6164]
  0x00000166a86c8ae0 GCTaskThread "GC Thread#6" [stack: 0x0000000fdfb00000,0x0000000fdfc00000] [id=14028]
  0x00000166a86cb1c0 GCTaskThread "GC Thread#7" [stack: 0x0000000fdfc00000,0x0000000fdfd00000] [id=3232]
  0x000001663f6fb1b0 ConcurrentGCThread "G1 Main Marker" [stack: 0x0000000fde300000,0x0000000fde400000] [id=9492]
  0x000001663f6fbbd0 ConcurrentGCThread "G1 Conc#0" [stack: 0x0000000fde400000,0x0000000fde500000] [id=14408]
  0x00000166a9376b10 ConcurrentGCThread "G1 Conc#1" [stack: 0x0000000fdfd00000,0x0000000fdfe00000] [id=4812]
  0x000001663f73e7c0 ConcurrentGCThread "G1 Refine#0" [stack: 0x0000000fde500000,0x0000000fde600000] [id=14896]
  0x00000166a8adee40 ConcurrentGCThread "G1 Refine#1" [stack: 0x0000000fdfe00000,0x0000000fdff00000] [id=6300]
  0x00000166a8ae08b0 ConcurrentGCThread "G1 Refine#2" [stack: 0x0000000fdff00000,0x0000000fe0000000] [id=13400]
  0x00000166a8ae02d0 ConcurrentGCThread "G1 Refine#3" [stack: 0x0000000fe0000000,0x0000000fe0100000] [id=2312]
  0x00000166a8adf130 ConcurrentGCThread "G1 Refine#4" [stack: 0x0000000fe0100000,0x0000000fe0200000] [id=13336]
  0x0000016662566760 ConcurrentGCThread "G1 Service" [stack: 0x0000000fde600000,0x0000000fde700000] [id=14956]

Threads with active compile tasks:
C2 CompilerThread0     9911 6425       4       java.util.Iterator::forEachRemaining (30 bytes)
C2 CompilerThread1     9911 6401       4       org.eclipse.aether.util.graph.transformer.ConflictIdSorter$ConflictId::pullup (54 bytes)
C2 CompilerThread2     9911 6432       4       org.apache.maven.model.io.xpp3.MavenXpp3Reader::parsePlugin (519 bytes)

VM state: at safepoint (normal execution)

VM Mutex/Monitor currently owned by a thread:  ([mutex/lock_event])
[0x000001663f67a410] Threads_lock - owner thread: 0x00000166626a9da0
[0x000001663f67a380] Heap_lock - owner thread: 0x000001663f67ff20

Heap address: 0x0000000701200000, size: 4078 MB, Compressed Oops mode: Zero based, Oop shift amount: 3

CDS archive(s) mapped at: [0x0000016663000000-0x0000016663bb0000-0x0000016663bb0000), size 12255232, SharedBaseAddress: 0x0000016663000000, ArchiveRelocationMode: 1.
Compressed class space mapped at: 0x0000016664000000-0x00000166a4000000, reserved size: 1073741824
Narrow klass base: 0x0000016663000000, Narrow klass shift: 0, Narrow klass range: 0x100000000

GC Precious Log:
 CPUs: 8 total, 8 available
 Memory: 16304M
 Large Page Support: Disabled
 NUMA Support: Disabled
 Compressed Oops: Enabled (Zero based)
 Heap Region Size: 2M
 Heap Min Capacity: 8M
 Heap Initial Capacity: 256M
 Heap Max Capacity: 4078M
 Pre-touch: Disabled
 Parallel Workers: 8
 Concurrent Workers: 2
 Concurrent Refinement Workers: 8
 Periodic GC: Disabled

Heap:
 garbage-first heap   total 481280K, used 408062K [0x0000000701200000, 0x0000000800000000)
  region size 2048K, 161 young (329728K), 20 survivors (40960K)
 Metaspace       used 23476K, committed 23872K, reserved 1114112K
  class space    used 2563K, committed 2752K, reserved 1048576K

Heap Regions: E=young(eden), S=young(survivor), O=old, HS=humongous(starts), HC=humongous(continues), CS=collection set, F=free, OA=open archive, CA=closed archive, TAMS=top-at-mark-start (previous, next)
|   0|0x0000000701200000, 0x0000000701400000, 0x0000000701400000|100%| O|  |TAMS 0x0000000701400000, 0x0000000701200000| Untracked 
|   1|0x0000000701400000, 0x0000000701600000, 0x0000000701600000|100%| O|  |TAMS 0x0000000701600000, 0x0000000701400000| Untracked 
|   2|0x0000000701600000, 0x0000000701800000, 0x0000000701800000|100%| O|  |TAMS 0x0000000701800000, 0x0000000701600000| Untracked 
|   3|0x0000000701800000, 0x0000000701a00000, 0x0000000701a00000|100%| O|  |TAMS 0x0000000701a00000, 0x0000000701800000| Untracked 
|   4|0x0000000701a00000, 0x0000000701c00000, 0x0000000701c00000|100%| O|  |TAMS 0x0000000701c00000, 0x0000000701a00000| Untracked 
|   5|0x0000000701c00000, 0x0000000701e00000, 0x0000000701e00000|100%| O|  |TAMS 0x0000000701e00000, 0x0000000701c00000| Untracked 
|   6|0x0000000701e00000, 0x0000000702000000, 0x0000000702000000|100%| O|  |TAMS 0x0000000702000000, 0x0000000701e00000| Untracked 
|   7|0x0000000702000000, 0x0000000702200000, 0x0000000702200000|100%| O|  |TAMS 0x0000000702200000, 0x0000000702000000| Untracked 
|   8|0x0000000702200000, 0x0000000702400000, 0x0000000702400000|100%| O|  |TAMS 0x0000000702400000, 0x0000000702200000| Untracked 
|   9|0x0000000702400000, 0x0000000702600000, 0x0000000702600000|100%| O|  |TAMS 0x0000000702600000, 0x0000000702400000| Untracked 
|  10|0x0000000702600000, 0x0000000702800000, 0x0000000702800000|100%| O|  |TAMS 0x0000000702800000, 0x0000000702600000| Untracked 
|  11|0x0000000702800000, 0x0000000702a00000, 0x0000000702a00000|100%| O|  |TAMS 0x0000000702a00000, 0x0000000702800000| Untracked 
|  12|0x0000000702a00000, 0x0000000702c00000, 0x0000000702c00000|100%| O|  |TAMS 0x0000000702c00000, 0x0000000702a00000| Untracked 
|  13|0x0000000702c00000, 0x0000000702e00000, 0x0000000702e00000|100%| O|  |TAMS 0x0000000702e00000, 0x0000000702c00000| Untracked 
|  14|0x0000000702e00000, 0x0000000703000000, 0x0000000703000000|100%| O|  |TAMS 0x0000000703000000, 0x0000000702e00000| Untracked 
|  15|0x0000000703000000, 0x0000000703200000, 0x0000000703200000|100%| O|  |TAMS 0x0000000703200000, 0x0000000703000000| Untracked 
|  16|0x0000000703200000, 0x0000000703400000, 0x0000000703400000|100%| O|  |TAMS 0x0000000703400000, 0x0000000703200000| Untracked 
|  17|0x0000000703400000, 0x0000000703600000, 0x0000000703600000|100%| O|  |TAMS 0x0000000703600000, 0x0000000703400000| Untracked 
|  18|0x0000000703600000, 0x0000000703800000, 0x0000000703800000|100%| O|  |TAMS 0x0000000703800000, 0x0000000703600000| Untracked 
|  19|0x0000000703800000, 0x0000000703a00000, 0x0000000703a00000|100%| O|  |TAMS 0x0000000703a00000, 0x0000000703800000| Untracked 
|  20|0x0000000703a00000, 0x0000000703c00000, 0x0000000703c00000|100%| O|  |TAMS 0x0000000703c00000, 0x0000000703a00000| Untracked 
|  21|0x0000000703c00000, 0x0000000703e00000, 0x0000000703e00000|100%| O|  |TAMS 0x0000000703e00000, 0x0000000703c00000| Untracked 
|  22|0x0000000703e00000, 0x0000000704000000, 0x0000000704000000|100%| O|  |TAMS 0x0000000704000000, 0x0000000703e00000| Untracked 
|  23|0x0000000704000000, 0x0000000704200000, 0x0000000704200000|100%| O|  |TAMS 0x0000000704000000, 0x0000000704000000| Untracked 
|  24|0x0000000704200000, 0x0000000704400000, 0x0000000704400000|100%| O|  |TAMS 0x0000000704400000, 0x0000000704200000| Untracked 
|  25|0x0000000704400000, 0x0000000704600000, 0x0000000704600000|100%| O|  |TAMS 0x0000000704600000, 0x0000000704400000| Untracked 
|  26|0x0000000704600000, 0x0000000704800000, 0x0000000704800000|100%| O|  |TAMS 0x0000000704800000, 0x0000000704600000| Untracked 
|  27|0x0000000704800000, 0x0000000704a00000, 0x0000000704a00000|100%| O|  |TAMS 0x0000000704a00000, 0x0000000704800000| Untracked 
|  28|0x0000000704a00000, 0x0000000704c00000, 0x0000000704c00000|100%| O|  |TAMS 0x0000000704c00000, 0x0000000704a00000| Untracked 
|  29|0x0000000704c00000, 0x0000000704e00000, 0x0000000704e00000|100%| O|  |TAMS 0x0000000704e00000, 0x0000000704c00000| Untracked 
|  30|0x0000000704e00000, 0x0000000705000000, 0x0000000705000000|100%| O|  |TAMS 0x0000000705000000, 0x0000000704e00000| Untracked 
|  31|0x0000000705000000, 0x0000000705200000, 0x0000000705200000|100%| O|  |TAMS 0x0000000705200000, 0x0000000705000000| Untracked 
|  32|0x0000000705200000, 0x0000000705400000, 0x0000000705400000|100%| O|  |TAMS 0x0000000705400000, 0x0000000705200000| Untracked 
|  33|0x0000000705400000, 0x0000000705600000, 0x0000000705600000|100%| O|  |TAMS 0x0000000705600000, 0x0000000705400000| Untracked 
|  34|0x0000000705600000, 0x0000000705800000, 0x0000000705800000|100%| O|  |TAMS 0x0000000705800000, 0x0000000705600000| Untracked 
|  35|0x0000000705800000, 0x0000000705a00000, 0x0000000705a00000|100%| O|  |TAMS 0x0000000705a00000, 0x0000000705800000| Untracked 
|  36|0x0000000705a00000, 0x0000000705c00000, 0x0000000705c00000|100%| O|  |TAMS 0x0000000705c00000, 0x0000000705a00000| Untracked 
|  37|0x0000000705c00000, 0x0000000705e00000, 0x0000000705e00000|100%| O|  |TAMS 0x0000000705e00000, 0x0000000705c00000| Untracked 
|  38|0x0000000705e00000, 0x0000000706000000, 0x0000000706000000|100%| O|  |TAMS 0x0000000706000000, 0x0000000705e00000| Untracked 
|  39|0x0000000706000000, 0x0000000706200000, 0x0000000706200000|100%| O|  |TAMS 0x0000000706200000, 0x0000000706000000| Untracked 
|  40|0x0000000706200000, 0x0000000706400000, 0x0000000706400000|100%| O|  |TAMS 0x0000000706400000, 0x0000000706200000| Untracked 
|  41|0x0000000706400000, 0x0000000706600000, 0x0000000706600000|100%| O|  |TAMS 0x0000000706600000, 0x0000000706400000| Untracked 
|  42|0x0000000706600000, 0x0000000706800000, 0x0000000706800000|100%| O|  |TAMS 0x0000000706800000, 0x0000000706600000| Untracked 
|  43|0x0000000706800000, 0x0000000706a00000, 0x0000000706a00000|100%| O|  |TAMS 0x0000000706a00000, 0x0000000706800000| Untracked 
|  44|0x0000000706a00000, 0x0000000706c00000, 0x0000000706c00000|100%| O|  |TAMS 0x0000000706c00000, 0x0000000706a00000| Untracked 
|  45|0x0000000706c00000, 0x0000000706e00000, 0x0000000706e00000|100%| O|  |TAMS 0x0000000706ded200, 0x0000000706c00000| Untracked 
|  46|0x0000000706e00000, 0x0000000707000000, 0x0000000707000000|100%| O|  |TAMS 0x0000000706e00000, 0x0000000706e00000| Untracked 
|  47|0x0000000707000000, 0x0000000707200000, 0x0000000707200000|100%| O|  |TAMS 0x0000000707000000, 0x0000000707000000| Untracked 
|  48|0x0000000707200000, 0x0000000707400000, 0x0000000707400000|100%| O|  |TAMS 0x0000000707200000, 0x0000000707200000| Untracked 
|  49|0x0000000707400000, 0x000000070747f800, 0x0000000707600000| 24%| O|  |TAMS 0x0000000707400000, 0x0000000707400000| Untracked 
|  50|0x0000000707600000, 0x0000000707800000, 0x0000000707800000|100%|HS|  |TAMS 0x0000000707600000, 0x0000000707600000| Complete 
|  51|0x0000000707800000, 0x0000000707a00000, 0x0000000707a00000|100%|HS|  |TAMS 0x0000000707800000, 0x0000000707800000| Complete 
|  52|0x0000000707a00000, 0x0000000707c00000, 0x0000000707c00000|100%| O|  |TAMS 0x0000000707a00000, 0x0000000707a00000| Untracked 
|  53|0x0000000707c00000, 0x0000000707e00000, 0x0000000707e00000|100%| O|  |TAMS 0x0000000707c00000, 0x0000000707c00000| Untracked 
|  54|0x0000000707e00000, 0x0000000708000000, 0x0000000708000000|100%| O|  |TAMS 0x0000000707e00000, 0x0000000707e00000| Untracked 
|  55|0x0000000708000000, 0x0000000708200000, 0x0000000708200000|100%| O|  |TAMS 0x0000000708000000, 0x0000000708000000| Untracked 
|  56|0x0000000708200000, 0x0000000708400000, 0x0000000708400000|100%| O|  |TAMS 0x0000000708200000, 0x0000000708200000| Untracked 
|  57|0x0000000708400000, 0x0000000708600000, 0x0000000708600000|100%| O|  |TAMS 0x0000000708400000, 0x0000000708400000| Untracked 
|  58|0x0000000708600000, 0x0000000708800000, 0x0000000708800000|100%| O|  |TAMS 0x0000000708600000, 0x0000000708600000| Untracked 
|  59|0x0000000708800000, 0x0000000708a00000, 0x0000000708a00000|100%| O|  |TAMS 0x0000000708800000, 0x0000000708800000| Untracked 
|  60|0x0000000708a00000, 0x0000000708c00000, 0x0000000708c00000|100%| O|  |TAMS 0x0000000708a00000, 0x0000000708a00000| Untracked 
|  61|0x0000000708c00000, 0x0000000708e00000, 0x0000000708e00000|100%| O|  |TAMS 0x0000000708c00000, 0x0000000708c00000| Untracked 
|  62|0x0000000708e00000, 0x0000000709000000, 0x0000000709000000|100%| O|  |TAMS 0x0000000708e00000, 0x0000000708e00000| Untracked 
|  63|0x0000000709000000, 0x0000000709200000, 0x0000000709200000|100%| O|  |TAMS 0x0000000709000000, 0x0000000709000000| Untracked 
|  64|0x0000000709200000, 0x0000000709400000, 0x0000000709400000|100%| O|  |TAMS 0x0000000709200000, 0x0000000709200000| Untracked 
|  65|0x0000000709400000, 0x0000000709600000, 0x0000000709600000|100%| O|  |TAMS 0x0000000709400000, 0x0000000709400000| Untracked 
|  66|0x0000000709600000, 0x0000000709800000, 0x0000000709800000|100%| S|  |TAMS 0x0000000709600000, 0x0000000709600000| Complete 
|  67|0x0000000709800000, 0x0000000709a00000, 0x0000000709a00000|100%| S|  |TAMS 0x0000000709800000, 0x0000000709800000| Complete 
|  68|0x0000000709a00000, 0x0000000709c00000, 0x0000000709c00000|100%| S|  |TAMS 0x0000000709a00000, 0x0000000709a00000| Complete 
|  69|0x0000000709c00000, 0x0000000709e00000, 0x0000000709e00000|100%| S|  |TAMS 0x0000000709c00000, 0x0000000709c00000| Complete 
|  70|0x0000000709e00000, 0x000000070a000000, 0x000000070a000000|100%| S|  |TAMS 0x0000000709e00000, 0x0000000709e00000| Complete 
|  71|0x000000070a000000, 0x000000070a200000, 0x000000070a200000|100%| S|  |TAMS 0x000000070a000000, 0x000000070a000000| Complete 
|  72|0x000000070a200000, 0x000000070a400000, 0x000000070a400000|100%| E|CS|TAMS 0x000000070a200000, 0x000000070a200000| Complete 
|  73|0x000000070a400000, 0x000000070a600000, 0x000000070a600000|100%| E|CS|TAMS 0x000000070a400000, 0x000000070a400000| Complete 
|  74|0x000000070a600000, 0x000000070a800000, 0x000000070a800000|100%| E|CS|TAMS 0x000000070a600000, 0x000000070a600000| Complete 
|  75|0x000000070a800000, 0x000000070aa00000, 0x000000070aa00000|100%| E|CS|TAMS 0x000000070a800000, 0x000000070a800000| Complete 
|  76|0x000000070aa00000, 0x000000070ac00000, 0x000000070ac00000|100%| E|CS|TAMS 0x000000070aa00000, 0x000000070aa00000| Complete 
|  77|0x000000070ac00000, 0x000000070ae00000, 0x000000070ae00000|100%| E|CS|TAMS 0x000000070ac00000, 0x000000070ac00000| Complete 
|  78|0x000000070ae00000, 0x000000070b000000, 0x000000070b000000|100%| E|CS|TAMS 0x000000070ae00000, 0x000000070ae00000| Complete 
|  79|0x000000070b000000, 0x000000070b200000, 0x000000070b200000|100%| S|  |TAMS 0x000000070b000000, 0x000000070b000000| Complete 
|  80|0x000000070b200000, 0x000000070b400000, 0x000000070b400000|100%| S|  |TAMS 0x000000070b200000, 0x000000070b200000| Complete 
|  81|0x000000070b400000, 0x000000070b600000, 0x000000070b600000|100%| S|  |TAMS 0x000000070b400000, 0x000000070b400000| Complete 
|  82|0x000000070b600000, 0x000000070b800000, 0x000000070b800000|100%| S|  |TAMS 0x000000070b600000, 0x000000070b600000| Complete 
|  83|0x000000070b800000, 0x000000070ba00000, 0x000000070ba00000|100%| S|  |TAMS 0x000000070b800000, 0x000000070b800000| Complete 
|  84|0x000000070ba00000, 0x000000070bc00000, 0x000000070bc00000|100%| S|  |TAMS 0x000000070ba00000, 0x000000070ba00000| Complete 
|  85|0x000000070bc00000, 0x000000070be00000, 0x000000070be00000|100%| S|  |TAMS 0x000000070bc00000, 0x000000070bc00000| Complete 
|  86|0x000000070be00000, 0x000000070c000000, 0x000000070c000000|100%| S|  |TAMS 0x000000070be00000, 0x000000070be00000| Complete 
|  87|0x000000070c000000, 0x000000070c200000, 0x000000070c200000|100%| S|  |TAMS 0x000000070c000000, 0x000000070c000000| Complete 
|  88|0x000000070c200000, 0x000000070c400000, 0x000000070c400000|100%| S|  |TAMS 0x000000070c200000, 0x000000070c200000| Complete 
|  89|0x000000070c400000, 0x000000070c600000, 0x000000070c600000|100%| S|  |TAMS 0x000000070c400000, 0x000000070c400000| Complete 
|  90|0x000000070c600000, 0x000000070c800000, 0x000000070c800000|100%| S|  |TAMS 0x000000070c600000, 0x000000070c600000| Complete 
|  91|0x000000070c800000, 0x000000070ca00000, 0x000000070ca00000|100%| S|  |TAMS 0x000000070c800000, 0x000000070c800000| Complete 
|  92|0x000000070ca00000, 0x000000070cc00000, 0x000000070cc00000|100%| S|  |TAMS 0x000000070ca00000, 0x000000070ca00000| Complete 
|  93|0x000000070cc00000, 0x000000070ce00000, 0x000000070ce00000|100%| E|CS|TAMS 0x000000070cc00000, 0x000000070cc00000| Complete 
|  94|0x000000070ce00000, 0x000000070d000000, 0x000000070d000000|100%| E|CS|TAMS 0x000000070ce00000, 0x000000070ce00000| Complete 
|  95|0x000000070d000000, 0x000000070d200000, 0x000000070d200000|100%| E|CS|TAMS 0x000000070d000000, 0x000000070d000000| Complete 
|  96|0x000000070d200000, 0x000000070d400000, 0x000000070d400000|100%| E|CS|TAMS 0x000000070d200000, 0x000000070d200000| Complete 
|  97|0x000000070d400000, 0x000000070d600000, 0x000000070d600000|100%| E|CS|TAMS 0x000000070d400000, 0x000000070d400000| Complete 
|  98|0x000000070d600000, 0x000000070d800000, 0x000000070d800000|100%| E|CS|TAMS 0x000000070d600000, 0x000000070d600000| Complete 
|  99|0x000000070d800000, 0x000000070da00000, 0x000000070da00000|100%| E|CS|TAMS 0x000000070d800000, 0x000000070d800000| Complete 
| 100|0x000000070da00000, 0x000000070dc00000, 0x000000070dc00000|100%| E|CS|TAMS 0x000000070da00000, 0x000000070da00000| Complete 
| 101|0x000000070dc00000, 0x000000070de00000, 0x000000070de00000|100%| E|CS|TAMS 0x000000070dc00000, 0x000000070dc00000| Complete 
| 102|0x000000070de00000, 0x000000070e000000, 0x000000070e000000|100%| E|CS|TAMS 0x000000070de00000, 0x000000070de00000| Complete 
| 103|0x000000070e000000, 0x000000070e200000, 0x000000070e200000|100%| E|CS|TAMS 0x000000070e000000, 0x000000070e000000| Complete 
| 104|0x000000070e200000, 0x000000070e400000, 0x000000070e400000|100%| E|CS|TAMS 0x000000070e200000, 0x000000070e200000| Complete 
| 105|0x000000070e400000, 0x000000070e600000, 0x000000070e600000|100%| E|CS|TAMS 0x000000070e400000, 0x000000070e400000| Complete 
| 106|0x000000070e600000, 0x000000070e800000, 0x000000070e800000|100%| E|CS|TAMS 0x000000070e600000, 0x000000070e600000| Complete 
| 107|0x000000070e800000, 0x000000070ea00000, 0x000000070ea00000|100%| E|CS|TAMS 0x000000070e800000, 0x000000070e800000| Complete 
| 108|0x000000070ea00000, 0x000000070ec00000, 0x000000070ec00000|100%| E|CS|TAMS 0x000000070ea00000, 0x000000070ea00000| Complete 
| 109|0x000000070ec00000, 0x000000070ee00000, 0x000000070ee00000|100%| E|CS|TAMS 0x000000070ec00000, 0x000000070ec00000| Complete 
| 110|0x000000070ee00000, 0x000000070f000000, 0x000000070f000000|100%| E|CS|TAMS 0x000000070ee00000, 0x000000070ee00000| Complete 
| 111|0x000000070f000000, 0x000000070f200000, 0x000000070f200000|100%| E|CS|TAMS 0x000000070f000000, 0x000000070f000000| Complete 
| 112|0x000000070f200000, 0x000000070f400000, 0x000000070f400000|100%| E|CS|TAMS 0x000000070f200000, 0x000000070f200000| Complete 
| 113|0x000000070f400000, 0x000000070f600000, 0x000000070f600000|100%| E|CS|TAMS 0x000000070f400000, 0x000000070f400000| Complete 
| 114|0x000000070f600000, 0x000000070f800000, 0x000000070f800000|100%| E|CS|TAMS 0x000000070f600000, 0x000000070f600000| Complete 
| 115|0x000000070f800000, 0x000000070fa00000, 0x000000070fa00000|100%| E|CS|TAMS 0x000000070f800000, 0x000000070f800000| Complete 
| 116|0x000000070fa00000, 0x000000070fc00000, 0x000000070fc00000|100%| E|CS|TAMS 0x000000070fa00000, 0x000000070fa00000| Complete 
| 117|0x000000070fc00000, 0x000000070fe00000, 0x000000070fe00000|100%| E|CS|TAMS 0x000000070fc00000, 0x000000070fc00000| Complete 
| 118|0x000000070fe00000, 0x0000000710000000, 0x0000000710000000|100%| E|CS|TAMS 0x000000070fe00000, 0x000000070fe00000| Complete 
| 119|0x0000000710000000, 0x0000000710200000, 0x0000000710200000|100%| E|CS|TAMS 0x0000000710000000, 0x0000000710000000| Complete 
| 120|0x0000000710200000, 0x0000000710400000, 0x0000000710400000|100%| E|CS|TAMS 0x0000000710200000, 0x0000000710200000| Complete 
| 121|0x0000000710400000, 0x0000000710600000, 0x0000000710600000|100%| E|CS|TAMS 0x0000000710400000, 0x0000000710400000| Complete 
| 122|0x0000000710600000, 0x0000000710800000, 0x0000000710800000|100%| E|CS|TAMS 0x0000000710600000, 0x0000000710600000| Complete 
| 123|0x0000000710800000, 0x0000000710a00000, 0x0000000710a00000|100%| E|CS|TAMS 0x0000000710800000, 0x0000000710800000| Complete 
| 124|0x0000000710a00000, 0x0000000710c00000, 0x0000000710c00000|100%| E|CS|TAMS 0x0000000710a00000, 0x0000000710a00000| Complete 
| 125|0x0000000710c00000, 0x0000000710e00000, 0x0000000710e00000|100%| E|CS|TAMS 0x0000000710c00000, 0x0000000710c00000| Complete 
| 126|0x0000000710e00000, 0x0000000711000000, 0x0000000711000000|100%| E|CS|TAMS 0x0000000710e00000, 0x0000000710e00000| Complete 
| 127|0x0000000711000000, 0x0000000711200000, 0x0000000711200000|100%| E|CS|TAMS 0x0000000711000000, 0x0000000711000000| Complete 
| 128|0x0000000711200000, 0x0000000711400000, 0x0000000711400000|100%| E|CS|TAMS 0x0000000711200000, 0x0000000711200000| Complete 
| 129|0x0000000711400000, 0x0000000711600000, 0x0000000711600000|100%| E|CS|TAMS 0x0000000711400000, 0x0000000711400000| Complete 
| 130|0x0000000711600000, 0x0000000711800000, 0x0000000711800000|100%| E|CS|TAMS 0x0000000711600000, 0x0000000711600000| Complete 
| 131|0x0000000711800000, 0x0000000711a00000, 0x0000000711a00000|100%| E|CS|TAMS 0x0000000711800000, 0x0000000711800000| Complete 
| 132|0x0000000711a00000, 0x0000000711c00000, 0x0000000711c00000|100%| E|CS|TAMS 0x0000000711a00000, 0x0000000711a00000| Complete 
| 133|0x0000000711c00000, 0x0000000711e00000, 0x0000000711e00000|100%| E|CS|TAMS 0x0000000711c00000, 0x0000000711c00000| Complete 
| 134|0x0000000711e00000, 0x0000000712000000, 0x0000000712000000|100%| E|CS|TAMS 0x0000000711e00000, 0x0000000711e00000| Complete 
| 135|0x0000000712000000, 0x0000000712200000, 0x0000000712200000|100%| E|CS|TAMS 0x0000000712000000, 0x0000000712000000| Complete 
| 136|0x0000000712200000, 0x0000000712400000, 0x0000000712400000|100%| E|CS|TAMS 0x0000000712200000, 0x0000000712200000| Complete 
| 137|0x0000000712400000, 0x0000000712600000, 0x0000000712600000|100%| E|CS|TAMS 0x0000000712400000, 0x0000000712400000| Complete 
| 138|0x0000000712600000, 0x0000000712800000, 0x0000000712800000|100%| E|CS|TAMS 0x0000000712600000, 0x0000000712600000| Complete 
| 139|0x0000000712800000, 0x0000000712a00000, 0x0000000712a00000|100%| E|CS|TAMS 0x0000000712800000, 0x0000000712800000| Complete 
| 140|0x0000000712a00000, 0x0000000712c00000, 0x0000000712c00000|100%| E|CS|TAMS 0x0000000712a00000, 0x0000000712a00000| Complete 
| 141|0x0000000712c00000, 0x0000000712e00000, 0x0000000712e00000|100%| E|CS|TAMS 0x0000000712c00000, 0x0000000712c00000| Complete 
| 142|0x0000000712e00000, 0x0000000713000000, 0x0000000713000000|100%| E|CS|TAMS 0x0000000712e00000, 0x0000000712e00000| Complete 
| 143|0x0000000713000000, 0x0000000713200000, 0x0000000713200000|100%| E|CS|TAMS 0x0000000713000000, 0x0000000713000000| Complete 
| 144|0x0000000713200000, 0x0000000713400000, 0x0000000713400000|100%| E|CS|TAMS 0x0000000713200000, 0x0000000713200000| Complete 
| 145|0x0000000713400000, 0x0000000713600000, 0x0000000713600000|100%| E|CS|TAMS 0x0000000713400000, 0x0000000713400000| Complete 
| 146|0x0000000713600000, 0x0000000713800000, 0x0000000713800000|100%| E|CS|TAMS 0x0000000713600000, 0x0000000713600000| Complete 
| 147|0x0000000713800000, 0x0000000713a00000, 0x0000000713a00000|100%| E|CS|TAMS 0x0000000713800000, 0x0000000713800000| Complete 
| 148|0x0000000713a00000, 0x0000000713c00000, 0x0000000713c00000|100%| E|CS|TAMS 0x0000000713a00000, 0x0000000713a00000| Complete 
| 149|0x0000000713c00000, 0x0000000713e00000, 0x0000000713e00000|100%| E|CS|TAMS 0x0000000713c00000, 0x0000000713c00000| Complete 
| 150|0x0000000713e00000, 0x0000000714000000, 0x0000000714000000|100%| E|CS|TAMS 0x0000000713e00000, 0x0000000713e00000| Complete 
| 151|0x0000000714000000, 0x0000000714200000, 0x0000000714200000|100%| E|CS|TAMS 0x0000000714000000, 0x0000000714000000| Complete 
| 152|0x0000000714200000, 0x0000000714400000, 0x0000000714400000|100%| E|CS|TAMS 0x0000000714200000, 0x0000000714200000| Complete 
| 153|0x0000000714400000, 0x0000000714600000, 0x0000000714600000|100%| E|CS|TAMS 0x0000000714400000, 0x0000000714400000| Complete 
| 154|0x0000000714600000, 0x0000000714800000, 0x0000000714800000|100%| E|CS|TAMS 0x0000000714600000, 0x0000000714600000| Complete 
| 155|0x0000000714800000, 0x0000000714a00000, 0x0000000714a00000|100%| E|CS|TAMS 0x0000000714800000, 0x0000000714800000| Complete 
| 156|0x0000000714a00000, 0x0000000714c00000, 0x0000000714c00000|100%| E|CS|TAMS 0x0000000714a00000, 0x0000000714a00000| Complete 
| 157|0x0000000714c00000, 0x0000000714e00000, 0x0000000714e00000|100%| E|CS|TAMS 0x0000000714c00000, 0x0000000714c00000| Complete 
| 158|0x0000000714e00000, 0x0000000715000000, 0x0000000715000000|100%| E|CS|TAMS 0x0000000714e00000, 0x0000000714e00000| Complete 
| 159|0x0000000715000000, 0x0000000715200000, 0x0000000715200000|100%| E|CS|TAMS 0x0000000715000000, 0x0000000715000000| Complete 
| 160|0x0000000715200000, 0x0000000715400000, 0x0000000715400000|100%| E|CS|TAMS 0x0000000715200000, 0x0000000715200000| Complete 
| 161|0x0000000715400000, 0x0000000715600000, 0x0000000715600000|100%| E|CS|TAMS 0x0000000715400000, 0x0000000715400000| Complete 
| 162|0x0000000715600000, 0x0000000715800000, 0x0000000715800000|100%| E|CS|TAMS 0x0000000715600000, 0x0000000715600000| Complete 
| 163|0x0000000715800000, 0x0000000715a00000, 0x0000000715a00000|100%| E|CS|TAMS 0x0000000715800000, 0x0000000715800000| Complete 
| 164|0x0000000715a00000, 0x0000000715c00000, 0x0000000715c00000|100%| E|CS|TAMS 0x0000000715a00000, 0x0000000715a00000| Complete 
| 165|0x0000000715c00000, 0x0000000715e00000, 0x0000000715e00000|100%| E|CS|TAMS 0x0000000715c00000, 0x0000000715c00000| Complete 
| 166|0x0000000715e00000, 0x0000000716000000, 0x0000000716000000|100%| E|CS|TAMS 0x0000000715e00000, 0x0000000715e00000| Complete 
| 167|0x0000000716000000, 0x0000000716200000, 0x0000000716200000|100%| E|CS|TAMS 0x0000000716000000, 0x0000000716000000| Complete 
| 168|0x0000000716200000, 0x0000000716400000, 0x0000000716400000|100%| E|CS|TAMS 0x0000000716200000, 0x0000000716200000| Complete 
| 169|0x0000000716400000, 0x0000000716600000, 0x0000000716600000|100%| E|CS|TAMS 0x0000000716400000, 0x0000000716400000| Complete 
| 170|0x0000000716600000, 0x0000000716800000, 0x0000000716800000|100%| E|CS|TAMS 0x0000000716600000, 0x0000000716600000| Complete 
| 171|0x0000000716800000, 0x0000000716a00000, 0x0000000716a00000|100%| E|CS|TAMS 0x0000000716800000, 0x0000000716800000| Complete 
| 172|0x0000000716a00000, 0x0000000716c00000, 0x0000000716c00000|100%| E|CS|TAMS 0x0000000716a00000, 0x0000000716a00000| Complete 
| 173|0x0000000716c00000, 0x0000000716e00000, 0x0000000716e00000|100%| E|CS|TAMS 0x0000000716c00000, 0x0000000716c00000| Complete 
| 174|0x0000000716e00000, 0x0000000717000000, 0x0000000717000000|100%| E|CS|TAMS 0x0000000716e00000, 0x0000000716e00000| Complete 
| 175|0x0000000717000000, 0x0000000717200000, 0x0000000717200000|100%| E|CS|TAMS 0x0000000717000000, 0x0000000717000000| Complete 
| 176|0x0000000717200000, 0x0000000717400000, 0x0000000717400000|100%| E|CS|TAMS 0x0000000717200000, 0x0000000717200000| Complete 
| 177|0x0000000717400000, 0x0000000717600000, 0x0000000717600000|100%| E|CS|TAMS 0x0000000717400000, 0x0000000717400000| Complete 
| 178|0x0000000717600000, 0x0000000717800000, 0x0000000717800000|100%| E|CS|TAMS 0x0000000717600000, 0x0000000717600000| Complete 
| 179|0x0000000717800000, 0x0000000717a00000, 0x0000000717a00000|100%| E|CS|TAMS 0x0000000717800000, 0x0000000717800000| Complete 
| 180|0x0000000717a00000, 0x0000000717c00000, 0x0000000717c00000|100%| E|CS|TAMS 0x0000000717a00000, 0x0000000717a00000| Complete 
| 181|0x0000000717c00000, 0x0000000717e00000, 0x0000000717e00000|100%| E|CS|TAMS 0x0000000717c00000, 0x0000000717c00000| Complete 
| 182|0x0000000717e00000, 0x0000000718000000, 0x0000000718000000|100%| E|CS|TAMS 0x0000000717e00000, 0x0000000717e00000| Complete 
| 183|0x0000000718000000, 0x0000000718200000, 0x0000000718200000|100%| E|CS|TAMS 0x0000000718000000, 0x0000000718000000| Complete 
| 184|0x0000000718200000, 0x0000000718400000, 0x0000000718400000|100%| E|CS|TAMS 0x0000000718200000, 0x0000000718200000| Complete 
| 185|0x0000000718400000, 0x0000000718600000, 0x0000000718600000|100%| E|CS|TAMS 0x0000000718400000, 0x0000000718400000| Complete 
| 186|0x0000000718600000, 0x0000000718800000, 0x0000000718800000|100%| E|CS|TAMS 0x0000000718600000, 0x0000000718600000| Complete 
| 187|0x0000000718800000, 0x0000000718a00000, 0x0000000718a00000|100%| E|CS|TAMS 0x0000000718800000, 0x0000000718800000| Complete 
| 188|0x0000000718a00000, 0x0000000718c00000, 0x0000000718c00000|100%| E|CS|TAMS 0x0000000718a00000, 0x0000000718a00000| Complete 
| 189|0x0000000718c00000, 0x0000000718e00000, 0x0000000718e00000|100%| E|CS|TAMS 0x0000000718c00000, 0x0000000718c00000| Complete 
| 190|0x0000000718e00000, 0x0000000719000000, 0x0000000719000000|100%| E|CS|TAMS 0x0000000718e00000, 0x0000000718e00000| Complete 
| 191|0x0000000719000000, 0x0000000719200000, 0x0000000719200000|100%| E|CS|TAMS 0x0000000719000000, 0x0000000719000000| Complete 
| 192|0x0000000719200000, 0x0000000719400000, 0x0000000719400000|100%| E|CS|TAMS 0x0000000719200000, 0x0000000719200000| Complete 
| 193|0x0000000719400000, 0x0000000719600000, 0x0000000719600000|100%| E|CS|TAMS 0x0000000719400000, 0x0000000719400000| Complete 
| 194|0x0000000719600000, 0x0000000719800000, 0x0000000719800000|100%| E|CS|TAMS 0x0000000719600000, 0x0000000719600000| Complete 
| 195|0x0000000719800000, 0x0000000719a00000, 0x0000000719a00000|100%| E|CS|TAMS 0x0000000719800000, 0x0000000719800000| Complete 
| 196|0x0000000719a00000, 0x0000000719c00000, 0x0000000719c00000|100%| E|CS|TAMS 0x0000000719a00000, 0x0000000719a00000| Complete 
| 197|0x0000000719c00000, 0x0000000719e00000, 0x0000000719e00000|100%| E|CS|TAMS 0x0000000719c00000, 0x0000000719c00000| Complete 
| 198|0x0000000719e00000, 0x000000071a000000, 0x000000071a000000|100%| E|CS|TAMS 0x0000000719e00000, 0x0000000719e00000| Complete 
| 199|0x000000071a000000, 0x000000071a200000, 0x000000071a200000|100%| E|CS|TAMS 0x000000071a000000, 0x000000071a000000| Complete 
| 200|0x000000071a200000, 0x000000071a400000, 0x000000071a400000|100%| E|CS|TAMS 0x000000071a200000, 0x000000071a200000| Complete 
| 201|0x000000071a400000, 0x000000071a600000, 0x000000071a600000|100%| E|CS|TAMS 0x000000071a400000, 0x000000071a400000| Complete 
| 202|0x000000071a600000, 0x000000071a800000, 0x000000071a800000|100%| E|CS|TAMS 0x000000071a600000, 0x000000071a600000| Complete 
| 203|0x000000071a800000, 0x000000071aa00000, 0x000000071aa00000|100%| E|CS|TAMS 0x000000071a800000, 0x000000071a800000| Complete 
| 204|0x000000071aa00000, 0x000000071ac00000, 0x000000071ac00000|100%| E|CS|TAMS 0x000000071aa00000, 0x000000071aa00000| Complete 
| 205|0x000000071ac00000, 0x000000071ae00000, 0x000000071ae00000|100%| E|CS|TAMS 0x000000071ac00000, 0x000000071ac00000| Complete 
| 206|0x000000071ae00000, 0x000000071b000000, 0x000000071b000000|100%| E|CS|TAMS 0x000000071ae00000, 0x000000071ae00000| Complete 
| 207|0x000000071b000000, 0x000000071b200000, 0x000000071b200000|100%| E|CS|TAMS 0x000000071b000000, 0x000000071b000000| Complete 
| 208|0x000000071b200000, 0x000000071b400000, 0x000000071b400000|100%| E|CS|TAMS 0x000000071b200000, 0x000000071b200000| Complete 
| 209|0x000000071b400000, 0x000000071b600000, 0x000000071b600000|100%| E|CS|TAMS 0x000000071b400000, 0x000000071b400000| Complete 
| 210|0x000000071b600000, 0x000000071b800000, 0x000000071b800000|100%| E|CS|TAMS 0x000000071b600000, 0x000000071b600000| Complete 
| 211|0x000000071b800000, 0x000000071ba00000, 0x000000071ba00000|100%| E|CS|TAMS 0x000000071b800000, 0x000000071b800000| Complete 
| 212|0x000000071ba00000, 0x000000071bc00000, 0x000000071bc00000|100%| E|CS|TAMS 0x000000071ba00000, 0x000000071ba00000| Complete 
| 213|0x000000071bc00000, 0x000000071be00000, 0x000000071be00000|100%| E|CS|TAMS 0x000000071bc00000, 0x000000071bc00000| Complete 
| 214|0x000000071be00000, 0x000000071c000000, 0x000000071c000000|100%| E|CS|TAMS 0x000000071be00000, 0x000000071be00000| Complete 
| 215|0x000000071c000000, 0x000000071c200000, 0x000000071c200000|100%| E|CS|TAMS 0x000000071c000000, 0x000000071c000000| Complete 
| 216|0x000000071c200000, 0x000000071c400000, 0x000000071c400000|100%| E|CS|TAMS 0x000000071c200000, 0x000000071c200000| Complete 
| 217|0x000000071c400000, 0x000000071c600000, 0x000000071c600000|100%| E|CS|TAMS 0x000000071c400000, 0x000000071c400000| Complete 
| 218|0x000000071c600000, 0x000000071c800000, 0x000000071c800000|100%| E|CS|TAMS 0x000000071c600000, 0x000000071c600000| Complete 
| 219|0x000000071c800000, 0x000000071ca00000, 0x000000071ca00000|100%| E|CS|TAMS 0x000000071c800000, 0x000000071c800000| Complete 
| 220|0x000000071ca00000, 0x000000071cc00000, 0x000000071cc00000|100%| E|CS|TAMS 0x000000071ca00000, 0x000000071ca00000| Complete 
| 274|0x0000000723600000, 0x0000000723800000, 0x0000000723800000|100%| E|CS|TAMS 0x0000000723600000, 0x0000000723600000| Complete 
| 275|0x0000000723800000, 0x0000000723a00000, 0x0000000723a00000|100%| E|CS|TAMS 0x0000000723800000, 0x0000000723800000| Complete 
| 276|0x0000000723a00000, 0x0000000723c00000, 0x0000000723c00000|100%| E|CS|TAMS 0x0000000723a00000, 0x0000000723a00000| Complete 
| 277|0x0000000723c00000, 0x0000000723e00000, 0x0000000723e00000|100%| E|CS|TAMS 0x0000000723c00000, 0x0000000723c00000| Complete 
| 278|0x0000000723e00000, 0x0000000724000000, 0x0000000724000000|100%| E|CS|TAMS 0x0000000723e00000, 0x0000000723e00000| Complete 
| 279|0x0000000724000000, 0x0000000724200000, 0x0000000724200000|100%| E|CS|TAMS 0x0000000724000000, 0x0000000724000000| Complete 
| 280|0x0000000724200000, 0x0000000724400000, 0x0000000724400000|100%| E|CS|TAMS 0x0000000724200000, 0x0000000724200000| Complete 
| 281|0x0000000724400000, 0x0000000724600000, 0x0000000724600000|100%| E|CS|TAMS 0x0000000724400000, 0x0000000724400000| Complete 
| 282|0x0000000724600000, 0x0000000724800000, 0x0000000724800000|100%| E|CS|TAMS 0x0000000724600000, 0x0000000724600000| Complete 
| 283|0x0000000724800000, 0x0000000724a00000, 0x0000000724a00000|100%| E|CS|TAMS 0x0000000724800000, 0x0000000724800000| Complete 
| 284|0x0000000724a00000, 0x0000000724c00000, 0x0000000724c00000|100%| E|CS|TAMS 0x0000000724a00000, 0x0000000724a00000| Complete 
| 285|0x0000000724c00000, 0x0000000724e00000, 0x0000000724e00000|100%| E|CS|TAMS 0x0000000724c00000, 0x0000000724c00000| Complete 
| 286|0x0000000724e00000, 0x0000000725000000, 0x0000000725000000|100%| E|CS|TAMS 0x0000000724e00000, 0x0000000724e00000| Complete 
|2038|0x00000007ffe00000, 0x00000007ffea9890, 0x0000000800000000| 33%| O|  |TAMS 0x00000007ffe00000, 0x00000007ffe00000| Untracked 

Card table byte_map: [0x0000016656cd0000,0x00000166574d0000] _byte_map_base: 0x00000166534c7000

Marking Bits (Prev, Next): (CMBitMap*) 0x000001663f6ea9b0, (CMBitMap*) 0x000001663f6ea9f0
 Prev Bits: [0x0000016657cd0000, 0x000001665bc88000)
 Next Bits: [0x000001665bc90000, 0x000001665fc48000)

Polling page: 0x000001663d5d0000

Metaspace:

Usage:
  Non-class:     20.42 MB used.
      Class:      2.50 MB used.
       Both:     22.93 MB used.

Virtual space:
  Non-class space:       64.00 MB reserved,      20.62 MB ( 32%) committed,  1 nodes.
      Class space:        1.00 GB reserved,       2.69 MB ( <1%) committed,  1 nodes.
             Both:        1.06 GB reserved,      23.31 MB (  2%) committed. 

Chunk freelists:
   Non-Class:  10.64 MB
       Class:  13.34 MB
        Both:  23.98 MB

MaxMetaspaceSize: unlimited
CompressedClassSpaceSize: 1.00 GB
Initial GC threshold: 21.00 MB
Current GC threshold: 37.62 MB
CDS: on
MetaspaceReclaimPolicy: balanced
 - commit_granule_bytes: 65536.
 - commit_granule_words: 8192.
 - virtual_space_node_default_size: 8388608.
 - enlarge_chunks_in_place: 1.
 - new_chunks_are_fully_committed: 0.
 - uncommit_free_chunks: 1.
 - use_allocation_guard: 0.
 - handle_deallocations: 1.


Internal statistics:

num_allocs_failed_limit: 9.
num_arena_births: 254.
num_arena_deaths: 2.
num_vsnodes_births: 2.
num_vsnodes_deaths: 0.
num_space_committed: 373.
num_space_uncommitted: 0.
num_chunks_returned_to_freelist: 17.
num_chunks_taken_from_freelist: 1088.
num_chunk_merges: 6.
num_chunk_splits: 743.
num_chunks_enlarged: 569.
num_inconsistent_stats: 0.

CodeHeap 'non-profiled nmethods': size=120000Kb used=5124Kb max_used=5124Kb free=114876Kb
 bounds [0x000001664ec70000, 0x000001664f180000, 0x00000166561a0000]
CodeHeap 'profiled nmethods': size=120000Kb used=12379Kb max_used=12379Kb free=107621Kb
 bounds [0x00000166471a0000, 0x0000016647dc0000, 0x000001664e6d0000]
CodeHeap 'non-nmethods': size=5760Kb used=1200Kb max_used=1303Kb free=4559Kb
 bounds [0x000001664e6d0000, 0x000001664e940000, 0x000001664ec70000]
 total_blobs=6221 nmethods=5726 adapters=407
 compilation: enabled
              stopped_count=0, restarted_count=0
 full_count=0

Compilation events (20 events):
Event: 9.738 Thread 0x000001666280aed0 6467       2       org.eclipse.aether.resolution.ArtifactDescriptorRequest::setRepositories (21 bytes)
Event: 9.738 Thread 0x000001666280aed0 nmethod 6467 0x0000016647db3f10 code [0x0000016647db40a0, 0x0000016647db4298]
Event: 9.747 Thread 0x000001666280aed0 6468       3       org.eclipse.aether.graph.DefaultDependencyNode::setScope (30 bytes)
Event: 9.747 Thread 0x000001666280aed0 nmethod 6468 0x0000016647db4310 code [0x0000016647db44e0, 0x0000016647db47b8]
Event: 9.747 Thread 0x000001666280aed0 6469       3       org.eclipse.aether.util.artifact.ArtifactIdUtils::toId (42 bytes)
Event: 9.747 Thread 0x000001666280aed0 nmethod 6469 0x0000016647db4910 code [0x0000016647db4ae0, 0x0000016647db4e08]
Event: 9.747 Thread 0x000001666280aed0 6470       3       org.eclipse.aether.util.graph.transformer.JavaScopeSelector::chooseEffectiveScope (117 bytes)
Event: 9.748 Thread 0x000001666280aed0 nmethod 6470 0x0000016647db4f90 code [0x0000016647db51e0, 0x0000016647db5ce8]
Event: 9.748 Thread 0x000001666280aed0 6471       3       org.eclipse.aether.graph.Dependency::setOptional (34 bytes)
Event: 9.748 Thread 0x000001666280aed0 nmethod 6471 0x0000016647db5e90 code [0x0000016647db6060, 0x0000016647db6608]
Event: 9.756 Thread 0x000001666280aed0 6472       2       java.util.HashMap::replacementTreeNode (21 bytes)
Event: 9.756 Thread 0x000001666280aed0 nmethod 6472 0x0000016647db6790 code [0x0000016647db6940, 0x0000016647db6b08]
Event: 9.806 Thread 0x00000166a8589050 nmethod 6329 0x000001664f149490 code [0x000001664f149cc0, 0x000001664f15a598]
Event: 9.807 Thread 0x00000166a8589050 6440       4       org.eclipse.aether.artifact.AbstractArtifact::equals (139 bytes)
Event: 9.823 Thread 0x00000166a8589050 nmethod 6440 0x000001664f162090 code [0x000001664f162260, 0x000001664f163138]
Event: 9.823 Thread 0x00000166a8589050 6452       4       org.eclipse.aether.graph.Dependency::setArtifact (36 bytes)
Event: 9.826 Thread 0x0000016662806f20 nmethod 6436 0x000001664f163990 code [0x000001664f163fa0, 0x000001664f16c6b0]
Event: 9.827 Thread 0x0000016662806f20 6425       4       java.util.Iterator::forEachRemaining (30 bytes)
Event: 9.829 Thread 0x00000166a8589050 nmethod 6452 0x000001664f170790 code [0x000001664f170920, 0x000001664f170e48]
Event: 9.829 Thread 0x00000166a8589050 6401       4       org.eclipse.aether.util.graph.transformer.ConflictIdSorter$ConflictId::pullup (54 bytes)

GC Heap History (19 events):
Event: 0.606 GC heap before
{Heap before GC invocations=0 (full 0):
 garbage-first heap   total 262144K, used 22528K [0x0000000701200000, 0x0000000800000000)
  region size 2048K, 11 young (22528K), 0 survivors (0K)
 Metaspace       used 5727K, committed 5952K, reserved 1114112K
  class space    used 684K, committed 768K, reserved 1048576K
}
Event: 0.610 GC heap after
{Heap after GC invocations=1 (full 0):
 garbage-first heap   total 262144K, used 3891K [0x0000000701200000, 0x0000000800000000)
  region size 2048K, 2 young (4096K), 2 survivors (4096K)
 Metaspace       used 5727K, committed 5952K, reserved 1114112K
  class space    used 684K, committed 768K, reserved 1048576K
}
Event: 1.014 GC heap before
{Heap before GC invocations=1 (full 0):
 garbage-first heap   total 262144K, used 32563K [0x0000000701200000, 0x0000000800000000)
  region size 2048K, 16 young (32768K), 2 survivors (4096K)
 Metaspace       used 8979K, committed 9152K, reserved 1114112K
  class space    used 1089K, committed 1152K, reserved 1048576K
}
Event: 1.018 GC heap after
{Heap after GC invocations=2 (full 0):
 garbage-first heap   total 262144K, used 5010K [0x0000000701200000, 0x0000000800000000)
  region size 2048K, 1 young (2048K), 1 survivors (2048K)
 Metaspace       used 8979K, committed 9152K, reserved 1114112K
  class space    used 1089K, committed 1152K, reserved 1048576K
}
Event: 3.183 GC heap before
{Heap before GC invocations=2 (full 0):
 garbage-first heap   total 262144K, used 158610K [0x0000000701200000, 0x0000000800000000)
  region size 2048K, 76 young (155648K), 1 survivors (2048K)
 Metaspace       used 16521K, committed 16704K, reserved 1114112K
  class space    used 1878K, committed 1920K, reserved 1048576K
}
Event: 3.196 GC heap after
{Heap after GC invocations=3 (full 0):
 garbage-first heap   total 262144K, used 19961K [0x0000000701200000, 0x0000000800000000)
  region size 2048K, 8 young (16384K), 8 survivors (16384K)
 Metaspace       used 16521K, committed 16704K, reserved 1114112K
  class space    used 1878K, committed 1920K, reserved 1048576K
}
Event: 4.233 GC heap before
{Heap before GC invocations=3 (full 0):
 garbage-first heap   total 262144K, used 159225K [0x0000000701200000, 0x0000000800000000)
  region size 2048K, 76 young (155648K), 8 survivors (16384K)
 Metaspace       used 18439K, committed 18816K, reserved 1114112K
  class space    used 2055K, committed 2240K, reserved 1048576K
}
Event: 4.259 GC heap after
{Heap after GC invocations=4 (full 0):
 garbage-first heap   total 262144K, used 44113K [0x0000000701200000, 0x0000000800000000)
  region size 2048K, 10 young (20480K), 10 survivors (20480K)
 Metaspace       used 18439K, committed 18816K, reserved 1114112K
  class space    used 2055K, committed 2240K, reserved 1048576K
}
Event: 5.311 GC heap before
{Heap before GC invocations=4 (full 0):
 garbage-first heap   total 262144K, used 162897K [0x0000000701200000, 0x0000000800000000)
  region size 2048K, 68 young (139264K), 10 survivors (20480K)
 Metaspace       used 18616K, committed 18944K, reserved 1114112K
  class space    used 2063K, committed 2240K, reserved 1048576K
}
Event: 5.330 GC heap after
{Heap after GC invocations=5 (full 0):
 garbage-first heap   total 262144K, used 67584K [0x0000000701200000, 0x0000000800000000)
  region size 2048K, 9 young (18432K), 9 survivors (18432K)
 Metaspace       used 18616K, committed 18944K, reserved 1114112K
  class space    used 2063K, committed 2240K, reserved 1048576K
}
Event: 5.855 GC heap before
{Heap before GC invocations=5 (full 0):
 garbage-first heap   total 262144K, used 106496K [0x0000000701200000, 0x0000000800000000)
  region size 2048K, 29 young (59392K), 9 survivors (18432K)
 Metaspace       used 21212K, committed 21504K, reserved 1114112K
  class space    used 2335K, committed 2496K, reserved 1048576K
}
Event: 5.866 GC heap after
{Heap after GC invocations=6 (full 0):
 garbage-first heap   total 262144K, used 73024K [0x0000000701200000, 0x0000000800000000)
  region size 2048K, 3 young (6144K), 3 survivors (6144K)
 Metaspace       used 21212K, committed 21504K, reserved 1114112K
  class space    used 2335K, committed 2496K, reserved 1048576K
}
Event: 6.761 GC heap before
{Heap before GC invocations=7 (full 0):
 garbage-first heap   total 262144K, used 187712K [0x0000000701200000, 0x0000000800000000)
  region size 2048K, 59 young (120832K), 3 survivors (6144K)
 Metaspace       used 22727K, committed 23040K, reserved 1114112K
  class space    used 2496K, committed 2624K, reserved 1048576K
}
Event: 6.775 GC heap after
{Heap after GC invocations=8 (full 0):
 garbage-first heap   total 262144K, used 92799K [0x0000000701200000, 0x0000000800000000)
  region size 2048K, 8 young (16384K), 8 survivors (16384K)
 Metaspace       used 22727K, committed 23040K, reserved 1114112K
  class space    used 2496K, committed 2624K, reserved 1048576K
}
Event: 6.784 GC heap before
{Heap before GC invocations=8 (full 0):
 garbage-first heap   total 262144K, used 94847K [0x0000000701200000, 0x0000000800000000)
  region size 2048K, 9 young (18432K), 8 survivors (16384K)
 Metaspace       used 22727K, committed 23040K, reserved 1114112K
  class space    used 2496K, committed 2624K, reserved 1048576K
}
Event: 6.795 GC heap after
{Heap after GC invocations=9 (full 0):
 garbage-first heap   total 262144K, used 95046K [0x0000000701200000, 0x0000000800000000)
  region size 2048K, 2 young (4096K), 2 survivors (4096K)
 Metaspace       used 22727K, committed 23040K, reserved 1114112K
  class space    used 2496K, committed 2624K, reserved 1048576K
}
Event: 7.227 GC heap before
{Heap before GC invocations=9 (full 0):
 garbage-first heap   total 262144K, used 191302K [0x0000000701200000, 0x0000000800000000)
  region size 2048K, 49 young (100352K), 2 survivors (4096K)
 Metaspace       used 22766K, committed 23104K, reserved 1114112K
  class space    used 2497K, committed 2624K, reserved 1048576K
}
Event: 7.240 GC heap after
{Heap after GC invocations=10 (full 0):
 garbage-first heap   total 587776K, used 115198K [0x0000000701200000, 0x0000000800000000)
  region size 2048K, 7 young (14336K), 7 survivors (14336K)
 Metaspace       used 22766K, committed 23104K, reserved 1114112K
  class space    used 2497K, committed 2624K, reserved 1048576K
}
Event: 9.831 GC heap before
{Heap before GC invocations=11 (full 0):
 garbage-first heap   total 479232K, used 406014K [0x0000000701200000, 0x0000000800000000)
  region size 2048K, 148 young (303104K), 7 survivors (14336K)
 Metaspace       used 23476K, committed 23872K, reserved 1114112K
  class space    used 2563K, committed 2752K, reserved 1048576K
}

Dll operation events (8 events):
Event: 0.007 Loaded shared library C:\Program Files\Java\microsoft-jdk-17.0.10-windows-x64\jdk-17.0.10+7\bin\java.dll
Event: 0.023 Loaded shared library C:\Program Files\Java\microsoft-jdk-17.0.10-windows-x64\jdk-17.0.10+7\bin\jsvml.dll
Event: 0.048 Loaded shared library C:\Program Files\Java\microsoft-jdk-17.0.10-windows-x64\jdk-17.0.10+7\bin\net.dll
Event: 0.050 Loaded shared library C:\Program Files\Java\microsoft-jdk-17.0.10-windows-x64\jdk-17.0.10+7\bin\nio.dll
Event: 0.052 Loaded shared library C:\Program Files\Java\microsoft-jdk-17.0.10-windows-x64\jdk-17.0.10+7\bin\zip.dll
Event: 0.058 Loaded shared library C:\Program Files\Java\microsoft-jdk-17.0.10-windows-x64\jdk-17.0.10+7\bin\jimage.dll
Event: 0.207 Loaded shared library C:\Users\Andriary\AppData\Local\Temp\jansi-2.4.0-c9b7b711ab620482-jansi.dll
Event: 0.219 Loaded shared library C:\Program Files\Java\microsoft-jdk-17.0.10-windows-x64\jdk-17.0.10+7\bin\verify.dll

Deoptimization events (20 events):
Event: 9.290 Thread 0x000001663f67ff20 DEOPT PACKING pc=0x000001664eec28e8 sp=0x0000000fde1fc2d0
Event: 9.290 Thread 0x000001663f67ff20 DEOPT UNPACKING pc=0x000001664e7269a3 sp=0x0000000fde1fc228 mode 2
Event: 9.297 Thread 0x000001663f67ff20 Uncommon trap: trap_request=0xffffff45 fr.pc=0x000001664ee0bb04 relative=0x00000000000001c4
Event: 9.297 Thread 0x000001663f67ff20 Uncommon trap: reason=unstable_if action=reinterpret pc=0x000001664ee0bb04 method=org.eclipse.aether.artifact.AbstractArtifact.equals(Ljava/lang/Object;)Z @ 34 c2
Event: 9.297 Thread 0x000001663f67ff20 DEOPT PACKING pc=0x000001664ee0bb04 sp=0x0000000fde1fc850
Event: 9.297 Thread 0x000001663f67ff20 DEOPT UNPACKING pc=0x000001664e7269a3 sp=0x0000000fde1fc7b0 mode 2
Event: 9.398 Thread 0x000001663f67ff20 Uncommon trap: trap_request=0xffffff45 fr.pc=0x000001664ee92e58 relative=0x0000000000000198
Event: 9.398 Thread 0x000001663f67ff20 Uncommon trap: reason=unstable_if action=reinterpret pc=0x000001664ee92e58 method=org.eclipse.aether.artifact.AbstractArtifact.equals(Ljava/lang/Object;)Z @ 34 c2
Event: 9.398 Thread 0x000001663f67ff20 DEOPT PACKING pc=0x000001664ee92e58 sp=0x0000000fde1fc810
Event: 9.398 Thread 0x000001663f67ff20 DEOPT UNPACKING pc=0x000001664e7269a3 sp=0x0000000fde1fc7a8 mode 2
Event: 9.501 Thread 0x000001663f67ff20 Uncommon trap: trap_request=0xffffff6e fr.pc=0x000001664f140508 relative=0x0000000000000428
Event: 9.501 Thread 0x000001663f67ff20 Uncommon trap: reason=loop_limit_check action=maybe_recompile pc=0x000001664f140508 method=org.eclipse.aether.internal.impl.collect.DefaultDependencyCycle.find(Ljava/util/List;Lorg/eclipse/aether/artifact/Artifact;)I @ 10 c2
Event: 9.501 Thread 0x000001663f67ff20 DEOPT PACKING pc=0x000001664f140508 sp=0x0000000fde1fc2b0
Event: 9.501 Thread 0x000001663f67ff20 DEOPT UNPACKING pc=0x000001664e7269a3 sp=0x0000000fde1fc258 mode 2
Event: 9.557 Thread 0x000001663f67ff20 Uncommon trap: trap_request=0xffffffc6 fr.pc=0x000001664f03d6e8 relative=0x0000000000001608
Event: 9.557 Thread 0x000001663f67ff20 Uncommon trap: reason=bimorphic_or_optimized_type_check action=maybe_recompile pc=0x000001664f03d6e8 method=org.eclipse.aether.graph.Dependency$Exclusions.copy(Ljava/util/Collection;)Ljava/util/Set; @ 5 c2
Event: 9.557 Thread 0x000001663f67ff20 DEOPT PACKING pc=0x000001664f03d6e8 sp=0x0000000fde1fc7a0
Event: 9.557 Thread 0x000001663f67ff20 DEOPT UNPACKING pc=0x000001664e7269a3 sp=0x0000000fde1fc748 mode 2
Event: 9.633 Thread 0x000001663f67ff20 DEOPT PACKING pc=0x0000016647d0770b sp=0x0000000fde1fbb60
Event: 9.633 Thread 0x000001663f67ff20 DEOPT UNPACKING pc=0x000001664e727143 sp=0x0000000fde1fb040 mode 0

Classes unloaded (16 events):
Event: 7.365 Thread 0x00000166626a9da0 Unloading class 0x0000016664296530 'org/apache/commons/cli/Util'
Event: 7.365 Thread 0x00000166626a9da0 Unloading class 0x0000016664296260 'org/apache/commons/cli/CommandLine'
Event: 7.365 Thread 0x00000166626a9da0 Unloading class 0x0000016664296000 'org/apache/commons/cli/MissingOptionException'
Event: 7.365 Thread 0x00000166626a9da0 Unloading class 0x0000016664295d78 'org/apache/commons/cli/UnrecognizedOptionException'
Event: 7.365 Thread 0x00000166626a9da0 Unloading class 0x0000016664295b18 'org/apache/commons/cli/MissingArgumentException'
Event: 7.365 Thread 0x00000166626a9da0 Unloading class 0x0000016664295890 'org/apache/commons/cli/GnuParser'
Event: 7.365 Thread 0x00000166626a9da0 Unloading class 0x0000016664295608 'org/apache/commons/cli/Parser'
Event: 7.365 Thread 0x00000166626a9da0 Unloading class 0x0000016664295408 'org/apache/maven/cli/CleanArgument'
Event: 7.365 Thread 0x00000166626a9da0 Unloading class 0x0000016664295208 'org/apache/commons/cli/OptionValidator'
Event: 7.365 Thread 0x00000166626a9da0 Unloading class 0x0000016664295000 'org/apache/commons/cli/Option$Builder'
Event: 7.365 Thread 0x00000166626a9da0 Unloading class 0x0000016664294af0 'org/apache/commons/cli/Option'
Event: 7.365 Thread 0x00000166626a9da0 Unloading class 0x0000016664294868 'org/apache/commons/cli/Options'
Event: 7.365 Thread 0x00000166626a9da0 Unloading class 0x0000016664294670 'org/apache/commons/cli/CommandLineParser'
Event: 7.365 Thread 0x00000166626a9da0 Unloading class 0x0000016664294458 'org/apache/maven/cli/CLIManager'
Event: 7.365 Thread 0x00000166626a9da0 Unloading class 0x0000016664294200 'org/apache/commons/cli/ParseException'
Event: 7.365 Thread 0x00000166626a9da0 Unloading class 0x0000016664294000 'io/quarkus/bootstrap/resolver/maven/options/BootstrapMavenOptionsParser'

Classes redefined (0 events):
No events

Internal exceptions (20 events):
Event: 5.558 Thread 0x000001663f67ff20 Exception <a 'java/lang/NoSuchMethodError'{0x000000070ffd9720}: 'int java.lang.invoke.DirectMethodHandle$Holder.invokeVirtual(java.lang.Object, java.lang.Object)'> (0x000000070ffd9720) 
thrown [s\src\hotspot\share\interpreter\linkResolver.cpp, line 759]
Event: 5.805 Thread 0x000001663f67ff20 Exception <a 'java/lang/NoSuchMethodError'{0x000000070ed59b48}: 'java.lang.Object java.lang.invoke.DirectMethodHandle$Holder.invokeInterface(java.lang.Object, java.lang.Object, java.lang.Object)'> (0x000000070ed59b48) 
thrown [s\src\hotspot\share\interpreter\linkResolver.cpp, line 759]
Event: 5.851 Thread 0x000001663f67ff20 Exception <a 'java/lang/NoSuchMethodError'{0x000000070ea606c8}: 'java.lang.Object java.lang.invoke.DirectMethodHandle$Holder.invokeStaticInit(java.lang.Object, java.lang.Object, int, int, int, int)'> (0x000000070ea606c8) 
thrown [s\src\hotspot\share\interpreter\linkResolver.cpp, line 759]
Event: 5.867 Thread 0x000001663f67ff20 Exception <a 'sun/nio/fs/WindowsException'{0x0000000711006070}> (0x0000000711006070) 
thrown [s\src\hotspot\share\prims\jni.cpp, line 516]
Event: 5.867 Thread 0x000001663f67ff20 Exception <a 'sun/nio/fs/WindowsException'{0x00000007110061f0}> (0x00000007110061f0) 
thrown [s\src\hotspot\share\prims\jni.cpp, line 516]
Event: 5.869 Thread 0x000001663f67ff20 Exception <a 'java/lang/NoSuchMethodError'{0x0000000711012d40}: 'int java.lang.invoke.DirectMethodHandle$Holder.invokeStatic(java.lang.Object, java.lang.Object, java.lang.Object, int)'> (0x0000000711012d40) 
thrown [s\src\hotspot\share\interpreter\linkResolver.cpp, line 759]
Event: 5.869 Thread 0x000001663f67ff20 Exception <a 'java/lang/NoSuchMethodError'{0x0000000711016a90}: 'int java.lang.invoke.DirectMethodHandle$Holder.invokeStaticInit(java.lang.Object, java.lang.Object, java.lang.Object, int)'> (0x0000000711016a90) 
thrown [s\src\hotspot\share\interpreter\linkResolver.cpp, line 759]
Event: 5.924 Thread 0x000001663f67ff20 Exception <a 'java/lang/NoSuchMethodError'{0x0000000710eac3b8}: 'void java.lang.invoke.DirectMethodHandle$Holder.invokeInterface(java.lang.Object, java.lang.Object)'> (0x0000000710eac3b8) 
thrown [s\src\hotspot\share\interpreter\linkResolver.cpp, line 759]
Event: 5.994 Thread 0x000001663f67ff20 Exception <a 'sun/nio/fs/WindowsException'{0x0000000710d61e48}> (0x0000000710d61e48) 
thrown [s\src\hotspot\share\prims\jni.cpp, line 516]
Event: 6.060 Thread 0x000001663f67ff20 Exception <a 'sun/nio/fs/WindowsException'{0x0000000710bbc6c8}> (0x0000000710bbc6c8) 
thrown [s\src\hotspot\share\prims\jni.cpp, line 516]
Event: 6.060 Thread 0x000001663f67ff20 Exception <a 'sun/nio/fs/WindowsException'{0x0000000710bbca88}> (0x0000000710bbca88) 
thrown [s\src\hotspot\share\prims\jni.cpp, line 516]
Event: 6.061 Thread 0x000001663f67ff20 Exception <a 'sun/nio/fs/WindowsException'{0x0000000710bbf9a8}> (0x0000000710bbf9a8) 
thrown [s\src\hotspot\share\prims\jni.cpp, line 516]
Event: 6.061 Thread 0x000001663f67ff20 Exception <a 'sun/nio/fs/WindowsException'{0x0000000710bbfc68}> (0x0000000710bbfc68) 
thrown [s\src\hotspot\share\prims\jni.cpp, line 516]
Event: 6.061 Thread 0x000001663f67ff20 Exception <a 'sun/nio/fs/WindowsException'{0x0000000710bc0a90}> (0x0000000710bc0a90) 
thrown [s\src\hotspot\share\prims\jni.cpp, line 516]
Event: 7.060 Thread 0x000001663f67ff20 Implicit null exception at 0x000001664f070c00 to 0x000001664f071960
Event: 7.064 Thread 0x000001663f67ff20 Implicit null exception at 0x000001664f070c00 to 0x000001664f071960
Event: 7.074 Thread 0x000001663f67ff20 Implicit null exception at 0x000001664f070c00 to 0x000001664f071960
Event: 7.080 Thread 0x000001663f67ff20 Implicit null exception at 0x000001664f070c00 to 0x000001664f071960
Event: 7.765 Thread 0x000001663f67ff20 Exception <a 'java/lang/NoSuchMethodError'{0x000000071c283590}: 'void java.lang.invoke.DirectMethodHandle$Holder.invokeSpecial(java.lang.Object, java.lang.Object, java.lang.Object, java.lang.Object, java.lang.Object)'> (0x000000071c283590) 
thrown [s\src\hotspot\share\interpreter\linkResolver.cpp, line 759]
Event: 7.962 Thread 0x000001663f67ff20 Implicit null exception at 0x000001664f0df42a to 0x000001664f0dfb0c

VM Operations (20 events):
Event: 7.022 Executing VM operation: HandshakeAllThreads done
Event: 7.227 Executing VM operation: G1CollectForAllocation
Event: 7.240 Executing VM operation: G1CollectForAllocation done
Event: 7.365 Executing VM operation: G1PauseRemark
Event: 7.370 Executing VM operation: G1PauseRemark done
Event: 7.427 Executing VM operation: G1PauseCleanup
Event: 7.427 Executing VM operation: G1PauseCleanup done
Event: 7.615 Executing VM operation: HandshakeAllThreads
Event: 7.615 Executing VM operation: HandshakeAllThreads done
Event: 7.617 Executing VM operation: HandshakeAllThreads
Event: 7.617 Executing VM operation: HandshakeAllThreads done
Event: 7.624 Executing VM operation: HandshakeAllThreads
Event: 7.624 Executing VM operation: HandshakeAllThreads done
Event: 8.279 Executing VM operation: HandshakeAllThreads
Event: 8.279 Executing VM operation: HandshakeAllThreads done
Event: 8.281 Executing VM operation: HandshakeAllThreads
Event: 8.281 Executing VM operation: HandshakeAllThreads done
Event: 9.281 Executing VM operation: Cleanup
Event: 9.281 Executing VM operation: Cleanup done
Event: 9.831 Executing VM operation: G1CollectForAllocation

Events (20 events):
Event: 7.765 loading class java/nio/file/ClosedDirectoryStreamException
Event: 7.765 loading class java/nio/file/ClosedDirectoryStreamException done
Event: 7.765 loading class java/nio/file/DirectoryIteratorException
Event: 7.765 loading class java/nio/file/DirectoryIteratorException done
Event: 7.766 loading class java/nio/file/FileTreeIterator
Event: 7.766 loading class java/nio/file/FileTreeIterator done
Event: 7.766 loading class java/nio/file/FileTreeWalker
Event: 7.767 loading class java/nio/file/FileTreeWalker done
Event: 7.767 loading class java/nio/file/FileTreeWalker$DirectoryNode
Event: 7.767 loading class java/nio/file/FileTreeWalker$DirectoryNode done
Event: 7.767 loading class java/nio/file/FileTreeWalker$Event
Event: 7.767 loading class java/nio/file/FileTreeWalker$Event done
Event: 7.767 loading class java/nio/file/FileTreeWalker$EventType
Event: 7.767 loading class java/nio/file/FileTreeWalker$EventType done
Event: 8.189 Thread 0x00000166a85c2060 Thread exited: 0x00000166a85c2060
Event: 8.192 Thread 0x00000166a8589050 Thread exited: 0x00000166a8589050
Event: 8.323 loading class java/util/concurrent/locks/AbstractQueuedSynchronizer$Node
Event: 8.323 loading class java/util/concurrent/locks/AbstractQueuedSynchronizer$Node done
Event: 9.043 Thread 0x00000166a8589050 Thread added: 0x00000166a8589050
Event: 9.054 Thread 0x00000166a94ba360 Thread added: 0x00000166a94ba360


Dynamic libraries:
0x00007ff6f9b90000 - 0x00007ff6f9b9e000 	C:\Program Files\Java\microsoft-jdk-17.0.10-windows-x64\jdk-17.0.10+7\bin\java.exe
0x00007ffe87b70000 - 0x00007ffe87d68000 	C:\Windows\SYSTEM32\ntdll.dll
0x00007ffe85c50000 - 0x00007ffe85d0d000 	C:\Windows\System32\KERNEL32.DLL
0x00007ffe85530000 - 0x00007ffe85826000 	C:\Windows\System32\KERNELBASE.dll
0x00007ffe85430000 - 0x00007ffe85530000 	C:\Windows\System32\ucrtbase.dll
0x00007ffe69b50000 - 0x00007ffe69b6b000 	C:\Program Files\Java\microsoft-jdk-17.0.10-windows-x64\jdk-17.0.10+7\bin\VCRUNTIME140.dll
0x00007ffe682e0000 - 0x00007ffe682f7000 	C:\Program Files\Java\microsoft-jdk-17.0.10-windows-x64\jdk-17.0.10+7\bin\jli.dll
0x00007ffe87380000 - 0x00007ffe8751e000 	C:\Windows\System32\USER32.dll
0x00007ffe76bf0000 - 0x00007ffe76e8a000 	C:\Windows\WinSxS\amd64_microsoft.windows.common-controls_6595b64144ccf1df_6.0.19041.3636_none_60b6a03d71f818d5\COMCTL32.dll
0x00007ffe85b70000 - 0x00007ffe85b92000 	C:\Windows\System32\win32u.dll
0x00007ffe86e80000 - 0x00007ffe86f1e000 	C:\Windows\System32\msvcrt.dll
0x00007ffe86e50000 - 0x00007ffe86e7b000 	C:\Windows\System32\GDI32.dll
0x00007ffe85310000 - 0x00007ffe85427000 	C:\Windows\System32\gdi32full.dll
0x00007ffe85270000 - 0x00007ffe8530d000 	C:\Windows\System32\msvcp_win.dll
0x00007ffe87af0000 - 0x00007ffe87b22000 	C:\Windows\System32\IMM32.DLL
0x00007ffe70b70000 - 0x00007ffe70b7c000 	C:\Program Files\Java\microsoft-jdk-17.0.10-windows-x64\jdk-17.0.10+7\bin\vcruntime140_1.dll
0x00007ffe3c790000 - 0x00007ffe3c81d000 	C:\Program Files\Java\microsoft-jdk-17.0.10-windows-x64\jdk-17.0.10+7\bin\msvcp140.dll
0x00007ffe27690000 - 0x00007ffe282f5000 	C:\Program Files\Java\microsoft-jdk-17.0.10-windows-x64\jdk-17.0.10+7\bin\server\jvm.dll
0x00007ffe86da0000 - 0x00007ffe86e50000 	C:\Windows\System32\ADVAPI32.dll
0x00007ffe85bb0000 - 0x00007ffe85c50000 	C:\Windows\System32\sechost.dll
0x00007ffe85dc0000 - 0x00007ffe85ee5000 	C:\Windows\System32\RPCRT4.dll
0x00007ffe85a90000 - 0x00007ffe85ab7000 	C:\Windows\System32\bcrypt.dll
0x00007ffe84e20000 - 0x00007ffe84e6b000 	C:\Windows\SYSTEM32\POWRPROF.dll
0x00007ffe78920000 - 0x00007ffe78929000 	C:\Windows\SYSTEM32\WSOCK32.dll
0x00007ffe846c0000 - 0x00007ffe846e7000 	C:\Windows\SYSTEM32\WINMM.dll
0x00007ffe7d140000 - 0x00007ffe7d14a000 	C:\Windows\SYSTEM32\VERSION.dll
0x00007ffe87030000 - 0x00007ffe8709b000 	C:\Windows\System32\WS2_32.dll
0x00007ffe84890000 - 0x00007ffe848a2000 	C:\Windows\SYSTEM32\UMPDC.dll
0x00007ffe82c50000 - 0x00007ffe82c62000 	C:\Windows\SYSTEM32\kernel.appcore.dll
0x00007ffe70710000 - 0x00007ffe7071a000 	C:\Program Files\Java\microsoft-jdk-17.0.10-windows-x64\jdk-17.0.10+7\bin\jimage.dll
0x00007ffe84c30000 - 0x00007ffe84e14000 	C:\Windows\SYSTEM32\DBGHELP.DLL
0x00007ffe849c0000 - 0x00007ffe849f4000 	C:\Windows\SYSTEM32\dbgcore.DLL
0x00007ffe85a00000 - 0x00007ffe85a82000 	C:\Windows\System32\bcryptPrimitives.dll
0x00007ffe5f6f0000 - 0x00007ffe5f715000 	C:\Program Files\Java\microsoft-jdk-17.0.10-windows-x64\jdk-17.0.10+7\bin\java.dll
0x00007ffe33100000 - 0x00007ffe331d7000 	C:\Program Files\Java\microsoft-jdk-17.0.10-windows-x64\jdk-17.0.10+7\bin\jsvml.dll
0x00007ffe86630000 - 0x00007ffe86d9b000 	C:\Windows\System32\SHELL32.dll
0x00007ffe824b0000 - 0x00007ffe82c4e000 	C:\Windows\SYSTEM32\windows.storage.dll
0x00007ffe85ef0000 - 0x00007ffe86243000 	C:\Windows\System32\combase.dll
0x00007ffe84550000 - 0x00007ffe8457e000 	C:\Windows\SYSTEM32\Wldp.dll
0x00007ffe86f20000 - 0x00007ffe86fed000 	C:\Windows\System32\OLEAUT32.dll
0x00007ffe85d10000 - 0x00007ffe85dbd000 	C:\Windows\System32\SHCORE.dll
0x00007ffe86250000 - 0x00007ffe862a5000 	C:\Windows\System32\shlwapi.dll
0x00007ffe85150000 - 0x00007ffe85175000 	C:\Windows\SYSTEM32\profapi.dll
0x00007ffe64a40000 - 0x00007ffe64a59000 	C:\Program Files\Java\microsoft-jdk-17.0.10-windows-x64\jdk-17.0.10+7\bin\net.dll
0x00007ffe7ce50000 - 0x00007ffe7cf5a000 	C:\Windows\SYSTEM32\WINHTTP.dll
0x00007ffe84420000 - 0x00007ffe8448a000 	C:\Windows\system32\mswsock.dll
0x00007ffe623e0000 - 0x00007ffe623f6000 	C:\Program Files\Java\microsoft-jdk-17.0.10-windows-x64\jdk-17.0.10+7\bin\nio.dll
0x00007ffe5e870000 - 0x00007ffe5e888000 	C:\Program Files\Java\microsoft-jdk-17.0.10-windows-x64\jdk-17.0.10+7\bin\zip.dll
0x0000000069ac0000 - 0x0000000069ae4000 	C:\Users\Andriary\AppData\Local\Temp\jansi-2.4.0-c9b7b711ab620482-jansi.dll
0x00007ffe6b820000 - 0x00007ffe6b830000 	C:\Program Files\Java\microsoft-jdk-17.0.10-windows-x64\jdk-17.0.10+7\bin\verify.dll
0x00007ffe84f90000 - 0x00007ffe84fa8000 	C:\Windows\SYSTEM32\CRYPTSP.dll
0x00007ffe83c40000 - 0x00007ffe83c74000 	C:\Windows\system32\rsaenh.dll
0x00007ffe850d0000 - 0x00007ffe850fe000 	C:\Windows\SYSTEM32\USERENV.dll
0x00007ffe84510000 - 0x00007ffe8451c000 	C:\Windows\SYSTEM32\CRYPTBASE.dll
0x00007ffe83fa0000 - 0x00007ffe83fdb000 	C:\Windows\SYSTEM32\IPHLPAPI.DLL
0x00007ffe87010000 - 0x00007ffe87018000 	C:\Windows\System32\NSI.dll
0x00007ffe7d350000 - 0x00007ffe7d367000 	C:\Windows\SYSTEM32\dhcpcsvc6.DLL
0x00007ffe7d870000 - 0x00007ffe7d88d000 	C:\Windows\SYSTEM32\dhcpcsvc.DLL
0x00007ffe83fe0000 - 0x00007ffe840ab000 	C:\Windows\SYSTEM32\DNSAPI.dll
0x00007ffe6cf80000 - 0x00007ffe6cf97000 	C:\Windows\system32\napinsp.dll
0x00007ffe6cf60000 - 0x00007ffe6cf7b000 	C:\Windows\system32\pnrpnsp.dll
0x00007ffe7f110000 - 0x00007ffe7f125000 	C:\Windows\system32\wshbth.dll
0x00007ffe7fdd0000 - 0x00007ffe7fded000 	C:\Windows\system32\NLAapi.dll
0x00007ffe6c830000 - 0x00007ffe6c842000 	C:\Windows\System32\winrnr.dll
0x00007ffe7d120000 - 0x00007ffe7d12a000 	C:\Windows\System32\rasadhlp.dll
0x00007ffe754d0000 - 0x00007ffe75550000 	C:\Windows\System32\fwpuclnt.dll

dbghelp: loaded successfully - version: 4.0.5 - missing functions: none
symbol engine: initialized successfully - sym options: 0x614 - pdb path: .;C:\Program Files\Java\microsoft-jdk-17.0.10-windows-x64\jdk-17.0.10+7\bin;C:\Windows\SYSTEM32;C:\Windows\WinSxS\amd64_microsoft.windows.common-controls_6595b64144ccf1df_6.0.19041.3636_none_60b6a03d71f818d5;C:\Program Files\Java\microsoft-jdk-17.0.10-windows-x64\jdk-17.0.10+7\bin\server;C:\Users\Andriary\AppData\Local\Temp

VM Arguments:
jvm_args: -Dmaven.multiModuleProjectDirectory=D:\app_sms_833\app_sms_back 
java_command: org.apache.maven.wrapper.MavenWrapperMain quarkus:dev
java_class_path (initial): D:\app_sms_833\app_sms_back\.mvn\wrapper\maven-wrapper.jar
Launcher Type: SUN_STANDARD

[Global flags]
     intx CICompilerCount                          = 4                                         {product} {ergonomic}
     uint ConcGCThreads                            = 2                                         {product} {ergonomic}
     uint G1ConcRefinementThreads                  = 8                                         {product} {ergonomic}
   size_t G1HeapRegionSize                         = 2097152                                   {product} {ergonomic}
    uintx GCDrainStackTargetSize                   = 64                                        {product} {ergonomic}
   size_t InitialHeapSize                          = 268435456                                 {product} {ergonomic}
   size_t MarkStackSize                            = 4194304                                   {product} {ergonomic}
   size_t MaxHeapSize                              = 4276092928                                {product} {ergonomic}
   size_t MaxNewSize                               = 2564816896                                {product} {ergonomic}
   size_t MinHeapDeltaBytes                        = 2097152                                   {product} {ergonomic}
   size_t MinHeapSize                              = 8388608                                   {product} {ergonomic}
    uintx NonNMethodCodeHeapSize                   = 5839372                                {pd product} {ergonomic}
    uintx NonProfiledCodeHeapSize                  = 122909434                              {pd product} {ergonomic}
    uintx ProfiledCodeHeapSize                     = 122909434                              {pd product} {ergonomic}
    uintx ReservedCodeCacheSize                    = 251658240                              {pd product} {ergonomic}
     bool SegmentedCodeCache                       = true                                      {product} {ergonomic}
   size_t SoftMaxHeapSize                          = 4276092928                             {manageable} {ergonomic}
     bool UseCompressedClassPointers               = true                           {product lp64_product} {ergonomic}
     bool UseCompressedOops                        = true                           {product lp64_product} {ergonomic}
     bool UseG1GC                                  = true                                      {product} {ergonomic}
     bool UseLargePagesIndividualAllocation        = false                                  {pd product} {ergonomic}

Logging:
Log output configuration:
 #0: stdout all=warning uptime,level,tags
 #1: stderr all=off uptime,level,tags

Environment Variables:
JAVA_HOME=C:\Program Files\Java\microsoft-jdk-17.0.10-windows-x64\jdk-17.0.10+7
PATH=C:\Program Files\Common Files\Oracle\Java\javapath;C:\Program Files (x86)\Common Files\Oracle\Java\javapath;C:\Windows\system32;C:\Windows;C:\Windows\System32\Wbem;C:\Windows\System32\WindowsPowerShell\v1.0\;C:\Windows\System32\OpenSSH\;C:\Program Files\Git\cmd;C:\Program Files\nodejs\;C:\Program Files\Java\microsoft-jdk-17.0.10-windows-x64\jdk-17.0.10+7;C:\Program Files\Java\microsoft-jdk-17.0.10-windows-x64\jdk-17.0.10+7\bin;C:\Users\Andriary\AppData\Local\Microsoft\WindowsApps;C:\Users\Andriary\AppData\Roaming\npm;C:\Users\Andriary\AppData\Local\Programs\Microsoft VS Code\bin;C:\Program Files\JetBrains\IntelliJ IDEA 2023.3.3\bin;;C:\Program Files\Java\microsoft-jdk-17.0.10-windows-x64\jdk-17.0.10+7;C:\Program Files\Java\microsoft-jdk-17.0.10-windows-x64\jdk-17.0.10+7\bin;C:\Program Files (x86)\Common Files\Oracle\Java\javapath;;C:\Program Files\JetBrains\IntelliJ IDEA Community Edition 2023.3.4\bin;
USERNAME=Andriary
OS=Windows_NT
PROCESSOR_IDENTIFIER=Intel64 Family 6 Model 158 Stepping 9, GenuineIntel
TMP=C:\Users\Andriary\AppData\Local\Temp
TEMP=C:\Users\Andriary\AppData\Local\Temp



Periodic native trim disabled


---------------  S Y S T E M  ---------------

OS:
 Windows 10 , 64 bit Build 19041 (10.0.19041.3636)
OS uptime: 0 days 22:36 hours

CPU: total 8 (initial active 8) (4 cores per cpu, 2 threads per core) family 6 model 158 stepping 9 microcode 0xb4, cx8, cmov, fxsr, ht, mmx, 3dnowpref, sse, sse2, sse3, ssse3, sse4.1, sse4.2, popcnt, lzcnt, tsc, tscinvbit, avx, avx2, aes, erms, clmul, bmi1, bmi2, adx, fma, vzeroupper, clflush, clflushopt
Processor Information for all 8 processors :
  Max Mhz: 2801, Current Mhz: 2801, Mhz Limit: 2801

Memory: 4k page, system-wide physical 16304M (9555M free)
TotalPageFile size 19248M (AvailPageFile size 8748M)
current process WorkingSet (physical memory assigned to process): 641M, peak: 654M
current process commit charge ("private bytes"): 689M, peak: 789M

vm_info: OpenJDK 64-Bit Server VM (17.0.10+7-LTS) for windows-amd64 JRE (17.0.10+7-LTS), built on Jan 10 2024 19:47:12 by "MicrosoftCorporation" with MS VC++ 16.10 / 16.11 (VS2019)

END.
