#
# A fatal error has been detected by the Java Runtime Environment:
#
#  EXCEPTION_ACCESS_VIOLATION (0xc0000005) at pc=0x00007ffc3060fd96, pid=7728, tid=12428
#
# JRE version: OpenJDK Runtime Environment Microsoft-8902769 (17.0.10+7) (build 17.0.10+7-LTS)
# Java VM: OpenJDK 64-Bit Server VM Microsoft-8902769 (17.0.10+7-LTS, mixed mode, sharing, tiered, compressed oops, compressed class ptrs, g1 gc, windows-amd64)
# Problematic frame:
# V  [jvm.dll+0x1bfd96]
#
# No core dump will be written. Minidumps are not enabled by default on client versions of Windows
#
# If you would like to submit a bug report, please visit:
#   https://github.com/microsoft/openjdk/issues
#

---------------  S U M M A R Y ------------

Command Line: -Dmaven.multiModuleProjectDirectory=D:\app_sms_833\app_sms_back org.apache.maven.wrapper.MavenWrapperMain quarkus:dev

Host: Intel(R) Core(TM) i7-7700HQ CPU @ 2.80GHz, 8 cores, 15G,  Windows 10 , 64 bit Build 19041 (10.0.19041.3636)
Time: Wed Mar 27 10:49:25 2024 Afrique de l, 64 bit Build 19041 (10.0.19041.3636) elapsed time: 5.563298 seconds (0d 0h 0m 5s)

---------------  T H R E A D  ---------------

Current thread (0x0000020a4f5ac480):  JavaThread "C2 CompilerThread0" daemon [_thread_in_native, id=12428, stack(0x000000b642f00000,0x000000b643000000)]


Current CompileTask:
C2:   5563 4995   !   4       org.codehaus.plexus.interpolation.StringSearchInterpolator::interpolate (668 bytes)

Stack: [0x000000b642f00000,0x000000b643000000],  sp=0x000000b642ffb6b0,  free space=1005k
Native frames: (J=compiled Java code, j=interpreted, Vv=VM code, C=native code)
V  [jvm.dll+0x1bfd96]
V  [jvm.dll+0x368ebb]
V  [jvm.dll+0x367e35]
V  [jvm.dll+0x1bd1f6]
V  [jvm.dll+0x21a559]
V  [jvm.dll+0x219821]
V  [jvm.dll+0x1a5176]
V  [jvm.dll+0x22957e]
V  [jvm.dll+0x22774c]
V  [jvm.dll+0x7ec5d7]
V  [jvm.dll+0x7e69da]
V  [jvm.dll+0x67e715]
C  [ucrtbase.dll+0x21bb2]
C  [KERNEL32.DLL+0x17344]
C  [ntdll.dll+0x526b1]


siginfo: EXCEPTION_ACCESS_VIOLATION (0xc0000005), reading address 0x0000020a4b67b958


Registers:
RAX=0x0000020a4b67b950, RBX=0x0000020a4fd51610, RCX=0x0000000000000001, RDX=0x0000000000000180
RSP=0x000000b642ffb6b0, RBP=0x000000b642ffba30, RSI=0x0000000000002b56, RDI=0x0000000000000180
R8 =0x0000000000000180, R9 =0x0000000000000000, R10=0x0000000000400000, R11=0x0000000000000000
R12=0x0000000000002b56, R13=0x0000020a9586e7f8, R14=0x000000b642ffbdc0, R15=0x0000000000000000
RIP=0x00007ffc3060fd96, EFLAGS=0x0000000000010203


Register to memory mapping:

RIP=0x00007ffc3060fd96 jvm.dll
RAX=0x0000020a4b67b950 is an unknown value
RBX=0x0000020a4fd51610 points into unknown readable memory: 0x0000000000000000 | 00 00 00 00 00 00 00 00
RCX=0x0000000000000001 is an unknown value
RDX=0x0000000000000180 is an unknown value
RSP=0x000000b642ffb6b0 is pointing into the stack for thread: 0x0000020a4f5ac480
RBP=0x000000b642ffba30 is pointing into the stack for thread: 0x0000020a4f5ac480
RSI=0x0000000000002b56 is an unknown value
RDI=0x0000000000000180 is an unknown value
R8 =0x0000000000000180 is an unknown value
R9 =0x0 is NULL
R10=0x0000000000400000 is an unknown value
R11=0x0 is NULL
R12=0x0000000000002b56 is an unknown value
R13=0x0000020a9586e7f8 points into unknown readable memory: 0x00007ffc30d83c78 | 78 3c d8 30 fc 7f 00 00
R14=0x000000b642ffbdc0 is pointing into the stack for thread: 0x0000020a4f5ac480
R15=0x0 is NULL


Top of Stack: (sp=0x000000b642ffb6b0)
0x000000b642ffb6b0:   0000020a4fc52430 000000b642ffba30
0x000000b642ffb6c0:   00007ffc30fd6e48 ffffffffffffffff
0x000000b642ffb6d0:   0000020a4fd7f850 00007ffc307b8ebb
0x000000b642ffb6e0:   0000020a4ff4bb70 0000020a4ff4bb70
0x000000b642ffb6f0:   ffffffffffffffff ffffffffffffffff
0x000000b642ffb700:   0000000000000000 0000000300000180
0x000000b642ffb710:   0000002c00000002 0000020a950a1980
0x000000b642ffb720:   0000020a950a1c30 000000b642ffb820
0x000000b642ffb730:   0000000000000004 0000000000000000
0x000000b642ffb740:   0000020a4ff4bb70 00007ffc307b7e35
0x000000b642ffb750:   000000000000000e 000000b642ffb850
0x000000b642ffb760:   000000b642ffbdc0 00007ffcaac347b1
0x000000b642ffb770:   000000b642ffb790 0000020a00000006
0x000000b642ffb780:   0000000d0000001a 000000000000000c
0x000000b642ffb790:   0000001a00000000 0000000e00000020
0x000000b642ffb7a0:   0000000000000000 0000001c00000004
0x000000b642ffb7b0:   0000000d0000000c 0000000000000000
0x000000b642ffb7c0:   000000000000001b 0000020a96ea9840
0x000000b642ffb7d0:   00000000000005ce 000000000000000e
0x000000b642ffb7e0:   0000000000000000 0000000400000ae7
0x000000b642ffb7f0:   0000000b0000000b 0000020a96a62e00
0x000000b642ffb800:   0000020a96a632c0 000000b642ffb820
0x000000b642ffb810:   0000020a96ea98ac 0000020a96ea98b4
0x000000b642ffb820:   0000002c0000000d 0000020a950a1c30
0x000000b642ffb830:   000000b642ffe720 000000b642ffbaa0
0x000000b642ffb840:   0000020a988c01b0 0000000000000000
0x000000b642ffb850:   0000020a9651cd90 00007ffc304fcd81
0x000000b642ffb860:   0000020a96dd4670 00000000000000c0
0x000000b642ffb870:   0000020a4f570bf0 0000000000000611
0x000000b642ffb880:   0000020a9651cd90 00007ffc309b932d
0x000000b642ffb890:   000000000000001b 0000000000000612
0x000000b642ffb8a0:   0000000000000000 0000000000000000 

Instructions: (pc=0x00007ffc3060fd96)
0x00007ffc3060fc96:   00 00 83 f8 01 76 17 f7 83 a8 00 00 00 00 02 00
0x00007ffc3060fca6:   00 75 0b 8b d0 48 8d 4b 38 e8 bc f4 50 00 48 83
0x00007ffc3060fcb6:   bb 88 00 00 00 00 7d 07 b8 ff ff 0f 00 eb 09 48
0x00007ffc3060fcc6:   8d 4b 38 e8 a2 f3 50 00 0f b7 8b 9c 00 00 00 3b
0x00007ffc3060fcd6:   c1 89 83 98 00 00 00 79 11 81 8b a8 00 00 00 80
0x00007ffc3060fce6:   00 00 00 c7 43 30 2f 75 00 00 ff c7 c7 43 34 00
0x00007ffc3060fcf6:   00 00 00 3b be e0 00 00 00 0f 82 7b ff ff ff 48
0x00007ffc3060fd06:   81 c4 80 00 00 00 5f 5e 5b c3 e9 f8 1b 00 7b f9
0x00007ffc3060fd16:   1b 00 e9 f8 1b 00 e9 f8 1b 00 66 f8 1b 00 e9 f8
0x00007ffc3060fd26:   1b 00 a9 f8 1b 00 a9 f8 1b 00 2d f9 1b 00 e9 f8
0x00007ffc3060fd36:   1b 00 01 f9 1b 00 17 f9 1b 00 2d f9 1b 00 43 f9
0x00007ffc3060fd46:   1b 00 01 f9 1b 00 e9 f8 1b 00 48 8b 41 58 48 63
0x00007ffc3060fd56:   48 10 48 8d 05 d5 21 97 00 48 c1 e1 05 8b 04 01
0x00007ffc3060fd66:   c3 cc cc cc cc cc cc cc cc cc 40 53 48 83 ec 20
0x00007ffc3060fd76:   48 8b d9 85 d2 75 08 32 c0 48 83 c4 20 5b c3 48
0x00007ffc3060fd86:   8b 43 08 8b ca 48 c1 e9 08 48 89 7c 24 30 8b fa
0x00007ffc3060fd96:   4c 8b 04 c8 48 8d 05 a7 70 9c 00 4c 3b c0 75 0b
0x00007ffc3060fda6:   48 8b cb e8 c2 e0 1a 00 4c 8b c0 40 0f b6 cf ba
0x00007ffc3060fdb6:   01 00 00 00 48 c1 ef 06 80 e1 3f 83 e7 03 48 d3
0x00007ffc3060fdc6:   e2 49 8b 0c f8 48 8b c1 48 0b c2 49 89 04 f8 48
0x00007ffc3060fdd6:   8b 7c 24 30 48 23 ca 75 02 ff 03 48 85 c9 0f 94
0x00007ffc3060fde6:   c0 48 83 c4 20 5b c3 cc cc cc 44 8b d2 41 3b d0
0x00007ffc3060fdf6:   7c 47 41 8d 80 c0 02 00 00 3b d0 7d 3c 44 8b ca
0x00007ffc3060fe06:   45 2b c8 41 8b c1 83 e0 3f 0f b6 d0 41 8b c1 48
0x00007ffc3060fe16:   c1 e8 06 48 8b 44 c1 38 48 0f a3 d0 73 1b 0f b7
0x00007ffc3060fe26:   81 9c 00 00 00 83 f8 01 74 0c 8d 48 ff 8b c1 41
0x00007ffc3060fe36:   23 c2 3b c1 75 03 b0 01 c3 32 c0 c3 cc cc cc cc
0x00007ffc3060fe46:   cc cc cc cc cc cc cc cc cc cc 40 57 41 57 48 83
0x00007ffc3060fe56:   ec 38 4c 8b 41 48 33 ff 48 89 5c 24 58 4c 8b f9
0x00007ffc3060fe66:   48 89 74 24 68 4c 89 64 24 30 44 8b e7 4c 89 6c
0x00007ffc3060fe76:   24 28 44 8b ef 41 39 78 40 0f 86 ba 00 00 00 48
0x00007ffc3060fe86:   89 6c 24 60 4c 89 74 24 20 90 49 8b 40 30 8b ef 


Stack slot to memory mapping:
stack at sp + 0 slots: 0x0000020a4fc52430 points into unknown readable memory: 0x0000001200000008 | 08 00 00 00 12 00 00 00
stack at sp + 1 slots: 0x000000b642ffba30 is pointing into the stack for thread: 0x0000020a4f5ac480
stack at sp + 2 slots: 0x00007ffc30fd6e48 jvm.dll
stack at sp + 3 slots: 0xffffffffffffffff is an unknown value
stack at sp + 4 slots: 0x0000020a4fd7f850 points into unknown readable memory: 0x401c019672116b82 | 82 6b 11 72 96 01 1c 40
stack at sp + 5 slots: 0x00007ffc307b8ebb jvm.dll
stack at sp + 6 slots: 0x0000020a4ff4bb70 points into unknown readable memory: 0x3eac368a969f8f45 | 45 8f 9f 96 8a 36 ac 3e
stack at sp + 7 slots: 0x0000020a4ff4bb70 points into unknown readable memory: 0x3eac368a969f8f45 | 45 8f 9f 96 8a 36 ac 3e


---------------  P R O C E S S  ---------------

Threads class SMR info:
_java_thread_list=0x0000020a952cf460, length=14, elements={
0x0000020a2a55ced0, 0x0000020a4f576650, 0x0000020a4f5774d0, 0x0000020a4f58d6b0,
0x0000020a4f58e270, 0x0000020a4f599060, 0x0000020a4f599a20, 0x0000020a4f5ac480,
0x0000020a4f5ade90, 0x0000020a4f5b08a0, 0x0000020a4f6d8e60, 0x0000020a4f703620,
0x0000020a952bd220, 0x0000020a957ed820
}

Java Threads: ( => current thread )
  0x0000020a2a55ced0 JavaThread "main" [_thread_in_Java, id=12852, stack(0x000000b642200000,0x000000b642300000)]
  0x0000020a4f576650 JavaThread "Reference Handler" daemon [_thread_blocked, id=11968, stack(0x000000b642900000,0x000000b642a00000)]
  0x0000020a4f5774d0 JavaThread "Finalizer" daemon [_thread_blocked, id=13092, stack(0x000000b642a00000,0x000000b642b00000)]
  0x0000020a4f58d6b0 JavaThread "Signal Dispatcher" daemon [_thread_blocked, id=8940, stack(0x000000b642b00000,0x000000b642c00000)]
  0x0000020a4f58e270 JavaThread "Attach Listener" daemon [_thread_blocked, id=11252, stack(0x000000b642c00000,0x000000b642d00000)]
  0x0000020a4f599060 JavaThread "Service Thread" daemon [_thread_blocked, id=4476, stack(0x000000b642d00000,0x000000b642e00000)]
  0x0000020a4f599a20 JavaThread "Monitor Deflation Thread" daemon [_thread_blocked, id=2160, stack(0x000000b642e00000,0x000000b642f00000)]
=>0x0000020a4f5ac480 JavaThread "C2 CompilerThread0" daemon [_thread_in_native, id=12428, stack(0x000000b642f00000,0x000000b643000000)]
  0x0000020a4f5ade90 JavaThread "C1 CompilerThread0" daemon [_thread_blocked, id=10448, stack(0x000000b643000000,0x000000b643100000)]
  0x0000020a4f5b08a0 JavaThread "Sweeper thread" daemon [_thread_blocked, id=12996, stack(0x000000b643100000,0x000000b643200000)]
  0x0000020a4f6d8e60 JavaThread "Notification Thread" daemon [_thread_blocked, id=1960, stack(0x000000b643200000,0x000000b643300000)]
  0x0000020a4f703620 JavaThread "Common-Cleaner" daemon [_thread_blocked, id=12652, stack(0x000000b643400000,0x000000b643500000)]
  0x0000020a952bd220 JavaThread "C2 CompilerThread1" daemon [_thread_in_native, id=9460, stack(0x000000b643500000,0x000000b643600000)]
  0x0000020a957ed820 JavaThread "C2 CompilerThread2" daemon [_thread_in_native, id=7224, stack(0x000000b643600000,0x000000b643700000)]

Other Threads:
  0x0000020a4f570080 VMThread "VM Thread" [stack: 0x000000b642800000,0x000000b642900000] [id=12420]
  0x0000020a4f703380 WatcherThread [stack: 0x000000b643300000,0x000000b643400000] [id=11984]
  0x0000020a2a5c8420 GCTaskThread "GC Thread#0" [stack: 0x000000b642300000,0x000000b642400000] [id=4736]
  0x0000020a4f755d40 GCTaskThread "GC Thread#1" [stack: 0x000000b643700000,0x000000b643800000] [id=12092]
  0x0000020a958de9b0 GCTaskThread "GC Thread#2" [stack: 0x000000b643800000,0x000000b643900000] [id=3920]
  0x0000020a958dec70 GCTaskThread "GC Thread#3" [stack: 0x000000b643900000,0x000000b643a00000] [id=4272]
  0x0000020a958dfd60 GCTaskThread "GC Thread#4" [stack: 0x000000b643a00000,0x000000b643b00000] [id=9364]
  0x0000020a9584c7f0 GCTaskThread "GC Thread#5" [stack: 0x000000b643b00000,0x000000b643c00000] [id=12920]
  0x0000020a9584c530 GCTaskThread "GC Thread#6" [stack: 0x000000b643c00000,0x000000b643d00000] [id=9384]
  0x0000020a9584d5b0 GCTaskThread "GC Thread#7" [stack: 0x000000b643d00000,0x000000b643e00000] [id=9376]
  0x0000020a2a5d9240 ConcurrentGCThread "G1 Main Marker" [stack: 0x000000b642400000,0x000000b642500000] [id=5296]
  0x0000020a2a5d9c60 ConcurrentGCThread "G1 Conc#0" [stack: 0x000000b642500000,0x000000b642600000] [id=6412]
  0x0000020a4edd5fb0 ConcurrentGCThread "G1 Refine#0" [stack: 0x000000b642600000,0x000000b642700000] [id=3332]
  0x0000020a4edd69e0 ConcurrentGCThread "G1 Service" [stack: 0x000000b642700000,0x000000b642800000] [id=8540]

Threads with active compile tasks:
C2 CompilerThread0     5619 4995   !   4       org.codehaus.plexus.interpolation.StringSearchInterpolator::interpolate (668 bytes)
C2 CompilerThread1     5619 4958       4       org.apache.maven.model.inheritance.DefaultInheritanceAssembler$InheritanceModelMerger::mergePluginContainer_Plugins (433 bytes)
C2 CompilerThread2     5619 5000       4       org.codehaus.plexus.util.xml.Xpp3Dom::mergeIntoXpp3Dom (518 bytes)

VM state: not at safepoint (normal execution)

VM Mutex/Monitor currently owned by a thread: None

Heap address: 0x0000000701200000, size: 4078 MB, Compressed Oops mode: Zero based, Oop shift amount: 3

CDS archive(s) mapped at: [0x0000020a50000000-0x0000020a50bb0000-0x0000020a50bb0000), size 12255232, SharedBaseAddress: 0x0000020a50000000, ArchiveRelocationMode: 1.
Compressed class space mapped at: 0x0000020a51000000-0x0000020a91000000, reserved size: 1073741824
Narrow klass base: 0x0000020a50000000, Narrow klass shift: 0, Narrow klass range: 0x100000000

GC Precious Log:
 CPUs: 8 total, 8 available
 Memory: 16304M
 Large Page Support: Disabled
 NUMA Support: Disabled
 Compressed Oops: Enabled (Zero based)
 Heap Region Size: 2M
 Heap Min Capacity: 8M
 Heap Initial Capacity: 256M
 Heap Max Capacity: 4078M
 Pre-touch: Disabled
 Parallel Workers: 8
 Concurrent Workers: 2
 Concurrent Refinement Workers: 8
 Periodic GC: Disabled

Heap:
 garbage-first heap   total 262144K, used 85421K [0x0000000701200000, 0x0000000800000000)
  region size 2048K, 31 young (63488K), 10 survivors (20480K)
 Metaspace       used 18449K, committed 18816K, reserved 1114112K
  class space    used 2055K, committed 2240K, reserved 1048576K

Heap Regions: E=young(eden), S=young(survivor), O=old, HS=humongous(starts), HC=humongous(continues), CS=collection set, F=free, OA=open archive, CA=closed archive, TAMS=top-at-mark-start (previous, next)
|   0|0x0000000701200000, 0x0000000701400000, 0x0000000701400000|100%| O|  |TAMS 0x0000000701200000, 0x0000000701200000| Untracked 
|   1|0x0000000701400000, 0x0000000701600000, 0x0000000701600000|100%| O|  |TAMS 0x0000000701400000, 0x0000000701400000| Untracked 
|   2|0x0000000701600000, 0x0000000701800000, 0x0000000701800000|100%| O|  |TAMS 0x0000000701600000, 0x0000000701600000| Untracked 
|   3|0x0000000701800000, 0x0000000701a00000, 0x0000000701a00000|100%| O|  |TAMS 0x0000000701800000, 0x0000000701800000| Untracked 
|   4|0x0000000701a00000, 0x0000000701c00000, 0x0000000701c00000|100%| O|  |TAMS 0x0000000701a00000, 0x0000000701a00000| Untracked 
|   5|0x0000000701c00000, 0x0000000701e00000, 0x0000000701e00000|100%| O|  |TAMS 0x0000000701c00000, 0x0000000701c00000| Untracked 
|   6|0x0000000701e00000, 0x0000000702000000, 0x0000000702000000|100%| O|  |TAMS 0x0000000701e00000, 0x0000000701e00000| Untracked 
|   7|0x0000000702000000, 0x0000000702200000, 0x0000000702200000|100%| O|  |TAMS 0x0000000702000000, 0x0000000702000000| Untracked 
|   8|0x0000000702200000, 0x0000000702400000, 0x0000000702400000|100%| O|  |TAMS 0x0000000702200000, 0x0000000702200000| Untracked 
|   9|0x0000000702400000, 0x0000000702600000, 0x0000000702600000|100%| O|  |TAMS 0x0000000702400000, 0x0000000702400000| Untracked 
|  10|0x0000000702600000, 0x0000000702800000, 0x0000000702800000|100%| O|  |TAMS 0x0000000702600000, 0x0000000702600000| Untracked 
|  11|0x0000000702800000, 0x000000070296b400, 0x0000000702a00000| 70%| O|  |TAMS 0x0000000702800000, 0x0000000702800000| Untracked 
|  12|0x0000000702a00000, 0x0000000702a00000, 0x0000000702c00000|  0%| F|  |TAMS 0x0000000702a00000, 0x0000000702a00000| Untracked 
|  13|0x0000000702c00000, 0x0000000702c00000, 0x0000000702e00000|  0%| F|  |TAMS 0x0000000702c00000, 0x0000000702c00000| Untracked 
|  14|0x0000000702e00000, 0x0000000702e00000, 0x0000000703000000|  0%| F|  |TAMS 0x0000000702e00000, 0x0000000702e00000| Untracked 
|  15|0x0000000703000000, 0x0000000703000000, 0x0000000703200000|  0%| F|  |TAMS 0x0000000703000000, 0x0000000703000000| Untracked 
|  16|0x0000000703200000, 0x0000000703200000, 0x0000000703400000|  0%| F|  |TAMS 0x0000000703200000, 0x0000000703200000| Untracked 
|  17|0x0000000703400000, 0x0000000703400000, 0x0000000703600000|  0%| F|  |TAMS 0x0000000703400000, 0x0000000703400000| Untracked 
|  18|0x0000000703600000, 0x0000000703600000, 0x0000000703800000|  0%| F|  |TAMS 0x0000000703600000, 0x0000000703600000| Untracked 
|  19|0x0000000703800000, 0x0000000703800000, 0x0000000703a00000|  0%| F|  |TAMS 0x0000000703800000, 0x0000000703800000| Untracked 
|  20|0x0000000703a00000, 0x0000000703a00000, 0x0000000703c00000|  0%| F|  |TAMS 0x0000000703a00000, 0x0000000703a00000| Untracked 
|  21|0x0000000703c00000, 0x0000000703c00000, 0x0000000703e00000|  0%| F|  |TAMS 0x0000000703c00000, 0x0000000703c00000| Untracked 
|  22|0x0000000703e00000, 0x0000000703e00000, 0x0000000704000000|  0%| F|  |TAMS 0x0000000703e00000, 0x0000000703e00000| Untracked 
|  23|0x0000000704000000, 0x0000000704000000, 0x0000000704200000|  0%| F|  |TAMS 0x0000000704000000, 0x0000000704000000| Untracked 
|  24|0x0000000704200000, 0x0000000704200000, 0x0000000704400000|  0%| F|  |TAMS 0x0000000704200000, 0x0000000704200000| Untracked 
|  25|0x0000000704400000, 0x0000000704400000, 0x0000000704600000|  0%| F|  |TAMS 0x0000000704400000, 0x0000000704400000| Untracked 
|  26|0x0000000704600000, 0x0000000704600000, 0x0000000704800000|  0%| F|  |TAMS 0x0000000704600000, 0x0000000704600000| Untracked 
|  27|0x0000000704800000, 0x0000000704800000, 0x0000000704a00000|  0%| F|  |TAMS 0x0000000704800000, 0x0000000704800000| Untracked 
|  28|0x0000000704a00000, 0x0000000704a00000, 0x0000000704c00000|  0%| F|  |TAMS 0x0000000704a00000, 0x0000000704a00000| Untracked 
|  29|0x0000000704c00000, 0x0000000704c00000, 0x0000000704e00000|  0%| F|  |TAMS 0x0000000704c00000, 0x0000000704c00000| Untracked 
|  30|0x0000000704e00000, 0x0000000704e00000, 0x0000000705000000|  0%| F|  |TAMS 0x0000000704e00000, 0x0000000704e00000| Untracked 
|  31|0x0000000705000000, 0x0000000705000000, 0x0000000705200000|  0%| F|  |TAMS 0x0000000705000000, 0x0000000705000000| Untracked 
|  32|0x0000000705200000, 0x0000000705200000, 0x0000000705400000|  0%| F|  |TAMS 0x0000000705200000, 0x0000000705200000| Untracked 
|  33|0x0000000705400000, 0x0000000705400000, 0x0000000705600000|  0%| F|  |TAMS 0x0000000705400000, 0x0000000705400000| Untracked 
|  34|0x0000000705600000, 0x0000000705600000, 0x0000000705800000|  0%| F|  |TAMS 0x0000000705600000, 0x0000000705600000| Untracked 
|  35|0x0000000705800000, 0x0000000705800000, 0x0000000705a00000|  0%| F|  |TAMS 0x0000000705800000, 0x0000000705800000| Untracked 
|  36|0x0000000705a00000, 0x0000000705a00000, 0x0000000705c00000|  0%| F|  |TAMS 0x0000000705a00000, 0x0000000705a00000| Untracked 
|  37|0x0000000705c00000, 0x0000000705c00000, 0x0000000705e00000|  0%| F|  |TAMS 0x0000000705c00000, 0x0000000705c00000| Untracked 
|  38|0x0000000705e00000, 0x0000000705e00000, 0x0000000706000000|  0%| F|  |TAMS 0x0000000705e00000, 0x0000000705e00000| Untracked 
|  39|0x0000000706000000, 0x0000000706000000, 0x0000000706200000|  0%| F|  |TAMS 0x0000000706000000, 0x0000000706000000| Untracked 
|  40|0x0000000706200000, 0x0000000706200000, 0x0000000706400000|  0%| F|  |TAMS 0x0000000706200000, 0x0000000706200000| Untracked 
|  41|0x0000000706400000, 0x0000000706400000, 0x0000000706600000|  0%| F|  |TAMS 0x0000000706400000, 0x0000000706400000| Untracked 
|  42|0x0000000706600000, 0x0000000706800000, 0x0000000706800000|100%| S|CS|TAMS 0x0000000706600000, 0x0000000706600000| Complete 
|  43|0x0000000706800000, 0x0000000706a00000, 0x0000000706a00000|100%| S|CS|TAMS 0x0000000706800000, 0x0000000706800000| Complete 
|  44|0x0000000706a00000, 0x0000000706a00000, 0x0000000706c00000|  0%| F|  |TAMS 0x0000000706a00000, 0x0000000706a00000| Untracked 
|  45|0x0000000706c00000, 0x0000000706c00000, 0x0000000706e00000|  0%| F|  |TAMS 0x0000000706c00000, 0x0000000706c00000| Untracked 
|  46|0x0000000706e00000, 0x0000000706e00000, 0x0000000707000000|  0%| F|  |TAMS 0x0000000706e00000, 0x0000000706e00000| Untracked 
|  47|0x0000000707000000, 0x0000000707000000, 0x0000000707200000|  0%| F|  |TAMS 0x0000000707000000, 0x0000000707000000| Untracked 
|  48|0x0000000707200000, 0x0000000707200000, 0x0000000707400000|  0%| F|  |TAMS 0x0000000707200000, 0x0000000707200000| Untracked 
|  49|0x0000000707400000, 0x0000000707400000, 0x0000000707600000|  0%| F|  |TAMS 0x0000000707400000, 0x0000000707400000| Untracked 
|  50|0x0000000707600000, 0x0000000707600000, 0x0000000707800000|  0%| F|  |TAMS 0x0000000707600000, 0x0000000707600000| Untracked 
|  51|0x0000000707800000, 0x0000000707800000, 0x0000000707a00000|  0%| F|  |TAMS 0x0000000707800000, 0x0000000707800000| Untracked 
|  52|0x0000000707a00000, 0x0000000707c00000, 0x0000000707c00000|100%| S|CS|TAMS 0x0000000707a00000, 0x0000000707a00000| Complete 
|  53|0x0000000707c00000, 0x0000000707e00000, 0x0000000707e00000|100%| S|CS|TAMS 0x0000000707c00000, 0x0000000707c00000| Complete 
|  54|0x0000000707e00000, 0x0000000708000000, 0x0000000708000000|100%| S|CS|TAMS 0x0000000707e00000, 0x0000000707e00000| Complete 
|  55|0x0000000708000000, 0x0000000708200000, 0x0000000708200000|100%| S|CS|TAMS 0x0000000708000000, 0x0000000708000000| Complete 
|  56|0x0000000708200000, 0x0000000708400000, 0x0000000708400000|100%| S|CS|TAMS 0x0000000708200000, 0x0000000708200000| Complete 
|  57|0x0000000708400000, 0x0000000708600000, 0x0000000708600000|100%| S|CS|TAMS 0x0000000708400000, 0x0000000708400000| Complete 
|  58|0x0000000708600000, 0x0000000708800000, 0x0000000708800000|100%| S|CS|TAMS 0x0000000708600000, 0x0000000708600000| Complete 
|  59|0x0000000708800000, 0x0000000708a00000, 0x0000000708a00000|100%| S|CS|TAMS 0x0000000708800000, 0x0000000708800000| Complete 
|  60|0x0000000708a00000, 0x0000000708a00000, 0x0000000708c00000|  0%| F|  |TAMS 0x0000000708a00000, 0x0000000708a00000| Untracked 
|  61|0x0000000708c00000, 0x0000000708c00000, 0x0000000708e00000|  0%| F|  |TAMS 0x0000000708c00000, 0x0000000708c00000| Untracked 
|  62|0x0000000708e00000, 0x0000000708e00000, 0x0000000709000000|  0%| F|  |TAMS 0x0000000708e00000, 0x0000000708e00000| Untracked 
|  63|0x0000000709000000, 0x0000000709000000, 0x0000000709200000|  0%| F|  |TAMS 0x0000000709000000, 0x0000000709000000| Untracked 
|  64|0x0000000709200000, 0x0000000709200000, 0x0000000709400000|  0%| F|  |TAMS 0x0000000709200000, 0x0000000709200000| Untracked 
|  65|0x0000000709400000, 0x0000000709400000, 0x0000000709600000|  0%| F|  |TAMS 0x0000000709400000, 0x0000000709400000| Untracked 
|  66|0x0000000709600000, 0x0000000709600000, 0x0000000709800000|  0%| F|  |TAMS 0x0000000709600000, 0x0000000709600000| Untracked 
|  67|0x0000000709800000, 0x0000000709800000, 0x0000000709a00000|  0%| F|  |TAMS 0x0000000709800000, 0x0000000709800000| Untracked 
|  68|0x0000000709a00000, 0x0000000709a00000, 0x0000000709c00000|  0%| F|  |TAMS 0x0000000709a00000, 0x0000000709a00000| Untracked 
|  69|0x0000000709c00000, 0x0000000709c00000, 0x0000000709e00000|  0%| F|  |TAMS 0x0000000709c00000, 0x0000000709c00000| Untracked 
|  70|0x0000000709e00000, 0x0000000709e00000, 0x000000070a000000|  0%| F|  |TAMS 0x0000000709e00000, 0x0000000709e00000| Untracked 
|  71|0x000000070a000000, 0x000000070a000000, 0x000000070a200000|  0%| F|  |TAMS 0x000000070a000000, 0x000000070a000000| Untracked 
|  72|0x000000070a200000, 0x000000070a200000, 0x000000070a400000|  0%| F|  |TAMS 0x000000070a200000, 0x000000070a200000| Untracked 
|  73|0x000000070a400000, 0x000000070a400000, 0x000000070a600000|  0%| F|  |TAMS 0x000000070a400000, 0x000000070a400000| Untracked 
|  74|0x000000070a600000, 0x000000070a600000, 0x000000070a800000|  0%| F|  |TAMS 0x000000070a600000, 0x000000070a600000| Untracked 
|  75|0x000000070a800000, 0x000000070a800000, 0x000000070aa00000|  0%| F|  |TAMS 0x000000070a800000, 0x000000070a800000| Untracked 
|  76|0x000000070aa00000, 0x000000070aa00000, 0x000000070ac00000|  0%| F|  |TAMS 0x000000070aa00000, 0x000000070aa00000| Untracked 
|  77|0x000000070ac00000, 0x000000070ac00000, 0x000000070ae00000|  0%| F|  |TAMS 0x000000070ac00000, 0x000000070ac00000| Untracked 
|  78|0x000000070ae00000, 0x000000070ae00000, 0x000000070b000000|  0%| F|  |TAMS 0x000000070ae00000, 0x000000070ae00000| Untracked 
|  79|0x000000070b000000, 0x000000070b000000, 0x000000070b200000|  0%| F|  |TAMS 0x000000070b000000, 0x000000070b000000| Untracked 
|  80|0x000000070b200000, 0x000000070b200000, 0x000000070b400000|  0%| F|  |TAMS 0x000000070b200000, 0x000000070b200000| Untracked 
|  81|0x000000070b400000, 0x000000070b400000, 0x000000070b600000|  0%| F|  |TAMS 0x000000070b400000, 0x000000070b400000| Untracked 
|  82|0x000000070b600000, 0x000000070b600000, 0x000000070b800000|  0%| F|  |TAMS 0x000000070b600000, 0x000000070b600000| Untracked 
|  83|0x000000070b800000, 0x000000070b800000, 0x000000070ba00000|  0%| F|  |TAMS 0x000000070b800000, 0x000000070b800000| Untracked 
|  84|0x000000070ba00000, 0x000000070ba00000, 0x000000070bc00000|  0%| F|  |TAMS 0x000000070ba00000, 0x000000070ba00000| Untracked 
|  85|0x000000070bc00000, 0x000000070bc00000, 0x000000070be00000|  0%| F|  |TAMS 0x000000070bc00000, 0x000000070bc00000| Untracked 
|  86|0x000000070be00000, 0x000000070be00000, 0x000000070c000000|  0%| F|  |TAMS 0x000000070be00000, 0x000000070be00000| Untracked 
|  87|0x000000070c000000, 0x000000070c000000, 0x000000070c200000|  0%| F|  |TAMS 0x000000070c000000, 0x000000070c000000| Untracked 
|  88|0x000000070c200000, 0x000000070c200000, 0x000000070c400000|  0%| F|  |TAMS 0x000000070c200000, 0x000000070c200000| Untracked 
|  89|0x000000070c400000, 0x000000070c400000, 0x000000070c600000|  0%| F|  |TAMS 0x000000070c400000, 0x000000070c400000| Untracked 
|  90|0x000000070c600000, 0x000000070c600000, 0x000000070c800000|  0%| F|  |TAMS 0x000000070c600000, 0x000000070c600000| Untracked 
|  91|0x000000070c800000, 0x000000070c800000, 0x000000070ca00000|  0%| F|  |TAMS 0x000000070c800000, 0x000000070c800000| Untracked 
|  92|0x000000070ca00000, 0x000000070ca00000, 0x000000070cc00000|  0%| F|  |TAMS 0x000000070ca00000, 0x000000070ca00000| Untracked 
|  93|0x000000070cc00000, 0x000000070cc00000, 0x000000070ce00000|  0%| F|  |TAMS 0x000000070cc00000, 0x000000070cc00000| Untracked 
|  94|0x000000070ce00000, 0x000000070ce00000, 0x000000070d000000|  0%| F|  |TAMS 0x000000070ce00000, 0x000000070ce00000| Untracked 
|  95|0x000000070d000000, 0x000000070d000000, 0x000000070d200000|  0%| F|  |TAMS 0x000000070d000000, 0x000000070d000000| Untracked 
|  96|0x000000070d200000, 0x000000070d200000, 0x000000070d400000|  0%| F|  |TAMS 0x000000070d200000, 0x000000070d200000| Untracked 
|  97|0x000000070d400000, 0x000000070d400000, 0x000000070d600000|  0%| F|  |TAMS 0x000000070d400000, 0x000000070d400000| Untracked 
|  98|0x000000070d600000, 0x000000070d600000, 0x000000070d800000|  0%| F|  |TAMS 0x000000070d600000, 0x000000070d600000| Untracked 
|  99|0x000000070d800000, 0x000000070d800000, 0x000000070da00000|  0%| F|  |TAMS 0x000000070d800000, 0x000000070d800000| Untracked 
| 100|0x000000070da00000, 0x000000070da00000, 0x000000070dc00000|  0%| F|  |TAMS 0x000000070da00000, 0x000000070da00000| Untracked 
| 101|0x000000070dc00000, 0x000000070dc00000, 0x000000070de00000|  0%| F|  |TAMS 0x000000070dc00000, 0x000000070dc00000| Untracked 
| 102|0x000000070de00000, 0x000000070de00000, 0x000000070e000000|  0%| F|  |TAMS 0x000000070de00000, 0x000000070de00000| Untracked 
| 103|0x000000070e000000, 0x000000070e000000, 0x000000070e200000|  0%| F|  |TAMS 0x000000070e000000, 0x000000070e000000| Untracked 
| 104|0x000000070e200000, 0x000000070e200000, 0x000000070e400000|  0%| F|  |TAMS 0x000000070e200000, 0x000000070e200000| Untracked 
| 105|0x000000070e400000, 0x000000070e400000, 0x000000070e600000|  0%| F|  |TAMS 0x000000070e400000, 0x000000070e400000| Untracked 
| 106|0x000000070e600000, 0x000000070e600000, 0x000000070e800000|  0%| F|  |TAMS 0x000000070e600000, 0x000000070e600000| Untracked 
| 107|0x000000070e800000, 0x000000070ea00000, 0x000000070ea00000|100%| E|  |TAMS 0x000000070e800000, 0x000000070e800000| Complete 
| 108|0x000000070ea00000, 0x000000070ec00000, 0x000000070ec00000|100%| E|CS|TAMS 0x000000070ea00000, 0x000000070ea00000| Complete 
| 109|0x000000070ec00000, 0x000000070ee00000, 0x000000070ee00000|100%| E|CS|TAMS 0x000000070ec00000, 0x000000070ec00000| Complete 
| 110|0x000000070ee00000, 0x000000070f000000, 0x000000070f000000|100%| E|CS|TAMS 0x000000070ee00000, 0x000000070ee00000| Complete 
| 111|0x000000070f000000, 0x000000070f200000, 0x000000070f200000|100%| E|CS|TAMS 0x000000070f000000, 0x000000070f000000| Complete 
| 112|0x000000070f200000, 0x000000070f400000, 0x000000070f400000|100%| E|CS|TAMS 0x000000070f200000, 0x000000070f200000| Complete 
| 113|0x000000070f400000, 0x000000070f600000, 0x000000070f600000|100%| E|CS|TAMS 0x000000070f400000, 0x000000070f400000| Complete 
| 114|0x000000070f600000, 0x000000070f800000, 0x000000070f800000|100%| E|CS|TAMS 0x000000070f600000, 0x000000070f600000| Complete 
| 115|0x000000070f800000, 0x000000070fa00000, 0x000000070fa00000|100%| E|CS|TAMS 0x000000070f800000, 0x000000070f800000| Complete 
| 116|0x000000070fa00000, 0x000000070fc00000, 0x000000070fc00000|100%| E|CS|TAMS 0x000000070fa00000, 0x000000070fa00000| Complete 
| 117|0x000000070fc00000, 0x000000070fe00000, 0x000000070fe00000|100%| E|CS|TAMS 0x000000070fc00000, 0x000000070fc00000| Complete 
| 118|0x000000070fe00000, 0x0000000710000000, 0x0000000710000000|100%| E|CS|TAMS 0x000000070fe00000, 0x000000070fe00000| Complete 
| 119|0x0000000710000000, 0x0000000710200000, 0x0000000710200000|100%| E|CS|TAMS 0x0000000710000000, 0x0000000710000000| Complete 
| 120|0x0000000710200000, 0x0000000710400000, 0x0000000710400000|100%| E|CS|TAMS 0x0000000710200000, 0x0000000710200000| Complete 
| 121|0x0000000710400000, 0x0000000710600000, 0x0000000710600000|100%| E|CS|TAMS 0x0000000710400000, 0x0000000710400000| Complete 
| 122|0x0000000710600000, 0x0000000710800000, 0x0000000710800000|100%| E|CS|TAMS 0x0000000710600000, 0x0000000710600000| Complete 
| 123|0x0000000710800000, 0x0000000710a00000, 0x0000000710a00000|100%| E|CS|TAMS 0x0000000710800000, 0x0000000710800000| Complete 
| 124|0x0000000710a00000, 0x0000000710c00000, 0x0000000710c00000|100%| E|CS|TAMS 0x0000000710a00000, 0x0000000710a00000| Complete 
| 125|0x0000000710c00000, 0x0000000710e00000, 0x0000000710e00000|100%| E|CS|TAMS 0x0000000710c00000, 0x0000000710c00000| Complete 
| 126|0x0000000710e00000, 0x0000000711000000, 0x0000000711000000|100%| E|CS|TAMS 0x0000000710e00000, 0x0000000710e00000| Complete 
| 127|0x0000000711000000, 0x0000000711200000, 0x0000000711200000|100%| E|CS|TAMS 0x0000000711000000, 0x0000000711000000| Complete 

Card table byte_map: [0x0000020a43ae0000,0x0000020a442e0000] _byte_map_base: 0x0000020a402d7000

Marking Bits (Prev, Next): (CMBitMap*) 0x0000020a2a5c8a40, (CMBitMap*) 0x0000020a2a5c8a80
 Prev Bits: [0x0000020a44ae0000, 0x0000020a48a98000)
 Next Bits: [0x0000020a48aa0000, 0x0000020a4ca58000)

Polling page: 0x0000020a2a620000

Metaspace:

Usage:
  Non-class:     16.01 MB used.
      Class:      2.01 MB used.
       Both:     18.02 MB used.

Virtual space:
  Non-class space:       64.00 MB reserved,      16.19 MB ( 25%) committed,  1 nodes.
      Class space:        1.00 GB reserved,       2.19 MB ( <1%) committed,  1 nodes.
             Both:        1.06 GB reserved,      18.38 MB (  2%) committed. 

Chunk freelists:
   Non-Class:  15.77 MB
       Class:  13.75 MB
        Both:  29.51 MB

MaxMetaspaceSize: unlimited
CompressedClassSpaceSize: 1.00 GB
Initial GC threshold: 21.00 MB
Current GC threshold: 21.00 MB
CDS: on
MetaspaceReclaimPolicy: balanced
 - commit_granule_bytes: 65536.
 - commit_granule_words: 8192.
 - virtual_space_node_default_size: 8388608.
 - enlarge_chunks_in_place: 1.
 - new_chunks_are_fully_committed: 0.
 - uncommit_free_chunks: 1.
 - use_allocation_guard: 0.
 - handle_deallocations: 1.


Internal statistics:

num_allocs_failed_limit: 0.
num_arena_births: 158.
num_arena_deaths: 0.
num_vsnodes_births: 2.
num_vsnodes_deaths: 0.
num_space_committed: 294.
num_space_uncommitted: 0.
num_chunks_returned_to_freelist: 0.
num_chunks_taken_from_freelist: 823.
num_chunk_merges: 0.
num_chunk_splits: 553.
num_chunks_enlarged: 428.
num_inconsistent_stats: 0.

CodeHeap 'non-profiled nmethods': size=120000Kb used=2613Kb max_used=2942Kb free=117386Kb
 bounds [0x0000020a3b350000, 0x0000020a3b630000, 0x0000020a42880000]
CodeHeap 'profiled nmethods': size=120000Kb used=9252Kb max_used=10832Kb free=110747Kb
 bounds [0x0000020a33880000, 0x0000020a34320000, 0x0000020a3adb0000]
CodeHeap 'non-nmethods': size=5760Kb used=1261Kb max_used=1311Kb free=4498Kb
 bounds [0x0000020a3adb0000, 0x0000020a3b020000, 0x0000020a3b350000]
 total_blobs=4836 nmethods=4360 adapters=386
 compilation: enabled
              stopped_count=0, restarted_count=0
 full_count=0

Compilation events (20 events):
Event: 5.477 Thread 0x0000020a4f5ade90 5085       3       org.eclipse.aether.internal.impl.collect.DataPool::putDescriptor (20 bytes)
Event: 5.477 Thread 0x0000020a4f5ade90 nmethod 5085 0x0000020a338a4b90 code [0x0000020a338a4d40, 0x0000020a338a4fd8]
Event: 5.481 Thread 0x0000020a4f5ade90 5086       3       org.apache.maven.model.merge.ModelMerger::mergeOrganization_Name (41 bytes)
Event: 5.481 Thread 0x0000020a4f5ade90 nmethod 5086 0x0000020a33c0fd90 code [0x0000020a33c0ff60, 0x0000020a33c102b8]
Event: 5.481 Thread 0x0000020a4f5ade90 5087       3       org.apache.maven.model.merge.ModelMerger::mergeOrganization_Url (41 bytes)
Event: 5.481 Thread 0x0000020a4f5ade90 nmethod 5087 0x0000020a33d95390 code [0x0000020a33d95560, 0x0000020a33d958b8]
Event: 5.502 Thread 0x0000020a4f5ade90 5088       3       org.apache.maven.model.merge.ModelMerger::mergeModelBase_Properties (84 bytes)
Event: 5.503 Thread 0x0000020a4f5ade90 nmethod 5088 0x0000020a338e8190 code [0x0000020a338e84a0, 0x0000020a338e9e28]
Event: 5.507 Thread 0x0000020a4f5ade90 5089   !   3       jdk.internal.reflect.GeneratedMethodAccessor4::invoke (61 bytes)
Event: 5.508 Thread 0x0000020a4f5ade90 nmethod 5089 0x0000020a33b63910 code [0x0000020a33b63b20, 0x0000020a33b641a8]
Event: 5.508 Thread 0x0000020a4f5ade90 5090       3       java.util.Arrays::binarySearch0 (95 bytes)
Event: 5.508 Thread 0x0000020a4f5ade90 nmethod 5090 0x0000020a33a60890 code [0x0000020a33a60a60, 0x0000020a33a60e98]
Event: 5.512 Thread 0x0000020a4f5ade90 5091       3       org.eclipse.aether.internal.impl.collect.DataPool$Constraint::<init> (90 bytes)
Event: 5.513 Thread 0x0000020a4f5ade90 nmethod 5091 0x0000020a33bbfb10 code [0x0000020a33bbfd60, 0x0000020a33bc0bc8]
Event: 5.513 Thread 0x0000020a4f5ade90 5092       3       org.eclipse.aether.util.graph.selector.ScopeDependencySelector::hashCode (75 bytes)
Event: 5.513 Thread 0x0000020a4f5ade90 nmethod 5092 0x0000020a33e70210 code [0x0000020a33e703e0, 0x0000020a33e707b8]
Event: 5.513 Thread 0x0000020a4f5ade90 5093       3       org.eclipse.aether.util.graph.selector.OptionalDependencySelector::hashCode (20 bytes)
Event: 5.513 Thread 0x0000020a4f5ade90 nmethod 5093 0x0000020a33c24410 code [0x0000020a33c245c0, 0x0000020a33c247c8]
Event: 5.513 Thread 0x0000020a4f5ade90 5094       3       org.eclipse.aether.util.graph.selector.ExclusionDependencySelector::hashCode (38 bytes)
Event: 5.513 Thread 0x0000020a4f5ade90 nmethod 5094 0x0000020a338a5c90 code [0x0000020a338a5e40, 0x0000020a338a60d8]

GC Heap History (8 events):
Event: 1.531 GC heap before
{Heap before GC invocations=0 (full 0):
 garbage-first heap   total 262144K, used 22528K [0x0000000701200000, 0x0000000800000000)
  region size 2048K, 11 young (22528K), 0 survivors (0K)
 Metaspace       used 5717K, committed 5952K, reserved 1114112K
  class space    used 684K, committed 768K, reserved 1048576K
}
Event: 1.534 GC heap after
{Heap after GC invocations=1 (full 0):
 garbage-first heap   total 262144K, used 3884K [0x0000000701200000, 0x0000000800000000)
  region size 2048K, 2 young (4096K), 2 survivors (4096K)
 Metaspace       used 5717K, committed 5952K, reserved 1114112K
  class space    used 684K, committed 768K, reserved 1048576K
}
Event: 1.945 GC heap before
{Heap before GC invocations=1 (full 0):
 garbage-first heap   total 262144K, used 32556K [0x0000000701200000, 0x0000000800000000)
  region size 2048K, 16 young (32768K), 2 survivors (4096K)
 Metaspace       used 9024K, committed 9216K, reserved 1114112K
  class space    used 1094K, committed 1152K, reserved 1048576K
}
Event: 1.949 GC heap after
{Heap after GC invocations=2 (full 0):
 garbage-first heap   total 262144K, used 5135K [0x0000000701200000, 0x0000000800000000)
  region size 2048K, 1 young (2048K), 1 survivors (2048K)
 Metaspace       used 9024K, committed 9216K, reserved 1114112K
  class space    used 1094K, committed 1152K, reserved 1048576K
}
Event: 4.273 GC heap before
{Heap before GC invocations=2 (full 0):
 garbage-first heap   total 262144K, used 158735K [0x0000000701200000, 0x0000000800000000)
  region size 2048K, 76 young (155648K), 1 survivors (2048K)
 Metaspace       used 16536K, committed 16704K, reserved 1114112K
  class space    used 1880K, committed 1920K, reserved 1048576K
}
Event: 4.284 GC heap after
{Heap after GC invocations=3 (full 0):
 garbage-first heap   total 262144K, used 19894K [0x0000000701200000, 0x0000000800000000)
  region size 2048K, 8 young (16384K), 8 survivors (16384K)
 Metaspace       used 16536K, committed 16704K, reserved 1114112K
  class space    used 1880K, committed 1920K, reserved 1048576K
}
Event: 5.359 GC heap before
{Heap before GC invocations=3 (full 0):
 garbage-first heap   total 262144K, used 159158K [0x0000000701200000, 0x0000000800000000)
  region size 2048K, 76 young (155648K), 8 survivors (16384K)
 Metaspace       used 18421K, committed 18816K, reserved 1114112K
  class space    used 2055K, committed 2240K, reserved 1048576K
}
Event: 5.382 GC heap after
{Heap after GC invocations=4 (full 0):
 garbage-first heap   total 262144K, used 44461K [0x0000000701200000, 0x0000000800000000)
  region size 2048K, 10 young (20480K), 10 survivors (20480K)
 Metaspace       used 18421K, committed 18816K, reserved 1114112K
  class space    used 2055K, committed 2240K, reserved 1048576K
}

Dll operation events (8 events):
Event: 0.006 Loaded shared library C:\Program Files\Java\microsoft-jdk-17.0.10-windows-x64\jdk-17.0.10+7\bin\java.dll
Event: 0.022 Loaded shared library C:\Program Files\Java\microsoft-jdk-17.0.10-windows-x64\jdk-17.0.10+7\bin\jsvml.dll
Event: 0.910 Loaded shared library C:\Program Files\Java\microsoft-jdk-17.0.10-windows-x64\jdk-17.0.10+7\bin\net.dll
Event: 0.915 Loaded shared library C:\Program Files\Java\microsoft-jdk-17.0.10-windows-x64\jdk-17.0.10+7\bin\nio.dll
Event: 0.936 Loaded shared library C:\Program Files\Java\microsoft-jdk-17.0.10-windows-x64\jdk-17.0.10+7\bin\zip.dll
Event: 0.944 Loaded shared library C:\Program Files\Java\microsoft-jdk-17.0.10-windows-x64\jdk-17.0.10+7\bin\jimage.dll
Event: 1.127 Loaded shared library C:\Users\Andriary\AppData\Local\Temp\jansi-2.4.0-c6ece18e7b1a4317-jansi.dll
Event: 1.140 Loaded shared library C:\Program Files\Java\microsoft-jdk-17.0.10-windows-x64\jdk-17.0.10+7\bin\verify.dll

Deoptimization events (20 events):
Event: 5.272 Thread 0x0000020a2a55ced0 DEOPT PACKING pc=0x0000020a3b436c24 sp=0x000000b6422fa5e0
Event: 5.272 Thread 0x0000020a2a55ced0 DEOPT UNPACKING pc=0x0000020a3ae069a3 sp=0x000000b6422fa530 mode 2
Event: 5.276 Thread 0x0000020a2a55ced0 Uncommon trap: trap_request=0xffffffd6 fr.pc=0x0000020a3b466dcc relative=0x00000000000004ac
Event: 5.276 Thread 0x0000020a2a55ced0 Uncommon trap: reason=array_check action=maybe_recompile pc=0x0000020a3b466dcc method=java.util.HashMap.keysToArray([Ljava/lang/Object;)[Ljava/lang/Object; @ 62 c2
Event: 5.277 Thread 0x0000020a2a55ced0 DEOPT PACKING pc=0x0000020a3b466dcc sp=0x000000b6422fa910
Event: 5.277 Thread 0x0000020a2a55ced0 DEOPT UNPACKING pc=0x0000020a3ae069a3 sp=0x000000b6422fa8a8 mode 2
Event: 5.277 Thread 0x0000020a2a55ced0 Uncommon trap: trap_request=0xffffffd6 fr.pc=0x0000020a3b466dcc relative=0x00000000000004ac
Event: 5.277 Thread 0x0000020a2a55ced0 Uncommon trap: reason=array_check action=maybe_recompile pc=0x0000020a3b466dcc method=java.util.HashMap.keysToArray([Ljava/lang/Object;)[Ljava/lang/Object; @ 62 c2
Event: 5.277 Thread 0x0000020a2a55ced0 DEOPT PACKING pc=0x0000020a3b466dcc sp=0x000000b6422fa910
Event: 5.277 Thread 0x0000020a2a55ced0 DEOPT UNPACKING pc=0x0000020a3ae069a3 sp=0x000000b6422fa8a8 mode 2
Event: 5.277 Thread 0x0000020a2a55ced0 Uncommon trap: trap_request=0xffffffd6 fr.pc=0x0000020a3b466dcc relative=0x00000000000004ac
Event: 5.277 Thread 0x0000020a2a55ced0 Uncommon trap: reason=array_check action=maybe_recompile pc=0x0000020a3b466dcc method=java.util.HashMap.keysToArray([Ljava/lang/Object;)[Ljava/lang/Object; @ 62 c2
Event: 5.277 Thread 0x0000020a2a55ced0 DEOPT PACKING pc=0x0000020a3b466dcc sp=0x000000b6422fac30
Event: 5.277 Thread 0x0000020a2a55ced0 DEOPT UNPACKING pc=0x0000020a3ae069a3 sp=0x000000b6422fabc8 mode 2
Event: 5.277 Thread 0x0000020a2a55ced0 Uncommon trap: trap_request=0xffffffd6 fr.pc=0x0000020a3b466dcc relative=0x00000000000004ac
Event: 5.277 Thread 0x0000020a2a55ced0 Uncommon trap: reason=array_check action=maybe_recompile pc=0x0000020a3b466dcc method=java.util.HashMap.keysToArray([Ljava/lang/Object;)[Ljava/lang/Object; @ 62 c2
Event: 5.277 Thread 0x0000020a2a55ced0 DEOPT PACKING pc=0x0000020a3b466dcc sp=0x000000b6422fac30
Event: 5.277 Thread 0x0000020a2a55ced0 DEOPT UNPACKING pc=0x0000020a3ae069a3 sp=0x000000b6422fabc8 mode 2
Event: 5.309 Thread 0x0000020a2a55ced0 DEOPT PACKING pc=0x0000020a33e30f7e sp=0x000000b6422faaf0
Event: 5.309 Thread 0x0000020a2a55ced0 DEOPT UNPACKING pc=0x0000020a3ae07143 sp=0x000000b6422fa0c8 mode 0

Classes unloaded (0 events):
No events

Classes redefined (0 events):
No events

Internal exceptions (20 events):
Event: 2.155 Thread 0x0000020a2a55ced0 Implicit null exception at 0x0000020a3b3deb2f to 0x0000020a3b3dec94
Event: 2.157 Thread 0x0000020a2a55ced0 Exception <a 'java/lang/NoSuchMethodError'{0x0000000710615688}: 'java.lang.Object java.lang.invoke.Invokers$Holder.invokeExact_MT(java.lang.Object, int, java.lang.Object)'> (0x0000000710615688) 
thrown [s\src\hotspot\share\interpreter\linkResolver.cpp, line 759]
Event: 2.169 Thread 0x0000020a2a55ced0 Exception <a 'java/lang/NoSuchMethodError'{0x0000000710684e40}: 'void java.lang.invoke.DirectMethodHandle$Holder.invokeStatic(java.lang.Object, java.lang.Object)'> (0x0000000710684e40) 
thrown [s\src\hotspot\share\interpreter\linkResolver.cpp, line 759]
Event: 2.172 Thread 0x0000020a2a55ced0 Exception <a 'java/lang/NoSuchMethodError'{0x0000000710695d98}: 'int java.lang.invoke.DirectMethodHandle$Holder.invokeSpecial(java.lang.Object, java.lang.Object, java.lang.Object, java.lang.Object)'> (0x0000000710695d98) 
thrown [s\src\hotspot\share\interpreter\linkResolver.cpp, line 759]
Event: 2.365 Thread 0x0000020a2a55ced0 Exception <a 'java/lang/NoClassDefFoundError'{0x000000070ff077d8}: com/google/inject/servlet/ServletModuleTargetVisitor> (0x000000070ff077d8) 
thrown [s\src\hotspot\share\classfile\systemDictionary.cpp, line 245]
Event: 2.408 Thread 0x0000020a2a55ced0 Exception <a 'java/lang/NoSuchMethodError'{0x000000070fcaefd0}: 'void java.lang.invoke.DirectMethodHandle$Holder.invokeVirtual(java.lang.Object, java.lang.Object)'> (0x000000070fcaefd0) 
thrown [s\src\hotspot\share\interpreter\linkResolver.cpp, line 759]
Event: 2.425 Thread 0x0000020a2a55ced0 Exception <a 'java/lang/NoSuchMethodError'{0x000000070fd28350}: 'java.lang.Object java.lang.invoke.DirectMethodHandle$Holder.invokeStaticInit(java.lang.Object, int, int, int, int)'> (0x000000070fd28350) 
thrown [s\src\hotspot\share\interpreter\linkResolver.cpp, line 759]
Event: 2.515 Thread 0x0000020a2a55ced0 Implicit null exception at 0x0000020a3b377bf2 to 0x0000020a3b37824c
Event: 2.515 Thread 0x0000020a2a55ced0 Implicit null exception at 0x0000020a3b381af2 to 0x0000020a3b38216c
Event: 4.577 Thread 0x0000020a2a55ced0 Exception <a 'java/lang/NoSuchMethodError'{0x000000070fcf5b00}: 'java.lang.Object java.lang.invoke.DirectMethodHandle$Holder.invokeSpecial(java.lang.Object, java.lang.Object, long, java.lang.Object, java.lang.Object, java.lang.Object, java.lang.Object, java.lang.Object, java.lang.Object)'> (0x000000070fcf5b00) 
thrown [s\src\hotspot\share\interpreter\linkResolver.cpp, line 759]
Event: 4.578 Thread 0x0000020a2a55ced0 Exception <a 'java/lang/NoSuchMethodError'{0x000000070fcfa628}: 'java.lang.Object java.lang.invoke.DelegatingMethodHandle$Holder.reinvoke_L(java.lang.Object, long, java.lang.Object, java.lang.Object, java.lang.Object, java.lang.Object, java.lang.Object, java.lang.Object)'> (0x000000070fcfa628) 
thrown [s\src\hotspot\share\interpreter\linkResolver.cpp, line 759]
Event: 4.578 Thread 0x0000020a2a55ced0 Exception <a 'java/lang/NoSuchMethodError'{0x000000070fd08200}: 'java.lang.Object java.lang.invoke.Invokers$Holder.linkToTargetMethod(java.lang.Object, java.lang.Object, java.lang.Object, java.lang.Object, java.lang.Object, java.lang.Object, java.lang.Object)'> (0x000000070fd08200) 
thrown [s\src\hotspot\share\interpreter\linkResolver.cpp, line 759]
Event: 4.579 Thread 0x0000020a2a55ced0 Exception <a 'sun/nio/fs/WindowsException'{0x000000070fd0ba60}> (0x000000070fd0ba60) 
thrown [s\src\hotspot\share\prims\jni.cpp, line 516]
Event: 4.579 Thread 0x0000020a2a55ced0 Exception <a 'sun/nio/fs/WindowsException'{0x000000070fd0bcf8}> (0x000000070fd0bcf8) 
thrown [s\src\hotspot\share\prims\jni.cpp, line 516]
Event: 4.584 Thread 0x0000020a2a55ced0 Implicit null exception at 0x0000020a3b599b4d to 0x0000020a3b59f9a4
Event: 4.623 Thread 0x0000020a2a55ced0 Implicit null exception at 0x0000020a3b479036 to 0x0000020a3b479130
Event: 4.623 Thread 0x0000020a2a55ced0 Implicit null exception at 0x0000020a3b47016f to 0x0000020a3b470378
Event: 4.623 Thread 0x0000020a2a55ced0 Implicit null exception at 0x0000020a3b465560 to 0x0000020a3b4655fa
Event: 4.626 Thread 0x0000020a2a55ced0 Exception <a 'java/lang/NoSuchMethodError'{0x000000070f788f60}: 'int java.lang.invoke.DirectMethodHandle$Holder.invokeSpecialIFC(java.lang.Object, java.lang.Object, java.lang.Object, java.lang.Object)'> (0x000000070f788f60) 
thrown [s\src\hotspot\share\interpreter\linkResolver.cpp, line 759]
Event: 4.653 Thread 0x0000020a2a55ced0 Implicit null exception at 0x0000020a3b5892cd to 0x0000020a3b58f200

VM Operations (20 events):
Event: 4.272 Executing VM operation: G1CollectForAllocation
Event: 4.284 Executing VM operation: G1CollectForAllocation done
Event: 4.464 Executing VM operation: HandshakeAllThreads
Event: 4.464 Executing VM operation: HandshakeAllThreads done
Event: 4.567 Executing VM operation: HandshakeAllThreads
Event: 4.567 Executing VM operation: HandshakeAllThreads done
Event: 4.610 Executing VM operation: ICBufferFull
Event: 4.610 Executing VM operation: ICBufferFull done
Event: 4.749 Executing VM operation: ICBufferFull
Event: 4.749 Executing VM operation: ICBufferFull done
Event: 4.843 Executing VM operation: HandshakeAllThreads
Event: 4.843 Executing VM operation: HandshakeAllThreads done
Event: 4.957 Executing VM operation: HandshakeAllThreads
Event: 4.957 Executing VM operation: HandshakeAllThreads done
Event: 5.002 Executing VM operation: HandshakeAllThreads
Event: 5.002 Executing VM operation: HandshakeAllThreads done
Event: 5.247 Executing VM operation: ICBufferFull
Event: 5.247 Executing VM operation: ICBufferFull done
Event: 5.358 Executing VM operation: G1CollectForAllocation
Event: 5.382 Executing VM operation: G1CollectForAllocation done

Events (20 events):
Event: 5.007 Thread 0x0000020a4f5b08a0 flushing nmethod 0x0000020a340d8390
Event: 5.007 Thread 0x0000020a4f5b08a0 flushing nmethod 0x0000020a340e2c10
Event: 5.007 Thread 0x0000020a4f5b08a0 flushing nmethod 0x0000020a340ec290
Event: 5.007 Thread 0x0000020a4f5b08a0 flushing nmethod 0x0000020a340ed610
Event: 5.007 Thread 0x0000020a4f5b08a0 flushing nmethod 0x0000020a340ee310
Event: 5.007 Thread 0x0000020a4f5b08a0 flushing nmethod 0x0000020a34103c10
Event: 5.007 Thread 0x0000020a4f5b08a0 flushing nmethod 0x0000020a34108d90
Event: 5.007 Thread 0x0000020a4f5b08a0 flushing nmethod 0x0000020a34126c10
Event: 5.007 Thread 0x0000020a4f5b08a0 flushing nmethod 0x0000020a3413d710
Event: 5.007 Thread 0x0000020a4f5b08a0 flushing nmethod 0x0000020a3413fb90
Event: 5.007 Thread 0x0000020a4f5b08a0 flushing nmethod 0x0000020a34151890
Event: 5.007 Thread 0x0000020a4f5b08a0 flushing nmethod 0x0000020a34158c90
Event: 5.007 Thread 0x0000020a4f5b08a0 flushing nmethod 0x0000020a34167c10
Event: 5.007 Thread 0x0000020a4f5b08a0 flushing nmethod 0x0000020a34192010
Event: 5.007 Thread 0x0000020a4f5b08a0 flushing nmethod 0x0000020a341c8810
Event: 5.007 Thread 0x0000020a4f5b08a0 flushing nmethod 0x0000020a341cb390
Event: 5.007 Thread 0x0000020a4f5b08a0 flushing nmethod 0x0000020a3420fe90
Event: 5.007 Thread 0x0000020a4f5b08a0 flushing nmethod 0x0000020a34229f90
Event: 5.008 Thread 0x0000020a4f5b08a0 flushing nmethod 0x0000020a3426b490
Event: 5.008 Thread 0x0000020a4f5b08a0 flushing nmethod 0x0000020a3426ba90


Dynamic libraries:
0x00007ff65e1a0000 - 0x00007ff65e1ae000 	C:\Program Files\Java\microsoft-jdk-17.0.10-windows-x64\jdk-17.0.10+7\bin\java.exe
0x00007ffcaac10000 - 0x00007ffcaae08000 	C:\Windows\SYSTEM32\ntdll.dll
0x00007ffcaa550000 - 0x00007ffcaa60d000 	C:\Windows\System32\KERNEL32.DLL
0x00007ffca8760000 - 0x00007ffca8a56000 	C:\Windows\System32\KERNELBASE.dll
0x00007ffca8660000 - 0x00007ffca8760000 	C:\Windows\System32\ucrtbase.dll
0x00007ffc711e0000 - 0x00007ffc711f7000 	C:\Program Files\Java\microsoft-jdk-17.0.10-windows-x64\jdk-17.0.10+7\bin\jli.dll
0x00007ffc86c40000 - 0x00007ffc86c5b000 	C:\Program Files\Java\microsoft-jdk-17.0.10-windows-x64\jdk-17.0.10+7\bin\VCRUNTIME140.dll
0x00007ffca8f60000 - 0x00007ffca90fe000 	C:\Windows\System32\USER32.dll
0x00007ffc99220000 - 0x00007ffc994ba000 	C:\Windows\WinSxS\amd64_microsoft.windows.common-controls_6595b64144ccf1df_6.0.19041.3636_none_60b6a03d71f818d5\COMCTL32.dll
0x00007ffca82c0000 - 0x00007ffca82e2000 	C:\Windows\System32\win32u.dll
0x00007ffca9910000 - 0x00007ffca99ae000 	C:\Windows\System32\msvcrt.dll
0x00007ffcaa220000 - 0x00007ffcaa24b000 	C:\Windows\System32\GDI32.dll
0x00007ffca8a60000 - 0x00007ffca8b77000 	C:\Windows\System32\gdi32full.dll
0x00007ffca84c0000 - 0x00007ffca855d000 	C:\Windows\System32\msvcp_win.dll
0x00007ffcaa350000 - 0x00007ffcaa382000 	C:\Windows\System32\IMM32.DLL
0x00007ffc7e290000 - 0x00007ffc7e29c000 	C:\Program Files\Java\microsoft-jdk-17.0.10-windows-x64\jdk-17.0.10+7\bin\vcruntime140_1.dll
0x00007ffc62840000 - 0x00007ffc628cd000 	C:\Program Files\Java\microsoft-jdk-17.0.10-windows-x64\jdk-17.0.10+7\bin\msvcp140.dll
0x00007ffc30450000 - 0x00007ffc310b5000 	C:\Program Files\Java\microsoft-jdk-17.0.10-windows-x64\jdk-17.0.10+7\bin\server\jvm.dll
0x00007ffcaa3f0000 - 0x00007ffcaa4a0000 	C:\Windows\System32\ADVAPI32.dll
0x00007ffca9100000 - 0x00007ffca91a0000 	C:\Windows\System32\sechost.dll
0x00007ffcaaaa0000 - 0x00007ffcaabc5000 	C:\Windows\System32\RPCRT4.dll
0x00007ffca8b80000 - 0x00007ffca8ba7000 	C:\Windows\System32\bcrypt.dll
0x00007ffca7860000 - 0x00007ffca78ab000 	C:\Windows\SYSTEM32\POWRPROF.dll
0x00007ffc9f600000 - 0x00007ffc9f609000 	C:\Windows\SYSTEM32\WSOCK32.dll
0x00007ffc8e460000 - 0x00007ffc8e487000 	C:\Windows\SYSTEM32\WINMM.dll
0x00007ffcaa1b0000 - 0x00007ffcaa21b000 	C:\Windows\System32\WS2_32.dll
0x00007ffca6100000 - 0x00007ffca610a000 	C:\Windows\SYSTEM32\VERSION.dll
0x00007ffca76d0000 - 0x00007ffca76e2000 	C:\Windows\SYSTEM32\UMPDC.dll
0x00007ffca6b00000 - 0x00007ffca6b12000 	C:\Windows\SYSTEM32\kernel.appcore.dll
0x00007ffc711d0000 - 0x00007ffc711da000 	C:\Program Files\Java\microsoft-jdk-17.0.10-windows-x64\jdk-17.0.10+7\bin\jimage.dll
0x00007ffc90680000 - 0x00007ffc90864000 	C:\Windows\SYSTEM32\DBGHELP.DLL
0x00007ffc90640000 - 0x00007ffc90674000 	C:\Windows\SYSTEM32\dbgcore.DLL
0x00007ffca8bb0000 - 0x00007ffca8c32000 	C:\Windows\System32\bcryptPrimitives.dll
0x00007ffc62810000 - 0x00007ffc62835000 	C:\Program Files\Java\microsoft-jdk-17.0.10-windows-x64\jdk-17.0.10+7\bin\java.dll
0x00007ffc62730000 - 0x00007ffc62807000 	C:\Program Files\Java\microsoft-jdk-17.0.10-windows-x64\jdk-17.0.10+7\bin\jsvml.dll
0x00007ffca91a0000 - 0x00007ffca990b000 	C:\Windows\System32\SHELL32.dll
0x00007ffca6350000 - 0x00007ffca6aee000 	C:\Windows\SYSTEM32\windows.storage.dll
0x00007ffca9af0000 - 0x00007ffca9e43000 	C:\Windows\System32\combase.dll
0x00007ffca7cf0000 - 0x00007ffca7d1e000 	C:\Windows\SYSTEM32\Wldp.dll
0x00007ffcaa080000 - 0x00007ffcaa14d000 	C:\Windows\System32\OLEAUT32.dll
0x00007ffcaa4a0000 - 0x00007ffcaa54d000 	C:\Windows\System32\SHCORE.dll
0x00007ffcaa150000 - 0x00007ffcaa1a5000 	C:\Windows\System32\shlwapi.dll
0x00007ffca81f0000 - 0x00007ffca8215000 	C:\Windows\SYSTEM32\profapi.dll
0x00007ffc62710000 - 0x00007ffc62729000 	C:\Program Files\Java\microsoft-jdk-17.0.10-windows-x64\jdk-17.0.10+7\bin\net.dll
0x00007ffca09e0000 - 0x00007ffca0aea000 	C:\Windows\SYSTEM32\WINHTTP.dll
0x00007ffca7a50000 - 0x00007ffca7aba000 	C:\Windows\system32\mswsock.dll
0x00007ffc626f0000 - 0x00007ffc62706000 	C:\Program Files\Java\microsoft-jdk-17.0.10-windows-x64\jdk-17.0.10+7\bin\nio.dll
0x00007ffc626d0000 - 0x00007ffc626e8000 	C:\Program Files\Java\microsoft-jdk-17.0.10-windows-x64\jdk-17.0.10+7\bin\zip.dll
0x0000000069ac0000 - 0x0000000069ae4000 	C:\Users\Andriary\AppData\Local\Temp\jansi-2.4.0-c6ece18e7b1a4317-jansi.dll
0x00007ffc626b0000 - 0x00007ffc626c0000 	C:\Program Files\Java\microsoft-jdk-17.0.10-windows-x64\jdk-17.0.10+7\bin\verify.dll

dbghelp: loaded successfully - version: 4.0.5 - missing functions: none
symbol engine: initialized successfully - sym options: 0x614 - pdb path: .;C:\Program Files\Java\microsoft-jdk-17.0.10-windows-x64\jdk-17.0.10+7\bin;C:\Windows\SYSTEM32;C:\Windows\WinSxS\amd64_microsoft.windows.common-controls_6595b64144ccf1df_6.0.19041.3636_none_60b6a03d71f818d5;C:\Program Files\Java\microsoft-jdk-17.0.10-windows-x64\jdk-17.0.10+7\bin\server;C:\Users\Andriary\AppData\Local\Temp

VM Arguments:
jvm_args: -Dmaven.multiModuleProjectDirectory=D:\app_sms_833\app_sms_back 
java_command: org.apache.maven.wrapper.MavenWrapperMain quarkus:dev
java_class_path (initial): D:\app_sms_833\app_sms_back\.mvn\wrapper\maven-wrapper.jar
Launcher Type: SUN_STANDARD

[Global flags]
     intx CICompilerCount                          = 4                                         {product} {ergonomic}
     uint ConcGCThreads                            = 2                                         {product} {ergonomic}
     uint G1ConcRefinementThreads                  = 8                                         {product} {ergonomic}
   size_t G1HeapRegionSize                         = 2097152                                   {product} {ergonomic}
    uintx GCDrainStackTargetSize                   = 64                                        {product} {ergonomic}
   size_t InitialHeapSize                          = 268435456                                 {product} {ergonomic}
   size_t MarkStackSize                            = 4194304                                   {product} {ergonomic}
   size_t MaxHeapSize                              = 4276092928                                {product} {ergonomic}
   size_t MaxNewSize                               = 2564816896                                {product} {ergonomic}
   size_t MinHeapDeltaBytes                        = 2097152                                   {product} {ergonomic}
   size_t MinHeapSize                              = 8388608                                   {product} {ergonomic}
    uintx NonNMethodCodeHeapSize                   = 5839372                                {pd product} {ergonomic}
    uintx NonProfiledCodeHeapSize                  = 122909434                              {pd product} {ergonomic}
    uintx ProfiledCodeHeapSize                     = 122909434                              {pd product} {ergonomic}
    uintx ReservedCodeCacheSize                    = 251658240                              {pd product} {ergonomic}
     bool SegmentedCodeCache                       = true                                      {product} {ergonomic}
   size_t SoftMaxHeapSize                          = 4276092928                             {manageable} {ergonomic}
     bool UseCompressedClassPointers               = true                           {product lp64_product} {ergonomic}
     bool UseCompressedOops                        = true                           {product lp64_product} {ergonomic}
     bool UseG1GC                                  = true                                      {product} {ergonomic}
     bool UseLargePagesIndividualAllocation        = false                                  {pd product} {ergonomic}

Logging:
Log output configuration:
 #0: stdout all=warning uptime,level,tags
 #1: stderr all=off uptime,level,tags

Environment Variables:
JAVA_HOME=C:\Program Files\Java\microsoft-jdk-17.0.10-windows-x64\jdk-17.0.10+7
PATH=C:\Program Files\Common Files\Oracle\Java\javapath;C:\Program Files (x86)\Common Files\Oracle\Java\javapath;C:\Windows\system32;C:\Windows;C:\Windows\System32\Wbem;C:\Windows\System32\WindowsPowerShell\v1.0\;C:\Windows\System32\OpenSSH\;C:\Program Files\Git\cmd;C:\Program Files\nodejs\;C:\Program Files\Java\microsoft-jdk-17.0.10-windows-x64\jdk-17.0.10+7;C:\Program Files\Java\microsoft-jdk-17.0.10-windows-x64\jdk-17.0.10+7\bin;C:\Users\Andriary\AppData\Local\Microsoft\WindowsApps;C:\Users\Andriary\AppData\Roaming\npm;C:\Users\Andriary\AppData\Local\Programs\Microsoft VS Code\bin;C:\Program Files\JetBrains\IntelliJ IDEA 2023.3.3\bin;;C:\Program Files\Java\microsoft-jdk-17.0.10-windows-x64\jdk-17.0.10+7;C:\Program Files\Java\microsoft-jdk-17.0.10-windows-x64\jdk-17.0.10+7\bin;C:\Program Files (x86)\Common Files\Oracle\Java\javapath;;C:\Program Files\JetBrains\IntelliJ IDEA Community Edition 2023.3.4\bin;
USERNAME=Andriary
OS=Windows_NT
PROCESSOR_IDENTIFIER=Intel64 Family 6 Model 158 Stepping 9, GenuineIntel
TMP=C:\Users\Andriary\AppData\Local\Temp
TEMP=C:\Users\Andriary\AppData\Local\Temp



Periodic native trim disabled


---------------  S Y S T E M  ---------------

OS:
 Windows 10 , 64 bit Build 19041 (10.0.19041.3636)
OS uptime: 0 days 0:08 hours

CPU: total 8 (initial active 8) (4 cores per cpu, 2 threads per core) family 6 model 158 stepping 9 microcode 0xb4, cx8, cmov, fxsr, ht, mmx, 3dnowpref, sse, sse2, sse3, ssse3, sse4.1, sse4.2, popcnt, lzcnt, tsc, tscinvbit, avx, avx2, aes, erms, clmul, bmi1, bmi2, adx, fma, vzeroupper, clflush, clflushopt
Processor Information for all 8 processors :
  Max Mhz: 2801, Current Mhz: 2801, Mhz Limit: 2801

Memory: 4k page, system-wide physical 16304M (10024M free)
TotalPageFile size 19632M (AvailPageFile size 9465M)
current process WorkingSet (physical memory assigned to process): 329M, peak: 337M
current process commit charge ("private bytes"): 438M, peak: 447M

vm_info: OpenJDK 64-Bit Server VM (17.0.10+7-LTS) for windows-amd64 JRE (17.0.10+7-LTS), built on Jan 10 2024 19:47:12 by "MicrosoftCorporation" with MS VC++ 16.10 / 16.11 (VS2019)

END.
