#
# A fatal error has been detected by the Java Runtime Environment:
#
#  EXCEPTION_ACCESS_VIOLATION (0xc0000005) at pc=0x00007ffb2b6fc6f9, pid=10324, tid=13644
#
# JRE version: OpenJDK Runtime Environment Microsoft-8902769 (17.0.10+7) (build 17.0.10+7-LTS)
# Java VM: OpenJDK 64-Bit Server VM Microsoft-8902769 (17.0.10+7-LTS, mixed mode, sharing, tiered, compressed oops, compressed class ptrs, g1 gc, windows-amd64)
# Problematic frame:
# V  [jvm.dll+0x30c6f9]
#
# No core dump will be written. Minidumps are not enabled by default on client versions of Windows
#
# If you would like to submit a bug report, please visit:
#   https://github.com/microsoft/openjdk/issues
#

---------------  S U M M A R Y ------------

Command Line: -Dmaven.multiModuleProjectDirectory=D:\app_sms_833\app_sms_back org.apache.maven.wrapper.MavenWrapperMain compile quarkus:dev

Host: Intel(R) Core(TM) i7-7700HQ CPU @ 2.80GHz, 8 cores, 15G,  Windows 10 , 64 bit Build 19041 (10.0.19041.3636)
Time: Mon Mar 25 15:51:24 2024 Afrique de l, 64 bit Build 19041 (10.0.19041.3636) elapsed time: 123.146392 seconds (0d 0h 2m 3s)

---------------  T H R E A D  ---------------

Current thread (0x000002cb14a94cc0):  GCTaskThread "GC Thread#4" [stack: 0x000000f5bc300000,0x000000f5bc400000] [id=13644]

Stack: [0x000000f5bc300000,0x000000f5bc400000],  sp=0x000000f5bc3ff640,  free space=1021k
Native frames: (J=compiled Java code, j=interpreted, Vv=VM code, C=native code)
V  [jvm.dll+0x30c6f9]
V  [jvm.dll+0x2df81f]
V  [jvm.dll+0x2e011a]
V  [jvm.dll+0x2e0217]
V  [jvm.dll+0x2e580b]
V  [jvm.dll+0x864c7b]
V  [jvm.dll+0x864cc6]
V  [jvm.dll+0x7e69da]
V  [jvm.dll+0x67e715]
C  [ucrtbase.dll+0x21bb2]
C  [KERNEL32.DLL+0x17344]
C  [ntdll.dll+0x526b1]


siginfo: EXCEPTION_ACCESS_VIOLATION (0xc0000005), reading address 0x0000000020000000


Registers:
RAX=0x0000000000000000, RBX=0x000000070b01d721, RCX=0x0000000000000015, RDX=0x0000000000000000
RSP=0x000000f5bc3ff640, RBP=0x00000000000000ed, RSI=0x000000070b01d720, RDI=0x000002cb16008280
R8 =0x000000070b01d708, R9 =0x0000000701961270, R10=0x0000000020000000, R11=0x0000000000000001
R12=0x000002cb140d57a8, R13=0x000000f5bc3ff770, R14=0x0000000000000000, R15=0x0000000000000000
RIP=0x00007ffb2b6fc6f9, EFLAGS=0x0000000000010246


Register to memory mapping:

RIP=0x00007ffb2b6fc6f9 jvm.dll
RAX=0x0 is NULL
RBX=0x000000070b01d721 is pointing into object: java.util.HashMap$Node 
{0x000000070b01d708} - klass: 'java/util/HashMap$Node'
 - ---- fields (total size 4 words):
 - final 'hash' 'I' @12  -91076854 (fa92470a)
 - final 'key' 'Ljava/lang/Object;' @16  "constitutesBuildPath"{0x0000000701961270} (e032c24e)
 - 'value' 'Ljava/lang/Object;' @20  "true"{0x00000007012300f8} (e024601f)
 - 'next' 'Ljava/util/HashMap$Node;' @24  
[error occurred during error reporting (printing register info), id 0xc0000005, EXCEPTION_ACCESS_VIOLATION (0xc0000005) at pc=0x00007ffb2b78655e]

Top of Stack: (sp=0x000000f5bc3ff640)
0x000000f5bc3ff640:   000000070f040000 0000000000000100
0x000000f5bc3ff650:   000002ca00000000 0000000000000009
0x000000f5bc3ff660:   000002cb140d53c0 000002cb16008280
0x000000f5bc3ff670:   000000f5bb2fee00 0000000000000013
0x000000f5bc3ff680:   000000f5bc3ff6f0 00007ffb2b6cf81f
0x000000f5bc3ff690:   000002cb140d57a8 0000000000000000
0x000000f5bc3ff6a0:   0000000000000033 00007ffb00000006
0x000000f5bc3ff6b0:   0000000000000008 00007ffb2b6f0fd7
0x000000f5bc3ff6c0:   0000000000000000 0000000000000000
0x000000f5bc3ff6d0:   000000f5bc3f0000 00007ffb2bbe524e
0x000000f5bc3ff6e0:   0000000000000000 0000000000000000
0x000000f5bc3ff6f0:   000002cb140d53c0 000002cb14b26e90
0x000000f5bc3ff700:   00000000000003d8 000002cb140d57a8
0x000000f5bc3ff710:   000000f5bb2fee40 0000000000000013
0x000000f5bc3ff720:   0000000000000006 00007ffb2b6d011a
0x000000f5bc3ff730:   000002caa9b21160 000002cb16008280
0x000000f5bc3ff740:   000002cb16008280 0000000000000000
0x000000f5bc3ff750:   00007ffb2bd4dbc0 0000000600000001
0x000000f5bc3ff760:   0000000049615fc1 000000507bfae091
0x000000f5bc3ff770:   00007ffb2bd46328 0000000000000000
0x000000f5bc3ff780:   0000000000000000 0000000000000000
0x000000f5bc3ff790:   000002caa9b21160 000002cb16008280
0x000000f5bc3ff7a0:   000002caa9b20e50 000000f5bb2fee70
0x000000f5bc3ff7b0:   0000000000000013 0000000000000000
0x000000f5bc3ff7c0:   0000000000000000 0000000000000000
0x000000f5bc3ff7d0:   000002cb140d53d0 00007ffb2b6d0217
0x000000f5bc3ff7e0:   000002cb16008280 0000000000000006
0x000000f5bc3ff7f0:   000002cb14a0abe0 000000f5bb2fee40
0x000000f5bc3ff800:   0000000000000015 0000000000000013
0x000000f5bc3ff810:   000000f5bb2fee40 00007ffb2b6d580b
0x000000f5bc3ff820:   000002cb16008280 000002cb14a0abe0
0x000000f5bc3ff830:   0000000000000000 0000000000000000 

Instructions: (pc=0x00007ffb2b6fc6f9)
0x00007ffb2b6fc5f9:   ff 48 8d 53 fe 48 8b cf e8 6a f4 ff ff e9 35 fd
0x00007ffb2b6fc609:   ff ff 0f 1f 44 00 00 48 8b 77 10 8b ae 80 00 00
0x00007ffb2b6fc619:   00 8b cd 8b 86 00 01 00 00 2b c8 81 e1 ff ff 01
0x00007ffb2b6fc629:   00 41 3b ce 0f 86 e9 02 00 00 ff cd 81 e5 ff ff
0x00007ffb2b6fc639:   01 00 89 ae 80 00 00 00 e8 7a 45 36 00 90 8b d5
0x00007ffb2b6fc649:   8b 86 00 01 00 00 8b cd 48 8b 9e 80 01 00 00 2b
0x00007ffb2b6fc659:   c8 81 e1 ff ff 01 00 81 f9 ff ff 01 00 48 8b 1c
0x00007ffb2b6fc669:   eb 41 0f 44 cf 85 c9 75 3d 90 89 6c 24 50 48 8b
0x00007ffb2b6fc679:   86 00 01 00 00 48 8b c8 48 c1 e9 20 ff c1 89 4c
0x00007ffb2b6fc689:   24 54 3b e8 0f 85 77 02 00 00 48 c1 e1 20 48 0b
0x00007ffb2b6fc699:   ca f0 48 0f b1 8e 00 01 00 00 0f 85 61 02 00 00
0x00007ffb2b6fc6a9:   8b 86 00 01 00 00 f6 c3 01 0f 84 2f 01 00 00 8b
0x00007ffb2b6fc6b9:   0d 2a dc 80 00 48 8d 73 ff 48 8b 47 08 44 8b 16
0x00007ffb2b6fc6c9:   49 d3 e2 4c 03 15 0d dc 80 00 8b 88 90 05 00 00
0x00007ffb2b6fc6d9:   49 8b d2 48 8b 80 80 05 00 00 48 d3 ea 0f b7 14
0x00007ffb2b6fc6e9:   50 0f b7 c2 66 c1 e8 08 84 c0 0f 88 17 ff ff ff
0x00007ffb2b6fc6f9:   4d 8b 02 41 0f b6 c0 24 03 3c 03 75 1e 44 38 3d
0x00007ffb2b6fc709:   b2 9d 87 00 74 0f 41 0f b6 c0 24 07 3c 05 75 05
0x00007ffb2b6fc719:   4d 8b c7 eb 17 49 83 e0 fc eb 11 4d 8b c8 48 8b
0x00007ffb2b6fc729:   cf 4d 8b c2 e8 2e ef ff ff 4c 8b c0 8b 0d ad db
0x00007ffb2b6fc739:   80 00 49 8b d0 48 2b 15 9b db 80 00 48 d3 ea 89
0x00007ffb2b6fc749:   16 49 8b d0 8b 0d 7d a6 87 00 48 33 d6 48 d3 ea
0x00007ffb2b6fc759:   48 85 d2 0f 84 ae fe ff ff 48 8b 47 08 48 8b d6
0x00007ffb2b6fc769:   8b 88 c0 01 00 00 48 8b 80 b0 01 00 00 48 d3 ea
0x00007ffb2b6fc779:   48 8b 0c d0 8b 81 94 00 00 00 d1 e8 a8 01 0f 85
0x00007ffb2b6fc789:   83 fe ff ff 48 8b 47 08 8b 88 90 05 00 00 48 8b
0x00007ffb2b6fc799:   80 80 05 00 00 49 d3 e8 46 38 3c 40 0f 84 65 fe
0x00007ffb2b6fc7a9:   ff ff 48 8b 47 60 48 c1 ee 09 48 8b 58 40 48 8b
0x00007ffb2b6fc7b9:   48 38 48 03 de 48 2b d9 48 39 9f b0 01 00 00 0f
0x00007ffb2b6fc7c9:   84 42 fe ff ff 48 8d 14 0b 48 8d 4f 18 e8 a5 40
0x00007ffb2b6fc7d9:   00 00 48 89 9f b0 01 00 00 e9 29 fe ff ff f6 c3
0x00007ffb2b6fc7e9:   03 0f 85 09 01 00 00 48 8b 47 08 4c 8b 13 49 8b 


Stack slot to memory mapping:
stack at sp + 0 slots: 0x000000070f040000 is an oop: java.util.Collections$UnmodifiableMap 
{0x000000070f040000} - klass: 'java/util/Collections$UnmodifiableMap'
 - ---- fields (total size 4 words):
 - private final 'm' 'Ljava/util/Map;' @12  a 'java/util/HashMap'{0x000000070f040020} (e1e08004)
 - private transient 'keySet' 'Ljava/util/Set;' @16  NULL (0)
 - private transient 'entrySet' 'Ljava/util/Set;' @20  NULL (0)
 - private transient 'values' 'Ljava/util/Collection;' @24  NULL (0)
stack at sp + 1 slots: 0x0000000000000100 is an unknown value
stack at sp + 2 slots: 0x000002ca00000000 is an unknown value
stack at sp + 3 slots: 0x0000000000000009 is an unknown value
stack at sp + 4 slots: 0x000002cb140d53c0 points into unknown readable memory: 0x0000000000000000 | 00 00 00 00 00 00 00 00
stack at sp + 5 slots: 0x000002cb16008280 points into unknown readable memory: 0x00007ffb2bd4caf8 | f8 ca d4 2b fb 7f 00 00
stack at sp + 6 slots: 0x000000f5bb2fee00 points into unknown readable memory: 0x0000000000000000 | 00 00 00 00 00 00 00 00
stack at sp + 7 slots: 0x0000000000000013 is an unknown value


---------------  P R O C E S S  ---------------

Threads class SMR info:
_java_thread_list=0x000002cb159f9cb0, length=12, elements={
0x000002caa9b0e6d0, 0x000002caceacffa0, 0x000002cacead0e20, 0x000002caceaeac30,
0x000002caceaeb7f0, 0x000002caceaee2c0, 0x000002cb14008490, 0x000002cb1402d5b0,
0x000002cb14030ee0, 0x000002cb140318e0, 0x000002cb1415fcc0, 0x000002cb1416f660
}

Java Threads: ( => current thread )
  0x000002caa9b0e6d0 JavaThread "main" [_thread_blocked, id=14616, stack(0x000000f5bac00000,0x000000f5bad00000)]
  0x000002caceacffa0 JavaThread "Reference Handler" daemon [_thread_blocked, id=9244, stack(0x000000f5bb300000,0x000000f5bb400000)]
  0x000002cacead0e20 JavaThread "Finalizer" daemon [_thread_blocked, id=11416, stack(0x000000f5bb400000,0x000000f5bb500000)]
  0x000002caceaeac30 JavaThread "Signal Dispatcher" daemon [_thread_blocked, id=8140, stack(0x000000f5bb500000,0x000000f5bb600000)]
  0x000002caceaeb7f0 JavaThread "Attach Listener" daemon [_thread_blocked, id=15576, stack(0x000000f5bb600000,0x000000f5bb700000)]
  0x000002caceaee2c0 JavaThread "Service Thread" daemon [_thread_blocked, id=15508, stack(0x000000f5bb700000,0x000000f5bb800000)]
  0x000002cb14008490 JavaThread "Monitor Deflation Thread" daemon [_thread_blocked, id=7468, stack(0x000000f5bb800000,0x000000f5bb900000)]
  0x000002cb1402d5b0 JavaThread "C2 CompilerThread0" daemon [_thread_blocked, id=3908, stack(0x000000f5bb900000,0x000000f5bba00000)]
  0x000002cb14030ee0 JavaThread "C1 CompilerThread0" daemon [_thread_blocked, id=14012, stack(0x000000f5bba00000,0x000000f5bbb00000)]
  0x000002cb140318e0 JavaThread "Sweeper thread" daemon [_thread_blocked, id=2356, stack(0x000000f5bbb00000,0x000000f5bbc00000)]
  0x000002cb1415fcc0 JavaThread "Notification Thread" daemon [_thread_blocked, id=9848, stack(0x000000f5bbc00000,0x000000f5bbd00000)]
  0x000002cb1416f660 JavaThread "Common-Cleaner" daemon [_thread_blocked, id=2640, stack(0x000000f5bbe00000,0x000000f5bbf00000)]

Other Threads:
  0x000002caceaca8b0 VMThread "VM Thread" [stack: 0x000000f5bb200000,0x000000f5bb300000] [id=13280]
  0x000002cb141641b0 WatcherThread [stack: 0x000000f5bbd00000,0x000000f5bbe00000] [id=14652]
  0x000002caa9b7ab60 GCTaskThread "GC Thread#0" [stack: 0x000000f5bad00000,0x000000f5bae00000] [id=8636]
  0x000002cb141b92d0 GCTaskThread "GC Thread#1" [stack: 0x000000f5bc000000,0x000000f5bc100000] [id=4896]
  0x000002cb14a94740 GCTaskThread "GC Thread#2" [stack: 0x000000f5bc100000,0x000000f5bc200000] [id=14248]
  0x000002cb14a94a00 GCTaskThread "GC Thread#3" [stack: 0x000000f5bc200000,0x000000f5bc300000] [id=8152]
=>0x000002cb14a94cc0 GCTaskThread "GC Thread#4" [stack: 0x000000f5bc300000,0x000000f5bc400000] [id=13644]
  0x000002cb14b53300 GCTaskThread "GC Thread#5" [stack: 0x000000f5bc400000,0x000000f5bc500000] [id=6528]
  0x000002cb14c1a6e0 GCTaskThread "GC Thread#6" [stack: 0x000000f5bc500000,0x000000f5bc600000] [id=11976]
  0x000002cb1499f880 GCTaskThread "GC Thread#7" [stack: 0x000000f5bc600000,0x000000f5bc700000] [id=12056]
  0x000002caa9b8b980 ConcurrentGCThread "G1 Main Marker" [stack: 0x000000f5bae00000,0x000000f5baf00000] [id=2516]
  0x000002caa9b8c3a0 ConcurrentGCThread "G1 Conc#0" [stack: 0x000000f5baf00000,0x000000f5bb000000] [id=12800]
  0x000002cb16ce73b0 ConcurrentGCThread "G1 Conc#1" [stack: 0x000000f5bc800000,0x000000f5bc900000] [id=14764]
  0x000002cace986500 ConcurrentGCThread "G1 Refine#0" [stack: 0x000000f5bb000000,0x000000f5bb100000] [id=6008]
  0x000002cace986f30 ConcurrentGCThread "G1 Service" [stack: 0x000000f5bb100000,0x000000f5bb200000] [id=6604]

Threads with active compile tasks:

VM state: at safepoint (normal execution)

VM Mutex/Monitor currently owned by a thread:  ([mutex/lock_event])
[0x000002caa9b0a640] Threads_lock - owner thread: 0x000002caceaca8b0
[0x000002caa9b0bd50] Heap_lock - owner thread: 0x000002caa9b0e6d0

Heap address: 0x0000000701200000, size: 4078 MB, Compressed Oops mode: Zero based, Oop shift amount: 3

CDS archive(s) mapped at: [0x000002cacf000000-0x000002cacfbb0000-0x000002cacfbb0000), size 12255232, SharedBaseAddress: 0x000002cacf000000, ArchiveRelocationMode: 1.
Compressed class space mapped at: 0x000002cad0000000-0x000002cb10000000, reserved size: 1073741824
Narrow klass base: 0x000002cacf000000, Narrow klass shift: 0, Narrow klass range: 0x100000000

GC Precious Log:
 CPUs: 8 total, 8 available
 Memory: 16304M
 Large Page Support: Disabled
 NUMA Support: Disabled
 Compressed Oops: Enabled (Zero based)
 Heap Region Size: 2M
 Heap Min Capacity: 8M
 Heap Initial Capacity: 256M
 Heap Max Capacity: 4078M
 Pre-touch: Disabled
 Parallel Workers: 8
 Concurrent Workers: 2
 Concurrent Refinement Workers: 8
 Periodic GC: Disabled

Heap:
 garbage-first heap   total 342016K, used 253645K [0x0000000701200000, 0x0000000800000000)
  region size 2048K, 51 young (104448K), 7 survivors (14336K)
 Metaspace       used 30617K, committed 30976K, reserved 1114112K
  class space    used 3331K, committed 3520K, reserved 1048576K

Heap Regions: E=young(eden), S=young(survivor), O=old, HS=humongous(starts), HC=humongous(continues), CS=collection set, F=free, OA=open archive, CA=closed archive, TAMS=top-at-mark-start (previous, next)
|   0|0x0000000701200000, 0x0000000701400000, 0x0000000701400000|100%| O|  |TAMS 0x0000000701400000, 0x0000000701200000| Untracked 
|   1|0x0000000701400000, 0x0000000701600000, 0x0000000701600000|100%| O|  |TAMS 0x0000000701600000, 0x0000000701400000| Untracked 
|   2|0x0000000701600000, 0x0000000701800000, 0x0000000701800000|100%| O|  |TAMS 0x0000000701800000, 0x0000000701600000| Untracked 
|   3|0x0000000701800000, 0x0000000701a00000, 0x0000000701a00000|100%| O|  |TAMS 0x0000000701a00000, 0x0000000701800000| Untracked 
|   4|0x0000000701a00000, 0x0000000701c00000, 0x0000000701c00000|100%| O|  |TAMS 0x0000000701c00000, 0x0000000701a00000| Untracked 
|   5|0x0000000701c00000, 0x0000000701e00000, 0x0000000701e00000|100%| O|  |TAMS 0x0000000701e00000, 0x0000000701c00000| Untracked 
|   6|0x0000000701e00000, 0x0000000702000000, 0x0000000702000000|100%| O|  |TAMS 0x0000000702000000, 0x0000000701e00000| Untracked 
|   7|0x0000000702000000, 0x0000000702200000, 0x0000000702200000|100%| O|  |TAMS 0x0000000702200000, 0x0000000702000000| Untracked 
|   8|0x0000000702200000, 0x0000000702400000, 0x0000000702400000|100%| O|  |TAMS 0x0000000702400000, 0x0000000702200000| Untracked 
|   9|0x0000000702400000, 0x0000000702600000, 0x0000000702600000|100%| O|  |TAMS 0x0000000702600000, 0x0000000702400000| Untracked 
|  10|0x0000000702600000, 0x0000000702800000, 0x0000000702800000|100%| O|  |TAMS 0x0000000702800000, 0x0000000702600000| Untracked 
|  11|0x0000000702800000, 0x0000000702a00000, 0x0000000702a00000|100%| O|  |TAMS 0x0000000702a00000, 0x0000000702800000| Untracked 
|  12|0x0000000702a00000, 0x0000000702c00000, 0x0000000702c00000|100%| O|  |TAMS 0x0000000702c00000, 0x0000000702a00000| Untracked 
|  13|0x0000000702c00000, 0x0000000702e00000, 0x0000000702e00000|100%| O|  |TAMS 0x0000000702e00000, 0x0000000702c00000| Untracked 
|  14|0x0000000702e00000, 0x0000000703000000, 0x0000000703000000|100%| O|  |TAMS 0x0000000703000000, 0x0000000702e00000| Untracked 
|  15|0x0000000703000000, 0x0000000703200000, 0x0000000703200000|100%| O|  |TAMS 0x0000000703200000, 0x0000000703000000| Untracked 
|  16|0x0000000703200000, 0x0000000703400000, 0x0000000703400000|100%| O|  |TAMS 0x0000000703400000, 0x0000000703200000| Untracked 
|  17|0x0000000703400000, 0x0000000703600000, 0x0000000703600000|100%| O|  |TAMS 0x0000000703600000, 0x0000000703400000| Untracked 
|  18|0x0000000703600000, 0x0000000703800000, 0x0000000703800000|100%| O|  |TAMS 0x0000000703800000, 0x0000000703600000| Untracked 
|  19|0x0000000703800000, 0x0000000703a00000, 0x0000000703a00000|100%| O|  |TAMS 0x0000000703a00000, 0x0000000703800000| Untracked 
|  20|0x0000000703a00000, 0x0000000703c00000, 0x0000000703c00000|100%| O|  |TAMS 0x0000000703c00000, 0x0000000703a00000| Untracked 
|  21|0x0000000703c00000, 0x0000000703e00000, 0x0000000703e00000|100%| O|  |TAMS 0x0000000703e00000, 0x0000000703c00000| Untracked 
|  22|0x0000000703e00000, 0x0000000704000000, 0x0000000704000000|100%| O|  |TAMS 0x0000000704000000, 0x0000000703e00000| Untracked 
|  23|0x0000000704000000, 0x0000000704200000, 0x0000000704200000|100%| O|  |TAMS 0x0000000704000000, 0x0000000704000000| Untracked 
|  24|0x0000000704200000, 0x0000000704400000, 0x0000000704400000|100%| O|  |TAMS 0x0000000704400000, 0x0000000704200000| Untracked 
|  25|0x0000000704400000, 0x0000000704600000, 0x0000000704600000|100%| O|  |TAMS 0x0000000704600000, 0x0000000704400000| Untracked 
|  26|0x0000000704600000, 0x0000000704800000, 0x0000000704800000|100%| O|  |TAMS 0x0000000704800000, 0x0000000704600000| Untracked 
|  27|0x0000000704800000, 0x0000000704a00000, 0x0000000704a00000|100%| O|  |TAMS 0x0000000704a00000, 0x0000000704800000| Untracked 
|  28|0x0000000704a00000, 0x0000000704c00000, 0x0000000704c00000|100%| O|  |TAMS 0x0000000704c00000, 0x0000000704a00000| Untracked 
|  29|0x0000000704c00000, 0x0000000704e00000, 0x0000000704e00000|100%| O|  |TAMS 0x0000000704e00000, 0x0000000704c00000| Untracked 
|  30|0x0000000704e00000, 0x0000000705000000, 0x0000000705000000|100%| O|  |TAMS 0x0000000705000000, 0x0000000704e00000| Untracked 
|  31|0x0000000705000000, 0x0000000705200000, 0x0000000705200000|100%| O|  |TAMS 0x0000000705200000, 0x0000000705000000| Untracked 
|  32|0x0000000705200000, 0x0000000705400000, 0x0000000705400000|100%| O|  |TAMS 0x0000000705400000, 0x0000000705200000| Untracked 
|  33|0x0000000705400000, 0x0000000705600000, 0x0000000705600000|100%| O|  |TAMS 0x0000000705600000, 0x0000000705400000| Untracked 
|  34|0x0000000705600000, 0x0000000705800000, 0x0000000705800000|100%| O|  |TAMS 0x0000000705800000, 0x0000000705600000| Untracked 
|  35|0x0000000705800000, 0x0000000705a00000, 0x0000000705a00000|100%| O|  |TAMS 0x0000000705a00000, 0x0000000705800000| Untracked 
|  36|0x0000000705a00000, 0x0000000705c00000, 0x0000000705c00000|100%| O|  |TAMS 0x0000000705c00000, 0x0000000705a00000| Untracked 
|  37|0x0000000705c00000, 0x0000000705e00000, 0x0000000705e00000|100%| O|  |TAMS 0x0000000705e00000, 0x0000000705c00000| Untracked 
|  38|0x0000000705e00000, 0x0000000706000000, 0x0000000706000000|100%| O|  |TAMS 0x0000000706000000, 0x0000000705e00000| Untracked 
|  39|0x0000000706000000, 0x0000000706200000, 0x0000000706200000|100%| O|  |TAMS 0x0000000706200000, 0x0000000706000000| Untracked 
|  40|0x0000000706200000, 0x0000000706400000, 0x0000000706400000|100%| O|  |TAMS 0x0000000706400000, 0x0000000706200000| Untracked 
|  41|0x0000000706400000, 0x0000000706600000, 0x0000000706600000|100%| O|  |TAMS 0x0000000706600000, 0x0000000706400000| Untracked 
|  42|0x0000000706600000, 0x0000000706800000, 0x0000000706800000|100%| O|  |TAMS 0x0000000706800000, 0x0000000706600000| Untracked 
|  43|0x0000000706800000, 0x0000000706a00000, 0x0000000706a00000|100%| O|  |TAMS 0x0000000706a00000, 0x0000000706800000| Untracked 
|  44|0x0000000706a00000, 0x0000000706c00000, 0x0000000706c00000|100%| O|  |TAMS 0x0000000706c00000, 0x0000000706a00000| Untracked 
|  45|0x0000000706c00000, 0x0000000706e00000, 0x0000000706e00000|100%| O|  |TAMS 0x0000000706e00000, 0x0000000706c00000| Untracked 
|  46|0x0000000706e00000, 0x0000000707000000, 0x0000000707000000|100%| O|  |TAMS 0x0000000707000000, 0x0000000706e00000| Untracked 
|  47|0x0000000707000000, 0x0000000707200000, 0x0000000707200000|100%| O|  |TAMS 0x0000000707200000, 0x0000000707000000| Untracked 
|  48|0x0000000707200000, 0x0000000707400000, 0x0000000707400000|100%| O|  |TAMS 0x0000000707400000, 0x0000000707200000| Untracked 
|  49|0x0000000707400000, 0x0000000707600000, 0x0000000707600000|100%| O|  |TAMS 0x0000000707457c00, 0x0000000707400000| Untracked 
|  50|0x0000000707600000, 0x0000000707800000, 0x0000000707800000|100%| O|  |TAMS 0x0000000707600000, 0x0000000707600000| Untracked 
|  51|0x0000000707800000, 0x0000000707a00000, 0x0000000707a00000|100%| O|  |TAMS 0x0000000707800000, 0x0000000707800000| Untracked 
|  52|0x0000000707a00000, 0x0000000707c00000, 0x0000000707c00000|100%| O|  |TAMS 0x0000000707a00000, 0x0000000707a00000| Untracked 
|  53|0x0000000707c00000, 0x0000000707e00000, 0x0000000707e00000|100%| O|  |TAMS 0x0000000707c00000, 0x0000000707c00000| Untracked 
|  54|0x0000000707e00000, 0x0000000708000000, 0x0000000708000000|100%| O|  |TAMS 0x0000000707e00000, 0x0000000707e00000| Untracked 
|  55|0x0000000708000000, 0x0000000708200000, 0x0000000708200000|100%| O|  |TAMS 0x0000000708000000, 0x0000000708000000| Untracked 
|  56|0x0000000708200000, 0x0000000708400000, 0x0000000708400000|100%| O|  |TAMS 0x0000000708200000, 0x0000000708200000| Untracked 
|  57|0x0000000708400000, 0x0000000708600000, 0x0000000708600000|100%|HS|  |TAMS 0x0000000708400000, 0x0000000708400000| Complete 
|  58|0x0000000708600000, 0x0000000708800000, 0x0000000708800000|100%| O|  |TAMS 0x0000000708600000, 0x0000000708600000| Untracked 
|  59|0x0000000708800000, 0x0000000708a00000, 0x0000000708a00000|100%| O|  |TAMS 0x0000000708800000, 0x0000000708800000| Untracked 
|  60|0x0000000708a00000, 0x0000000708c00000, 0x0000000708c00000|100%| O|  |TAMS 0x0000000708a00000, 0x0000000708a00000| Untracked 
|  61|0x0000000708c00000, 0x0000000708e00000, 0x0000000708e00000|100%| O|  |TAMS 0x0000000708c00000, 0x0000000708c00000| Untracked 
|  62|0x0000000708e00000, 0x0000000709000000, 0x0000000709000000|100%| O|  |TAMS 0x0000000708e00000, 0x0000000708e00000| Untracked 
|  63|0x0000000709000000, 0x0000000709200000, 0x0000000709200000|100%|HS|  |TAMS 0x0000000709000000, 0x0000000709000000| Complete 
|  64|0x0000000709200000, 0x0000000709400000, 0x0000000709400000|100%| O|  |TAMS 0x0000000709200000, 0x0000000709200000| Untracked 
|  65|0x0000000709400000, 0x0000000709600000, 0x0000000709600000|100%| O|  |TAMS 0x0000000709400000, 0x0000000709400000| Untracked 
|  66|0x0000000709600000, 0x0000000709800000, 0x0000000709800000|100%| O|  |TAMS 0x0000000709600000, 0x0000000709600000| Untracked 
|  67|0x0000000709800000, 0x0000000709a00000, 0x0000000709a00000|100%| O|  |TAMS 0x0000000709800000, 0x0000000709800000| Untracked 
|  68|0x0000000709a00000, 0x0000000709c00000, 0x0000000709c00000|100%| O|  |TAMS 0x0000000709a00000, 0x0000000709a00000| Untracked 
|  69|0x0000000709c00000, 0x0000000709e00000, 0x0000000709e00000|100%| O|  |TAMS 0x0000000709c00000, 0x0000000709c00000| Untracked 
|  70|0x0000000709e00000, 0x000000070a000000, 0x000000070a000000|100%| O|  |TAMS 0x0000000709e00000, 0x0000000709e00000| Untracked 
|  71|0x000000070a000000, 0x000000070a200000, 0x000000070a200000|100%| O|  |TAMS 0x000000070a000000, 0x000000070a000000| Untracked 
|  72|0x000000070a200000, 0x000000070a400000, 0x000000070a400000|100%| O|  |TAMS 0x000000070a200000, 0x000000070a200000| Untracked 
|  73|0x000000070a400000, 0x000000070a600000, 0x000000070a600000|100%| O|  |TAMS 0x000000070a400000, 0x000000070a400000| Untracked 
|  74|0x000000070a600000, 0x000000070a800000, 0x000000070a800000|100%| O|  |TAMS 0x000000070a600000, 0x000000070a600000| Untracked 
|  75|0x000000070a800000, 0x000000070aa00000, 0x000000070aa00000|100%| O|  |TAMS 0x000000070a800000, 0x000000070a800000| Untracked 
|  76|0x000000070aa00000, 0x000000070ac00000, 0x000000070ac00000|100%| O|  |TAMS 0x000000070aa00000, 0x000000070aa00000| Untracked 
|  77|0x000000070ac00000, 0x000000070ae00000, 0x000000070ae00000|100%| O|  |TAMS 0x000000070ac00000, 0x000000070ac00000| Untracked 
|  78|0x000000070ae00000, 0x000000070b000000, 0x000000070b000000|100%| O|  |TAMS 0x000000070ae00000, 0x000000070ae00000| Untracked 
|  79|0x000000070b000000, 0x000000070b200000, 0x000000070b200000|100%| O|  |TAMS 0x000000070b000000, 0x000000070b000000| Untracked 
|  80|0x000000070b200000, 0x000000070b400000, 0x000000070b400000|100%| O|  |TAMS 0x000000070b200000, 0x000000070b200000| Untracked 
|  81|0x000000070b400000, 0x000000070b600000, 0x000000070b600000|100%| O|  |TAMS 0x000000070b400000, 0x000000070b400000| Untracked 
|  82|0x000000070b600000, 0x000000070b69f900, 0x000000070b800000| 31%| O|  |TAMS 0x000000070b600000, 0x000000070b600000| Untracked 
|  83|0x000000070b800000, 0x000000070b800000, 0x000000070ba00000|  0%| F|  |TAMS 0x000000070b800000, 0x000000070b800000| Untracked 
|  84|0x000000070ba00000, 0x000000070ba00000, 0x000000070bc00000|  0%| F|  |TAMS 0x000000070ba00000, 0x000000070ba00000| Untracked 
|  85|0x000000070bc00000, 0x000000070bc00000, 0x000000070be00000|  0%| F|  |TAMS 0x000000070bc00000, 0x000000070bc00000| Untracked 
|  86|0x000000070be00000, 0x000000070be00000, 0x000000070c000000|  0%| F|  |TAMS 0x000000070be00000, 0x000000070be00000| Untracked 
|  87|0x000000070c000000, 0x000000070c000000, 0x000000070c200000|  0%| F|  |TAMS 0x000000070c000000, 0x000000070c000000| Untracked 
|  88|0x000000070c200000, 0x000000070c200000, 0x000000070c400000|  0%| F|  |TAMS 0x000000070c200000, 0x000000070c200000| Untracked 
|  89|0x000000070c400000, 0x000000070c400000, 0x000000070c600000|  0%| F|  |TAMS 0x000000070c400000, 0x000000070c400000| Untracked 
|  90|0x000000070c600000, 0x000000070c600000, 0x000000070c800000|  0%| F|  |TAMS 0x000000070c600000, 0x000000070c600000| Untracked 
|  91|0x000000070c800000, 0x000000070c800000, 0x000000070ca00000|  0%| F|  |TAMS 0x000000070c800000, 0x000000070c800000| Untracked 
|  92|0x000000070ca00000, 0x000000070ca00000, 0x000000070cc00000|  0%| F|  |TAMS 0x000000070ca00000, 0x000000070ca00000| Untracked 
|  93|0x000000070cc00000, 0x000000070cc00000, 0x000000070ce00000|  0%| F|  |TAMS 0x000000070cc00000, 0x000000070cc00000| Untracked 
|  94|0x000000070ce00000, 0x000000070ce00000, 0x000000070d000000|  0%| F|  |TAMS 0x000000070ce00000, 0x000000070ce00000| Untracked 
|  95|0x000000070d000000, 0x000000070d000000, 0x000000070d200000|  0%| F|  |TAMS 0x000000070d000000, 0x000000070d000000| Untracked 
|  96|0x000000070d200000, 0x000000070d200000, 0x000000070d400000|  0%| F|  |TAMS 0x000000070d200000, 0x000000070d200000| Untracked 
|  97|0x000000070d400000, 0x000000070d400000, 0x000000070d600000|  0%| F|  |TAMS 0x000000070d400000, 0x000000070d400000| Untracked 
|  98|0x000000070d600000, 0x000000070d600000, 0x000000070d800000|  0%| F|  |TAMS 0x000000070d600000, 0x000000070d600000| Untracked 
|  99|0x000000070d800000, 0x000000070d800000, 0x000000070da00000|  0%| F|  |TAMS 0x000000070d800000, 0x000000070d800000| Untracked 
| 100|0x000000070da00000, 0x000000070da00000, 0x000000070dc00000|  0%| F|  |TAMS 0x000000070da00000, 0x000000070da00000| Untracked 
| 101|0x000000070dc00000, 0x000000070dc00000, 0x000000070de00000|  0%| F|  |TAMS 0x000000070dc00000, 0x000000070dc00000| Untracked 
| 102|0x000000070de00000, 0x000000070de00000, 0x000000070e000000|  0%| F|  |TAMS 0x000000070de00000, 0x000000070de00000| Untracked 
| 103|0x000000070e000000, 0x000000070e000000, 0x000000070e200000|  0%| F|  |TAMS 0x000000070e000000, 0x000000070e000000| Untracked 
| 104|0x000000070e200000, 0x000000070e200000, 0x000000070e400000|  0%| F|  |TAMS 0x000000070e200000, 0x000000070e200000| Untracked 
| 105|0x000000070e400000, 0x000000070e400000, 0x000000070e600000|  0%| F|  |TAMS 0x000000070e400000, 0x000000070e400000| Untracked 
| 106|0x000000070e600000, 0x000000070e600000, 0x000000070e800000|  0%| F|  |TAMS 0x000000070e600000, 0x000000070e600000| Untracked 
| 107|0x000000070e800000, 0x000000070ea00000, 0x000000070ea00000|100%| E|CS|TAMS 0x000000070e800000, 0x000000070e800000| Complete 
| 108|0x000000070ea00000, 0x000000070ec00000, 0x000000070ec00000|100%| E|CS|TAMS 0x000000070ea00000, 0x000000070ea00000| Complete 
| 109|0x000000070ec00000, 0x000000070ee00000, 0x000000070ee00000|100%| E|CS|TAMS 0x000000070ec00000, 0x000000070ec00000| Complete 
| 110|0x000000070ee00000, 0x000000070f000000, 0x000000070f000000|100%| E|CS|TAMS 0x000000070ee00000, 0x000000070ee00000| Complete 
| 111|0x000000070f000000, 0x000000070f200000, 0x000000070f200000|100%| E|CS|TAMS 0x000000070f000000, 0x000000070f000000| Complete 
| 112|0x000000070f200000, 0x000000070f400000, 0x000000070f400000|100%| E|CS|TAMS 0x000000070f200000, 0x000000070f200000| Complete 
| 113|0x000000070f400000, 0x000000070f600000, 0x000000070f600000|100%| E|CS|TAMS 0x000000070f400000, 0x000000070f400000| Complete 
| 114|0x000000070f600000, 0x000000070f600000, 0x000000070f800000|  0%| F|  |TAMS 0x000000070f600000, 0x000000070f600000| Untracked 
| 115|0x000000070f800000, 0x000000070f800000, 0x000000070fa00000|  0%| F|  |TAMS 0x000000070f800000, 0x000000070f800000| Untracked 
| 116|0x000000070fa00000, 0x000000070fc00000, 0x000000070fc00000|100%| S|  |TAMS 0x000000070fa00000, 0x000000070fa00000| Complete 
| 117|0x000000070fc00000, 0x000000070fe00000, 0x000000070fe00000|100%| S|  |TAMS 0x000000070fc00000, 0x000000070fc00000| Complete 
| 118|0x000000070fe00000, 0x0000000710000000, 0x0000000710000000|100%| S|  |TAMS 0x000000070fe00000, 0x000000070fe00000| Complete 
| 119|0x0000000710000000, 0x0000000710200000, 0x0000000710200000|100%| S|  |TAMS 0x0000000710000000, 0x0000000710000000| Complete 
| 120|0x0000000710200000, 0x0000000710400000, 0x0000000710400000|100%| S|  |TAMS 0x0000000710200000, 0x0000000710200000| Complete 
| 121|0x0000000710400000, 0x0000000710600000, 0x0000000710600000|100%| S|  |TAMS 0x0000000710400000, 0x0000000710400000| Complete 
| 122|0x0000000710600000, 0x0000000710800000, 0x0000000710800000|100%| S|  |TAMS 0x0000000710600000, 0x0000000710600000| Complete 
| 123|0x0000000710800000, 0x0000000710a00000, 0x0000000710a00000|100%| E|CS|TAMS 0x0000000710800000, 0x0000000710800000| Complete 
| 124|0x0000000710a00000, 0x0000000710c00000, 0x0000000710c00000|100%| E|CS|TAMS 0x0000000710a00000, 0x0000000710a00000| Complete 
| 125|0x0000000710c00000, 0x0000000710e00000, 0x0000000710e00000|100%| E|CS|TAMS 0x0000000710c00000, 0x0000000710c00000| Complete 
| 126|0x0000000710e00000, 0x0000000711000000, 0x0000000711000000|100%| E|CS|TAMS 0x0000000710e00000, 0x0000000710e00000| Complete 
| 127|0x0000000711000000, 0x0000000711200000, 0x0000000711200000|100%| E|CS|TAMS 0x0000000711000000, 0x0000000711000000| Complete 
| 128|0x0000000711200000, 0x0000000711400000, 0x0000000711400000|100%| E|CS|TAMS 0x0000000711200000, 0x0000000711200000| Complete 
| 129|0x0000000711400000, 0x0000000711600000, 0x0000000711600000|100%| E|CS|TAMS 0x0000000711400000, 0x0000000711400000| Complete 
| 130|0x0000000711600000, 0x0000000711800000, 0x0000000711800000|100%| E|CS|TAMS 0x0000000711600000, 0x0000000711600000| Complete 
| 131|0x0000000711800000, 0x0000000711a00000, 0x0000000711a00000|100%| E|CS|TAMS 0x0000000711800000, 0x0000000711800000| Complete 
| 132|0x0000000711a00000, 0x0000000711c00000, 0x0000000711c00000|100%| E|CS|TAMS 0x0000000711a00000, 0x0000000711a00000| Complete 
| 133|0x0000000711c00000, 0x0000000711e00000, 0x0000000711e00000|100%| E|CS|TAMS 0x0000000711c00000, 0x0000000711c00000| Complete 
| 134|0x0000000711e00000, 0x0000000712000000, 0x0000000712000000|100%| E|CS|TAMS 0x0000000711e00000, 0x0000000711e00000| Complete 
| 135|0x0000000712000000, 0x0000000712200000, 0x0000000712200000|100%| E|CS|TAMS 0x0000000712000000, 0x0000000712000000| Complete 
| 136|0x0000000712200000, 0x0000000712400000, 0x0000000712400000|100%| E|CS|TAMS 0x0000000712200000, 0x0000000712200000| Complete 
| 137|0x0000000712400000, 0x0000000712600000, 0x0000000712600000|100%| E|CS|TAMS 0x0000000712400000, 0x0000000712400000| Complete 
| 138|0x0000000712600000, 0x0000000712800000, 0x0000000712800000|100%| E|CS|TAMS 0x0000000712600000, 0x0000000712600000| Complete 
| 139|0x0000000712800000, 0x0000000712a00000, 0x0000000712a00000|100%| E|CS|TAMS 0x0000000712800000, 0x0000000712800000| Complete 
| 140|0x0000000712a00000, 0x0000000712c00000, 0x0000000712c00000|100%| E|CS|TAMS 0x0000000712a00000, 0x0000000712a00000| Complete 
| 141|0x0000000712c00000, 0x0000000712e00000, 0x0000000712e00000|100%| E|CS|TAMS 0x0000000712c00000, 0x0000000712c00000| Complete 
| 142|0x0000000712e00000, 0x0000000713000000, 0x0000000713000000|100%| E|CS|TAMS 0x0000000712e00000, 0x0000000712e00000| Complete 
| 143|0x0000000713000000, 0x0000000713200000, 0x0000000713200000|100%| E|CS|TAMS 0x0000000713000000, 0x0000000713000000| Complete 
| 144|0x0000000713200000, 0x0000000713400000, 0x0000000713400000|100%| E|CS|TAMS 0x0000000713200000, 0x0000000713200000| Complete 
| 145|0x0000000713400000, 0x0000000713600000, 0x0000000713600000|100%| E|CS|TAMS 0x0000000713400000, 0x0000000713400000| Complete 
| 146|0x0000000713600000, 0x0000000713800000, 0x0000000713800000|100%| E|CS|TAMS 0x0000000713600000, 0x0000000713600000| Complete 
| 147|0x0000000713800000, 0x0000000713a00000, 0x0000000713a00000|100%| E|CS|TAMS 0x0000000713800000, 0x0000000713800000| Complete 
| 148|0x0000000713a00000, 0x0000000713c00000, 0x0000000713c00000|100%| E|CS|TAMS 0x0000000713a00000, 0x0000000713a00000| Complete 
| 149|0x0000000713c00000, 0x0000000713e00000, 0x0000000713e00000|100%| E|CS|TAMS 0x0000000713c00000, 0x0000000713c00000| Complete 
| 150|0x0000000713e00000, 0x0000000714000000, 0x0000000714000000|100%| E|CS|TAMS 0x0000000713e00000, 0x0000000713e00000| Complete 
| 151|0x0000000714000000, 0x0000000714200000, 0x0000000714200000|100%| E|CS|TAMS 0x0000000714000000, 0x0000000714000000| Complete 
| 152|0x0000000714200000, 0x0000000714400000, 0x0000000714400000|100%| E|CS|TAMS 0x0000000714200000, 0x0000000714200000| Complete 
| 153|0x0000000714400000, 0x0000000714600000, 0x0000000714600000|100%| E|CS|TAMS 0x0000000714400000, 0x0000000714400000| Complete 
| 154|0x0000000714600000, 0x0000000714800000, 0x0000000714800000|100%| E|CS|TAMS 0x0000000714600000, 0x0000000714600000| Complete 
| 155|0x0000000714800000, 0x0000000714a00000, 0x0000000714a00000|100%| E|CS|TAMS 0x0000000714800000, 0x0000000714800000| Complete 
| 156|0x0000000714a00000, 0x0000000714c00000, 0x0000000714c00000|100%| E|CS|TAMS 0x0000000714a00000, 0x0000000714a00000| Complete 
| 157|0x0000000714c00000, 0x0000000714e00000, 0x0000000714e00000|100%| E|CS|TAMS 0x0000000714c00000, 0x0000000714c00000| Complete 
| 158|0x0000000714e00000, 0x0000000715000000, 0x0000000715000000|100%| E|CS|TAMS 0x0000000714e00000, 0x0000000714e00000| Complete 
| 159|0x0000000715000000, 0x0000000715200000, 0x0000000715200000|100%| E|CS|TAMS 0x0000000715000000, 0x0000000715000000| Complete 
| 160|0x0000000715200000, 0x0000000715400000, 0x0000000715400000|100%| E|CS|TAMS 0x0000000715200000, 0x0000000715200000| Complete 
| 161|0x0000000715400000, 0x0000000715600000, 0x0000000715600000|100%| E|CS|TAMS 0x0000000715400000, 0x0000000715400000| Complete 
| 162|0x0000000715600000, 0x0000000715800000, 0x0000000715800000|100%| E|CS|TAMS 0x0000000715600000, 0x0000000715600000| Complete 
| 163|0x0000000715800000, 0x0000000715a00000, 0x0000000715a00000|100%| E|CS|TAMS 0x0000000715800000, 0x0000000715800000| Complete 
| 164|0x0000000715a00000, 0x0000000715c00000, 0x0000000715c00000|100%| E|CS|TAMS 0x0000000715a00000, 0x0000000715a00000| Complete 
| 165|0x0000000715c00000, 0x0000000715e00000, 0x0000000715e00000|100%| E|CS|TAMS 0x0000000715c00000, 0x0000000715c00000| Complete 
| 166|0x0000000715e00000, 0x0000000716000000, 0x0000000716000000|100%| E|CS|TAMS 0x0000000715e00000, 0x0000000715e00000| Complete 

Card table byte_map: [0x000002cac3060000,0x000002cac3860000] _byte_map_base: 0x000002cabf857000

Marking Bits (Prev, Next): (CMBitMap*) 0x000002caa9b7b180, (CMBitMap*) 0x000002caa9b7b1c0
 Prev Bits: [0x000002cac4060000, 0x000002cac8018000)
 Next Bits: [0x000002cac8020000, 0x000002cacbfd8000)

Polling page: 0x000002caa99b0000

Metaspace:

Usage:
  Non-class:     26.65 MB used.
      Class:      3.25 MB used.
       Both:     29.90 MB used.

Virtual space:
  Non-class space:       64.00 MB reserved,      26.81 MB ( 42%) committed,  1 nodes.
      Class space:        1.00 GB reserved,       3.44 MB ( <1%) committed,  1 nodes.
             Both:        1.06 GB reserved,      30.25 MB (  3%) committed. 

Chunk freelists:
   Non-Class:  5.08 MB
       Class:  12.48 MB
        Both:  17.56 MB

MaxMetaspaceSize: unlimited
CompressedClassSpaceSize: 1.00 GB
Initial GC threshold: 21.00 MB
Current GC threshold: 49.19 MB
CDS: on
MetaspaceReclaimPolicy: balanced
 - commit_granule_bytes: 65536.
 - commit_granule_words: 8192.
 - virtual_space_node_default_size: 8388608.
 - enlarge_chunks_in_place: 1.
 - new_chunks_are_fully_committed: 0.
 - uncommit_free_chunks: 1.
 - use_allocation_guard: 0.
 - handle_deallocations: 1.


Internal statistics:

num_allocs_failed_limit: 3.
num_arena_births: 276.
num_arena_deaths: 2.
num_vsnodes_births: 2.
num_vsnodes_deaths: 0.
num_space_committed: 484.
num_space_uncommitted: 0.
num_chunks_returned_to_freelist: 12.
num_chunks_taken_from_freelist: 1199.
num_chunk_merges: 4.
num_chunk_splits: 784.
num_chunks_enlarged: 587.
num_inconsistent_stats: 0.

CodeHeap 'non-profiled nmethods': size=120000Kb used=6432Kb max_used=6432Kb free=113567Kb
 bounds [0x000002caba8c0000, 0x000002cabaf10000, 0x000002cac1df0000]
CodeHeap 'profiled nmethods': size=120000Kb used=14810Kb max_used=14810Kb free=105189Kb
 bounds [0x000002cab2df0000, 0x000002cab3c70000, 0x000002caba320000]
CodeHeap 'non-nmethods': size=5760Kb used=1257Kb max_used=1374Kb free=4502Kb
 bounds [0x000002caba320000, 0x000002caba590000, 0x000002caba8c0000]
 total_blobs=7683 nmethods=7120 adapters=475
 compilation: enabled
              stopped_count=0, restarted_count=0
 full_count=0

Compilation events (20 events):
Event: 119.733 Thread 0x000002cb14030ee0 8487   !   3       org.eclipse.aether.internal.impl.DefaultTrackingFileManager::getMutex (29 bytes)
Event: 119.734 Thread 0x000002cb14030ee0 nmethod 8487 0x000002cab3c63b10 code [0x000002cab3c63d60, 0x000002cab3c642d8]
Event: 119.734 Thread 0x000002cb14030ee0 8488   !   3       org.eclipse.aether.internal.impl.DefaultTrackingFileManager::fileLock (83 bytes)
Event: 119.735 Thread 0x000002cb14030ee0 nmethod 8488 0x000002cab3c64690 code [0x000002cab3c648a0, 0x000002cab3c64d98]
Event: 119.737 Thread 0x000002cb1402d5b0 8489       4       java.util.Arrays$ArrayItr::next (36 bytes)
Event: 119.738 Thread 0x000002cb1402d5b0 nmethod 8489 0x000002cabaf04010 code [0x000002cabaf04180, 0x000002cabaf04258]
Event: 120.730 Thread 0x000002cb14030ee0 8490  s!   3       org.apache.maven.cli.transfer.ConsoleMavenTransferListener::transferProgressed (243 bytes)
Event: 120.734 Thread 0x000002cb14030ee0 nmethod 8490 0x000002cab3c65010 code [0x000002cab3c653c0, 0x000002cab3c66d88]
Event: 120.781 Thread 0x000002cb14030ee0 8491       3       java.nio.file.Path$1::hasNext (22 bytes)
Event: 120.782 Thread 0x000002cb14030ee0 nmethod 8491 0x000002cab3c67890 code [0x000002cab3c67a40, 0x000002cab3c67c88]
Event: 122.564 Thread 0x000002cb1402d5b0 8492       4       org.apache.http.message.BasicListHeaderIterator::hasNext (13 bytes)
Event: 122.565 Thread 0x000002cb1402d5b0 nmethod 8492 0x000002cabaf04310 code [0x000002cabaf04480, 0x000002cabaf04518]
Event: 122.778 Thread 0x000002cb1402d5b0 8493       4       org.apache.maven.model.Scm::setLocation (322 bytes)
Event: 122.790 Thread 0x000002cb14030ee0 8495   !   3       java.util.ArrayList$Itr::remove (68 bytes)
Event: 122.792 Thread 0x000002cb14030ee0 nmethod 8495 0x000002cab3c67d90 code [0x000002cab3c67f80, 0x000002cab3c684f8]
Event: 122.825 Thread 0x000002cb1402d5b0 nmethod 8493 0x000002cabaf04610 code [0x000002cabaf047c0, 0x000002cabaf057f8]
Event: 122.825 Thread 0x000002cb1402d5b0 8494       4       java.util.AbstractSet::hashCode (39 bytes)
Event: 122.863 Thread 0x000002cb1402d5b0 nmethod 8494 0x000002cabaf05c90 code [0x000002cabaf05ee0, 0x000002cabaf076f8]
Event: 122.864 Thread 0x000002cb1402d5b0 8496       4       java.util.ArrayList$ListItr::hasPrevious (13 bytes)
Event: 122.864 Thread 0x000002cb1402d5b0 nmethod 8496 0x000002cabaf07f10 code [0x000002cabaf08080, 0x000002cabaf08118]

GC Heap History (20 events):
Event: 23.884 GC heap after
{Heap after GC invocations=11 (full 0):
 garbage-first heap   total 204800K, used 71168K [0x0000000701200000, 0x0000000800000000)
  region size 2048K, 6 young (12288K), 6 survivors (12288K)
 Metaspace       used 26767K, committed 27072K, reserved 1114112K
  class space    used 3000K, committed 3136K, reserved 1048576K
}
Event: 47.154 GC heap before
{Heap before GC invocations=11 (full 0):
 garbage-first heap   total 204800K, used 142848K [0x0000000701200000, 0x0000000800000000)
  region size 2048K, 41 young (83968K), 6 survivors (12288K)
 Metaspace       used 27173K, committed 27456K, reserved 1114112K
  class space    used 3004K, committed 3136K, reserved 1048576K
}
Event: 47.169 GC heap after
{Heap after GC invocations=12 (full 0):
 garbage-first heap   total 204800K, used 78325K [0x0000000701200000, 0x0000000800000000)
  region size 2048K, 4 young (8192K), 4 survivors (8192K)
 Metaspace       used 27173K, committed 27456K, reserved 1114112K
  class space    used 3004K, committed 3136K, reserved 1048576K
}
Event: 77.247 GC heap before
{Heap before GC invocations=12 (full 0):
 garbage-first heap   total 204800K, used 147957K [0x0000000701200000, 0x0000000800000000)
  region size 2048K, 38 young (77824K), 4 survivors (8192K)
 Metaspace       used 27220K, committed 27520K, reserved 1114112K
  class space    used 3004K, committed 3136K, reserved 1048576K
}
Event: 77.263 GC heap after
{Heap after GC invocations=13 (full 0):
 garbage-first heap   total 204800K, used 80276K [0x0000000701200000, 0x0000000800000000)
  region size 2048K, 1 young (2048K), 1 survivors (2048K)
 Metaspace       used 27220K, committed 27520K, reserved 1114112K
  class space    used 3004K, committed 3136K, reserved 1048576K
}
Event: 90.815 GC heap before
{Heap before GC invocations=13 (full 0):
 garbage-first heap   total 204800K, used 151956K [0x0000000701200000, 0x0000000800000000)
  region size 2048K, 36 young (73728K), 1 survivors (2048K)
 Metaspace       used 29797K, committed 30144K, reserved 1114112K
  class space    used 3275K, committed 3456K, reserved 1048576K
}
Event: 90.825 GC heap after
{Heap after GC invocations=14 (full 0):
 garbage-first heap   total 204800K, used 87751K [0x0000000701200000, 0x0000000800000000)
  region size 2048K, 5 young (10240K), 5 survivors (10240K)
 Metaspace       used 29797K, committed 30144K, reserved 1114112K
  class space    used 3275K, committed 3456K, reserved 1048576K
}
Event: 91.510 GC heap before
{Heap before GC invocations=14 (full 0):
 garbage-first heap   total 204800K, used 153287K [0x0000000701200000, 0x0000000800000000)
  region size 2048K, 37 young (75776K), 5 survivors (10240K)
 Metaspace       used 29831K, committed 30208K, reserved 1114112K
  class space    used 3275K, committed 3456K, reserved 1048576K
}
Event: 91.530 GC heap after
{Heap after GC invocations=15 (full 0):
 garbage-first heap   total 204800K, used 98474K [0x0000000701200000, 0x0000000800000000)
  region size 2048K, 5 young (10240K), 5 survivors (10240K)
 Metaspace       used 29831K, committed 30208K, reserved 1114112K
  class space    used 3275K, committed 3456K, reserved 1048576K
}
Event: 91.971 GC heap before
{Heap before GC invocations=15 (full 0):
 garbage-first heap   total 204800K, used 155818K [0x0000000701200000, 0x0000000800000000)
  region size 2048K, 33 young (67584K), 5 survivors (10240K)
 Metaspace       used 29850K, committed 30208K, reserved 1114112K
  class space    used 3275K, committed 3456K, reserved 1048576K
}
Event: 91.991 GC heap after
{Heap after GC invocations=16 (full 0):
 garbage-first heap   total 204800K, used 110943K [0x0000000701200000, 0x0000000800000000)
  region size 2048K, 5 young (10240K), 5 survivors (10240K)
 Metaspace       used 29850K, committed 30208K, reserved 1114112K
  class space    used 3275K, committed 3456K, reserved 1048576K
}
Event: 92.382 GC heap before
{Heap before GC invocations=16 (full 0):
 garbage-first heap   total 204800K, used 158047K [0x0000000701200000, 0x0000000800000000)
  region size 2048K, 28 young (57344K), 5 survivors (10240K)
 Metaspace       used 29863K, committed 30208K, reserved 1114112K
  class space    used 3276K, committed 3456K, reserved 1048576K
}
Event: 92.402 GC heap after
{Heap after GC invocations=17 (full 0):
 garbage-first heap   total 204800K, used 123399K [0x0000000701200000, 0x0000000800000000)
  region size 2048K, 4 young (8192K), 4 survivors (8192K)
 Metaspace       used 29863K, committed 30208K, reserved 1114112K
  class space    used 3276K, committed 3456K, reserved 1048576K
}
Event: 93.714 GC heap before
{Heap before GC invocations=18 (full 0):
 garbage-first heap   total 239616K, used 160263K [0x0000000701200000, 0x0000000800000000)
  region size 2048K, 21 young (43008K), 4 survivors (8192K)
 Metaspace       used 30244K, committed 30592K, reserved 1114112K
  class space    used 3316K, committed 3456K, reserved 1048576K
}
Event: 93.729 GC heap after
{Heap after GC invocations=19 (full 0):
 garbage-first heap   total 239616K, used 134129K [0x0000000701200000, 0x0000000800000000)
  region size 2048K, 3 young (6144K), 3 survivors (6144K)
 Metaspace       used 30244K, committed 30592K, reserved 1114112K
  class space    used 3316K, committed 3456K, reserved 1048576K
}
Event: 93.823 GC heap before
{Heap before GC invocations=19 (full 0):
 garbage-first heap   total 239616K, used 138225K [0x0000000701200000, 0x0000000800000000)
  region size 2048K, 5 young (10240K), 3 survivors (6144K)
 Metaspace       used 30244K, committed 30592K, reserved 1114112K
  class space    used 3316K, committed 3456K, reserved 1048576K
}
Event: 93.830 GC heap after
{Heap after GC invocations=20 (full 0):
 garbage-first heap   total 342016K, used 137644K [0x0000000701200000, 0x0000000800000000)
  region size 2048K, 1 young (2048K), 1 survivors (2048K)
 Metaspace       used 30244K, committed 30592K, reserved 1114112K
  class space    used 3316K, committed 3456K, reserved 1048576K
}
Event: 109.016 GC heap before
{Heap before GC invocations=20 (full 0):
 garbage-first heap   total 342016K, used 244140K [0x0000000701200000, 0x0000000800000000)
  region size 2048K, 53 young (108544K), 1 survivors (2048K)
 Metaspace       used 30573K, committed 30976K, reserved 1114112K
  class space    used 3331K, committed 3520K, reserved 1048576K
}
Event: 109.029 GC heap after
{Heap after GC invocations=21 (full 0):
 garbage-first heap   total 342016K, used 163533K [0x0000000701200000, 0x0000000800000000)
  region size 2048K, 7 young (14336K), 7 survivors (14336K)
 Metaspace       used 30573K, committed 30976K, reserved 1114112K
  class space    used 3331K, committed 3520K, reserved 1048576K
}
Event: 123.093 GC heap before
{Heap before GC invocations=21 (full 0):
 garbage-first heap   total 342016K, used 253645K [0x0000000701200000, 0x0000000800000000)
  region size 2048K, 51 young (104448K), 7 survivors (14336K)
 Metaspace       used 30617K, committed 30976K, reserved 1114112K
  class space    used 3331K, committed 3520K, reserved 1048576K
}

Dll operation events (10 events):
Event: 0.006 Loaded shared library C:\Program Files\Java\microsoft-jdk-17.0.10-windows-x64\jdk-17.0.10+7\bin\java.dll
Event: 0.024 Loaded shared library C:\Program Files\Java\microsoft-jdk-17.0.10-windows-x64\jdk-17.0.10+7\bin\jsvml.dll
Event: 0.053 Loaded shared library C:\Program Files\Java\microsoft-jdk-17.0.10-windows-x64\jdk-17.0.10+7\bin\net.dll
Event: 0.056 Loaded shared library C:\Program Files\Java\microsoft-jdk-17.0.10-windows-x64\jdk-17.0.10+7\bin\nio.dll
Event: 0.058 Loaded shared library C:\Program Files\Java\microsoft-jdk-17.0.10-windows-x64\jdk-17.0.10+7\bin\zip.dll
Event: 0.064 Loaded shared library C:\Program Files\Java\microsoft-jdk-17.0.10-windows-x64\jdk-17.0.10+7\bin\jimage.dll
Event: 0.381 Loaded shared library C:\Users\Andriary\AppData\Local\Temp\jansi-2.4.0-696e77ad56bdad89-jansi.dll
Event: 0.408 Loaded shared library C:\Program Files\Java\microsoft-jdk-17.0.10-windows-x64\jdk-17.0.10+7\bin\verify.dll
Event: 5.053 Loaded shared library C:\Program Files\Java\microsoft-jdk-17.0.10-windows-x64\jdk-17.0.10+7\bin\sunmscapi.dll
Event: 6.124 Loaded shared library C:\Program Files\Java\microsoft-jdk-17.0.10-windows-x64\jdk-17.0.10+7\bin\extnet.dll

Deoptimization events (20 events):
Event: 111.105 Thread 0x000002caa9b0e6d0 DEOPT PACKING pc=0x000002cabad38134 sp=0x000000f5bacfc750
Event: 111.105 Thread 0x000002caa9b0e6d0 DEOPT UNPACKING pc=0x000002caba3769a3 sp=0x000000f5bacfc710 mode 2
Event: 111.105 Thread 0x000002caa9b0e6d0 Uncommon trap: trap_request=0xffffff45 fr.pc=0x000002cabad39210 relative=0x00000000000003b0
Event: 111.105 Thread 0x000002caa9b0e6d0 Uncommon trap: reason=unstable_if action=reinterpret pc=0x000002cabad39210 method=org.eclipse.aether.util.graph.transformer.ConflictResolver$State.deriveOptional(Lorg/eclipse/aether/graph/DependencyNode;Ljava/lang/Object;)Z @ 38 c2
Event: 111.105 Thread 0x000002caa9b0e6d0 DEOPT PACKING pc=0x000002cabad39210 sp=0x000000f5bacfc780
Event: 111.105 Thread 0x000002caa9b0e6d0 DEOPT UNPACKING pc=0x000002caba3769a3 sp=0x000000f5bacfc700 mode 2
Event: 111.105 Thread 0x000002caa9b0e6d0 Uncommon trap: trap_request=0xffffff45 fr.pc=0x000002cabad441b0 relative=0x0000000000003e90
Event: 111.105 Thread 0x000002caa9b0e6d0 Uncommon trap: reason=unstable_if action=reinterpret pc=0x000002cabad441b0 method=org.eclipse.aether.util.graph.transformer.ConflictResolver$State.deriveScope(Lorg/eclipse/aether/graph/DependencyNode;Ljava/lang/Object;)Ljava/lang/String; @ 8 c2
Event: 111.105 Thread 0x000002caa9b0e6d0 DEOPT PACKING pc=0x000002cabad441b0 sp=0x000000f5bacfc700
Event: 111.105 Thread 0x000002caa9b0e6d0 DEOPT UNPACKING pc=0x000002caba3769a3 sp=0x000000f5bacfc658 mode 2
Event: 111.117 Thread 0x000002caa9b0e6d0 Uncommon trap: trap_request=0xffffff45 fr.pc=0x000002cabac9f084 relative=0x00000000000001c4
Event: 111.117 Thread 0x000002caa9b0e6d0 Uncommon trap: reason=unstable_if action=reinterpret pc=0x000002cabac9f084 method=org.eclipse.aether.artifact.AbstractArtifact.equals(Ljava/lang/Object;)Z @ 34 c2
Event: 111.117 Thread 0x000002caa9b0e6d0 DEOPT PACKING pc=0x000002cabac9f084 sp=0x000000f5bacfcc90
Event: 111.117 Thread 0x000002caa9b0e6d0 DEOPT UNPACKING pc=0x000002caba3769a3 sp=0x000000f5bacfcbf0 mode 2
Event: 114.942 Thread 0x000002caa9b0e6d0 Uncommon trap: trap_request=0xffffff45 fr.pc=0x000002cabaa81f58 relative=0x0000000000000198
Event: 114.942 Thread 0x000002caa9b0e6d0 Uncommon trap: reason=unstable_if action=reinterpret pc=0x000002cabaa81f58 method=org.eclipse.aether.artifact.AbstractArtifact.equals(Ljava/lang/Object;)Z @ 34 c2
Event: 114.942 Thread 0x000002caa9b0e6d0 DEOPT PACKING pc=0x000002cabaa81f58 sp=0x000000f5bacfcc50
Event: 114.942 Thread 0x000002caa9b0e6d0 DEOPT UNPACKING pc=0x000002caba3769a3 sp=0x000000f5bacfcbe8 mode 2
Event: 116.499 Thread 0x000002caa9b0e6d0 DEOPT PACKING pc=0x000002cab39670f6 sp=0x000000f5bacfb2f0
Event: 116.499 Thread 0x000002caa9b0e6d0 DEOPT UNPACKING pc=0x000002caba377143 sp=0x000000f5bacfa840 mode 0

Classes unloaded (16 events):
Event: 92.581 Thread 0x000002caceaca8b0 Unloading class 0x000002cad03309f0 'org/apache/commons/cli/Util'
Event: 92.581 Thread 0x000002caceaca8b0 Unloading class 0x000002cad0330720 'org/apache/commons/cli/CommandLine'
Event: 92.581 Thread 0x000002caceaca8b0 Unloading class 0x000002cad03304c0 'org/apache/commons/cli/UnrecognizedOptionException'
Event: 92.581 Thread 0x000002caceaca8b0 Unloading class 0x000002cad0330260 'org/apache/commons/cli/MissingArgumentException'
Event: 92.581 Thread 0x000002caceaca8b0 Unloading class 0x000002cad0330000 'org/apache/commons/cli/MissingOptionException'
Event: 92.581 Thread 0x000002caceaca8b0 Unloading class 0x000002cad032bc30 'org/apache/commons/cli/GnuParser'
Event: 92.581 Thread 0x000002caceaca8b0 Unloading class 0x000002cad032b9a8 'org/apache/commons/cli/Parser'
Event: 92.581 Thread 0x000002caceaca8b0 Unloading class 0x000002cad032b7a8 'org/apache/maven/cli/CleanArgument'
Event: 92.581 Thread 0x000002caceaca8b0 Unloading class 0x000002cad032b5a8 'org/apache/commons/cli/OptionValidator'
Event: 92.581 Thread 0x000002caceaca8b0 Unloading class 0x000002cad032a5f8 'org/apache/commons/cli/Option$Builder'
Event: 92.581 Thread 0x000002caceaca8b0 Unloading class 0x000002cad032b288 'org/apache/commons/cli/Option'
Event: 92.581 Thread 0x000002caceaca8b0 Unloading class 0x000002cad032b000 'org/apache/commons/cli/Options'
Event: 92.581 Thread 0x000002caceaca8b0 Unloading class 0x000002cad032a400 'org/apache/commons/cli/CommandLineParser'
Event: 92.581 Thread 0x000002caceaca8b0 Unloading class 0x000002cad032ac58 'org/apache/maven/cli/CLIManager'
Event: 92.581 Thread 0x000002caceaca8b0 Unloading class 0x000002cad032aa00 'org/apache/commons/cli/ParseException'
Event: 92.581 Thread 0x000002caceaca8b0 Unloading class 0x000002cad032a800 'io/quarkus/bootstrap/resolver/maven/options/BootstrapMavenOptionsParser'

Classes redefined (0 events):
No events

Internal exceptions (20 events):
Event: 122.281 Thread 0x000002caa9b0e6d0 Exception <a 'sun/nio/fs/WindowsException'{0x0000000710cee828}> (0x0000000710cee828) 
thrown [s\src\hotspot\share\prims\jni.cpp, line 516]
Event: 122.281 Thread 0x000002caa9b0e6d0 Exception <a 'sun/nio/fs/WindowsException'{0x0000000710ceeb10}> (0x0000000710ceeb10) 
thrown [s\src\hotspot\share\prims\jni.cpp, line 516]
Event: 122.281 Thread 0x000002caa9b0e6d0 Exception <a 'sun/nio/fs/WindowsException'{0x0000000710cefca8}> (0x0000000710cefca8) 
thrown [s\src\hotspot\share\prims\jni.cpp, line 516]
Event: 122.545 Thread 0x000002caa9b0e6d0 Exception <a 'sun/nio/fs/WindowsException'{0x0000000710cf82e0}> (0x0000000710cf82e0) 
thrown [s\src\hotspot\share\prims\jni.cpp, line 516]
Event: 122.549 Thread 0x000002caa9b0e6d0 Exception <a 'sun/nio/fs/WindowsException'{0x0000000710cfee08}> (0x0000000710cfee08) 
thrown [s\src\hotspot\share\prims\jni.cpp, line 516]
Event: 122.556 Thread 0x000002caa9b0e6d0 Exception <a 'sun/nio/fs/WindowsException'{0x0000000710d24268}> (0x0000000710d24268) 
thrown [s\src\hotspot\share\prims\jni.cpp, line 516]
Event: 122.562 Thread 0x000002caa9b0e6d0 Exception <a 'sun/nio/fs/WindowsException'{0x0000000710d51828}> (0x0000000710d51828) 
thrown [s\src\hotspot\share\prims\jni.cpp, line 516]
Event: 122.562 Thread 0x000002caa9b0e6d0 Exception <a 'sun/nio/fs/WindowsException'{0x0000000710d521e0}> (0x0000000710d521e0) 
thrown [s\src\hotspot\share\prims\jni.cpp, line 516]
Event: 122.562 Thread 0x000002caa9b0e6d0 Exception <a 'sun/nio/fs/WindowsException'{0x0000000710d524b0}> (0x0000000710d524b0) 
thrown [s\src\hotspot\share\prims\jni.cpp, line 516]
Event: 122.562 Thread 0x000002caa9b0e6d0 Exception <a 'sun/nio/fs/WindowsException'{0x0000000710d53648}> (0x0000000710d53648) 
thrown [s\src\hotspot\share\prims\jni.cpp, line 516]
Event: 122.755 Thread 0x000002caa9b0e6d0 Exception <a 'sun/nio/fs/WindowsException'{0x0000000710d5ba58}> (0x0000000710d5ba58) 
thrown [s\src\hotspot\share\prims\jni.cpp, line 516]
Event: 122.761 Thread 0x000002caa9b0e6d0 Exception <a 'sun/nio/fs/WindowsException'{0x0000000710d72418}> (0x0000000710d72418) 
thrown [s\src\hotspot\share\prims\jni.cpp, line 516]
Event: 122.771 Thread 0x000002caa9b0e6d0 Exception <a 'sun/nio/fs/WindowsException'{0x0000000710d868b8}> (0x0000000710d868b8) 
thrown [s\src\hotspot\share\prims\jni.cpp, line 516]
Event: 122.806 Thread 0x000002caa9b0e6d0 Exception <a 'sun/nio/fs/WindowsException'{0x00000007108d95b8}> (0x00000007108d95b8) 
thrown [s\src\hotspot\share\prims\jni.cpp, line 516]
Event: 122.807 Thread 0x000002caa9b0e6d0 Exception <a 'sun/nio/fs/WindowsException'{0x00000007108d9fa8}> (0x00000007108d9fa8) 
thrown [s\src\hotspot\share\prims\jni.cpp, line 516]
Event: 122.807 Thread 0x000002caa9b0e6d0 Exception <a 'sun/nio/fs/WindowsException'{0x00000007108da2f0}> (0x00000007108da2f0) 
thrown [s\src\hotspot\share\prims\jni.cpp, line 516]
Event: 122.807 Thread 0x000002caa9b0e6d0 Exception <a 'sun/nio/fs/WindowsException'{0x00000007108db488}> (0x00000007108db488) 
thrown [s\src\hotspot\share\prims\jni.cpp, line 516]
Event: 123.067 Thread 0x000002caa9b0e6d0 Exception <a 'sun/nio/fs/WindowsException'{0x00000007108e4120}> (0x00000007108e4120) 
thrown [s\src\hotspot\share\prims\jni.cpp, line 516]
Event: 123.074 Thread 0x000002caa9b0e6d0 Exception <a 'sun/nio/fs/WindowsException'{0x00000007108fb0d8}> (0x00000007108fb0d8) 
thrown [s\src\hotspot\share\prims\jni.cpp, line 516]
Event: 123.084 Thread 0x000002caa9b0e6d0 Exception <a 'sun/nio/fs/WindowsException'{0x0000000710913680}> (0x0000000710913680) 
thrown [s\src\hotspot\share\prims\jni.cpp, line 516]

VM Operations (20 events):
Event: 109.029 Executing VM operation: G1CollectForAllocation done
Event: 110.039 Executing VM operation: Cleanup
Event: 110.039 Executing VM operation: Cleanup done
Event: 111.047 Executing VM operation: Cleanup
Event: 111.047 Executing VM operation: Cleanup done
Event: 112.055 Executing VM operation: Cleanup
Event: 112.055 Executing VM operation: Cleanup done
Event: 113.064 Executing VM operation: Cleanup
Event: 113.064 Executing VM operation: Cleanup done
Event: 115.068 Executing VM operation: Cleanup
Event: 115.068 Executing VM operation: Cleanup done
Event: 116.080 Executing VM operation: Cleanup
Event: 116.080 Executing VM operation: Cleanup done
Event: 119.114 Executing VM operation: Cleanup
Event: 119.114 Executing VM operation: Cleanup done
Event: 120.173 Executing VM operation: HandshakeAllThreads
Event: 120.173 Executing VM operation: HandshakeAllThreads done
Event: 121.188 Executing VM operation: Cleanup
Event: 121.188 Executing VM operation: Cleanup done
Event: 123.093 Executing VM operation: G1CollectForAllocation

Events (20 events):
Event: 94.262 loading class java/nio/file/ClosedDirectoryStreamException done
Event: 94.262 loading class java/nio/file/DirectoryIteratorException
Event: 94.262 loading class java/nio/file/DirectoryIteratorException done
Event: 94.267 loading class java/nio/file/FileTreeIterator
Event: 94.267 loading class java/nio/file/FileTreeIterator done
Event: 94.268 loading class java/nio/file/FileTreeWalker
Event: 94.268 loading class java/nio/file/FileTreeWalker done
Event: 94.268 loading class java/nio/file/FileTreeWalker$DirectoryNode
Event: 94.269 loading class java/nio/file/FileTreeWalker$DirectoryNode done
Event: 94.269 loading class java/nio/file/FileTreeWalker$Event
Event: 94.269 loading class java/nio/file/FileTreeWalker$Event done
Event: 94.269 loading class java/nio/file/FileTreeWalker$EventType
Event: 94.269 loading class java/nio/file/FileTreeWalker$EventType done
Event: 94.415 Thread 0x000002cb152faef0 Thread exited: 0x000002cb152faef0
Event: 97.175 Thread 0x000002cb152fd420 Thread added: 0x000002cb152fd420
Event: 97.485 Thread 0x000002cb152fd420 Thread exited: 0x000002cb152fd420
Event: 101.505 Thread 0x000002cb140318e0 flushing nmethod 0x000002cabaaa3b90
Event: 101.519 Thread 0x000002cb140318e0 flushing nmethod 0x000002cab3c3cc90
Event: 102.190 Thread 0x000002cb152fd970 Thread added: 0x000002cb152fd970
Event: 102.929 Thread 0x000002cb152fd970 Thread exited: 0x000002cb152fd970


Dynamic libraries:
0x00007ff7220f0000 - 0x00007ff7220fe000 	C:\Program Files\Java\microsoft-jdk-17.0.10-windows-x64\jdk-17.0.10+7\bin\java.exe
0x00007ffb9b9d0000 - 0x00007ffb9bbc8000 	C:\Windows\SYSTEM32\ntdll.dll
0x00007ffb99ae0000 - 0x00007ffb99b9d000 	C:\Windows\System32\KERNEL32.DLL
0x00007ffb99210000 - 0x00007ffb99506000 	C:\Windows\System32\KERNELBASE.dll
0x00007ffb997b0000 - 0x00007ffb998b0000 	C:\Windows\System32\ucrtbase.dll
0x00007ffb7eb80000 - 0x00007ffb7eb97000 	C:\Program Files\Java\microsoft-jdk-17.0.10-windows-x64\jdk-17.0.10+7\bin\jli.dll
0x00007ffb720e0000 - 0x00007ffb720fb000 	C:\Program Files\Java\microsoft-jdk-17.0.10-windows-x64\jdk-17.0.10+7\bin\VCRUNTIME140.dll
0x00007ffb9a7c0000 - 0x00007ffb9a95e000 	C:\Windows\System32\USER32.dll
0x00007ffb999d0000 - 0x00007ffb999f2000 	C:\Windows\System32\win32u.dll
0x00007ffb888e0000 - 0x00007ffb88b7a000 	C:\Windows\WinSxS\amd64_microsoft.windows.common-controls_6595b64144ccf1df_6.0.19041.3636_none_60b6a03d71f818d5\COMCTL32.dll
0x00007ffb99c80000 - 0x00007ffb99cab000 	C:\Windows\System32\GDI32.dll
0x00007ffb9aa60000 - 0x00007ffb9aafe000 	C:\Windows\System32\msvcrt.dll
0x00007ffb998b0000 - 0x00007ffb999c7000 	C:\Windows\System32\gdi32full.dll
0x00007ffb99710000 - 0x00007ffb997ad000 	C:\Windows\System32\msvcp_win.dll
0x00007ffb99de0000 - 0x00007ffb99e12000 	C:\Windows\System32\IMM32.DLL
0x00007ffb80d40000 - 0x00007ffb80d4c000 	C:\Program Files\Java\microsoft-jdk-17.0.10-windows-x64\jdk-17.0.10+7\bin\vcruntime140_1.dll
0x00007ffb42030000 - 0x00007ffb420bd000 	C:\Program Files\Java\microsoft-jdk-17.0.10-windows-x64\jdk-17.0.10+7\bin\msvcp140.dll
0x00007ffb2b3f0000 - 0x00007ffb2c055000 	C:\Program Files\Java\microsoft-jdk-17.0.10-windows-x64\jdk-17.0.10+7\bin\server\jvm.dll
0x00007ffb9b560000 - 0x00007ffb9b610000 	C:\Windows\System32\ADVAPI32.dll
0x00007ffb9b610000 - 0x00007ffb9b6b0000 	C:\Windows\System32\sechost.dll
0x00007ffb9b860000 - 0x00007ffb9b985000 	C:\Windows\System32\RPCRT4.dll
0x00007ffb99670000 - 0x00007ffb99697000 	C:\Windows\System32\bcrypt.dll
0x00007ffb94840000 - 0x00007ffb94849000 	C:\Windows\SYSTEM32\WSOCK32.dll
0x00007ffb985d0000 - 0x00007ffb9861b000 	C:\Windows\SYSTEM32\POWRPROF.dll
0x00007ffb9b3d0000 - 0x00007ffb9b43b000 	C:\Windows\System32\WS2_32.dll
0x00007ffb7ebc0000 - 0x00007ffb7ebe7000 	C:\Windows\SYSTEM32\WINMM.dll
0x00007ffb97010000 - 0x00007ffb9701a000 	C:\Windows\SYSTEM32\VERSION.dll
0x00007ffb98490000 - 0x00007ffb984a2000 	C:\Windows\SYSTEM32\UMPDC.dll
0x00007ffb978c0000 - 0x00007ffb978d2000 	C:\Windows\SYSTEM32\kernel.appcore.dll
0x00007ffb80a00000 - 0x00007ffb80a0a000 	C:\Program Files\Java\microsoft-jdk-17.0.10-windows-x64\jdk-17.0.10+7\bin\jimage.dll
0x00007ffb810d0000 - 0x00007ffb812b4000 	C:\Windows\SYSTEM32\DBGHELP.DLL
0x00007ffb81090000 - 0x00007ffb810c4000 	C:\Windows\SYSTEM32\dbgcore.DLL
0x00007ffb99180000 - 0x00007ffb99202000 	C:\Windows\System32\bcryptPrimitives.dll
0x00007ffb70d30000 - 0x00007ffb70d55000 	C:\Program Files\Java\microsoft-jdk-17.0.10-windows-x64\jdk-17.0.10+7\bin\java.dll
0x00007ffb3f340000 - 0x00007ffb3f417000 	C:\Program Files\Java\microsoft-jdk-17.0.10-windows-x64\jdk-17.0.10+7\bin\jsvml.dll
0x00007ffb9ab00000 - 0x00007ffb9b26b000 	C:\Windows\System32\SHELL32.dll
0x00007ffb97110000 - 0x00007ffb978ae000 	C:\Windows\SYSTEM32\windows.storage.dll
0x00007ffb9a460000 - 0x00007ffb9a7b3000 	C:\Windows\System32\combase.dll
0x00007ffb98ab0000 - 0x00007ffb98ade000 	C:\Windows\SYSTEM32\Wldp.dll
0x00007ffb99bb0000 - 0x00007ffb99c7d000 	C:\Windows\System32\OLEAUT32.dll
0x00007ffb9a3b0000 - 0x00007ffb9a45d000 	C:\Windows\System32\SHCORE.dll
0x00007ffb9a9f0000 - 0x00007ffb9aa45000 	C:\Windows\System32\shlwapi.dll
0x00007ffb98fb0000 - 0x00007ffb98fd5000 	C:\Windows\SYSTEM32\profapi.dll
0x00007ffb7fef0000 - 0x00007ffb7ff09000 	C:\Program Files\Java\microsoft-jdk-17.0.10-windows-x64\jdk-17.0.10+7\bin\net.dll
0x00007ffb92920000 - 0x00007ffb92a2a000 	C:\Windows\SYSTEM32\WINHTTP.dll
0x00007ffb98810000 - 0x00007ffb9887a000 	C:\Windows\system32\mswsock.dll
0x00007ffb72110000 - 0x00007ffb72126000 	C:\Program Files\Java\microsoft-jdk-17.0.10-windows-x64\jdk-17.0.10+7\bin\nio.dll
0x00007ffb70d70000 - 0x00007ffb70d88000 	C:\Program Files\Java\microsoft-jdk-17.0.10-windows-x64\jdk-17.0.10+7\bin\zip.dll
0x0000000069ac0000 - 0x0000000069ae4000 	C:\Users\Andriary\AppData\Local\Temp\jansi-2.4.0-696e77ad56bdad89-jansi.dll
0x00007ffb77b40000 - 0x00007ffb77b50000 	C:\Program Files\Java\microsoft-jdk-17.0.10-windows-x64\jdk-17.0.10+7\bin\verify.dll
0x00007ffb70d20000 - 0x00007ffb70d2e000 	C:\Program Files\Java\microsoft-jdk-17.0.10-windows-x64\jdk-17.0.10+7\bin\sunmscapi.dll
0x00007ffb99510000 - 0x00007ffb9966d000 	C:\Windows\System32\CRYPT32.dll
0x00007ffb98b20000 - 0x00007ffb98b48000 	C:\Windows\SYSTEM32\ncrypt.dll
0x00007ffb98ae0000 - 0x00007ffb98b1b000 	C:\Windows\SYSTEM32\NTASN1.dll
0x00007ffb98a10000 - 0x00007ffb98a28000 	C:\Windows\SYSTEM32\CRYPTSP.dll
0x00007ffb980d0000 - 0x00007ffb98104000 	C:\Windows\system32\rsaenh.dll
0x00007ffb98f70000 - 0x00007ffb98f9e000 	C:\Windows\SYSTEM32\USERENV.dll
0x00007ffb98a00000 - 0x00007ffb98a0c000 	C:\Windows\SYSTEM32\CRYPTBASE.dll
0x00007ffb984b0000 - 0x00007ffb984eb000 	C:\Windows\SYSTEM32\IPHLPAPI.DLL
0x00007ffb9aa50000 - 0x00007ffb9aa58000 	C:\Windows\System32\NSI.dll
0x00007ffb91650000 - 0x00007ffb91667000 	C:\Windows\SYSTEM32\dhcpcsvc6.DLL
0x00007ffb918e0000 - 0x00007ffb918fd000 	C:\Windows\SYSTEM32\dhcpcsvc.DLL
0x00007ffb98500000 - 0x00007ffb985cb000 	C:\Windows\SYSTEM32\DNSAPI.dll
0x00007ffb91620000 - 0x00007ffb9162a000 	C:\Windows\System32\rasadhlp.dll
0x00007ffb89ac0000 - 0x00007ffb89b40000 	C:\Windows\System32\fwpuclnt.dll
0x00007ffb785e0000 - 0x00007ffb785e9000 	C:\Program Files\Java\microsoft-jdk-17.0.10-windows-x64\jdk-17.0.10+7\bin\extnet.dll
0x00007ffb981f0000 - 0x00007ffb98223000 	C:\Windows\SYSTEM32\ntmarta.dll
0x00007ffb80340000 - 0x00007ffb80357000 	C:\Windows\system32\napinsp.dll
0x00007ffb80320000 - 0x00007ffb8033b000 	C:\Windows\system32\pnrpnsp.dll
0x00007ffb93900000 - 0x00007ffb93915000 	C:\Windows\system32\wshbth.dll
0x00007ffb94760000 - 0x00007ffb9477d000 	C:\Windows\system32\NLAapi.dll
0x00007ffb80300000 - 0x00007ffb80312000 	C:\Windows\System32\winrnr.dll

dbghelp: loaded successfully - version: 4.0.5 - missing functions: none
symbol engine: initialized successfully - sym options: 0x614 - pdb path: .;C:\Program Files\Java\microsoft-jdk-17.0.10-windows-x64\jdk-17.0.10+7\bin;C:\Windows\SYSTEM32;C:\Windows\WinSxS\amd64_microsoft.windows.common-controls_6595b64144ccf1df_6.0.19041.3636_none_60b6a03d71f818d5;C:\Program Files\Java\microsoft-jdk-17.0.10-windows-x64\jdk-17.0.10+7\bin\server;C:\Users\Andriary\AppData\Local\Temp

VM Arguments:
jvm_args: -Dmaven.multiModuleProjectDirectory=D:\app_sms_833\app_sms_back 
java_command: org.apache.maven.wrapper.MavenWrapperMain compile quarkus:dev
java_class_path (initial): D:\app_sms_833\app_sms_back\.mvn\wrapper\maven-wrapper.jar
Launcher Type: SUN_STANDARD

[Global flags]
     intx CICompilerCount                          = 4                                         {product} {ergonomic}
     uint ConcGCThreads                            = 2                                         {product} {ergonomic}
     uint G1ConcRefinementThreads                  = 8                                         {product} {ergonomic}
   size_t G1HeapRegionSize                         = 2097152                                   {product} {ergonomic}
    uintx GCDrainStackTargetSize                   = 64                                        {product} {ergonomic}
   size_t InitialHeapSize                          = 268435456                                 {product} {ergonomic}
   size_t MarkStackSize                            = 4194304                                   {product} {ergonomic}
   size_t MaxHeapSize                              = 4276092928                                {product} {ergonomic}
   size_t MaxNewSize                               = 2564816896                                {product} {ergonomic}
   size_t MinHeapDeltaBytes                        = 2097152                                   {product} {ergonomic}
   size_t MinHeapSize                              = 8388608                                   {product} {ergonomic}
    uintx NonNMethodCodeHeapSize                   = 5839372                                {pd product} {ergonomic}
    uintx NonProfiledCodeHeapSize                  = 122909434                              {pd product} {ergonomic}
    uintx ProfiledCodeHeapSize                     = 122909434                              {pd product} {ergonomic}
    uintx ReservedCodeCacheSize                    = 251658240                              {pd product} {ergonomic}
     bool SegmentedCodeCache                       = true                                      {product} {ergonomic}
   size_t SoftMaxHeapSize                          = 4276092928                             {manageable} {ergonomic}
     bool UseCompressedClassPointers               = true                           {product lp64_product} {ergonomic}
     bool UseCompressedOops                        = true                           {product lp64_product} {ergonomic}
     bool UseG1GC                                  = true                                      {product} {ergonomic}
     bool UseLargePagesIndividualAllocation        = false                                  {pd product} {ergonomic}

Logging:
Log output configuration:
 #0: stdout all=warning uptime,level,tags
 #1: stderr all=off uptime,level,tags

Environment Variables:
JAVA_HOME=C:\Program Files\Java\microsoft-jdk-17.0.10-windows-x64\jdk-17.0.10+7
PATH=C:\Program Files\Common Files\Oracle\Java\javapath;C:\Program Files (x86)\Common Files\Oracle\Java\javapath;C:\Windows\system32;C:\Windows;C:\Windows\System32\Wbem;C:\Windows\System32\WindowsPowerShell\v1.0\;C:\Windows\System32\OpenSSH\;C:\Program Files\Git\cmd;C:\Program Files\nodejs\;C:\Program Files\Java\microsoft-jdk-17.0.10-windows-x64\jdk-17.0.10+7;C:\Program Files\Java\microsoft-jdk-17.0.10-windows-x64\jdk-17.0.10+7\bin;C:\Users\Andriary\AppData\Local\Microsoft\WindowsApps;C:\Users\Andriary\AppData\Roaming\npm;C:\Users\Andriary\AppData\Local\Programs\Microsoft VS Code\bin;C:\Program Files\JetBrains\IntelliJ IDEA 2023.3.3\bin;;C:\Program Files\Java\microsoft-jdk-17.0.10-windows-x64\jdk-17.0.10+7;C:\Program Files\Java\microsoft-jdk-17.0.10-windows-x64\jdk-17.0.10+7\bin;C:\Program Files (x86)\Common Files\Oracle\Java\javapath;;C:\Program Files\JetBrains\IntelliJ IDEA Community Edition 2023.3.4\bin;
USERNAME=Andriary
OS=Windows_NT
PROCESSOR_IDENTIFIER=Intel64 Family 6 Model 158 Stepping 9, GenuineIntel
TMP=C:\Users\Andriary\AppData\Local\Temp
TEMP=C:\Users\Andriary\AppData\Local\Temp



Periodic native trim disabled


---------------  S Y S T E M  ---------------

OS:
 Windows 10 , 64 bit Build 19041 (10.0.19041.3636)
OS uptime: 0 days 1:36 hours

CPU: total 8 (initial active 8) (4 cores per cpu, 2 threads per core) family 6 model 158 stepping 9 microcode 0xb4, cx8, cmov, fxsr, ht, mmx, 3dnowpref, sse, sse2, sse3, ssse3, sse4.1, sse4.2, popcnt, lzcnt, tsc, tscinvbit, avx, avx2, aes, erms, clmul, bmi1, bmi2, adx, fma, vzeroupper, clflush, clflushopt
Processor Information for processor 0
  Max Mhz: 2801, Current Mhz: 1500, Mhz Limit: 2772
Processor Information for processor 1
  Max Mhz: 2801, Current Mhz: 1500, Mhz Limit: 2772
Processor Information for processor 2
  Max Mhz: 2801, Current Mhz: 1500, Mhz Limit: 2772
Processor Information for processor 3
  Max Mhz: 2801, Current Mhz: 1500, Mhz Limit: 2772
Processor Information for processor 4
  Max Mhz: 2801, Current Mhz: 2800, Mhz Limit: 2772
Processor Information for processor 5
  Max Mhz: 2801, Current Mhz: 1500, Mhz Limit: 2772
Processor Information for processor 6
  Max Mhz: 2801, Current Mhz: 1500, Mhz Limit: 2772
Processor Information for processor 7
  Max Mhz: 2801, Current Mhz: 2800, Mhz Limit: 2772

Memory: 4k page, system-wide physical 16304M (4684M free)
TotalPageFile size 19760M (AvailPageFile size 2324M)
current process WorkingSet (physical memory assigned to process): 447M, peak: 478M
current process commit charge ("private bytes"): 502M, peak: 547M

vm_info: OpenJDK 64-Bit Server VM (17.0.10+7-LTS) for windows-amd64 JRE (17.0.10+7-LTS), built on Jan 10 2024 19:47:12 by "MicrosoftCorporation" with MS VC++ 16.10 / 16.11 (VS2019)

END.
