#
# A fatal error has been detected by the Java Runtime Environment:
#
#  EXCEPTION_ACCESS_VIOLATION (0xc0000005) at pc=0x00007ffaf8a2e8b2, pid=2936, tid=11308
#
# JRE version: OpenJDK Runtime Environment Microsoft-8902769 (17.0.10+7) (build 17.0.10+7-LTS)
# Java VM: OpenJDK 64-Bit Server VM Microsoft-8902769 (17.0.10+7-LTS, mixed mode, sharing, tiered, compressed oops, compressed class ptrs, g1 gc, windows-amd64)
# Problematic frame:
# V  [jvm.dll+0x1be8b2]
#
# No core dump will be written. Minidumps are not enabled by default on client versions of Windows
#
# If you would like to submit a bug report, please visit:
#   https://github.com/microsoft/openjdk/issues
#

---------------  S U M M A R Y ------------

Command Line: -Dmaven.multiModuleProjectDirectory=D:\app_sms_833\app_sms_back org.apache.maven.wrapper.MavenWrapperMain quarkus:dev

Host: Intel(R) Core(TM) i7-7700HQ CPU @ 2.80GHz, 8 cores, 15G,  Windows 10 , 64 bit Build 19041 (10.0.19041.3636)
Time: Thu Apr  4 09:17:13 2024 Afrique de l, 64 bit Build 19041 (10.0.19041.3636) elapsed time: 2.497893 seconds (0d 0h 0m 2s)

---------------  T H R E A D  ---------------

Current thread (0x0000024976cec040):  JavaThread "C2 CompilerThread1" daemon [_thread_in_native, id=11308, stack(0x000000680a300000,0x000000680a400000)]


Current CompileTask:
C2:   2497 3581   !   4       org.codehaus.plexus.interpolation.StringSearchInterpolator::interpolate (668 bytes)

Stack: [0x000000680a300000,0x000000680a400000],  sp=0x000000680a3fb9e0,  free space=1006k
Native frames: (J=compiled Java code, j=interpreted, Vv=VM code, C=native code)
V  [jvm.dll+0x1be8b2]
V  [jvm.dll+0x1bcf55]
V  [jvm.dll+0x21a559]
V  [jvm.dll+0x219821]
V  [jvm.dll+0x1a5176]
V  [jvm.dll+0x22957e]
V  [jvm.dll+0x22774c]
V  [jvm.dll+0x7ec5d7]
V  [jvm.dll+0x7e69da]
V  [jvm.dll+0x67e715]
C  [ucrtbase.dll+0x21bb2]
C  [KERNEL32.DLL+0x17344]
C  [ntdll.dll+0x526b1]


siginfo: EXCEPTION_ACCESS_VIOLATION (0xc0000005), reading address 0x000002498dc21c88


Registers:
RAX=0x0000000004001082, RBX=0x000000680a3fbec0, RCX=0x0000000000001082, RDX=0x000002497dc21c88
RSP=0x000000680a3fb9e0, RBP=0x000000680a3fbb70, RSI=0x0000000000000eb0, RDI=0x000000680a3fbec0
R8 =0x000002497dc1da80, R9 =0x0000000000000000, R10=0x0000000000000000, R11=0x0000000000000246
R12=0x0000024976e3b970, R13=0x0000024976e3bd48, R14=0x00000000000003d8, R15=0x0000024976e3b960
RIP=0x00007ffaf8a2e8b2, EFLAGS=0x0000000000010206


Register to memory mapping:

RIP=0x00007ffaf8a2e8b2 jvm.dll
RAX=0x0000000004001082 is an unknown value
RBX=0x000000680a3fbec0 is pointing into the stack for thread: 0x0000024976cec040
RCX=0x0000000000001082 is an unknown value
RDX=0x000002497dc21c88 points into unknown readable memory: 0x0000108304001082 | 82 10 00 04 83 10 00 00
RSP=0x000000680a3fb9e0 is pointing into the stack for thread: 0x0000024976cec040
RBP=0x000000680a3fbb70 is pointing into the stack for thread: 0x0000024976cec040
RSI=0x0000000000000eb0 is an unknown value
RDI=0x000000680a3fbec0 is pointing into the stack for thread: 0x0000024976cec040
R8 =0x000002497dc1da80 points into unknown readable memory: 0x0000000100000000 | 00 00 00 00 01 00 00 00
R9 =0x0 is NULL
R10=0x0 is NULL
R11=0x0000000000000246 is an unknown value
R12=0x0000024976e3b970 points into unknown readable memory: 0x0000000800000002 | 02 00 00 00 08 00 00 00
R13=0x0000024976e3bd48 points into unknown readable memory: 0x880001723d9bdecf | cf de 9b 3d 72 01 00 88
R14=0x00000000000003d8 is an unknown value
R15=0x0000024976e3b960 points into unknown readable memory: 0x000002497db4a010 | 10 a0 b4 7d 49 02 00 00


Top of Stack: (sp=0x000000680a3fb9e0)
0x000000680a3fb9e0:   000000680a3fbec0 00007ffaf91d5fe8
0x000000680a3fb9f0:   0000000000000000 0000000000000000
0x000000680a3fba00:   0000000000000000 0000000000000000
0x000000680a3fba10:   0000000000000000 0000000000000000
0x000000680a3fba20:   0000000000000000 00007ffaf91a3e38
0x000000680a3fba30:   0000000000000000 0000000000000000
0x000000680a3fba40:   0000000000000000 00007ffaf91a3e38
0x000000680a3fba50:   000000680a3fbe00 0000024976e3bd48
0x000000680a3fba60:   00000000000003d8 00007ffaf8a2cf55
0x000000680a3fba70:   000000680a3fbec0 000000680a3fbfa0
0x000000680a3fba80:   000000680a3fe820 0000000000000006
0x000000680a3fba90:   0000006800000000 000000000000000d
0x000000680a3fbaa0:   0000000000000006 0000024976e3b960
0x000000680a3fbab0:   0000024976bb5b70 0000024976bb6970
0x000000680a3fbac0:   0000024976bbdb58 000000000045b5d0
0x000000680a3fbad0:   0000000000000000 0000000000000000
0x000000680a3fbae0:   0000000000000000 0000000000000000
0x000000680a3fbaf0:   0000000000000000 00007ffaf91a3e48
0x000000680a3fbb00:   0000000000000000 000000680a3fe820
0x000000680a3fbb10:   0000000000000000 00007ffaf91a3e48
0x000000680a3fbb20:   0000024900000000 0000000000000174
0x000000680a3fbb30:   000002490000000c 000000680a3fe820
0x000000680a3fbb40:   000002497db4a020 00000000f8ba4d00
0x000000680a3fbb50:   000002497dfdb570 000000000000152a
0x000000680a3fbb60:   000000680a3fbaa0 0000024976e3b970
0x000000680a3fbb70:   00007ffaf91a3e18 000000000000000d
0x000000680a3fbb80:   000000680a3fe820 000000680a3fbec0
0x000000680a3fbb90:   000000000000247b 0000024976ceb410
0x000000680a3fbba0:   00007ffa0000000a 000000680a3fe820
0x000000680a3fbbb0:   000002497b7b5ef0 0000000000000000
0x000000680a3fbbc0:   000002497c592e50 000002497681f240
0x000000680a3fbbd0:   0000024976822000 000002497c9bd480 

Instructions: (pc=0x00007ffaf8a2e8b2)
0x00007ffaf8a2e7b2:   4b 10 41 8b d5 e8 94 ed 49 00 ff 43 28 41 ff c5
0x00007ffaf8a2e7c2:   48 8b 5c 24 70 8b 6e 28 48 8b 5b 48 3b 6b 68 72
0x00007ffaf8a2e7d2:   0b 8b d5 48 8d 4b 68 e8 52 29 f6 ff 48 8b 43 78
0x00007ffaf8a2e7e2:   48 8b d6 48 8b 5c 24 78 48 89 1c e8 48 8b 84 24
0x00007ffaf8a2e7f2:   98 00 00 00 44 8b 00 41 8d 48 01 89 08 48 8b 4c
0x00007ffaf8a2e802:   24 70 e8 d7 17 00 00 4c 8b 8c 24 88 00 00 00 48
0x00007ffaf8a2e812:   8b 6c 24 20 49 83 c6 08 49 83 ec 01 0f 85 ec fe
0x00007ffaf8a2e822:   ff ff 4c 8b 74 24 30 4c 8b 64 24 38 48 8b 7c 24
0x00007ffaf8a2e832:   40 48 8b 74 24 48 48 8b ac 24 80 00 00 00 41 8b
0x00007ffaf8a2e842:   c7 48 83 c4 50 41 5f 41 5d 5b c3 cc cc cc 48 89
0x00007ffaf8a2e852:   5c 24 08 48 89 74 24 10 48 89 7c 24 18 41 56 48
0x00007ffaf8a2e862:   81 ec 80 00 00 00 48 8b f9 4c 8d 05 76 1b 9e 00
0x00007ffaf8a2e872:   48 8d 4c 24 20 48 8d 15 ba 55 77 00 e8 3d b4 05
0x00007ffaf8a2e882:   00 be 01 00 00 00 8b ce 39 8f e0 00 00 00 76 30
0x00007ffaf8a2e892:   4c 8b 87 f0 00 00 00 48 63 c1 49 8d 14 80 49 63
0x00007ffaf8a2e8a2:   04 80 85 c0 74 10 3b c1 75 06 8b c6 ff c6 eb 04
0x00007ffaf8a2e8b2:   41 8b 04 80 89 02 ff c1 3b 8f e0 00 00 00 72 d0
0x00007ffaf8a2e8c2:   44 8b 8f 00 01 00 00 33 db 44 8b c3 45 85 c9 74
0x00007ffaf8a2e8d2:   25 48 8b 87 08 01 00 00 49 63 c8 41 ff c0 48 8d
0x00007ffaf8a2e8e2:   14 88 48 8b 87 f0 00 00 00 48 63 0a 8b 0c 88 89
0x00007ffaf8a2e8f2:   0a 45 3b c1 72 db 4c 8d b7 e8 00 00 00 89 b7 e0
0x00007ffaf8a2e902:   00 00 00 41 8b 06 3b f0 7c 39 41 3b 76 04 7c 0d
0x00007ffaf8a2e912:   8b d6 49 8b ce e8 94 b1 ef ff 41 8b 06 48 63 c8
0x00007ffaf8a2e922:   48 63 d6 48 3b ca 7d 15 66 0f 1f 44 00 00 49 8b
0x00007ffaf8a2e932:   46 08 89 1c 88 48 ff c1 48 3b ca 7c f1 8d 46 01
0x00007ffaf8a2e942:   41 89 06 49 8b 46 08 48 63 ce 89 1c 88 39 9f e0
0x00007ffaf8a2e952:   00 00 00 76 20 66 0f 1f 84 00 00 00 00 00 48 8b
0x00007ffaf8a2e962:   87 f0 00 00 00 48 63 cb 89 1c 88 ff c3 3b 9f e0
0x00007ffaf8a2e972:   00 00 00 72 e9 48 8d 4c 24 20 e8 ff b4 05 00 4c
0x00007ffaf8a2e982:   8d 9c 24 80 00 00 00 49 8b 5b 10 49 8b 73 18 49
0x00007ffaf8a2e992:   8b 7b 20 49 8b e3 41 5e c3 cc cc cc cc cc 40 56
0x00007ffaf8a2e9a2:   8b 71 20 45 33 db 4c 8b d1 85 f6 0f 84 80 00 00 


Stack slot to memory mapping:
stack at sp + 0 slots: 0x000000680a3fbec0 is pointing into the stack for thread: 0x0000024976cec040
stack at sp + 1 slots: 0x00007ffaf91d5fe8 jvm.dll
stack at sp + 2 slots: 0x0 is NULL
stack at sp + 3 slots: 0x0 is NULL
stack at sp + 4 slots: 0x0 is NULL
stack at sp + 5 slots: 0x0 is NULL
stack at sp + 6 slots: 0x0 is NULL
stack at sp + 7 slots: 0x0 is NULL


---------------  P R O C E S S  ---------------

Threads class SMR info:
_java_thread_list=0x0000024976ed4260, length=14, elements={
0x00000249531edff0, 0x00000249762303a0, 0x0000024976231220, 0x00000249762490e0,
0x000002497624deb0, 0x000002497624e870, 0x0000024976380470, 0x0000024976382130,
0x00000249763953c0, 0x000002497639a910, 0x00000249764bd830, 0x00000249764c7ff0,
0x0000024976cec040, 0x000002497b0c91e0
}

Java Threads: ( => current thread )
  0x00000249531edff0 JavaThread "main" [_thread_in_native, id=8720, stack(0x0000006809000000,0x0000006809100000)]
  0x00000249762303a0 JavaThread "Reference Handler" daemon [_thread_blocked, id=4272, stack(0x0000006809700000,0x0000006809800000)]
  0x0000024976231220 JavaThread "Finalizer" daemon [_thread_blocked, id=7296, stack(0x0000006809800000,0x0000006809900000)]
  0x00000249762490e0 JavaThread "Signal Dispatcher" daemon [_thread_blocked, id=2408, stack(0x0000006809900000,0x0000006809a00000)]
  0x000002497624deb0 JavaThread "Attach Listener" daemon [_thread_blocked, id=3376, stack(0x0000006809a00000,0x0000006809b00000)]
  0x000002497624e870 JavaThread "Service Thread" daemon [_thread_blocked, id=5852, stack(0x0000006809b00000,0x0000006809c00000)]
  0x0000024976380470 JavaThread "Monitor Deflation Thread" daemon [_thread_blocked, id=9280, stack(0x0000006809c00000,0x0000006809d00000)]
  0x0000024976382130 JavaThread "C2 CompilerThread0" daemon [_thread_in_vm, id=980, stack(0x0000006809d00000,0x0000006809e00000)]
  0x00000249763953c0 JavaThread "C1 CompilerThread0" daemon [_thread_blocked, id=6152, stack(0x0000006809e00000,0x0000006809f00000)]
  0x000002497639a910 JavaThread "Sweeper thread" daemon [_thread_blocked, id=2156, stack(0x0000006809f00000,0x000000680a000000)]
  0x00000249764bd830 JavaThread "Notification Thread" daemon [_thread_blocked, id=6516, stack(0x000000680a000000,0x000000680a100000)]
  0x00000249764c7ff0 JavaThread "Common-Cleaner" daemon [_thread_blocked, id=10660, stack(0x000000680a200000,0x000000680a300000)]
=>0x0000024976cec040 JavaThread "C2 CompilerThread1" daemon [_thread_in_native, id=11308, stack(0x000000680a300000,0x000000680a400000)]
  0x000002497b0c91e0 JavaThread "C2 CompilerThread2" daemon [_thread_in_native, id=10504, stack(0x000000680a400000,0x000000680a500000)]

Other Threads:
  0x0000024976229cb0 VMThread "VM Thread" [stack: 0x0000006809600000,0x0000006809700000] [id=1568]
  0x00000249764bfd20 WatcherThread [stack: 0x000000680a100000,0x000000680a200000] [id=8852]
  0x0000024953259540 GCTaskThread "GC Thread#0" [stack: 0x0000006809100000,0x0000006809200000] [id=1648]
  0x000002497b0b7f50 GCTaskThread "GC Thread#1" [stack: 0x000000680a500000,0x000000680a600000] [id=3264]
  0x000002497b0b8620 GCTaskThread "GC Thread#2" [stack: 0x000000680a600000,0x000000680a700000] [id=11544]
  0x000002497b109d70 GCTaskThread "GC Thread#3" [stack: 0x000000680a700000,0x000000680a800000] [id=15248]
  0x000002497b10a030 GCTaskThread "GC Thread#4" [stack: 0x000000680a800000,0x000000680a900000] [id=7600]
  0x000002497b10ab00 GCTaskThread "GC Thread#5" [stack: 0x000000680a900000,0x000000680aa00000] [id=10888]
  0x000002497b1c86f0 GCTaskThread "GC Thread#6" [stack: 0x000000680aa00000,0x000000680ab00000] [id=7336]
  0x000002497b1c89b0 GCTaskThread "GC Thread#7" [stack: 0x000000680ab00000,0x000000680ac00000] [id=4588]
  0x000002495326a360 ConcurrentGCThread "G1 Main Marker" [stack: 0x0000006809200000,0x0000006809300000] [id=1224]
  0x000002495326b520 ConcurrentGCThread "G1 Conc#0" [stack: 0x0000006809300000,0x0000006809400000] [id=8140]
  0x00000249760e44f0 ConcurrentGCThread "G1 Refine#0" [stack: 0x0000006809400000,0x0000006809500000] [id=10420]
  0x00000249760e4f20 ConcurrentGCThread "G1 Service" [stack: 0x0000006809500000,0x0000006809600000] [id=3216]

Threads with active compile tasks:
C2 CompilerThread0     2549 3799       4       org.apache.maven.model.inheritance.DefaultInheritanceAssembler$InheritanceModelMerger::mergePlugin (71 bytes)
C2 CompilerThread1     2549 3581   !   4       org.codehaus.plexus.interpolation.StringSearchInterpolator::interpolate (668 bytes)
C2 CompilerThread2     2549 3801  s    4       java.util.Vector::indexOf (67 bytes)

VM state: not at safepoint (normal execution)

VM Mutex/Monitor currently owned by a thread: None

Heap address: 0x0000000701200000, size: 4078 MB, Compressed Oops mode: Zero based, Oop shift amount: 3

CDS archive(s) mapped at: [0x0000024900000000-0x0000024900bb0000-0x0000024900bb0000), size 12255232, SharedBaseAddress: 0x0000024900000000, ArchiveRelocationMode: 1.
Compressed class space mapped at: 0x0000024901000000-0x0000024941000000, reserved size: 1073741824
Narrow klass base: 0x0000024900000000, Narrow klass shift: 0, Narrow klass range: 0x100000000

GC Precious Log:
 CPUs: 8 total, 8 available
 Memory: 16304M
 Large Page Support: Disabled
 NUMA Support: Disabled
 Compressed Oops: Enabled (Zero based)
 Heap Region Size: 2M
 Heap Min Capacity: 8M
 Heap Initial Capacity: 256M
 Heap Max Capacity: 4078M
 Pre-touch: Disabled
 Parallel Workers: 8
 Concurrent Workers: 2
 Concurrent Refinement Workers: 8
 Periodic GC: Disabled

Heap:
 garbage-first heap   total 262144K, used 109681K [0x0000000701200000, 0x0000000800000000)
  region size 2048K, 53 young (108544K), 1 survivors (2048K)
 Metaspace       used 15723K, committed 16000K, reserved 1114112K
  class space    used 1823K, committed 1920K, reserved 1048576K

Heap Regions: E=young(eden), S=young(survivor), O=old, HS=humongous(starts), HC=humongous(continues), CS=collection set, F=free, OA=open archive, CA=closed archive, TAMS=top-at-mark-start (previous, next)
|   0|0x0000000701200000, 0x0000000701400000, 0x0000000701400000|100%| O|  |TAMS 0x0000000701200000, 0x0000000701200000| Untracked 
|   1|0x0000000701400000, 0x0000000701588e00, 0x0000000701600000| 76%| O|  |TAMS 0x0000000701400000, 0x0000000701400000| Untracked 
|   2|0x0000000701600000, 0x0000000701600000, 0x0000000701800000|  0%| F|  |TAMS 0x0000000701600000, 0x0000000701600000| Untracked 
|   3|0x0000000701800000, 0x0000000701800000, 0x0000000701a00000|  0%| F|  |TAMS 0x0000000701800000, 0x0000000701800000| Untracked 
|   4|0x0000000701a00000, 0x0000000701a00000, 0x0000000701c00000|  0%| F|  |TAMS 0x0000000701a00000, 0x0000000701a00000| Untracked 
|   5|0x0000000701c00000, 0x0000000701c00000, 0x0000000701e00000|  0%| F|  |TAMS 0x0000000701c00000, 0x0000000701c00000| Untracked 
|   6|0x0000000701e00000, 0x0000000701e00000, 0x0000000702000000|  0%| F|  |TAMS 0x0000000701e00000, 0x0000000701e00000| Untracked 
|   7|0x0000000702000000, 0x0000000702000000, 0x0000000702200000|  0%| F|  |TAMS 0x0000000702000000, 0x0000000702000000| Untracked 
|   8|0x0000000702200000, 0x0000000702200000, 0x0000000702400000|  0%| F|  |TAMS 0x0000000702200000, 0x0000000702200000| Untracked 
|   9|0x0000000702400000, 0x0000000702400000, 0x0000000702600000|  0%| F|  |TAMS 0x0000000702400000, 0x0000000702400000| Untracked 
|  10|0x0000000702600000, 0x0000000702600000, 0x0000000702800000|  0%| F|  |TAMS 0x0000000702600000, 0x0000000702600000| Untracked 
|  11|0x0000000702800000, 0x0000000702800000, 0x0000000702a00000|  0%| F|  |TAMS 0x0000000702800000, 0x0000000702800000| Untracked 
|  12|0x0000000702a00000, 0x0000000702a00000, 0x0000000702c00000|  0%| F|  |TAMS 0x0000000702a00000, 0x0000000702a00000| Untracked 
|  13|0x0000000702c00000, 0x0000000702c00000, 0x0000000702e00000|  0%| F|  |TAMS 0x0000000702c00000, 0x0000000702c00000| Untracked 
|  14|0x0000000702e00000, 0x0000000702e00000, 0x0000000703000000|  0%| F|  |TAMS 0x0000000702e00000, 0x0000000702e00000| Untracked 
|  15|0x0000000703000000, 0x0000000703000000, 0x0000000703200000|  0%| F|  |TAMS 0x0000000703000000, 0x0000000703000000| Untracked 
|  16|0x0000000703200000, 0x0000000703200000, 0x0000000703400000|  0%| F|  |TAMS 0x0000000703200000, 0x0000000703200000| Untracked 
|  17|0x0000000703400000, 0x0000000703400000, 0x0000000703600000|  0%| F|  |TAMS 0x0000000703400000, 0x0000000703400000| Untracked 
|  18|0x0000000703600000, 0x0000000703600000, 0x0000000703800000|  0%| F|  |TAMS 0x0000000703600000, 0x0000000703600000| Untracked 
|  19|0x0000000703800000, 0x0000000703800000, 0x0000000703a00000|  0%| F|  |TAMS 0x0000000703800000, 0x0000000703800000| Untracked 
|  20|0x0000000703a00000, 0x0000000703a00000, 0x0000000703c00000|  0%| F|  |TAMS 0x0000000703a00000, 0x0000000703a00000| Untracked 
|  21|0x0000000703c00000, 0x0000000703c00000, 0x0000000703e00000|  0%| F|  |TAMS 0x0000000703c00000, 0x0000000703c00000| Untracked 
|  22|0x0000000703e00000, 0x0000000703e00000, 0x0000000704000000|  0%| F|  |TAMS 0x0000000703e00000, 0x0000000703e00000| Untracked 
|  23|0x0000000704000000, 0x0000000704000000, 0x0000000704200000|  0%| F|  |TAMS 0x0000000704000000, 0x0000000704000000| Untracked 
|  24|0x0000000704200000, 0x0000000704200000, 0x0000000704400000|  0%| F|  |TAMS 0x0000000704200000, 0x0000000704200000| Untracked 
|  25|0x0000000704400000, 0x0000000704400000, 0x0000000704600000|  0%| F|  |TAMS 0x0000000704400000, 0x0000000704400000| Untracked 
|  26|0x0000000704600000, 0x0000000704600000, 0x0000000704800000|  0%| F|  |TAMS 0x0000000704600000, 0x0000000704600000| Untracked 
|  27|0x0000000704800000, 0x0000000704800000, 0x0000000704a00000|  0%| F|  |TAMS 0x0000000704800000, 0x0000000704800000| Untracked 
|  28|0x0000000704a00000, 0x0000000704a00000, 0x0000000704c00000|  0%| F|  |TAMS 0x0000000704a00000, 0x0000000704a00000| Untracked 
|  29|0x0000000704c00000, 0x0000000704c00000, 0x0000000704e00000|  0%| F|  |TAMS 0x0000000704c00000, 0x0000000704c00000| Untracked 
|  30|0x0000000704e00000, 0x0000000704e00000, 0x0000000705000000|  0%| F|  |TAMS 0x0000000704e00000, 0x0000000704e00000| Untracked 
|  31|0x0000000705000000, 0x0000000705000000, 0x0000000705200000|  0%| F|  |TAMS 0x0000000705000000, 0x0000000705000000| Untracked 
|  32|0x0000000705200000, 0x0000000705200000, 0x0000000705400000|  0%| F|  |TAMS 0x0000000705200000, 0x0000000705200000| Untracked 
|  33|0x0000000705400000, 0x0000000705400000, 0x0000000705600000|  0%| F|  |TAMS 0x0000000705400000, 0x0000000705400000| Untracked 
|  34|0x0000000705600000, 0x0000000705600000, 0x0000000705800000|  0%| F|  |TAMS 0x0000000705600000, 0x0000000705600000| Untracked 
|  35|0x0000000705800000, 0x0000000705800000, 0x0000000705a00000|  0%| F|  |TAMS 0x0000000705800000, 0x0000000705800000| Untracked 
|  36|0x0000000705a00000, 0x0000000705a00000, 0x0000000705c00000|  0%| F|  |TAMS 0x0000000705a00000, 0x0000000705a00000| Untracked 
|  37|0x0000000705c00000, 0x0000000705c00000, 0x0000000705e00000|  0%| F|  |TAMS 0x0000000705c00000, 0x0000000705c00000| Untracked 
|  38|0x0000000705e00000, 0x0000000705e00000, 0x0000000706000000|  0%| F|  |TAMS 0x0000000705e00000, 0x0000000705e00000| Untracked 
|  39|0x0000000706000000, 0x0000000706000000, 0x0000000706200000|  0%| F|  |TAMS 0x0000000706000000, 0x0000000706000000| Untracked 
|  40|0x0000000706200000, 0x0000000706200000, 0x0000000706400000|  0%| F|  |TAMS 0x0000000706200000, 0x0000000706200000| Untracked 
|  41|0x0000000706400000, 0x0000000706400000, 0x0000000706600000|  0%| F|  |TAMS 0x0000000706400000, 0x0000000706400000| Untracked 
|  42|0x0000000706600000, 0x0000000706600000, 0x0000000706800000|  0%| F|  |TAMS 0x0000000706600000, 0x0000000706600000| Untracked 
|  43|0x0000000706800000, 0x0000000706800000, 0x0000000706a00000|  0%| F|  |TAMS 0x0000000706800000, 0x0000000706800000| Untracked 
|  44|0x0000000706a00000, 0x0000000706a00000, 0x0000000706c00000|  0%| F|  |TAMS 0x0000000706a00000, 0x0000000706a00000| Untracked 
|  45|0x0000000706c00000, 0x0000000706c00000, 0x0000000706e00000|  0%| F|  |TAMS 0x0000000706c00000, 0x0000000706c00000| Untracked 
|  46|0x0000000706e00000, 0x0000000706e00000, 0x0000000707000000|  0%| F|  |TAMS 0x0000000706e00000, 0x0000000706e00000| Untracked 
|  47|0x0000000707000000, 0x0000000707000000, 0x0000000707200000|  0%| F|  |TAMS 0x0000000707000000, 0x0000000707000000| Untracked 
|  48|0x0000000707200000, 0x0000000707200000, 0x0000000707400000|  0%| F|  |TAMS 0x0000000707200000, 0x0000000707200000| Untracked 
|  49|0x0000000707400000, 0x0000000707400000, 0x0000000707600000|  0%| F|  |TAMS 0x0000000707400000, 0x0000000707400000| Untracked 
|  50|0x0000000707600000, 0x0000000707600000, 0x0000000707800000|  0%| F|  |TAMS 0x0000000707600000, 0x0000000707600000| Untracked 
|  51|0x0000000707800000, 0x0000000707800000, 0x0000000707a00000|  0%| F|  |TAMS 0x0000000707800000, 0x0000000707800000| Untracked 
|  52|0x0000000707a00000, 0x0000000707a00000, 0x0000000707c00000|  0%| F|  |TAMS 0x0000000707a00000, 0x0000000707a00000| Untracked 
|  53|0x0000000707c00000, 0x0000000707c00000, 0x0000000707e00000|  0%| F|  |TAMS 0x0000000707c00000, 0x0000000707c00000| Untracked 
|  54|0x0000000707e00000, 0x0000000707e00000, 0x0000000708000000|  0%| F|  |TAMS 0x0000000707e00000, 0x0000000707e00000| Untracked 
|  55|0x0000000708000000, 0x0000000708000000, 0x0000000708200000|  0%| F|  |TAMS 0x0000000708000000, 0x0000000708000000| Untracked 
|  56|0x0000000708200000, 0x0000000708200000, 0x0000000708400000|  0%| F|  |TAMS 0x0000000708200000, 0x0000000708200000| Untracked 
|  57|0x0000000708400000, 0x0000000708400000, 0x0000000708600000|  0%| F|  |TAMS 0x0000000708400000, 0x0000000708400000| Untracked 
|  58|0x0000000708600000, 0x0000000708600000, 0x0000000708800000|  0%| F|  |TAMS 0x0000000708600000, 0x0000000708600000| Untracked 
|  59|0x0000000708800000, 0x0000000708800000, 0x0000000708a00000|  0%| F|  |TAMS 0x0000000708800000, 0x0000000708800000| Untracked 
|  60|0x0000000708a00000, 0x0000000708a00000, 0x0000000708c00000|  0%| F|  |TAMS 0x0000000708a00000, 0x0000000708a00000| Untracked 
|  61|0x0000000708c00000, 0x0000000708c00000, 0x0000000708e00000|  0%| F|  |TAMS 0x0000000708c00000, 0x0000000708c00000| Untracked 
|  62|0x0000000708e00000, 0x0000000708e00000, 0x0000000709000000|  0%| F|  |TAMS 0x0000000708e00000, 0x0000000708e00000| Untracked 
|  63|0x0000000709000000, 0x0000000709000000, 0x0000000709200000|  0%| F|  |TAMS 0x0000000709000000, 0x0000000709000000| Untracked 
|  64|0x0000000709200000, 0x0000000709200000, 0x0000000709400000|  0%| F|  |TAMS 0x0000000709200000, 0x0000000709200000| Untracked 
|  65|0x0000000709400000, 0x0000000709400000, 0x0000000709600000|  0%| F|  |TAMS 0x0000000709400000, 0x0000000709400000| Untracked 
|  66|0x0000000709600000, 0x0000000709600000, 0x0000000709800000|  0%| F|  |TAMS 0x0000000709600000, 0x0000000709600000| Untracked 
|  67|0x0000000709800000, 0x0000000709800000, 0x0000000709a00000|  0%| F|  |TAMS 0x0000000709800000, 0x0000000709800000| Untracked 
|  68|0x0000000709a00000, 0x0000000709a00000, 0x0000000709c00000|  0%| F|  |TAMS 0x0000000709a00000, 0x0000000709a00000| Untracked 
|  69|0x0000000709c00000, 0x0000000709c00000, 0x0000000709e00000|  0%| F|  |TAMS 0x0000000709c00000, 0x0000000709c00000| Untracked 
|  70|0x0000000709e00000, 0x0000000709e00000, 0x000000070a000000|  0%| F|  |TAMS 0x0000000709e00000, 0x0000000709e00000| Untracked 
|  71|0x000000070a000000, 0x000000070a000000, 0x000000070a200000|  0%| F|  |TAMS 0x000000070a000000, 0x000000070a000000| Untracked 
|  72|0x000000070a200000, 0x000000070a200000, 0x000000070a400000|  0%| F|  |TAMS 0x000000070a200000, 0x000000070a200000| Untracked 
|  73|0x000000070a400000, 0x000000070a400000, 0x000000070a600000|  0%| F|  |TAMS 0x000000070a400000, 0x000000070a400000| Untracked 
|  74|0x000000070a600000, 0x000000070a600000, 0x000000070a800000|  0%| F|  |TAMS 0x000000070a600000, 0x000000070a600000| Untracked 
|  75|0x000000070a800000, 0x000000070aa00000, 0x000000070aa00000|100%| E|  |TAMS 0x000000070a800000, 0x000000070a800000| Complete 
|  76|0x000000070aa00000, 0x000000070ac00000, 0x000000070ac00000|100%| E|CS|TAMS 0x000000070aa00000, 0x000000070aa00000| Complete 
|  77|0x000000070ac00000, 0x000000070ae00000, 0x000000070ae00000|100%| E|CS|TAMS 0x000000070ac00000, 0x000000070ac00000| Complete 
|  78|0x000000070ae00000, 0x000000070b000000, 0x000000070b000000|100%| E|CS|TAMS 0x000000070ae00000, 0x000000070ae00000| Complete 
|  79|0x000000070b000000, 0x000000070b200000, 0x000000070b200000|100%| E|CS|TAMS 0x000000070b000000, 0x000000070b000000| Complete 
|  80|0x000000070b200000, 0x000000070b400000, 0x000000070b400000|100%| E|CS|TAMS 0x000000070b200000, 0x000000070b200000| Complete 
|  81|0x000000070b400000, 0x000000070b600000, 0x000000070b600000|100%| E|CS|TAMS 0x000000070b400000, 0x000000070b400000| Complete 
|  82|0x000000070b600000, 0x000000070b800000, 0x000000070b800000|100%| E|CS|TAMS 0x000000070b600000, 0x000000070b600000| Complete 
|  83|0x000000070b800000, 0x000000070ba00000, 0x000000070ba00000|100%| E|CS|TAMS 0x000000070b800000, 0x000000070b800000| Complete 
|  84|0x000000070ba00000, 0x000000070bc00000, 0x000000070bc00000|100%| E|CS|TAMS 0x000000070ba00000, 0x000000070ba00000| Complete 
|  85|0x000000070bc00000, 0x000000070be00000, 0x000000070be00000|100%| E|CS|TAMS 0x000000070bc00000, 0x000000070bc00000| Complete 
|  86|0x000000070be00000, 0x000000070c000000, 0x000000070c000000|100%| E|CS|TAMS 0x000000070be00000, 0x000000070be00000| Complete 
|  87|0x000000070c000000, 0x000000070c200000, 0x000000070c200000|100%| E|CS|TAMS 0x000000070c000000, 0x000000070c000000| Complete 
|  88|0x000000070c200000, 0x000000070c400000, 0x000000070c400000|100%| E|CS|TAMS 0x000000070c200000, 0x000000070c200000| Complete 
|  89|0x000000070c400000, 0x000000070c600000, 0x000000070c600000|100%| E|CS|TAMS 0x000000070c400000, 0x000000070c400000| Complete 
|  90|0x000000070c600000, 0x000000070c800000, 0x000000070c800000|100%| E|CS|TAMS 0x000000070c600000, 0x000000070c600000| Complete 
|  91|0x000000070c800000, 0x000000070ca00000, 0x000000070ca00000|100%| E|CS|TAMS 0x000000070c800000, 0x000000070c800000| Complete 
|  92|0x000000070ca00000, 0x000000070cc00000, 0x000000070cc00000|100%| E|CS|TAMS 0x000000070ca00000, 0x000000070ca00000| Complete 
|  93|0x000000070cc00000, 0x000000070ce00000, 0x000000070ce00000|100%| E|CS|TAMS 0x000000070cc00000, 0x000000070cc00000| Complete 
|  94|0x000000070ce00000, 0x000000070d000000, 0x000000070d000000|100%| E|CS|TAMS 0x000000070ce00000, 0x000000070ce00000| Complete 
|  95|0x000000070d000000, 0x000000070d200000, 0x000000070d200000|100%| E|CS|TAMS 0x000000070d000000, 0x000000070d000000| Complete 
|  96|0x000000070d200000, 0x000000070d400000, 0x000000070d400000|100%| E|CS|TAMS 0x000000070d200000, 0x000000070d200000| Complete 
|  97|0x000000070d400000, 0x000000070d600000, 0x000000070d600000|100%| E|CS|TAMS 0x000000070d400000, 0x000000070d400000| Complete 
|  98|0x000000070d600000, 0x000000070d800000, 0x000000070d800000|100%| E|CS|TAMS 0x000000070d600000, 0x000000070d600000| Complete 
|  99|0x000000070d800000, 0x000000070da00000, 0x000000070da00000|100%| E|CS|TAMS 0x000000070d800000, 0x000000070d800000| Complete 
| 100|0x000000070da00000, 0x000000070dc00000, 0x000000070dc00000|100%| E|CS|TAMS 0x000000070da00000, 0x000000070da00000| Complete 
| 101|0x000000070dc00000, 0x000000070de00000, 0x000000070de00000|100%| E|CS|TAMS 0x000000070dc00000, 0x000000070dc00000| Complete 
| 102|0x000000070de00000, 0x000000070e000000, 0x000000070e000000|100%| E|CS|TAMS 0x000000070de00000, 0x000000070de00000| Complete 
| 103|0x000000070e000000, 0x000000070e200000, 0x000000070e200000|100%| E|CS|TAMS 0x000000070e000000, 0x000000070e000000| Complete 
| 104|0x000000070e200000, 0x000000070e400000, 0x000000070e400000|100%| E|CS|TAMS 0x000000070e200000, 0x000000070e200000| Complete 
| 105|0x000000070e400000, 0x000000070e600000, 0x000000070e600000|100%| E|CS|TAMS 0x000000070e400000, 0x000000070e400000| Complete 
| 106|0x000000070e600000, 0x000000070e800000, 0x000000070e800000|100%| E|CS|TAMS 0x000000070e600000, 0x000000070e600000| Complete 
| 107|0x000000070e800000, 0x000000070ea00000, 0x000000070ea00000|100%| E|CS|TAMS 0x000000070e800000, 0x000000070e800000| Complete 
| 108|0x000000070ea00000, 0x000000070ec00000, 0x000000070ec00000|100%| E|CS|TAMS 0x000000070ea00000, 0x000000070ea00000| Complete 
| 109|0x000000070ec00000, 0x000000070ee00000, 0x000000070ee00000|100%| E|CS|TAMS 0x000000070ec00000, 0x000000070ec00000| Complete 
| 110|0x000000070ee00000, 0x000000070ef93920, 0x000000070f000000| 78%| S|CS|TAMS 0x000000070ee00000, 0x000000070ee00000| Complete 
| 111|0x000000070f000000, 0x000000070f200000, 0x000000070f200000|100%| E|CS|TAMS 0x000000070f000000, 0x000000070f000000| Complete 
| 112|0x000000070f200000, 0x000000070f400000, 0x000000070f400000|100%| E|CS|TAMS 0x000000070f200000, 0x000000070f200000| Complete 
| 113|0x000000070f400000, 0x000000070f600000, 0x000000070f600000|100%| E|CS|TAMS 0x000000070f400000, 0x000000070f400000| Complete 
| 114|0x000000070f600000, 0x000000070f800000, 0x000000070f800000|100%| E|CS|TAMS 0x000000070f600000, 0x000000070f600000| Complete 
| 115|0x000000070f800000, 0x000000070fa00000, 0x000000070fa00000|100%| E|CS|TAMS 0x000000070f800000, 0x000000070f800000| Complete 
| 116|0x000000070fa00000, 0x000000070fc00000, 0x000000070fc00000|100%| E|CS|TAMS 0x000000070fa00000, 0x000000070fa00000| Complete 
| 117|0x000000070fc00000, 0x000000070fe00000, 0x000000070fe00000|100%| E|CS|TAMS 0x000000070fc00000, 0x000000070fc00000| Complete 
| 118|0x000000070fe00000, 0x0000000710000000, 0x0000000710000000|100%| E|CS|TAMS 0x000000070fe00000, 0x000000070fe00000| Complete 
| 119|0x0000000710000000, 0x0000000710200000, 0x0000000710200000|100%| E|CS|TAMS 0x0000000710000000, 0x0000000710000000| Complete 
| 120|0x0000000710200000, 0x0000000710400000, 0x0000000710400000|100%| E|CS|TAMS 0x0000000710200000, 0x0000000710200000| Complete 
| 121|0x0000000710400000, 0x0000000710600000, 0x0000000710600000|100%| E|CS|TAMS 0x0000000710400000, 0x0000000710400000| Complete 
| 122|0x0000000710600000, 0x0000000710800000, 0x0000000710800000|100%| E|CS|TAMS 0x0000000710600000, 0x0000000710600000| Complete 
| 123|0x0000000710800000, 0x0000000710a00000, 0x0000000710a00000|100%| E|CS|TAMS 0x0000000710800000, 0x0000000710800000| Complete 
| 124|0x0000000710a00000, 0x0000000710c00000, 0x0000000710c00000|100%| E|CS|TAMS 0x0000000710a00000, 0x0000000710a00000| Complete 
| 125|0x0000000710c00000, 0x0000000710e00000, 0x0000000710e00000|100%| E|CS|TAMS 0x0000000710c00000, 0x0000000710c00000| Complete 
| 126|0x0000000710e00000, 0x0000000711000000, 0x0000000711000000|100%| E|CS|TAMS 0x0000000710e00000, 0x0000000710e00000| Complete 
| 127|0x0000000711000000, 0x0000000711200000, 0x0000000711200000|100%| E|CS|TAMS 0x0000000711000000, 0x0000000711000000| Complete 

Card table byte_map: [0x000002496a850000,0x000002496b050000] _byte_map_base: 0x0000024967047000

Marking Bits (Prev, Next): (CMBitMap*) 0x0000024953259b60, (CMBitMap*) 0x0000024953259ba0
 Prev Bits: [0x000002496b850000, 0x000002496f808000)
 Next Bits: [0x000002496f810000, 0x00000249737c8000)

Polling page: 0x00000249529b0000

Metaspace:

Usage:
  Non-class:     13.57 MB used.
      Class:      1.78 MB used.
       Both:     15.35 MB used.

Virtual space:
  Non-class space:       64.00 MB reserved,      13.75 MB ( 21%) committed,  1 nodes.
      Class space:        1.00 GB reserved,       1.88 MB ( <1%) committed,  1 nodes.
             Both:        1.06 GB reserved,      15.62 MB (  1%) committed. 

Chunk freelists:
   Non-Class:  1.80 MB
       Class:  14.00 MB
        Both:  15.79 MB

MaxMetaspaceSize: unlimited
CompressedClassSpaceSize: 1.00 GB
Initial GC threshold: 21.00 MB
Current GC threshold: 21.00 MB
CDS: on
MetaspaceReclaimPolicy: balanced
 - commit_granule_bytes: 65536.
 - commit_granule_words: 8192.
 - virtual_space_node_default_size: 8388608.
 - enlarge_chunks_in_place: 1.
 - new_chunks_are_fully_committed: 0.
 - uncommit_free_chunks: 1.
 - use_allocation_guard: 0.
 - handle_deallocations: 1.


Internal statistics:

num_allocs_failed_limit: 0.
num_arena_births: 98.
num_arena_deaths: 0.
num_vsnodes_births: 2.
num_vsnodes_deaths: 0.
num_space_committed: 250.
num_space_uncommitted: 0.
num_chunks_returned_to_freelist: 0.
num_chunks_taken_from_freelist: 650.
num_chunk_merges: 0.
num_chunk_splits: 436.
num_chunks_enlarged: 347.
num_inconsistent_stats: 0.

CodeHeap 'non-profiled nmethods': size=120000Kb used=2007Kb max_used=2007Kb free=117992Kb
 bounds [0x00000249627e0000, 0x0000024962a50000, 0x0000024969d10000]
CodeHeap 'profiled nmethods': size=120000Kb used=7795Kb max_used=7795Kb free=112204Kb
 bounds [0x000002495ad10000, 0x000002495b4b0000, 0x0000024962240000]
CodeHeap 'non-nmethods': size=5760Kb used=1175Kb max_used=1246Kb free=4584Kb
 bounds [0x0000024962240000, 0x00000249624b0000, 0x00000249627e0000]
 total_blobs=4272 nmethods=3803 adapters=380
 compilation: enabled
              stopped_count=0, restarted_count=0
 full_count=0

Compilation events (20 events):
Event: 2.446 Thread 0x00000249763953c0 3743       3       java.lang.String::substring (58 bytes)
Event: 2.447 Thread 0x00000249763953c0 nmethod 3743 0x000002495b480890 code [0x000002495b480a80, 0x000002495b480f28]
Event: 2.447 Thread 0x00000249763953c0 3744       3       org.apache.maven.model.Model::setPomFile (17 bytes)
Event: 2.447 Thread 0x00000249763953c0 nmethod 3744 0x000002495b481110 code [0x000002495b4812c0, 0x000002495b4814c8]
Event: 2.450 Thread 0x00000249763953c0 3747       3       org.eclipse.aether.internal.impl.collect.DataPool$ConstraintKey::equals (181 bytes)
Event: 2.451 Thread 0x00000249763953c0 nmethod 3747 0x000002495b481590 code [0x000002495b481880, 0x000002495b482918]
Event: 2.451 Thread 0x00000249763953c0 3746       3       org.eclipse.aether.internal.impl.collect.DataPool$ConstraintKey::equals (57 bytes)
Event: 2.451 Thread 0x00000249763953c0 nmethod 3746 0x000002495b482d90 code [0x000002495b482f80, 0x000002495b483538]
Event: 2.453 Thread 0x00000249763953c0 3748       3       jdk.internal.misc.Unsafe::copyMemory (33 bytes)
Event: 2.454 Thread 0x00000249763953c0 nmethod 3748 0x000002495b483690 code [0x000002495b483940, 0x000002495b484698]
Event: 2.455 Thread 0x00000249763953c0 3749       3       java.lang.String::indexOf (7 bytes)
Event: 2.456 Thread 0x00000249763953c0 nmethod 3749 0x000002495b484c90 code [0x000002495b484e60, 0x000002495b485178]
Event: 2.460 Thread 0x00000249763953c0 3751   !   3       sun.nio.fs.WindowsPath::getPathForWin32Calls (135 bytes)
Event: 2.461 Thread 0x00000249763953c0 nmethod 3751 0x000002495b485290 code [0x000002495b485520, 0x000002495b486458]
Event: 2.463 Thread 0x00000249763953c0 3752       3       java.nio.file.Files::provider (10 bytes)
Event: 2.463 Thread 0x00000249763953c0 nmethod 3752 0x000002495b486890 code [0x000002495b486a40, 0x000002495b486c28]
Event: 2.468 Thread 0x00000249763953c0 3753       3       org.eclipse.aether.resolution.ArtifactDescriptorRequest::<init> (18 bytes)
Event: 2.469 Thread 0x00000249763953c0 nmethod 3753 0x000002495b486d10 code [0x000002495b486ec0, 0x000002495b487178]
Event: 2.469 Thread 0x00000249763953c0 3754       3       org.eclipse.aether.resolution.ArtifactDescriptorResult::<init> (75 bytes)
Event: 2.469 Thread 0x00000249763953c0 nmethod 3754 0x000002495b487290 code [0x000002495b4874c0, 0x000002495b487e48]

GC Heap History (4 events):
Event: 0.559 GC heap before
{Heap before GC invocations=0 (full 0):
 garbage-first heap   total 262144K, used 22528K [0x0000000701200000, 0x0000000800000000)
  region size 2048K, 11 young (22528K), 0 survivors (0K)
 Metaspace       used 5724K, committed 5952K, reserved 1114112K
  class space    used 682K, committed 768K, reserved 1048576K
}
Event: 0.562 GC heap after
{Heap after GC invocations=1 (full 0):
 garbage-first heap   total 262144K, used 3917K [0x0000000701200000, 0x0000000800000000)
  region size 2048K, 2 young (4096K), 2 survivors (4096K)
 Metaspace       used 5724K, committed 5952K, reserved 1114112K
  class space    used 682K, committed 768K, reserved 1048576K
}
Event: 0.994 GC heap before
{Heap before GC invocations=1 (full 0):
 garbage-first heap   total 262144K, used 34637K [0x0000000701200000, 0x0000000800000000)
  region size 2048K, 17 young (34816K), 2 survivors (4096K)
 Metaspace       used 9311K, committed 9472K, reserved 1114112K
  class space    used 1132K, committed 1216K, reserved 1048576K
}
Event: 0.999 GC heap after
{Heap after GC invocations=2 (full 0):
 garbage-first heap   total 262144K, used 5233K [0x0000000701200000, 0x0000000800000000)
  region size 2048K, 1 young (2048K), 1 survivors (2048K)
 Metaspace       used 9311K, committed 9472K, reserved 1114112K
  class space    used 1132K, committed 1216K, reserved 1048576K
}

Dll operation events (8 events):
Event: 0.006 Loaded shared library C:\Program Files\Java\microsoft-jdk-17.0.10-windows-x64\jdk-17.0.10+7\bin\java.dll
Event: 0.024 Loaded shared library C:\Program Files\Java\microsoft-jdk-17.0.10-windows-x64\jdk-17.0.10+7\bin\jsvml.dll
Event: 0.049 Loaded shared library C:\Program Files\Java\microsoft-jdk-17.0.10-windows-x64\jdk-17.0.10+7\bin\net.dll
Event: 0.050 Loaded shared library C:\Program Files\Java\microsoft-jdk-17.0.10-windows-x64\jdk-17.0.10+7\bin\nio.dll
Event: 0.053 Loaded shared library C:\Program Files\Java\microsoft-jdk-17.0.10-windows-x64\jdk-17.0.10+7\bin\zip.dll
Event: 0.058 Loaded shared library C:\Program Files\Java\microsoft-jdk-17.0.10-windows-x64\jdk-17.0.10+7\bin\jimage.dll
Event: 0.178 Loaded shared library C:\Users\Andriary\AppData\Local\Temp\jansi-2.4.0-a16a364ef6ba60f8-jansi.dll
Event: 0.188 Loaded shared library C:\Program Files\Java\microsoft-jdk-17.0.10-windows-x64\jdk-17.0.10+7\bin\verify.dll

Deoptimization events (20 events):
Event: 2.217 Thread 0x00000249531edff0 Uncommon trap: trap_request=0xffffff45 fr.pc=0x0000024962988310 relative=0x00000000000010b0
Event: 2.217 Thread 0x00000249531edff0 Uncommon trap: reason=unstable_if action=reinterpret pc=0x0000024962988310 method=org.codehaus.plexus.util.xml.pull.MXParser.nextImpl()I @ 925 c2
Event: 2.217 Thread 0x00000249531edff0 DEOPT PACKING pc=0x0000024962988310 sp=0x00000068090fb330
Event: 2.217 Thread 0x00000249531edff0 DEOPT UNPACKING pc=0x00000249622969a3 sp=0x00000068090fb2e0 mode 2
Event: 2.220 Thread 0x00000249531edff0 DEOPT PACKING pc=0x000002495b2f9a8c sp=0x00000068090fb0a0
Event: 2.220 Thread 0x00000249531edff0 DEOPT UNPACKING pc=0x0000024962297143 sp=0x00000068090fa5f8 mode 0
Event: 2.284 Thread 0x00000249531edff0 DEOPT PACKING pc=0x000002495b27bd0b sp=0x00000068090fc180
Event: 2.284 Thread 0x00000249531edff0 DEOPT UNPACKING pc=0x0000024962297143 sp=0x00000068090fb6a0 mode 0
Event: 2.331 Thread 0x00000249531edff0 Uncommon trap: trap_request=0xffffff45 fr.pc=0x000002496292bf4c relative=0x00000000000000ac
Event: 2.331 Thread 0x00000249531edff0 Uncommon trap: reason=unstable_if action=reinterpret pc=0x000002496292bf4c method=org.apache.maven.model.io.xpp3.MavenXpp3Reader.nextTag(Lorg/codehaus/plexus/util/xml/pull/XmlPullParser;)I @ 9 c2
Event: 2.331 Thread 0x00000249531edff0 DEOPT PACKING pc=0x000002496292bf4c sp=0x00000068090fb770
Event: 2.331 Thread 0x00000249531edff0 DEOPT UNPACKING pc=0x00000249622969a3 sp=0x00000068090fb700 mode 2
Event: 2.445 Thread 0x00000249531edff0 Uncommon trap: trap_request=0xffffff45 fr.pc=0x00000249627ee9fc relative=0x000000000000017c
Event: 2.445 Thread 0x00000249531edff0 Uncommon trap: reason=unstable_if action=reinterpret pc=0x00000249627ee9fc method=java.lang.String.indexOf(II)I @ 4 c2
Event: 2.445 Thread 0x00000249531edff0 DEOPT PACKING pc=0x00000249627ee9fc sp=0x00000068090fb690
Event: 2.445 Thread 0x00000249531edff0 DEOPT UNPACKING pc=0x00000249622969a3 sp=0x00000068090fb5c0 mode 2
Event: 2.445 Thread 0x00000249531edff0 Uncommon trap: trap_request=0xffffff45 fr.pc=0x000002496280f6a4 relative=0x0000000000000504
Event: 2.445 Thread 0x00000249531edff0 Uncommon trap: reason=unstable_if action=reinterpret pc=0x000002496280f6a4 method=java.lang.String.substring(II)Ljava/lang/String; @ 31 c2
Event: 2.445 Thread 0x00000249531edff0 DEOPT PACKING pc=0x000002496280f6a4 sp=0x00000068090fb630
Event: 2.445 Thread 0x00000249531edff0 DEOPT UNPACKING pc=0x00000249622969a3 sp=0x00000068090fb600 mode 2

Classes unloaded (0 events):
No events

Classes redefined (0 events):
No events

Internal exceptions (20 events):
Event: 0.260 Thread 0x00000249531edff0 Exception <a 'java/lang/NoSuchMethodError'{0x0000000710804db8}: 'java.lang.Object java.lang.invoke.DirectMethodHandle$Holder.invokeSpecialIFC(java.lang.Object, java.lang.Object, java.lang.Object, java.lang.Object)'> (0x0000000710804db8) 
thrown [s\src\hotspot\share\interpreter\linkResolver.cpp, line 759]
Event: 0.395 Thread 0x00000249531edff0 Exception <a 'java/lang/NoSuchMethodError'{0x00000007105fa660}: 'java.lang.Object java.lang.invoke.DirectMethodHandle$Holder.invokeStaticInit(java.lang.Object)'> (0x00000007105fa660) 
thrown [s\src\hotspot\share\interpreter\linkResolver.cpp, line 759]
Event: 0.398 Thread 0x00000249531edff0 Exception <a 'java/lang/NoSuchMethodError'{0x000000071021b320}: 'void java.lang.invoke.DirectMethodHandle$Holder.invokeSpecial(java.lang.Object, java.lang.Object, java.lang.Object)'> (0x000000071021b320) 
thrown [s\src\hotspot\share\interpreter\linkResolver.cpp, line 759]
Event: 0.429 Thread 0x00000249531edff0 Exception <a 'java/lang/NoSuchMethodError'{0x00000007103a06f0}: 'java.lang.Object java.lang.invoke.DirectMethodHandle$Holder.invokeInterface(java.lang.Object, java.lang.Object)'> (0x00000007103a06f0) 
thrown [s\src\hotspot\share\interpreter\linkResolver.cpp, line 759]
Event: 0.444 Thread 0x00000249531edff0 Exception <a 'java/lang/NoSuchMethodError'{0x000000071005efe0}: 'java.lang.Object java.lang.invoke.Invokers$Holder.invokeExact_MT(java.lang.Object, java.lang.Object, java.lang.Object, java.lang.Object, java.lang.Object, java.lang.Object)'> (0x000000071005efe0) 
thrown [s\src\hotspot\share\interpreter\linkResolver.cpp, line 759]
Event: 0.446 Thread 0x00000249531edff0 Exception <a 'java/lang/NoSuchMethodError'{0x0000000710070460}: 'int java.lang.invoke.DirectMethodHandle$Holder.invokeSpecialIFC(java.lang.Object, java.lang.Object, java.lang.Object, java.lang.Object, java.lang.Object)'> (0x0000000710070460) 
thrown [s\src\hotspot\share\interpreter\linkResolver.cpp, line 759]
Event: 0.488 Thread 0x00000249531edff0 Exception <a 'java/lang/NoSuchMethodError'{0x000000070fe4b190}: 'java.lang.Object java.lang.invoke.DirectMethodHandle$Holder.newInvokeSpecial(java.lang.Object, java.lang.Object, java.lang.Object, java.lang.Object, java.lang.Object)'> (0x000000070fe4b190) 
thrown [s\src\hotspot\share\interpreter\linkResolver.cpp, line 759]
Event: 0.514 Thread 0x00000249531edff0 Exception <a 'java/lang/NoSuchMethodError'{0x000000070ff62c50}: 'int java.lang.invoke.DirectMethodHandle$Holder.invokeStaticInit(java.lang.Object, java.lang.Object)'> (0x000000070ff62c50) 
thrown [s\src\hotspot\share\interpreter\linkResolver.cpp, line 759]
Event: 0.522 Thread 0x00000249531edff0 Exception <a 'java/lang/NoClassDefFoundError'{0x000000070ffa1728}: javax/enterprise/inject/Typed> (0x000000070ffa1728) 
thrown [s\src\hotspot\share\classfile\systemDictionary.cpp, line 245]
Event: 1.155 Thread 0x00000249531edff0 Exception <a 'java/lang/NoSuchMethodError'{0x0000000710b189e0}: 'void java.lang.invoke.DirectMethodHandle$Holder.invokeStaticInit(java.lang.Object, java.lang.Object, java.lang.Object)'> (0x0000000710b189e0) 
thrown [s\src\hotspot\share\interpreter\linkResolver.cpp, line 759]
Event: 1.161 Thread 0x00000249531edff0 Exception <a 'java/lang/ExceptionInInitializerError'{0x0000000710b464d8}> (0x0000000710b464d8) 
thrown [s\src\hotspot\share\oops\instanceKlass.cpp, line 1218]
Event: 1.187 Thread 0x00000249531edff0 Implicit null exception at 0x000002496286b7af to 0x000002496286b914
Event: 1.189 Thread 0x00000249531edff0 Exception <a 'java/lang/NoSuchMethodError'{0x0000000710866cd0}: 'java.lang.Object java.lang.invoke.Invokers$Holder.invokeExact_MT(java.lang.Object, int, java.lang.Object)'> (0x0000000710866cd0) 
thrown [s\src\hotspot\share\interpreter\linkResolver.cpp, line 759]
Event: 1.198 Thread 0x00000249531edff0 Exception <a 'java/lang/NoSuchMethodError'{0x00000007108d6488}: 'void java.lang.invoke.DirectMethodHandle$Holder.invokeStatic(java.lang.Object, java.lang.Object)'> (0x00000007108d6488) 
thrown [s\src\hotspot\share\interpreter\linkResolver.cpp, line 759]
Event: 1.202 Thread 0x00000249531edff0 Exception <a 'java/lang/NoSuchMethodError'{0x00000007108e73e0}: 'int java.lang.invoke.DirectMethodHandle$Holder.invokeSpecial(java.lang.Object, java.lang.Object, java.lang.Object, java.lang.Object)'> (0x00000007108e73e0) 
thrown [s\src\hotspot\share\interpreter\linkResolver.cpp, line 759]
Event: 1.417 Thread 0x00000249531edff0 Exception <a 'java/lang/NoClassDefFoundError'{0x0000000710158300}: com/google/inject/servlet/ServletModuleTargetVisitor> (0x0000000710158300) 
thrown [s\src\hotspot\share\classfile\systemDictionary.cpp, line 245]
Event: 1.466 Thread 0x00000249531edff0 Exception <a 'java/lang/NoSuchMethodError'{0x000000070fefffb8}: 'void java.lang.invoke.DirectMethodHandle$Holder.invokeVirtual(java.lang.Object, java.lang.Object)'> (0x000000070fefffb8) 
thrown [s\src\hotspot\share\interpreter\linkResolver.cpp, line 759]
Event: 1.485 Thread 0x00000249531edff0 Exception <a 'java/lang/NoSuchMethodError'{0x000000070ff79310}: 'java.lang.Object java.lang.invoke.DirectMethodHandle$Holder.invokeStaticInit(java.lang.Object, int, int, int, int)'> (0x000000070ff79310) 
thrown [s\src\hotspot\share\interpreter\linkResolver.cpp, line 759]
Event: 1.589 Thread 0x00000249531edff0 Implicit null exception at 0x0000024962826572 to 0x0000024962826bcc
Event: 1.590 Thread 0x00000249531edff0 Implicit null exception at 0x0000024962810472 to 0x0000024962810aec

VM Operations (20 events):
Event: 1.287 Executing VM operation: ICBufferFull
Event: 1.287 Executing VM operation: ICBufferFull done
Event: 1.398 Executing VM operation: HandshakeAllThreads
Event: 1.398 Executing VM operation: HandshakeAllThreads done
Event: 1.475 Executing VM operation: HandshakeAllThreads
Event: 1.475 Executing VM operation: HandshakeAllThreads done
Event: 1.497 Executing VM operation: HandshakeAllThreads
Event: 1.497 Executing VM operation: HandshakeAllThreads done
Event: 1.562 Executing VM operation: HandshakeAllThreads
Event: 1.562 Executing VM operation: HandshakeAllThreads done
Event: 1.563 Executing VM operation: HandshakeAllThreads
Event: 1.563 Executing VM operation: HandshakeAllThreads done
Event: 1.608 Executing VM operation: ICBufferFull
Event: 1.609 Executing VM operation: ICBufferFull done
Event: 1.872 Executing VM operation: ICBufferFull
Event: 1.873 Executing VM operation: ICBufferFull done
Event: 2.051 Executing VM operation: HandshakeAllThreads
Event: 2.051 Executing VM operation: HandshakeAllThreads done
Event: 2.201 Executing VM operation: ICBufferFull
Event: 2.201 Executing VM operation: ICBufferFull done

Events (20 events):
Event: 1.659 loading class sun/nio/fs/WindowsFileSystemProvider$1
Event: 1.659 loading class sun/nio/fs/WindowsFileSystemProvider$1 done
Event: 1.660 loading class sun/nio/ch/FileLockImpl
Event: 1.661 loading class sun/nio/ch/FileLockImpl done
Event: 1.661 loading class sun/nio/ch/FileLockTable
Event: 1.661 loading class sun/nio/ch/FileLockTable done
Event: 1.661 loading class sun/nio/ch/FileKey
Event: 1.661 loading class sun/nio/ch/FileKey done
Event: 1.661 loading class sun/nio/ch/FileLockTable$FileLockReference
Event: 1.661 loading class sun/nio/ch/FileLockTable$FileLockReference done
Event: 1.661 loading class java/nio/channels/spi/AbstractInterruptibleChannel$1
Event: 1.661 loading class sun/nio/ch/Interruptible
Event: 1.661 loading class sun/nio/ch/Interruptible done
Event: 1.661 loading class java/nio/channels/spi/AbstractInterruptibleChannel$1 done
Event: 1.661 loading class java/util/AbstractMap$2
Event: 1.661 loading class java/util/AbstractMap$2 done
Event: 1.661 loading class java/util/AbstractMap$2$1
Event: 1.661 loading class java/util/AbstractMap$2$1 done
Event: 1.914 loading class sun/nio/cs/ISO_8859_1$Decoder
Event: 1.914 loading class sun/nio/cs/ISO_8859_1$Decoder done


Dynamic libraries:
0x00007ff772ab0000 - 0x00007ff772abe000 	C:\Program Files\Java\microsoft-jdk-17.0.10-windows-x64\jdk-17.0.10+7\bin\java.exe
0x00007ffb61990000 - 0x00007ffb61b88000 	C:\Windows\SYSTEM32\ntdll.dll
0x00007ffb60590000 - 0x00007ffb6064d000 	C:\Windows\System32\KERNEL32.DLL
0x00007ffb5f040000 - 0x00007ffb5f336000 	C:\Windows\System32\KERNELBASE.dll
0x00007ffb5f660000 - 0x00007ffb5f760000 	C:\Windows\System32\ucrtbase.dll
0x00007ffb40bd0000 - 0x00007ffb40be7000 	C:\Program Files\Java\microsoft-jdk-17.0.10-windows-x64\jdk-17.0.10+7\bin\jli.dll
0x00007ffb45a60000 - 0x00007ffb45a7b000 	C:\Program Files\Java\microsoft-jdk-17.0.10-windows-x64\jdk-17.0.10+7\bin\VCRUNTIME140.dll
0x00007ffb61480000 - 0x00007ffb6161e000 	C:\Windows\System32\USER32.dll
0x00007ffb5f5e0000 - 0x00007ffb5f602000 	C:\Windows\System32\win32u.dll
0x00007ffb50080000 - 0x00007ffb5031a000 	C:\Windows\WinSxS\amd64_microsoft.windows.common-controls_6595b64144ccf1df_6.0.19041.3636_none_60b6a03d71f818d5\COMCTL32.dll
0x00007ffb61020000 - 0x00007ffb6104b000 	C:\Windows\System32\GDI32.dll
0x00007ffb613e0000 - 0x00007ffb6147e000 	C:\Windows\System32\msvcrt.dll
0x00007ffb5f7d0000 - 0x00007ffb5f8e7000 	C:\Windows\System32\gdi32full.dll
0x00007ffb5f8f0000 - 0x00007ffb5f98d000 	C:\Windows\System32\msvcp_win.dll
0x00007ffb5fc40000 - 0x00007ffb5fc72000 	C:\Windows\System32\IMM32.DLL
0x00007ffb5bb60000 - 0x00007ffb5bb6c000 	C:\Program Files\Java\microsoft-jdk-17.0.10-windows-x64\jdk-17.0.10+7\bin\vcruntime140_1.dll
0x00007ffb3f9f0000 - 0x00007ffb3fa7d000 	C:\Program Files\Java\microsoft-jdk-17.0.10-windows-x64\jdk-17.0.10+7\bin\msvcp140.dll
0x00007ffaf8870000 - 0x00007ffaf94d5000 	C:\Program Files\Java\microsoft-jdk-17.0.10-windows-x64\jdk-17.0.10+7\bin\server\jvm.dll
0x00007ffb60ef0000 - 0x00007ffb60fa0000 	C:\Windows\System32\ADVAPI32.dll
0x00007ffb61760000 - 0x00007ffb61800000 	C:\Windows\System32\sechost.dll
0x00007ffb61250000 - 0x00007ffb61375000 	C:\Windows\System32\RPCRT4.dll
0x00007ffb5f990000 - 0x00007ffb5f9b7000 	C:\Windows\System32\bcrypt.dll
0x00007ffb5ec40000 - 0x00007ffb5ec8b000 	C:\Windows\SYSTEM32\POWRPROF.dll
0x00007ffb4aef0000 - 0x00007ffb4af17000 	C:\Windows\SYSTEM32\WINMM.dll
0x00007ffb5bb30000 - 0x00007ffb5bb39000 	C:\Windows\SYSTEM32\WSOCK32.dll
0x00007ffb61050000 - 0x00007ffb610bb000 	C:\Windows\System32\WS2_32.dll
0x00007ffb56fb0000 - 0x00007ffb56fba000 	C:\Windows\SYSTEM32\VERSION.dll
0x00007ffb5e6b0000 - 0x00007ffb5e6c2000 	C:\Windows\SYSTEM32\UMPDC.dll
0x00007ffb5ca60000 - 0x00007ffb5ca72000 	C:\Windows\SYSTEM32\kernel.appcore.dll
0x00007ffb45970000 - 0x00007ffb4597a000 	C:\Program Files\Java\microsoft-jdk-17.0.10-windows-x64\jdk-17.0.10+7\bin\jimage.dll
0x00007ffb5ea50000 - 0x00007ffb5ec34000 	C:\Windows\SYSTEM32\DBGHELP.DLL
0x00007ffb5e7e0000 - 0x00007ffb5e814000 	C:\Windows\SYSTEM32\dbgcore.DLL
0x00007ffb5f4a0000 - 0x00007ffb5f522000 	C:\Windows\System32\bcryptPrimitives.dll
0x00007ffb40ba0000 - 0x00007ffb40bc5000 	C:\Program Files\Java\microsoft-jdk-17.0.10-windows-x64\jdk-17.0.10+7\bin\java.dll
0x00007ffb0cce0000 - 0x00007ffb0cdb7000 	C:\Program Files\Java\microsoft-jdk-17.0.10-windows-x64\jdk-17.0.10+7\bin\jsvml.dll
0x00007ffb5fce0000 - 0x00007ffb6044b000 	C:\Windows\System32\SHELL32.dll
0x00007ffb5ca80000 - 0x00007ffb5d21e000 	C:\Windows\SYSTEM32\windows.storage.dll
0x00007ffb60660000 - 0x00007ffb609b3000 	C:\Windows\System32\combase.dll
0x00007ffb5e370000 - 0x00007ffb5e39e000 	C:\Windows\SYSTEM32\Wldp.dll
0x00007ffb5f9c0000 - 0x00007ffb5fa8d000 	C:\Windows\System32\OLEAUT32.dll
0x00007ffb604e0000 - 0x00007ffb6058d000 	C:\Windows\System32\SHCORE.dll
0x00007ffb61380000 - 0x00007ffb613d5000 	C:\Windows\System32\shlwapi.dll
0x00007ffb5ef70000 - 0x00007ffb5ef95000 	C:\Windows\SYSTEM32\profapi.dll
0x00007ffb40100000 - 0x00007ffb40119000 	C:\Program Files\Java\microsoft-jdk-17.0.10-windows-x64\jdk-17.0.10+7\bin\net.dll
0x00007ffb56c90000 - 0x00007ffb56d9a000 	C:\Windows\SYSTEM32\WINHTTP.dll
0x00007ffb5e210000 - 0x00007ffb5e27a000 	C:\Windows\system32\mswsock.dll
0x00007ffb3fff0000 - 0x00007ffb40006000 	C:\Program Files\Java\microsoft-jdk-17.0.10-windows-x64\jdk-17.0.10+7\bin\nio.dll
0x00007ffb3fc20000 - 0x00007ffb3fc38000 	C:\Program Files\Java\microsoft-jdk-17.0.10-windows-x64\jdk-17.0.10+7\bin\zip.dll
0x0000000069ac0000 - 0x0000000069ae4000 	C:\Users\Andriary\AppData\Local\Temp\jansi-2.4.0-a16a364ef6ba60f8-jansi.dll
0x00007ffb419a0000 - 0x00007ffb419b0000 	C:\Program Files\Java\microsoft-jdk-17.0.10-windows-x64\jdk-17.0.10+7\bin\verify.dll

dbghelp: loaded successfully - version: 4.0.5 - missing functions: none
symbol engine: initialized successfully - sym options: 0x614 - pdb path: .;C:\Program Files\Java\microsoft-jdk-17.0.10-windows-x64\jdk-17.0.10+7\bin;C:\Windows\SYSTEM32;C:\Windows\WinSxS\amd64_microsoft.windows.common-controls_6595b64144ccf1df_6.0.19041.3636_none_60b6a03d71f818d5;C:\Program Files\Java\microsoft-jdk-17.0.10-windows-x64\jdk-17.0.10+7\bin\server;C:\Users\Andriary\AppData\Local\Temp

VM Arguments:
jvm_args: -Dmaven.multiModuleProjectDirectory=D:\app_sms_833\app_sms_back 
java_command: org.apache.maven.wrapper.MavenWrapperMain quarkus:dev
java_class_path (initial): D:\app_sms_833\app_sms_back\.mvn\wrapper\maven-wrapper.jar
Launcher Type: SUN_STANDARD

[Global flags]
     intx CICompilerCount                          = 4                                         {product} {ergonomic}
     uint ConcGCThreads                            = 2                                         {product} {ergonomic}
     uint G1ConcRefinementThreads                  = 8                                         {product} {ergonomic}
   size_t G1HeapRegionSize                         = 2097152                                   {product} {ergonomic}
    uintx GCDrainStackTargetSize                   = 64                                        {product} {ergonomic}
   size_t InitialHeapSize                          = 268435456                                 {product} {ergonomic}
   size_t MarkStackSize                            = 4194304                                   {product} {ergonomic}
   size_t MaxHeapSize                              = 4276092928                                {product} {ergonomic}
   size_t MaxNewSize                               = 2564816896                                {product} {ergonomic}
   size_t MinHeapDeltaBytes                        = 2097152                                   {product} {ergonomic}
   size_t MinHeapSize                              = 8388608                                   {product} {ergonomic}
    uintx NonNMethodCodeHeapSize                   = 5839372                                {pd product} {ergonomic}
    uintx NonProfiledCodeHeapSize                  = 122909434                              {pd product} {ergonomic}
    uintx ProfiledCodeHeapSize                     = 122909434                              {pd product} {ergonomic}
    uintx ReservedCodeCacheSize                    = 251658240                              {pd product} {ergonomic}
     bool SegmentedCodeCache                       = true                                      {product} {ergonomic}
   size_t SoftMaxHeapSize                          = 4276092928                             {manageable} {ergonomic}
     bool UseCompressedClassPointers               = true                           {product lp64_product} {ergonomic}
     bool UseCompressedOops                        = true                           {product lp64_product} {ergonomic}
     bool UseG1GC                                  = true                                      {product} {ergonomic}
     bool UseLargePagesIndividualAllocation        = false                                  {pd product} {ergonomic}

Logging:
Log output configuration:
 #0: stdout all=warning uptime,level,tags
 #1: stderr all=off uptime,level,tags

Environment Variables:
JAVA_HOME=C:\Program Files\Java\microsoft-jdk-17.0.10-windows-x64\jdk-17.0.10+7
PATH=C:\Program Files\Common Files\Oracle\Java\javapath;C:\Program Files (x86)\Common Files\Oracle\Java\javapath;C:\Windows\system32;C:\Windows;C:\Windows\System32\Wbem;C:\Windows\System32\WindowsPowerShell\v1.0\;C:\Windows\System32\OpenSSH\;C:\Program Files\Git\cmd;C:\Program Files\nodejs\;C:\Program Files\Java\microsoft-jdk-17.0.10-windows-x64\jdk-17.0.10+7;C:\Program Files\Java\microsoft-jdk-17.0.10-windows-x64\jdk-17.0.10+7\bin;C:\Users\Andriary\AppData\Local\Microsoft\WindowsApps;C:\Users\Andriary\AppData\Roaming\npm;C:\Users\Andriary\AppData\Local\Programs\Microsoft VS Code\bin;C:\Program Files\JetBrains\IntelliJ IDEA 2023.3.3\bin;;C:\Program Files\Java\microsoft-jdk-17.0.10-windows-x64\jdk-17.0.10+7;C:\Program Files\Java\microsoft-jdk-17.0.10-windows-x64\jdk-17.0.10+7\bin;C:\Program Files (x86)\Common Files\Oracle\Java\javapath;;C:\Program Files\JetBrains\IntelliJ IDEA Community Edition 2023.3.4\bin;
USERNAME=Andriary
OS=Windows_NT
PROCESSOR_IDENTIFIER=Intel64 Family 6 Model 158 Stepping 9, GenuineIntel
TMP=C:\Users\Andriary\AppData\Local\Temp
TEMP=C:\Users\Andriary\AppData\Local\Temp



Periodic native trim disabled


---------------  S Y S T E M  ---------------

OS:
 Windows 10 , 64 bit Build 19041 (10.0.19041.3636)
OS uptime: 0 days 17:29 hours

CPU: total 8 (initial active 8) (4 cores per cpu, 2 threads per core) family 6 model 158 stepping 9 microcode 0xb4, cx8, cmov, fxsr, ht, mmx, 3dnowpref, sse, sse2, sse3, ssse3, sse4.1, sse4.2, popcnt, lzcnt, tsc, tscinvbit, avx, avx2, aes, erms, clmul, bmi1, bmi2, adx, fma, vzeroupper, clflush, clflushopt
Processor Information for all 8 processors :
  Max Mhz: 2801, Current Mhz: 2801, Mhz Limit: 2801

Memory: 4k page, system-wide physical 16304M (10368M free)
TotalPageFile size 19632M (AvailPageFile size 9703M)
current process WorkingSet (physical memory assigned to process): 212M, peak: 214M
current process commit charge ("private bytes"): 407M, peak: 416M

vm_info: OpenJDK 64-Bit Server VM (17.0.10+7-LTS) for windows-amd64 JRE (17.0.10+7-LTS), built on Jan 10 2024 19:47:12 by "MicrosoftCorporation" with MS VC++ 16.10 / 16.11 (VS2019)

END.
