#
# A fatal error has been detected by the Java Runtime Environment:
#
#  EXCEPTION_ACCESS_VIOLATION (0xc0000005) at pc=0x00007ffb2b6cace2, pid=17108, tid=17304
#
# JRE version: OpenJDK Runtime Environment Microsoft-8902769 (17.0.10+7) (build 17.0.10+7-LTS)
# Java VM: OpenJDK 64-Bit Server VM Microsoft-8902769 (17.0.10+7-LTS, mixed mode, sharing, tiered, compressed oops, compressed class ptrs, g1 gc, windows-amd64)
# Problematic frame:
# V  [jvm.dll+0x2dace2]
#
# No core dump will be written. Minidumps are not enabled by default on client versions of Windows
#
# If you would like to submit a bug report, please visit:
#   https://github.com/microsoft/openjdk/issues
#

---------------  S U M M A R Y ------------

Command Line: -Dmaven.multiModuleProjectDirectory=D:\app_sms_833\app_sms_back org.apache.maven.wrapper.MavenWrapperMain compile quarkus:dev

Host: Intel(R) Core(TM) i7-7700HQ CPU @ 2.80GHz, 8 cores, 15G,  Windows 10 , 64 bit Build 19041 (10.0.19041.3636)
Time: Mon Mar 25 15:54:22 2024 Afrique de l, 64 bit Build 19041 (10.0.19041.3636) elapsed time: 5.835237 seconds (0d 0h 0m 5s)

---------------  T H R E A D  ---------------

Current thread (0x0000027048a3e540):  ConcurrentGCThread "G1 Conc#1" [stack: 0x000000d541300000,0x000000d541400000] [id=17304]

Stack: [0x000000d541300000,0x000000d541400000],  sp=0x000000d5413ff8b0,  free space=1022k
Native frames: (J=compiled Java code, j=interpreted, Vv=VM code, C=native code)
V  [jvm.dll+0x2dace2]
V  [jvm.dll+0x2daa2f]
V  [jvm.dll+0x2d927d]
V  [jvm.dll+0x2d88a1]
V  [jvm.dll+0x2ebf88]
V  [jvm.dll+0x2eabcc]
V  [jvm.dll+0x2ec51c]
V  [jvm.dll+0x2eb4f4]
V  [jvm.dll+0x2ef056]
V  [jvm.dll+0x864c7b]
V  [jvm.dll+0x864cc6]
V  [jvm.dll+0x7e69da]
V  [jvm.dll+0x67e715]
C  [ucrtbase.dll+0x21bb2]
C  [KERNEL32.DLL+0x17344]
C  [ntdll.dll+0x526b1]


siginfo: EXCEPTION_ACCESS_VIOLATION (0xc0000005), reading address 0x00000000000000c0


Registers:
RAX=0x000002705c0702b8, RBX=0x000002705c0cd2e0, RCX=0x0000000000000015, RDX=0x0000000000000000
RSP=0x000000d5413ff8b0, RBP=0x0000000000000000, RSI=0x000002705c0ba780, RDI=0x0000000020000000
R8 =0x0000000020000000, R9 =0x0000000000000000, R10=0x0000000000000003, R11=0x0000000000000003
R12=0x0000000000000000, R13=0xaaaaaaaaaaaaaaab, R14=0x0000000000000000, R15=0x000000d5413ffa50
RIP=0x00007ffb2b6cace2, EFLAGS=0x0000000000010206


Register to memory mapping:

RIP=0x00007ffb2b6cace2 jvm.dll
RAX=0x000002705c0702b8 points into unknown readable memory: 0x0000000000000000 | 00 00 00 00 00 00 00 00
RBX=0x000002705c0cd2e0 points into unknown readable memory: 0x00007ffb2bd47d98 | 98 7d d4 2b fb 7f 00 00
RCX=0x0000000000000015 is an unknown value
RDX=0x0 is NULL
RSP=0x000000d5413ff8b0 points into unknown readable memory: 0x000089b7ad301a78 | 78 1a 30 ad b7 89 00 00
RBP=0x0 is NULL
RSI=0x000002705c0ba780 points into unknown readable memory: 0x000002705c0caf90 | 90 af 0c 5c 70 02 00 00
RDI=0x0000000020000000 is an unknown value
R8 =0x0000000020000000 is an unknown value
R9 =0x0 is NULL
R10=0x0000000000000003 is an unknown value
R11=0x0000000000000003 is an unknown value
R12=0x0 is NULL
R13=0xaaaaaaaaaaaaaaab is an unknown value
R14=0x0 is NULL
R15=0x000000d5413ffa50 points into unknown readable memory: 0x000002705c0ba780 | 80 a7 0b 5c 70 02 00 00


Top of Stack: (sp=0x000000d5413ff8b0)
0x000000d5413ff8b0:   000089b7ad301a78 0000000000000000
0x000000d5413ff8c0:   00000007022820c8 00007ffb2b6caa2f
0x000000d5413ff8d0:   0000000020000000 00007ffb2b6caa2f
0x000000d5413ff8e0:   00000270020b4860 000000d5413ffa90
0x000000d5413ff8f0:   00000007022820f8 00007ffb2b6c8c5d
0x000000d5413ff900:   000000d5413ffa90 00007ffb2b6c927d
0x000000d5413ff910:   00000007022820d8 00007ffb2b6c8c5d
0x000000d5413ff920:   000000d5413ffa50 0000000000000000
0x000000d5413ff930:   0000027002137080 00007ffb2b6c88a1
0x000000d5413ff940:   0000000000000006 00000007022820c8
0x000000d5413ff950:   000000d5413ffa90 0000000000000000
0x000000d5413ff960:   00000007022820c8 00007ffb2b6dbf88
0x000000d5413ff970:   000002705c0cd2e0 0000000000000040
0x000000d5413ff980:   000000000000015c 00007ffb2b6de480
0x000000d5413ff990:   0000000000000001 00000007034b5978
0x000000d5413ff9a0:   000000d5413ffa50 000002705c0ba7d0
0x000000d5413ff9b0:   0000000000456b2f 00007ffb2b6dabcc
0x000000d5413ff9c0:   0000000000456b2f 0000000000000000
0x000000d5413ff9d0:   00000007022820c8 00007ffb2b6dc124
0x000000d5413ff9e0:   0000000000480000 00007ffb2b6dc51c
0x000000d5413ff9f0:   00000007034b5960 0000000000456b2f
0x000000d5413ffa00:   000000000007270e 0000000000000000
0x000000d5413ffa10:   0000000000000000 0000000000000001
0x000000d5413ffa20:   000002705c0cd2e0 00007ffb2b6db4f4
0x000000d5413ffa30:   0000000000000555 0000000000000000
0x000000d5413ffa40:   000000d53f9ff601 0000000000000000
0x000000d5413ffa50:   000002705c0ba780 000002705c0cd2e0
0x000000d5413ffa60:   0000000703400000 0000000000040000
0x000000d5413ffa70:   0000000703400000 0000000000040000
0x000000d5413ffa80:   0000000000000000 0000000000000000
0x000000d5413ffa90:   00007ffb2bd47db8 000002705c067510
0x000000d5413ffaa0:   0000000700000003 000002705c060370 

Instructions: (pc=0x00007ffb2b6cace2)
0x00007ffb2b6cabe2:   48 3b c8 75 ee 32 db 48 8b 6c 24 38 0f b6 c3 48
0x00007ffb2b6cabf2:   8b 5c 24 30 48 8b 74 24 40 48 83 c4 20 5f c3 80
0x00007ffb2b6cac02:   3d df b7 8a 00 00 b3 01 74 15 8b 57 08 8b 0d e3
0x00007ffb2b6cac12:   f6 83 00 48 d3 e2 48 03 15 d1 f6 83 00 eb 04 48
0x00007ffb2b6cac22:   8b 57 08 48 8b cf e8 33 1f d3 ff 4c 63 d8 48 8b
0x00007ffb2b6cac32:   86 08 03 00 00 4c 8b 04 e8 49 8b 40 18 8b 88 c0
0x00007ffb2b6cac42:   01 00 00 48 8b 90 b8 01 00 00 48 d3 e2 8b 0d 7b
0x00007ffb2b6cac52:   c1 8a 00 48 2b fa 41 8b 50 60 48 d3 ef 44 8b d7
0x00007ffb2b6cac62:   49 23 d2 48 c1 e2 04 49 03 50 40 8b 02 3b c7 74
0x00007ffb2b6cac72:   2d 4c 8b 4a 08 4d 85 c9 74 0c 8b c8 49 8b 40 38
0x00007ffb2b6cac82:   f0 4c 0f c1 0c c8 48 c7 42 08 00 00 00 00 44 89
0x00007ffb2b6cac92:   12 49 ff 40 58 4c 01 5a 08 e9 49 ff ff ff 49 ff
0x00007ffb2b6caca2:   40 50 4c 01 5a 08 e9 3c ff ff ff cc cc cc 48 89
0x00007ffb2b6cacb2:   6c 24 10 48 89 74 24 18 57 48 83 ec 20 48 8b 41
0x00007ffb2b6cacc2:   08 48 8b f1 4d 8b c8 8b ea 49 8b f8 8b 88 c0 01
0x00007ffb2b6cacd2:   00 00 48 8b 80 b0 01 00 00 49 d3 e9 4e 8b 0c c8
0x00007ffb2b6cace2:   4d 3b 81 c0 00 00 00 72 12 32 c0 48 8b 6c 24 38
0x00007ffb2b6cacf2:   48 8b 74 24 40 48 83 c4 20 5f c3 48 89 5c 24 30
0x00007ffb2b6cad02:   48 8b d7 48 8b 9e 98 00 00 00 48 8b cb 48 8b 03
0x00007ffb2b6cad12:   ff 10 8b 4b 18 48 8b d7 48 2b 53 08 48 8b 43 20
0x00007ffb2b6cad22:   48 c1 ea 03 48 d3 ea 48 8b ca 48 c1 e9 06 4c 8d
0x00007ffb2b6cad32:   04 c8 0f b6 ca 49 8b 00 80 e1 3f ba 01 00 00 00
0x00007ffb2b6cad42:   48 d3 e2 48 8b c8 48 0b ca 48 3b c8 74 12 f0 49
0x00007ffb2b6cad52:   0f b1 08 74 25 48 8b c8 48 0b ca 48 3b c8 75 ee
0x00007ffb2b6cad62:   32 db 48 8b 6c 24 38 0f b6 c3 48 8b 5c 24 30 48
0x00007ffb2b6cad72:   8b 74 24 40 48 83 c4 20 5f c3 80 3d 64 b6 8a 00
0x00007ffb2b6cad82:   00 b3 01 74 15 8b 57 08 8b 0d 68 f5 83 00 48 d3
0x00007ffb2b6cad92:   e2 48 03 15 56 f5 83 00 eb 04 48 8b 57 08 48 8b
0x00007ffb2b6cada2:   cf e8 b8 1d d3 ff 4c 63 d8 48 8b 86 08 03 00 00
0x00007ffb2b6cadb2:   4c 8b 04 e8 49 8b 40 18 8b 88 c0 01 00 00 48 8b
0x00007ffb2b6cadc2:   90 b8 01 00 00 48 d3 e2 8b 0d 00 c0 8a 00 48 2b
0x00007ffb2b6cadd2:   fa 41 8b 50 60 48 d3 ef 44 8b d7 49 23 d2 48 c1 


Stack slot to memory mapping:
stack at sp + 0 slots: 0x000089b7ad301a78 is an unknown value
stack at sp + 1 slots: 0x0 is NULL
stack at sp + 2 slots: 0x00000007022820c8 is an oop: [Ljava.util.HashMap$Node; 
{0x00000007022820c8} - klass: 'java/util/HashMap$Node'[]
 - length: 8
stack at sp + 3 slots: 0x00007ffb2b6caa2f jvm.dll
stack at sp + 4 slots: 0x0000000020000000 is an unknown value
stack at sp + 5 slots: 0x00007ffb2b6caa2f jvm.dll
stack at sp + 6 slots: 0x00000270020b4860 is pointing into metadata
stack at sp + 7 slots: 0x000000d5413ffa90 points into unknown readable memory: 0x00007ffb2bd47db8 | b8 7d d4 2b fb 7f 00 00


---------------  P R O C E S S  ---------------

Threads class SMR info:
_java_thread_list=0x000002707fc597b0, length=14, elements={
0x000002705c04ecf0, 0x000002707f030060, 0x000002707f032500, 0x000002707f049db0,
0x000002707f194090, 0x000002707f194c60, 0x000002707f04d890, 0x000002707f195530,
0x000002707f19ae80, 0x000002707f19bb40, 0x000002707f2d0c90, 0x000002707f2d6a60,
0x000002707faff520, 0x000002707fb98030
}

Java Threads: ( => current thread )
  0x000002705c04ecf0 JavaThread "main" [_thread_in_native, id=17128, stack(0x000000d53f700000,0x000000d53f800000)]
  0x000002707f030060 JavaThread "Reference Handler" daemon [_thread_blocked, id=17156, stack(0x000000d53fe00000,0x000000d53ff00000)]
  0x000002707f032500 JavaThread "Finalizer" daemon [_thread_blocked, id=17160, stack(0x000000d53ff00000,0x000000d540000000)]
  0x000002707f049db0 JavaThread "Signal Dispatcher" daemon [_thread_blocked, id=17164, stack(0x000000d540000000,0x000000d540100000)]
  0x000002707f194090 JavaThread "Attach Listener" daemon [_thread_blocked, id=17168, stack(0x000000d540100000,0x000000d540200000)]
  0x000002707f194c60 JavaThread "Service Thread" daemon [_thread_blocked, id=17172, stack(0x000000d540200000,0x000000d540300000)]
  0x000002707f04d890 JavaThread "Monitor Deflation Thread" daemon [_thread_blocked, id=17176, stack(0x000000d540300000,0x000000d540400000)]
  0x000002707f195530 JavaThread "C2 CompilerThread0" daemon [_thread_in_native, id=17180, stack(0x000000d540400000,0x000000d540500000)]
  0x000002707f19ae80 JavaThread "C1 CompilerThread0" daemon [_thread_blocked, id=17184, stack(0x000000d540500000,0x000000d540600000)]
  0x000002707f19bb40 JavaThread "Sweeper thread" daemon [_thread_blocked, id=17188, stack(0x000000d540600000,0x000000d540700000)]
  0x000002707f2d0c90 JavaThread "Notification Thread" daemon [_thread_blocked, id=17192, stack(0x000000d540700000,0x000000d540800000)]
  0x000002707f2d6a60 JavaThread "Common-Cleaner" daemon [_thread_blocked, id=17200, stack(0x000000d540900000,0x000000d540a00000)]
  0x000002707faff520 JavaThread "C2 CompilerThread1" daemon [_thread_in_native, id=17204, stack(0x000000d540a00000,0x000000d540b00000)]
  0x000002707fb98030 JavaThread "C2 CompilerThread2" daemon [_thread_in_native, id=17208, stack(0x000000d540b00000,0x000000d540c00000)]

Other Threads:
  0x000002707f0261b0 VMThread "VM Thread" [stack: 0x000000d53fd00000,0x000000d53fe00000] [id=17152]
  0x000002707f2d1990 WatcherThread [stack: 0x000000d540800000,0x000000d540900000] [id=17196]
  0x000002705c0ba170 GCTaskThread "GC Thread#0" [stack: 0x000000d53f800000,0x000000d53f900000] [id=17132]
  0x000002707fb26460 GCTaskThread "GC Thread#1" [stack: 0x000000d540c00000,0x000000d540d00000] [id=17212]
  0x000002707fb26720 GCTaskThread "GC Thread#2" [stack: 0x000000d540d00000,0x000000d540e00000] [id=17216]
  0x000002707fb488b0 GCTaskThread "GC Thread#3" [stack: 0x000000d540e00000,0x000000d540f00000] [id=17220]
  0x000002707fb28ed0 GCTaskThread "GC Thread#4" [stack: 0x000000d540f00000,0x000000d541000000] [id=17224]
  0x000002707fb295a0 GCTaskThread "GC Thread#5" [stack: 0x000000d541000000,0x000000d541100000] [id=17228]
  0x000002707fc13cd0 GCTaskThread "GC Thread#6" [stack: 0x000000d541100000,0x000000d541200000] [id=17232]
  0x000002707fb2a080 GCTaskThread "GC Thread#7" [stack: 0x000000d541200000,0x000000d541300000] [id=17236]
  0x000002705c0caf90 ConcurrentGCThread "G1 Main Marker" [stack: 0x000000d53f900000,0x000000d53fa00000] [id=17136]
  0x000002705c0cb9b0 ConcurrentGCThread "G1 Conc#0" [stack: 0x000000d53fa00000,0x000000d53fb00000] [id=17140]
=>0x0000027048a3e540 ConcurrentGCThread "G1 Conc#1" [stack: 0x000000d541300000,0x000000d541400000] [id=17304]
  0x000002705c10db00 ConcurrentGCThread "G1 Refine#0" [stack: 0x000000d53fb00000,0x000000d53fc00000] [id=17144]
  0x000002705c10e530 ConcurrentGCThread "G1 Service" [stack: 0x000000d53fc00000,0x000000d53fd00000] [id=17148]

Threads with active compile tasks:
C2 CompilerThread0     5938 5600       4       org.apache.maven.model.io.xpp3.MavenXpp3Reader::parseDependency (486 bytes)
C1 CompilerThread0     5938 5646       3       org.eclipse.aether.internal.impl.SimpleLocalRepositoryManager::getRepositoryKey (176 bytes)
C2 CompilerThread1     5939 5607       4       org.apache.maven.repository.internal.ArtifactDescriptorReaderDelegate::populateResult (426 bytes)
C2 CompilerThread2     5939 5618   !   4       org.codehaus.plexus.interpolation.StringSearchInterpolator::interpolate (668 bytes)

VM state: not at safepoint (normal execution)

VM Mutex/Monitor currently owned by a thread: None

Heap address: 0x0000000701200000, size: 4078 MB, Compressed Oops mode: Zero based, Oop shift amount: 3

CDS archive(s) mapped at: [0x0000027002000000-0x0000027002bb0000-0x0000027002bb0000), size 12255232, SharedBaseAddress: 0x0000027002000000, ArchiveRelocationMode: 1.
Compressed class space mapped at: 0x0000027003000000-0x0000027043000000, reserved size: 1073741824
Narrow klass base: 0x0000027002000000, Narrow klass shift: 0, Narrow klass range: 0x100000000

GC Precious Log:
 CPUs: 8 total, 8 available
 Memory: 16304M
 Large Page Support: Disabled
 NUMA Support: Disabled
 Compressed Oops: Enabled (Zero based)
 Heap Region Size: 2M
 Heap Min Capacity: 8M
 Heap Initial Capacity: 256M
 Heap Max Capacity: 4078M
 Pre-touch: Disabled
 Parallel Workers: 8
 Concurrent Workers: 2
 Concurrent Refinement Workers: 8
 Periodic GC: Disabled

Heap:
 garbage-first heap   total 262144K, used 97618K [0x0000000701200000, 0x0000000800000000)
  region size 2048K, 14 young (28672K), 2 survivors (4096K)
 Metaspace       used 21377K, committed 21696K, reserved 1114112K
  class space    used 2366K, committed 2496K, reserved 1048576K

Heap Regions: E=young(eden), S=young(survivor), O=old, HS=humongous(starts), HC=humongous(continues), CS=collection set, F=free, OA=open archive, CA=closed archive, TAMS=top-at-mark-start (previous, next)
|   0|0x0000000701200000, 0x0000000701400000, 0x0000000701400000|100%| O|  |TAMS 0x0000000701200000, 0x0000000701400000| Untracked 
|   1|0x0000000701400000, 0x0000000701600000, 0x0000000701600000|100%| O|  |TAMS 0x0000000701400000, 0x0000000701600000| Untracked 
|   2|0x0000000701600000, 0x0000000701800000, 0x0000000701800000|100%| O|  |TAMS 0x0000000701600000, 0x0000000701800000| Untracked 
|   3|0x0000000701800000, 0x0000000701a00000, 0x0000000701a00000|100%| O|  |TAMS 0x0000000701800000, 0x0000000701a00000| Untracked 
|   4|0x0000000701a00000, 0x0000000701c00000, 0x0000000701c00000|100%| O|  |TAMS 0x0000000701a00000, 0x0000000701c00000| Untracked 
|   5|0x0000000701c00000, 0x0000000701e00000, 0x0000000701e00000|100%| O|  |TAMS 0x0000000701c00000, 0x0000000701e00000| Untracked 
|   6|0x0000000701e00000, 0x0000000702000000, 0x0000000702000000|100%| O|  |TAMS 0x0000000701e00000, 0x0000000702000000| Untracked 
|   7|0x0000000702000000, 0x0000000702200000, 0x0000000702200000|100%| O|  |TAMS 0x0000000702000000, 0x0000000702200000| Untracked 
|   8|0x0000000702200000, 0x0000000702400000, 0x0000000702400000|100%| O|  |TAMS 0x0000000702200000, 0x0000000702400000| Untracked 
|   9|0x0000000702400000, 0x0000000702600000, 0x0000000702600000|100%| O|  |TAMS 0x0000000702400000, 0x0000000702600000| Untracked 
|  10|0x0000000702600000, 0x0000000702800000, 0x0000000702800000|100%| O|  |TAMS 0x0000000702600000, 0x0000000702800000| Untracked 
|  11|0x0000000702800000, 0x0000000702a00000, 0x0000000702a00000|100%| O|  |TAMS 0x0000000702800000, 0x0000000702a00000| Untracked 
|  12|0x0000000702a00000, 0x0000000702c00000, 0x0000000702c00000|100%| O|  |TAMS 0x0000000702a00000, 0x0000000702c00000| Untracked 
|  13|0x0000000702c00000, 0x0000000702e00000, 0x0000000702e00000|100%| O|  |TAMS 0x0000000702c00000, 0x0000000702e00000| Untracked 
|  14|0x0000000702e00000, 0x0000000703000000, 0x0000000703000000|100%| O|  |TAMS 0x0000000702e00000, 0x0000000703000000| Untracked 
|  15|0x0000000703000000, 0x0000000703200000, 0x0000000703200000|100%| O|  |TAMS 0x0000000703000000, 0x0000000703200000| Untracked 
|  16|0x0000000703200000, 0x0000000703400000, 0x0000000703400000|100%| O|  |TAMS 0x0000000703200000, 0x0000000703400000| Untracked 
|  17|0x0000000703400000, 0x0000000703600000, 0x0000000703600000|100%| O|  |TAMS 0x0000000703400000, 0x0000000703600000| Untracked 
|  18|0x0000000703600000, 0x0000000703800000, 0x0000000703800000|100%| O|  |TAMS 0x0000000703600000, 0x0000000703800000| Untracked 
|  19|0x0000000703800000, 0x0000000703a00000, 0x0000000703a00000|100%| O|  |TAMS 0x0000000703800000, 0x0000000703a00000| Untracked 
|  20|0x0000000703a00000, 0x0000000703c00000, 0x0000000703c00000|100%| O|  |TAMS 0x0000000703a00000, 0x0000000703c00000| Untracked 
|  21|0x0000000703c00000, 0x0000000703e00000, 0x0000000703e00000|100%| O|  |TAMS 0x0000000703c00000, 0x0000000703e00000| Untracked 
|  22|0x0000000703e00000, 0x0000000704000000, 0x0000000704000000|100%| O|  |TAMS 0x0000000703e00000, 0x0000000704000000| Untracked 
|  23|0x0000000704000000, 0x0000000704200000, 0x0000000704200000|100%| O|  |TAMS 0x0000000704000000, 0x0000000704200000| Untracked 
|  24|0x0000000704200000, 0x0000000704400000, 0x0000000704400000|100%| O|  |TAMS 0x0000000704200000, 0x0000000704361400| Untracked 
|  25|0x0000000704400000, 0x0000000704600000, 0x0000000704600000|100%| O|  |TAMS 0x0000000704400000, 0x0000000704400000| Untracked 
|  26|0x0000000704600000, 0x0000000704800000, 0x0000000704800000|100%| O|  |TAMS 0x0000000704600000, 0x0000000704600000| Untracked 
|  27|0x0000000704800000, 0x0000000704a00000, 0x0000000704a00000|100%| O|  |TAMS 0x0000000704800000, 0x0000000704800000| Untracked 
|  28|0x0000000704a00000, 0x0000000704c00000, 0x0000000704c00000|100%| O|  |TAMS 0x0000000704a00000, 0x0000000704a00000| Untracked 
|  29|0x0000000704c00000, 0x0000000704e00000, 0x0000000704e00000|100%| O|  |TAMS 0x0000000704c00000, 0x0000000704c00000| Untracked 
|  30|0x0000000704e00000, 0x0000000705000000, 0x0000000705000000|100%| O|  |TAMS 0x0000000704e00000, 0x0000000704e00000| Untracked 
|  31|0x0000000705000000, 0x0000000705200000, 0x0000000705200000|100%| O|  |TAMS 0x0000000705000000, 0x0000000705000000| Untracked 
|  32|0x0000000705200000, 0x0000000705400000, 0x0000000705400000|100%| O|  |TAMS 0x0000000705200000, 0x0000000705200000| Untracked 
|  33|0x0000000705400000, 0x0000000705600000, 0x0000000705600000|100%| O|  |TAMS 0x0000000705400000, 0x0000000705400000| Untracked 
|  34|0x0000000705600000, 0x0000000705778e00, 0x0000000705800000| 73%| O|  |TAMS 0x0000000705600000, 0x0000000705600000| Untracked 
|  35|0x0000000705800000, 0x0000000705800000, 0x0000000705a00000|  0%| F|  |TAMS 0x0000000705800000, 0x0000000705800000| Untracked 
|  36|0x0000000705a00000, 0x0000000705a00000, 0x0000000705c00000|  0%| F|  |TAMS 0x0000000705a00000, 0x0000000705a00000| Untracked 
|  37|0x0000000705c00000, 0x0000000705c00000, 0x0000000705e00000|  0%| F|  |TAMS 0x0000000705c00000, 0x0000000705c00000| Untracked 
|  38|0x0000000705e00000, 0x0000000705e00000, 0x0000000706000000|  0%| F|  |TAMS 0x0000000705e00000, 0x0000000705e00000| Untracked 
|  39|0x0000000706000000, 0x0000000706000000, 0x0000000706200000|  0%| F|  |TAMS 0x0000000706000000, 0x0000000706000000| Untracked 
|  40|0x0000000706200000, 0x0000000706200000, 0x0000000706400000|  0%| F|  |TAMS 0x0000000706200000, 0x0000000706200000| Untracked 
|  41|0x0000000706400000, 0x0000000706400000, 0x0000000706600000|  0%| F|  |TAMS 0x0000000706400000, 0x0000000706400000| Untracked 
|  42|0x0000000706600000, 0x0000000706600000, 0x0000000706800000|  0%| F|  |TAMS 0x0000000706600000, 0x0000000706600000| Untracked 
|  43|0x0000000706800000, 0x0000000706800000, 0x0000000706a00000|  0%| F|  |TAMS 0x0000000706800000, 0x0000000706800000| Untracked 
|  44|0x0000000706a00000, 0x0000000706a00000, 0x0000000706c00000|  0%| F|  |TAMS 0x0000000706a00000, 0x0000000706a00000| Untracked 
|  45|0x0000000706c00000, 0x0000000706c00000, 0x0000000706e00000|  0%| F|  |TAMS 0x0000000706c00000, 0x0000000706c00000| Untracked 
|  46|0x0000000706e00000, 0x0000000706e00000, 0x0000000707000000|  0%| F|  |TAMS 0x0000000706e00000, 0x0000000706e00000| Untracked 
|  47|0x0000000707000000, 0x0000000707000000, 0x0000000707200000|  0%| F|  |TAMS 0x0000000707000000, 0x0000000707000000| Untracked 
|  48|0x0000000707200000, 0x0000000707200000, 0x0000000707400000|  0%| F|  |TAMS 0x0000000707200000, 0x0000000707200000| Untracked 
|  49|0x0000000707400000, 0x0000000707400000, 0x0000000707600000|  0%| F|  |TAMS 0x0000000707400000, 0x0000000707400000| Untracked 
|  50|0x0000000707600000, 0x0000000707600000, 0x0000000707800000|  0%| F|  |TAMS 0x0000000707600000, 0x0000000707600000| Untracked 
|  51|0x0000000707800000, 0x0000000707800000, 0x0000000707a00000|  0%| F|  |TAMS 0x0000000707800000, 0x0000000707800000| Untracked 
|  52|0x0000000707a00000, 0x0000000707a00000, 0x0000000707c00000|  0%| F|  |TAMS 0x0000000707a00000, 0x0000000707a00000| Untracked 
|  53|0x0000000707c00000, 0x0000000707c00000, 0x0000000707e00000|  0%| F|  |TAMS 0x0000000707c00000, 0x0000000707c00000| Untracked 
|  54|0x0000000707e00000, 0x0000000707e00000, 0x0000000708000000|  0%| F|  |TAMS 0x0000000707e00000, 0x0000000707e00000| Untracked 
|  55|0x0000000708000000, 0x0000000708000000, 0x0000000708200000|  0%| F|  |TAMS 0x0000000708000000, 0x0000000708000000| Untracked 
|  56|0x0000000708200000, 0x0000000708200000, 0x0000000708400000|  0%| F|  |TAMS 0x0000000708200000, 0x0000000708200000| Untracked 
|  57|0x0000000708400000, 0x0000000708400000, 0x0000000708600000|  0%| F|  |TAMS 0x0000000708400000, 0x0000000708400000| Untracked 
|  58|0x0000000708600000, 0x0000000708600000, 0x0000000708800000|  0%| F|  |TAMS 0x0000000708600000, 0x0000000708600000| Untracked 
|  59|0x0000000708800000, 0x0000000708800000, 0x0000000708a00000|  0%| F|  |TAMS 0x0000000708800000, 0x0000000708800000| Untracked 
|  60|0x0000000708a00000, 0x0000000708a00000, 0x0000000708c00000|  0%| F|  |TAMS 0x0000000708a00000, 0x0000000708a00000| Untracked 
|  61|0x0000000708c00000, 0x0000000708c00000, 0x0000000708e00000|  0%| F|  |TAMS 0x0000000708c00000, 0x0000000708c00000| Untracked 
|  62|0x0000000708e00000, 0x0000000708e00000, 0x0000000709000000|  0%| F|  |TAMS 0x0000000708e00000, 0x0000000708e00000| Untracked 
|  63|0x0000000709000000, 0x0000000709000000, 0x0000000709200000|  0%| F|  |TAMS 0x0000000709000000, 0x0000000709000000| Untracked 
|  64|0x0000000709200000, 0x0000000709200000, 0x0000000709400000|  0%| F|  |TAMS 0x0000000709200000, 0x0000000709200000| Untracked 
|  65|0x0000000709400000, 0x0000000709400000, 0x0000000709600000|  0%| F|  |TAMS 0x0000000709400000, 0x0000000709400000| Untracked 
|  66|0x0000000709600000, 0x0000000709600000, 0x0000000709800000|  0%| F|  |TAMS 0x0000000709600000, 0x0000000709600000| Untracked 
|  67|0x0000000709800000, 0x0000000709800000, 0x0000000709a00000|  0%| F|  |TAMS 0x0000000709800000, 0x0000000709800000| Untracked 
|  68|0x0000000709a00000, 0x0000000709a00000, 0x0000000709c00000|  0%| F|  |TAMS 0x0000000709a00000, 0x0000000709a00000| Untracked 
|  69|0x0000000709c00000, 0x0000000709c00000, 0x0000000709e00000|  0%| F|  |TAMS 0x0000000709c00000, 0x0000000709c00000| Untracked 
|  70|0x0000000709e00000, 0x0000000709e00000, 0x000000070a000000|  0%| F|  |TAMS 0x0000000709e00000, 0x0000000709e00000| Untracked 
|  71|0x000000070a000000, 0x000000070a000000, 0x000000070a200000|  0%| F|  |TAMS 0x000000070a000000, 0x000000070a000000| Untracked 
|  72|0x000000070a200000, 0x000000070a200000, 0x000000070a400000|  0%| F|  |TAMS 0x000000070a200000, 0x000000070a200000| Untracked 
|  73|0x000000070a400000, 0x000000070a400000, 0x000000070a600000|  0%| F|  |TAMS 0x000000070a400000, 0x000000070a400000| Untracked 
|  74|0x000000070a600000, 0x000000070a600000, 0x000000070a800000|  0%| F|  |TAMS 0x000000070a600000, 0x000000070a600000| Untracked 
|  75|0x000000070a800000, 0x000000070a800000, 0x000000070aa00000|  0%| F|  |TAMS 0x000000070a800000, 0x000000070a800000| Untracked 
|  76|0x000000070aa00000, 0x000000070aa00000, 0x000000070ac00000|  0%| F|  |TAMS 0x000000070aa00000, 0x000000070aa00000| Untracked 
|  77|0x000000070ac00000, 0x000000070ac00000, 0x000000070ae00000|  0%| F|  |TAMS 0x000000070ac00000, 0x000000070ac00000| Untracked 
|  78|0x000000070ae00000, 0x000000070ae00000, 0x000000070b000000|  0%| F|  |TAMS 0x000000070ae00000, 0x000000070ae00000| Untracked 
|  79|0x000000070b000000, 0x000000070b000000, 0x000000070b200000|  0%| F|  |TAMS 0x000000070b000000, 0x000000070b000000| Untracked 
|  80|0x000000070b200000, 0x000000070b200000, 0x000000070b400000|  0%| F|  |TAMS 0x000000070b200000, 0x000000070b200000| Untracked 
|  81|0x000000070b400000, 0x000000070b400000, 0x000000070b600000|  0%| F|  |TAMS 0x000000070b400000, 0x000000070b400000| Untracked 
|  82|0x000000070b600000, 0x000000070b600000, 0x000000070b800000|  0%| F|  |TAMS 0x000000070b600000, 0x000000070b600000| Untracked 
|  83|0x000000070b800000, 0x000000070b800000, 0x000000070ba00000|  0%| F|  |TAMS 0x000000070b800000, 0x000000070b800000| Untracked 
|  84|0x000000070ba00000, 0x000000070ba00000, 0x000000070bc00000|  0%| F|  |TAMS 0x000000070ba00000, 0x000000070ba00000| Untracked 
|  85|0x000000070bc00000, 0x000000070bc00000, 0x000000070be00000|  0%| F|  |TAMS 0x000000070bc00000, 0x000000070bc00000| Untracked 
|  86|0x000000070be00000, 0x000000070be00000, 0x000000070c000000|  0%| F|  |TAMS 0x000000070be00000, 0x000000070be00000| Untracked 
|  87|0x000000070c000000, 0x000000070c000000, 0x000000070c200000|  0%| F|  |TAMS 0x000000070c000000, 0x000000070c000000| Untracked 
|  88|0x000000070c200000, 0x000000070c200000, 0x000000070c400000|  0%| F|  |TAMS 0x000000070c200000, 0x000000070c200000| Untracked 
|  89|0x000000070c400000, 0x000000070c400000, 0x000000070c600000|  0%| F|  |TAMS 0x000000070c400000, 0x000000070c400000| Untracked 
|  90|0x000000070c600000, 0x000000070c600000, 0x000000070c800000|  0%| F|  |TAMS 0x000000070c600000, 0x000000070c600000| Untracked 
|  91|0x000000070c800000, 0x000000070c800000, 0x000000070ca00000|  0%| F|  |TAMS 0x000000070c800000, 0x000000070c800000| Untracked 
|  92|0x000000070ca00000, 0x000000070ca00000, 0x000000070cc00000|  0%| F|  |TAMS 0x000000070ca00000, 0x000000070ca00000| Untracked 
|  93|0x000000070cc00000, 0x000000070cc00000, 0x000000070ce00000|  0%| F|  |TAMS 0x000000070cc00000, 0x000000070cc00000| Untracked 
|  94|0x000000070ce00000, 0x000000070ce00000, 0x000000070d000000|  0%| F|  |TAMS 0x000000070ce00000, 0x000000070ce00000| Untracked 
|  95|0x000000070d000000, 0x000000070d000000, 0x000000070d200000|  0%| F|  |TAMS 0x000000070d000000, 0x000000070d000000| Untracked 
|  96|0x000000070d200000, 0x000000070d200000, 0x000000070d400000|  0%| F|  |TAMS 0x000000070d200000, 0x000000070d200000| Untracked 
|  97|0x000000070d400000, 0x000000070d400000, 0x000000070d600000|  0%| F|  |TAMS 0x000000070d400000, 0x000000070d400000| Untracked 
|  98|0x000000070d600000, 0x000000070d600000, 0x000000070d800000|  0%| F|  |TAMS 0x000000070d600000, 0x000000070d600000| Untracked 
|  99|0x000000070d800000, 0x000000070d800000, 0x000000070da00000|  0%| F|  |TAMS 0x000000070d800000, 0x000000070d800000| Untracked 
| 100|0x000000070da00000, 0x000000070da00000, 0x000000070dc00000|  0%| F|  |TAMS 0x000000070da00000, 0x000000070da00000| Untracked 
| 101|0x000000070dc00000, 0x000000070dc00000, 0x000000070de00000|  0%| F|  |TAMS 0x000000070dc00000, 0x000000070dc00000| Untracked 
| 102|0x000000070de00000, 0x000000070de00000, 0x000000070e000000|  0%| F|  |TAMS 0x000000070de00000, 0x000000070de00000| Untracked 
| 103|0x000000070e000000, 0x000000070e000000, 0x000000070e200000|  0%| F|  |TAMS 0x000000070e000000, 0x000000070e000000| Untracked 
| 104|0x000000070e200000, 0x000000070e200000, 0x000000070e400000|  0%| F|  |TAMS 0x000000070e200000, 0x000000070e200000| Untracked 
| 105|0x000000070e400000, 0x000000070e400000, 0x000000070e600000|  0%| F|  |TAMS 0x000000070e400000, 0x000000070e400000| Untracked 
| 106|0x000000070e600000, 0x000000070e600000, 0x000000070e800000|  0%| F|  |TAMS 0x000000070e600000, 0x000000070e600000| Untracked 
| 107|0x000000070e800000, 0x000000070e800000, 0x000000070ea00000|  0%| F|  |TAMS 0x000000070e800000, 0x000000070e800000| Untracked 
| 108|0x000000070ea00000, 0x000000070ea00000, 0x000000070ec00000|  0%| F|  |TAMS 0x000000070ea00000, 0x000000070ea00000| Untracked 
| 109|0x000000070ec00000, 0x000000070ec00000, 0x000000070ee00000|  0%| F|  |TAMS 0x000000070ec00000, 0x000000070ec00000| Untracked 
| 110|0x000000070ee00000, 0x000000070ee00000, 0x000000070f000000|  0%| F|  |TAMS 0x000000070ee00000, 0x000000070ee00000| Untracked 
| 111|0x000000070f000000, 0x000000070f000000, 0x000000070f200000|  0%| F|  |TAMS 0x000000070f000000, 0x000000070f000000| Untracked 
| 112|0x000000070f200000, 0x000000070f200000, 0x000000070f400000|  0%| F|  |TAMS 0x000000070f200000, 0x000000070f200000| Untracked 
| 113|0x000000070f400000, 0x000000070f400000, 0x000000070f600000|  0%| F|  |TAMS 0x000000070f400000, 0x000000070f400000| Untracked 
| 114|0x000000070f600000, 0x000000070f800000, 0x000000070f800000|100%| E|  |TAMS 0x000000070f600000, 0x000000070f600000| Complete 
| 115|0x000000070f800000, 0x000000070fa00000, 0x000000070fa00000|100%| E|CS|TAMS 0x000000070f800000, 0x000000070f800000| Complete 
| 116|0x000000070fa00000, 0x000000070fc00000, 0x000000070fc00000|100%| E|CS|TAMS 0x000000070fa00000, 0x000000070fa00000| Complete 
| 117|0x000000070fc00000, 0x000000070fddbb08, 0x000000070fe00000| 92%| S|CS|TAMS 0x000000070fc00000, 0x000000070fc00000| Complete 
| 118|0x000000070fe00000, 0x0000000710000000, 0x0000000710000000|100%| S|CS|TAMS 0x000000070fe00000, 0x000000070fe00000| Complete 
| 119|0x0000000710000000, 0x0000000710200000, 0x0000000710200000|100%| E|CS|TAMS 0x0000000710000000, 0x0000000710000000| Complete 
| 120|0x0000000710200000, 0x0000000710400000, 0x0000000710400000|100%| E|CS|TAMS 0x0000000710200000, 0x0000000710200000| Complete 
| 121|0x0000000710400000, 0x0000000710600000, 0x0000000710600000|100%| E|CS|TAMS 0x0000000710400000, 0x0000000710400000| Complete 
| 122|0x0000000710600000, 0x0000000710800000, 0x0000000710800000|100%| E|CS|TAMS 0x0000000710600000, 0x0000000710600000| Complete 
| 123|0x0000000710800000, 0x0000000710a00000, 0x0000000710a00000|100%| E|CS|TAMS 0x0000000710800000, 0x0000000710800000| Complete 
| 124|0x0000000710a00000, 0x0000000710c00000, 0x0000000710c00000|100%| E|CS|TAMS 0x0000000710a00000, 0x0000000710a00000| Complete 
| 125|0x0000000710c00000, 0x0000000710e00000, 0x0000000710e00000|100%| E|CS|TAMS 0x0000000710c00000, 0x0000000710c00000| Complete 
| 126|0x0000000710e00000, 0x0000000711000000, 0x0000000711000000|100%| E|CS|TAMS 0x0000000710e00000, 0x0000000710e00000| Complete 
| 127|0x0000000711000000, 0x0000000711200000, 0x0000000711200000|100%| E|CS|TAMS 0x0000000711000000, 0x0000000711000000| Complete 

Card table byte_map: [0x00000270755c0000,0x0000027075dc0000] _byte_map_base: 0x0000027071db7000

Marking Bits (Prev, Next): (CMBitMap*) 0x000002705c0ba790, (CMBitMap*) 0x000002705c0ba7d0
 Prev Bits: [0x00000270765c0000, 0x000002707a578000)
 Next Bits: [0x000002707a580000, 0x000002707e538000)

Polling page: 0x000002705c110000

Metaspace:

Usage:
  Non-class:     18.57 MB used.
      Class:      2.31 MB used.
       Both:     20.88 MB used.

Virtual space:
  Non-class space:       64.00 MB reserved,      18.75 MB ( 29%) committed,  1 nodes.
      Class space:        1.00 GB reserved,       2.44 MB ( <1%) committed,  1 nodes.
             Both:        1.06 GB reserved,      21.19 MB (  2%) committed. 

Chunk freelists:
   Non-Class:  12.58 MB
       Class:  13.53 MB
        Both:  26.11 MB

MaxMetaspaceSize: unlimited
CompressedClassSpaceSize: 1.00 GB
Initial GC threshold: 21.00 MB
Current GC threshold: 21.31 MB
CDS: on
MetaspaceReclaimPolicy: balanced
 - commit_granule_bytes: 65536.
 - commit_granule_words: 8192.
 - virtual_space_node_default_size: 8388608.
 - enlarge_chunks_in_place: 1.
 - new_chunks_are_fully_committed: 0.
 - uncommit_free_chunks: 1.
 - use_allocation_guard: 0.
 - handle_deallocations: 1.


Internal statistics:

num_allocs_failed_limit: 3.
num_arena_births: 244.
num_arena_deaths: 0.
num_vsnodes_births: 2.
num_vsnodes_deaths: 0.
num_space_committed: 339.
num_space_uncommitted: 0.
num_chunks_returned_to_freelist: 3.
num_chunks_taken_from_freelist: 1001.
num_chunk_merges: 3.
num_chunk_splits: 673.
num_chunks_enlarged: 511.
num_inconsistent_stats: 0.

CodeHeap 'non-profiled nmethods': size=120000Kb used=3280Kb max_used=3280Kb free=116719Kb
 bounds [0x000002706ce10000, 0x000002706d150000, 0x0000027074340000]
CodeHeap 'profiled nmethods': size=120000Kb used=10675Kb max_used=10902Kb free=109324Kb
 bounds [0x0000027065340000, 0x0000027065df0000, 0x000002706c870000]
CodeHeap 'non-nmethods': size=5760Kb used=1193Kb max_used=1266Kb free=4566Kb
 bounds [0x000002706c870000, 0x000002706cae0000, 0x000002706ce10000]
 total_blobs=5431 nmethods=4942 adapters=401
 compilation: enabled
              stopped_count=0, restarted_count=0
 full_count=0

Compilation events (20 events):
Event: 5.801 Thread 0x000002707f19ae80 5604       3       org.apache.maven.repository.internal.ArtifactDescriptorReaderDelegate::convert (205 bytes)
Event: 5.802 Thread 0x000002707faff520 nmethod 5599 0x000002706d13ec90 code [0x000002706d13eee0, 0x000002706d13f9c8]
Event: 5.802 Thread 0x000002707faff520 5607       4       org.apache.maven.repository.internal.ArtifactDescriptorReaderDelegate::populateResult (426 bytes)
Event: 5.803 Thread 0x000002707f19ae80 nmethod 5604 0x0000027065404710 code [0x0000027065404ac0, 0x0000027065406818]
Event: 5.803 Thread 0x000002707f19ae80 5605       3       org.eclipse.aether.util.artifact.DefaultArtifactTypeRegistry::get (6 bytes)
Event: 5.803 Thread 0x000002707f19ae80 nmethod 5605 0x0000027065404010 code [0x00000270654041c0, 0x0000027065404508]
Event: 5.803 Thread 0x000002707f19ae80 5606       3       org.eclipse.aether.util.artifact.SimpleArtifactTypeRegistry::get (14 bytes)
Event: 5.803 Thread 0x000002707f19ae80 nmethod 5606 0x0000027065cdca90 code [0x0000027065cdcc40, 0x0000027065cdcf28]
Event: 5.809 Thread 0x000002707f19ae80 5610       3       java.util.ImmutableCollections$SetN::isEmpty (13 bytes)
Event: 5.809 Thread 0x000002707f19ae80 nmethod 5610 0x0000027065cdc710 code [0x0000027065cdc8a0, 0x0000027065cdca18]
Event: 5.814 Thread 0x000002707f19ae80 5611       3       java.util.HashMap::comparableClassFor (115 bytes)
Event: 5.815 Thread 0x000002707f19ae80 nmethod 5611 0x0000027065cdb310 code [0x0000027065cdb580, 0x0000027065cdc398]
Event: 5.815 Thread 0x000002707f19ae80 5613       3       java.util.HashMap$TreeNode::tieBreakOrder (49 bytes)
Event: 5.815 Thread 0x000002707f19ae80 nmethod 5613 0x0000027065cda990 code [0x0000027065cdaba0, 0x0000027065cdb0c8]
Event: 5.815 Thread 0x000002707f19ae80 5614       3       org.eclipse.aether.util.graph.manager.ClassicDependencyManager$$Lambda$123/0x00000270031bb7e8::apply (5 bytes)
Event: 5.815 Thread 0x000002707f19ae80 nmethod 5614 0x0000027065cda410 code [0x0000027065cda5e0, 0x0000027065cda848]
Event: 5.815 Thread 0x000002707f19ae80 5615       3       org.eclipse.aether.util.graph.manager.ClassicDependencyManager::lambda$deriveChildManager$0 (8 bytes)
Event: 5.816 Thread 0x000002707f19ae80 nmethod 5615 0x0000027065cd9f10 code [0x0000027065cda0e0, 0x0000027065cda2e8]
Event: 5.819 Thread 0x000002707fb98030 nmethod 5603 0x000002706d140210 code [0x000002706d140440, 0x000002706d141210]
Event: 5.820 Thread 0x000002707fb98030 5608       4       org.eclipse.aether.artifact.DefaultArtifact::<init> (130 bytes)

GC Heap History (12 events):
Event: 0.569 GC heap before
{Heap before GC invocations=0 (full 0):
 garbage-first heap   total 262144K, used 22528K [0x0000000701200000, 0x0000000800000000)
  region size 2048K, 11 young (22528K), 0 survivors (0K)
 Metaspace       used 5731K, committed 5952K, reserved 1114112K
  class space    used 684K, committed 768K, reserved 1048576K
}
Event: 0.573 GC heap after
{Heap after GC invocations=1 (full 0):
 garbage-first heap   total 262144K, used 3864K [0x0000000701200000, 0x0000000800000000)
  region size 2048K, 2 young (4096K), 2 survivors (4096K)
 Metaspace       used 5731K, committed 5952K, reserved 1114112K
  class space    used 684K, committed 768K, reserved 1048576K
}
Event: 0.990 GC heap before
{Heap before GC invocations=1 (full 0):
 garbage-first heap   total 262144K, used 32536K [0x0000000701200000, 0x0000000800000000)
  region size 2048K, 16 young (32768K), 2 survivors (4096K)
 Metaspace       used 9028K, committed 9152K, reserved 1114112K
  class space    used 1094K, committed 1152K, reserved 1048576K
}
Event: 0.994 GC heap after
{Heap after GC invocations=2 (full 0):
 garbage-first heap   total 262144K, used 5043K [0x0000000701200000, 0x0000000800000000)
  region size 2048K, 1 young (2048K), 1 survivors (2048K)
 Metaspace       used 9028K, committed 9152K, reserved 1114112K
  class space    used 1094K, committed 1152K, reserved 1048576K
}
Event: 3.260 GC heap before
{Heap before GC invocations=2 (full 0):
 garbage-first heap   total 262144K, used 158643K [0x0000000701200000, 0x0000000800000000)
  region size 2048K, 76 young (155648K), 1 survivors (2048K)
 Metaspace       used 16531K, committed 16704K, reserved 1114112K
  class space    used 1875K, committed 1920K, reserved 1048576K
}
Event: 3.274 GC heap after
{Heap after GC invocations=3 (full 0):
 garbage-first heap   total 262144K, used 19965K [0x0000000701200000, 0x0000000800000000)
  region size 2048K, 8 young (16384K), 8 survivors (16384K)
 Metaspace       used 16531K, committed 16704K, reserved 1114112K
  class space    used 1875K, committed 1920K, reserved 1048576K
}
Event: 4.366 GC heap before
{Heap before GC invocations=3 (full 0):
 garbage-first heap   total 262144K, used 159229K [0x0000000701200000, 0x0000000800000000)
  region size 2048K, 76 young (155648K), 8 survivors (16384K)
 Metaspace       used 18472K, committed 18816K, reserved 1114112K
  class space    used 2060K, committed 2240K, reserved 1048576K
}
Event: 4.390 GC heap after
{Heap after GC invocations=4 (full 0):
 garbage-first heap   total 262144K, used 43233K [0x0000000701200000, 0x0000000800000000)
  region size 2048K, 10 young (20480K), 10 survivors (20480K)
 Metaspace       used 18472K, committed 18816K, reserved 1114112K
  class space    used 2060K, committed 2240K, reserved 1048576K
}
Event: 5.346 GC heap before
{Heap before GC invocations=4 (full 0):
 garbage-first heap   total 262144K, used 164065K [0x0000000701200000, 0x0000000800000000)
  region size 2048K, 69 young (141312K), 10 survivors (20480K)
 Metaspace       used 18606K, committed 18944K, reserved 1114112K
  class space    used 2064K, committed 2240K, reserved 1048576K
}
Event: 5.368 GC heap after
{Heap after GC invocations=5 (full 0):
 garbage-first heap   total 262144K, used 68997K [0x0000000701200000, 0x0000000800000000)
  region size 2048K, 9 young (18432K), 9 survivors (18432K)
 Metaspace       used 18606K, committed 18944K, reserved 1114112K
  class space    used 2064K, committed 2240K, reserved 1048576K
}
Event: 5.767 GC heap before
{Heap before GC invocations=5 (full 0):
 garbage-first heap   total 262144K, used 85381K [0x0000000701200000, 0x0000000800000000)
  region size 2048K, 18 young (36864K), 9 survivors (18432K)
 Metaspace       used 21180K, committed 21504K, reserved 1114112K
  class space    used 2351K, committed 2496K, reserved 1048576K
}
Event: 5.779 GC heap after
{Heap after GC invocations=6 (full 0):
 garbage-first heap   total 262144K, used 75090K [0x0000000701200000, 0x0000000800000000)
  region size 2048K, 2 young (4096K), 2 survivors (4096K)
 Metaspace       used 21180K, committed 21504K, reserved 1114112K
  class space    used 2351K, committed 2496K, reserved 1048576K
}

Dll operation events (8 events):
Event: 0.006 Loaded shared library C:\Program Files\Java\microsoft-jdk-17.0.10-windows-x64\jdk-17.0.10+7\bin\java.dll
Event: 0.022 Loaded shared library C:\Program Files\Java\microsoft-jdk-17.0.10-windows-x64\jdk-17.0.10+7\bin\jsvml.dll
Event: 0.046 Loaded shared library C:\Program Files\Java\microsoft-jdk-17.0.10-windows-x64\jdk-17.0.10+7\bin\net.dll
Event: 0.048 Loaded shared library C:\Program Files\Java\microsoft-jdk-17.0.10-windows-x64\jdk-17.0.10+7\bin\nio.dll
Event: 0.050 Loaded shared library C:\Program Files\Java\microsoft-jdk-17.0.10-windows-x64\jdk-17.0.10+7\bin\zip.dll
Event: 0.055 Loaded shared library C:\Program Files\Java\microsoft-jdk-17.0.10-windows-x64\jdk-17.0.10+7\bin\jimage.dll
Event: 0.181 Loaded shared library C:\Users\Andriary\AppData\Local\Temp\jansi-2.4.0-65853d16f81dcd11-jansi.dll
Event: 0.194 Loaded shared library C:\Program Files\Java\microsoft-jdk-17.0.10-windows-x64\jdk-17.0.10+7\bin\verify.dll

Deoptimization events (20 events):
Event: 5.789 Thread 0x000002705c04ecf0 DEOPT PACKING pc=0x000002706d0eb998 sp=0x000000d53f7fc2a0
Event: 5.789 Thread 0x000002705c04ecf0 DEOPT UNPACKING pc=0x000002706c8c69a3 sp=0x000000d53f7fc2e8 mode 2
Event: 5.789 Thread 0x000002705c04ecf0 Uncommon trap: trap_request=0xffffffde fr.pc=0x000002706d071778 relative=0x00000000000086f8
Event: 5.789 Thread 0x000002705c04ecf0 Uncommon trap: reason=class_check action=maybe_recompile pc=0x000002706d071778 method=org.codehaus.plexus.interpolation.StringSearchInterpolator.interpolate(Ljava/lang/String;Lorg/codehaus/plexus/interpolation/RecursionInterceptor;Ljava/util/Set;)Ljava/la
Event: 5.789 Thread 0x000002705c04ecf0 DEOPT PACKING pc=0x000002706d071778 sp=0x000000d53f7fc390
Event: 5.789 Thread 0x000002705c04ecf0 DEOPT UNPACKING pc=0x000002706c8c69a3 sp=0x000000d53f7fc370 mode 2
Event: 5.799 Thread 0x000002705c04ecf0 Uncommon trap: trap_request=0xffffffbe fr.pc=0x000002706cfa71f8 relative=0x0000000000000e98
Event: 5.799 Thread 0x000002705c04ecf0 Uncommon trap: reason=profile_predicate action=maybe_recompile pc=0x000002706cfa71f8 method=java.util.concurrent.ConcurrentHashMap$Traverser.advance()Ljava/util/concurrent/ConcurrentHashMap$Node; @ 15 c2
Event: 5.799 Thread 0x000002705c04ecf0 DEOPT PACKING pc=0x000002706cfa71f8 sp=0x000000d53f7fbe90
Event: 5.799 Thread 0x000002705c04ecf0 DEOPT UNPACKING pc=0x000002706c8c69a3 sp=0x000000d53f7fbbc0 mode 2
Event: 5.801 Thread 0x000002705c04ecf0 Uncommon trap: trap_request=0xffffff45 fr.pc=0x000002706d0cafec relative=0x000000000000294c
Event: 5.801 Thread 0x000002705c04ecf0 Uncommon trap: reason=unstable_if action=reinterpret pc=0x000002706d0cafec method=org.apache.maven.repository.internal.ArtifactDescriptorReaderDelegate.convert(Lorg/apache/maven/model/Dependency;Lorg/eclipse/aether/artifact/ArtifactTypeRegistry;)Lorg/ecli
Event: 5.801 Thread 0x000002705c04ecf0 DEOPT PACKING pc=0x000002706d0cafec sp=0x000000d53f7fcbf0
Event: 5.801 Thread 0x000002705c04ecf0 DEOPT UNPACKING pc=0x000002706c8c69a3 sp=0x000000d53f7fcbc0 mode 2
Event: 5.802 Thread 0x000002705c04ecf0 DEOPT PACKING pc=0x0000027065b0eb91 sp=0x000000d53f7fcca0
Event: 5.802 Thread 0x000002705c04ecf0 DEOPT UNPACKING pc=0x000002706c8c7143 sp=0x000000d53f7fc1d0 mode 0
Event: 5.803 Thread 0x000002705c04ecf0 Uncommon trap: trap_request=0xffffffbe fr.pc=0x000002706d03b4c0 relative=0x0000000000002760
Event: 5.803 Thread 0x000002705c04ecf0 Uncommon trap: reason=profile_predicate action=maybe_recompile pc=0x000002706d03b4c0 method=org.apache.maven.repository.internal.ArtifactDescriptorReaderDelegate.populateResult(Lorg/eclipse/aether/RepositorySystemSession;Lorg/eclipse/aether/resolution/Art
Event: 5.803 Thread 0x000002705c04ecf0 DEOPT PACKING pc=0x000002706d03b4c0 sp=0x000000d53f7fccf0
Event: 5.803 Thread 0x000002705c04ecf0 DEOPT UNPACKING pc=0x000002706c8c69a3 sp=0x000000d53f7fcce0 mode 2

Classes unloaded (0 events):
No events

Classes redefined (0 events):
No events

Internal exceptions (20 events):
Event: 5.321 Thread 0x000002705c04ecf0 Implicit null exception at 0x000002706cffd163 to 0x000002706cffde58
Event: 5.443 Thread 0x000002705c04ecf0 Exception <a 'java/lang/NoSuchMethodError'{0x0000000710d3ae58}: 'java.lang.Object java.lang.invoke.DirectMethodHandle$Holder.invokeVirtual(java.lang.Object, java.lang.Object, java.lang.Object)'> (0x0000000710d3ae58) 
thrown [s\src\hotspot\share\interpreter\linkResolver.cpp, line 759]
Event: 5.443 Thread 0x000002705c04ecf0 Exception <a 'java/lang/NoSuchMethodError'{0x0000000710d42450}: 'void java.lang.invoke.DirectMethodHandle$Holder.invokeSpecial(java.lang.Object, java.lang.Object, java.lang.Object, java.lang.Object, java.lang.Object, java.lang.Object)'> (0x0000000710d42450) 
thrown [s\src\hotspot\share\interpreter\linkResolver.cpp, line 759]
Event: 5.445 Thread 0x000002705c04ecf0 Exception <a 'java/lang/NoSuchMethodError'{0x0000000710d4d9f0}: 'int java.lang.invoke.DirectMethodHandle$Holder.invokeVirtual(java.lang.Object, java.lang.Object)'> (0x0000000710d4d9f0) 
thrown [s\src\hotspot\share\interpreter\linkResolver.cpp, line 759]
Event: 5.555 Thread 0x000002705c04ecf0 Exception <a 'java/lang/NoSuchMethodError'{0x0000000710990cb8}: 'java.lang.Object java.lang.invoke.DirectMethodHandle$Holder.invokeInterface(java.lang.Object, java.lang.Object, java.lang.Object)'> (0x0000000710990cb8) 
thrown [s\src\hotspot\share\interpreter\linkResolver.cpp, line 759]
Event: 5.610 Thread 0x000002705c04ecf0 Exception <a 'java/lang/NoSuchMethodError'{0x000000071068e150}: 'java.lang.Object java.lang.invoke.DirectMethodHandle$Holder.invokeStaticInit(java.lang.Object, java.lang.Object, int, int, int, int)'> (0x000000071068e150) 
thrown [s\src\hotspot\share\interpreter\linkResolver.cpp, line 759]
Event: 5.617 Thread 0x000002705c04ecf0 Exception <a 'sun/nio/fs/WindowsException'{0x00000007106b0a60}> (0x00000007106b0a60) 
thrown [s\src\hotspot\share\prims\jni.cpp, line 516]
Event: 5.617 Thread 0x000002705c04ecf0 Exception <a 'sun/nio/fs/WindowsException'{0x00000007106b0be0}> (0x00000007106b0be0) 
thrown [s\src\hotspot\share\prims\jni.cpp, line 516]
Event: 5.618 Thread 0x000002705c04ecf0 Exception <a 'java/lang/NoSuchMethodError'{0x00000007106bbe10}: 'int java.lang.invoke.DirectMethodHandle$Holder.invokeStatic(java.lang.Object, java.lang.Object, java.lang.Object, int)'> (0x00000007106bbe10) 
thrown [s\src\hotspot\share\interpreter\linkResolver.cpp, line 759]
Event: 5.618 Thread 0x000002705c04ecf0 Exception <a 'java/lang/NoSuchMethodError'{0x00000007106bfb60}: 'int java.lang.invoke.DirectMethodHandle$Holder.invokeStaticInit(java.lang.Object, java.lang.Object, java.lang.Object, int)'> (0x00000007106bfb60) 
thrown [s\src\hotspot\share\interpreter\linkResolver.cpp, line 759]
Event: 5.669 Thread 0x000002705c04ecf0 Exception <a 'java/lang/NoSuchMethodError'{0x0000000710529a68}: 'void java.lang.invoke.DirectMethodHandle$Holder.invokeInterface(java.lang.Object, java.lang.Object)'> (0x0000000710529a68) 
thrown [s\src\hotspot\share\interpreter\linkResolver.cpp, line 759]
Event: 5.718 Thread 0x000002705c04ecf0 Exception <a 'sun/nio/fs/WindowsException'{0x00000007103b8610}> (0x00000007103b8610) 
thrown [s\src\hotspot\share\prims\jni.cpp, line 516]
Event: 5.785 Thread 0x000002705c04ecf0 Exception <a 'sun/nio/fs/WindowsException'{0x0000000711043620}> (0x0000000711043620) 
thrown [s\src\hotspot\share\prims\jni.cpp, line 516]
Event: 5.785 Thread 0x000002705c04ecf0 Exception <a 'sun/nio/fs/WindowsException'{0x00000007110439e0}> (0x00000007110439e0) 
thrown [s\src\hotspot\share\prims\jni.cpp, line 516]
Event: 5.786 Thread 0x000002705c04ecf0 Exception <a 'sun/nio/fs/WindowsException'{0x0000000711045cf0}> (0x0000000711045cf0) 
thrown [s\src\hotspot\share\prims\jni.cpp, line 516]
Event: 5.786 Thread 0x000002705c04ecf0 Exception <a 'sun/nio/fs/WindowsException'{0x0000000711045fb0}> (0x0000000711045fb0) 
thrown [s\src\hotspot\share\prims\jni.cpp, line 516]
Event: 5.786 Thread 0x000002705c04ecf0 Exception <a 'sun/nio/fs/WindowsException'{0x0000000711046dd8}> (0x0000000711046dd8) 
thrown [s\src\hotspot\share\prims\jni.cpp, line 516]
Event: 5.789 Thread 0x000002705c04ecf0 Implicit null exception at 0x000002706cfa6480 to 0x000002706cfa71e0
Event: 5.799 Thread 0x000002705c04ecf0 Implicit null exception at 0x000002706cfa6480 to 0x000002706cfa71e0
Event: 5.801 Thread 0x000002705c04ecf0 Implicit null exception at 0x000002706d0c8709 to 0x000002706d0cafcc

VM Operations (20 events):
Event: 4.210 Executing VM operation: ICBufferFull
Event: 4.210 Executing VM operation: ICBufferFull done
Event: 4.366 Executing VM operation: G1CollectForAllocation
Event: 4.390 Executing VM operation: G1CollectForAllocation done
Event: 5.346 Executing VM operation: G1CollectForAllocation
Event: 5.368 Executing VM operation: G1CollectForAllocation done
Event: 5.526 Executing VM operation: HandshakeAllThreads
Event: 5.526 Executing VM operation: HandshakeAllThreads done
Event: 5.577 Executing VM operation: HandshakeAllThreads
Event: 5.577 Executing VM operation: HandshakeAllThreads done
Event: 5.667 Executing VM operation: HandshakeAllThreads
Event: 5.667 Executing VM operation: HandshakeAllThreads done
Event: 5.706 Executing VM operation: HandshakeAllThreads
Event: 5.706 Executing VM operation: HandshakeAllThreads done
Event: 5.709 Executing VM operation: HandshakeAllThreads
Event: 5.709 Executing VM operation: HandshakeAllThreads done
Event: 5.725 Executing VM operation: HandshakeAllThreads
Event: 5.725 Executing VM operation: HandshakeAllThreads done
Event: 5.766 Executing VM operation: CollectForMetadataAllocation
Event: 5.779 Executing VM operation: CollectForMetadataAllocation done

Events (20 events):
Event: 5.713 loading class sun/net/InetAddressCachePolicy$1
Event: 5.713 loading class sun/net/InetAddressCachePolicy$1 done
Event: 5.714 loading class sun/net/InetAddressCachePolicy$2
Event: 5.714 loading class sun/net/InetAddressCachePolicy$2 done
Event: 5.714 loading class java/net/InetAddress$CachedAddresses
Event: 5.714 loading class java/net/InetAddress$CachedAddresses done
Event: 5.714 loading class java/util/concurrent/atomic/Striped64$1
Event: 5.714 loading class java/util/concurrent/atomic/Striped64$1 done
Event: 5.714 loading class java/net/InetAddress$CachedLocalHost
Event: 5.714 loading class java/net/InetAddress$CachedLocalHost done
Event: 5.718 loading class java/lang/IllegalThreadStateException
Event: 5.718 loading class java/lang/IllegalThreadStateException done
Event: 5.719 loading class java/nio/file/Files$2
Event: 5.719 loading class java/nio/file/Files$2 done
Event: 5.755 loading class java/util/WeakHashMap$KeyIterator
Event: 5.755 loading class java/util/WeakHashMap$HashIterator
Event: 5.755 loading class java/util/WeakHashMap$HashIterator done
Event: 5.755 loading class java/util/WeakHashMap$KeyIterator done
Event: 5.784 loading class java/lang/Process
Event: 5.784 loading class java/lang/Process done


Dynamic libraries:
0x00007ff7220f0000 - 0x00007ff7220fe000 	C:\Program Files\Java\microsoft-jdk-17.0.10-windows-x64\jdk-17.0.10+7\bin\java.exe
0x00007ffb9b9d0000 - 0x00007ffb9bbc8000 	C:\Windows\SYSTEM32\ntdll.dll
0x00007ffb99ae0000 - 0x00007ffb99b9d000 	C:\Windows\System32\KERNEL32.DLL
0x00007ffb99210000 - 0x00007ffb99506000 	C:\Windows\System32\KERNELBASE.dll
0x00007ffb997b0000 - 0x00007ffb998b0000 	C:\Windows\System32\ucrtbase.dll
0x00007ffb720e0000 - 0x00007ffb720fb000 	C:\Program Files\Java\microsoft-jdk-17.0.10-windows-x64\jdk-17.0.10+7\bin\VCRUNTIME140.dll
0x00007ffb7eb80000 - 0x00007ffb7eb97000 	C:\Program Files\Java\microsoft-jdk-17.0.10-windows-x64\jdk-17.0.10+7\bin\jli.dll
0x00007ffb9a7c0000 - 0x00007ffb9a95e000 	C:\Windows\System32\USER32.dll
0x00007ffb888e0000 - 0x00007ffb88b7a000 	C:\Windows\WinSxS\amd64_microsoft.windows.common-controls_6595b64144ccf1df_6.0.19041.3636_none_60b6a03d71f818d5\COMCTL32.dll
0x00007ffb999d0000 - 0x00007ffb999f2000 	C:\Windows\System32\win32u.dll
0x00007ffb9aa60000 - 0x00007ffb9aafe000 	C:\Windows\System32\msvcrt.dll
0x00007ffb99c80000 - 0x00007ffb99cab000 	C:\Windows\System32\GDI32.dll
0x00007ffb998b0000 - 0x00007ffb999c7000 	C:\Windows\System32\gdi32full.dll
0x00007ffb99710000 - 0x00007ffb997ad000 	C:\Windows\System32\msvcp_win.dll
0x00007ffb99de0000 - 0x00007ffb99e12000 	C:\Windows\System32\IMM32.DLL
0x00007ffb80d40000 - 0x00007ffb80d4c000 	C:\Program Files\Java\microsoft-jdk-17.0.10-windows-x64\jdk-17.0.10+7\bin\vcruntime140_1.dll
0x00007ffb42030000 - 0x00007ffb420bd000 	C:\Program Files\Java\microsoft-jdk-17.0.10-windows-x64\jdk-17.0.10+7\bin\msvcp140.dll
0x00007ffb2b3f0000 - 0x00007ffb2c055000 	C:\Program Files\Java\microsoft-jdk-17.0.10-windows-x64\jdk-17.0.10+7\bin\server\jvm.dll
0x00007ffb9b560000 - 0x00007ffb9b610000 	C:\Windows\System32\ADVAPI32.dll
0x00007ffb9b610000 - 0x00007ffb9b6b0000 	C:\Windows\System32\sechost.dll
0x00007ffb9b860000 - 0x00007ffb9b985000 	C:\Windows\System32\RPCRT4.dll
0x00007ffb99670000 - 0x00007ffb99697000 	C:\Windows\System32\bcrypt.dll
0x00007ffb94840000 - 0x00007ffb94849000 	C:\Windows\SYSTEM32\WSOCK32.dll
0x00007ffb985d0000 - 0x00007ffb9861b000 	C:\Windows\SYSTEM32\POWRPROF.dll
0x00007ffb7ebc0000 - 0x00007ffb7ebe7000 	C:\Windows\SYSTEM32\WINMM.dll
0x00007ffb9b3d0000 - 0x00007ffb9b43b000 	C:\Windows\System32\WS2_32.dll
0x00007ffb97010000 - 0x00007ffb9701a000 	C:\Windows\SYSTEM32\VERSION.dll
0x00007ffb98490000 - 0x00007ffb984a2000 	C:\Windows\SYSTEM32\UMPDC.dll
0x00007ffb978c0000 - 0x00007ffb978d2000 	C:\Windows\SYSTEM32\kernel.appcore.dll
0x00007ffb80a00000 - 0x00007ffb80a0a000 	C:\Program Files\Java\microsoft-jdk-17.0.10-windows-x64\jdk-17.0.10+7\bin\jimage.dll
0x00007ffb810d0000 - 0x00007ffb812b4000 	C:\Windows\SYSTEM32\DBGHELP.DLL
0x00007ffb81090000 - 0x00007ffb810c4000 	C:\Windows\SYSTEM32\dbgcore.DLL
0x00007ffb99180000 - 0x00007ffb99202000 	C:\Windows\System32\bcryptPrimitives.dll
0x00007ffb70d30000 - 0x00007ffb70d55000 	C:\Program Files\Java\microsoft-jdk-17.0.10-windows-x64\jdk-17.0.10+7\bin\java.dll
0x00007ffb3f340000 - 0x00007ffb3f417000 	C:\Program Files\Java\microsoft-jdk-17.0.10-windows-x64\jdk-17.0.10+7\bin\jsvml.dll
0x00007ffb9ab00000 - 0x00007ffb9b26b000 	C:\Windows\System32\SHELL32.dll
0x00007ffb97110000 - 0x00007ffb978ae000 	C:\Windows\SYSTEM32\windows.storage.dll
0x00007ffb9a460000 - 0x00007ffb9a7b3000 	C:\Windows\System32\combase.dll
0x00007ffb98ab0000 - 0x00007ffb98ade000 	C:\Windows\SYSTEM32\Wldp.dll
0x00007ffb99bb0000 - 0x00007ffb99c7d000 	C:\Windows\System32\OLEAUT32.dll
0x00007ffb9a3b0000 - 0x00007ffb9a45d000 	C:\Windows\System32\SHCORE.dll
0x00007ffb9a9f0000 - 0x00007ffb9aa45000 	C:\Windows\System32\shlwapi.dll
0x00007ffb98fb0000 - 0x00007ffb98fd5000 	C:\Windows\SYSTEM32\profapi.dll
0x00007ffb7fef0000 - 0x00007ffb7ff09000 	C:\Program Files\Java\microsoft-jdk-17.0.10-windows-x64\jdk-17.0.10+7\bin\net.dll
0x00007ffb92920000 - 0x00007ffb92a2a000 	C:\Windows\SYSTEM32\WINHTTP.dll
0x00007ffb98810000 - 0x00007ffb9887a000 	C:\Windows\system32\mswsock.dll
0x00007ffb72110000 - 0x00007ffb72126000 	C:\Program Files\Java\microsoft-jdk-17.0.10-windows-x64\jdk-17.0.10+7\bin\nio.dll
0x00007ffb70d70000 - 0x00007ffb70d88000 	C:\Program Files\Java\microsoft-jdk-17.0.10-windows-x64\jdk-17.0.10+7\bin\zip.dll
0x0000000069ac0000 - 0x0000000069ae4000 	C:\Users\Andriary\AppData\Local\Temp\jansi-2.4.0-65853d16f81dcd11-jansi.dll
0x00007ffb77b40000 - 0x00007ffb77b50000 	C:\Program Files\Java\microsoft-jdk-17.0.10-windows-x64\jdk-17.0.10+7\bin\verify.dll
0x00007ffb98a10000 - 0x00007ffb98a28000 	C:\Windows\SYSTEM32\CRYPTSP.dll
0x00007ffb980d0000 - 0x00007ffb98104000 	C:\Windows\system32\rsaenh.dll
0x00007ffb98f70000 - 0x00007ffb98f9e000 	C:\Windows\SYSTEM32\USERENV.dll
0x00007ffb98a00000 - 0x00007ffb98a0c000 	C:\Windows\SYSTEM32\CRYPTBASE.dll
0x00007ffb984b0000 - 0x00007ffb984eb000 	C:\Windows\SYSTEM32\IPHLPAPI.DLL
0x00007ffb9aa50000 - 0x00007ffb9aa58000 	C:\Windows\System32\NSI.dll
0x00007ffb91650000 - 0x00007ffb91667000 	C:\Windows\SYSTEM32\dhcpcsvc6.DLL
0x00007ffb918e0000 - 0x00007ffb918fd000 	C:\Windows\SYSTEM32\dhcpcsvc.DLL
0x00007ffb98500000 - 0x00007ffb985cb000 	C:\Windows\SYSTEM32\DNSAPI.dll
0x00007ffb80340000 - 0x00007ffb80357000 	C:\Windows\system32\napinsp.dll
0x00007ffb80320000 - 0x00007ffb8033b000 	C:\Windows\system32\pnrpnsp.dll
0x00007ffb93900000 - 0x00007ffb93915000 	C:\Windows\system32\wshbth.dll
0x00007ffb94760000 - 0x00007ffb9477d000 	C:\Windows\system32\NLAapi.dll
0x00007ffb80300000 - 0x00007ffb80312000 	C:\Windows\System32\winrnr.dll
0x00007ffb91620000 - 0x00007ffb9162a000 	C:\Windows\System32\rasadhlp.dll
0x00007ffb89ac0000 - 0x00007ffb89b40000 	C:\Windows\System32\fwpuclnt.dll

dbghelp: loaded successfully - version: 4.0.5 - missing functions: none
symbol engine: initialized successfully - sym options: 0x614 - pdb path: .;C:\Program Files\Java\microsoft-jdk-17.0.10-windows-x64\jdk-17.0.10+7\bin;C:\Windows\SYSTEM32;C:\Windows\WinSxS\amd64_microsoft.windows.common-controls_6595b64144ccf1df_6.0.19041.3636_none_60b6a03d71f818d5;C:\Program Files\Java\microsoft-jdk-17.0.10-windows-x64\jdk-17.0.10+7\bin\server;C:\Users\Andriary\AppData\Local\Temp

VM Arguments:
jvm_args: -Dmaven.multiModuleProjectDirectory=D:\app_sms_833\app_sms_back 
java_command: org.apache.maven.wrapper.MavenWrapperMain compile quarkus:dev
java_class_path (initial): D:\app_sms_833\app_sms_back\.mvn\wrapper\maven-wrapper.jar
Launcher Type: SUN_STANDARD

[Global flags]
     intx CICompilerCount                          = 4                                         {product} {ergonomic}
     uint ConcGCThreads                            = 2                                         {product} {ergonomic}
     uint G1ConcRefinementThreads                  = 8                                         {product} {ergonomic}
   size_t G1HeapRegionSize                         = 2097152                                   {product} {ergonomic}
    uintx GCDrainStackTargetSize                   = 64                                        {product} {ergonomic}
   size_t InitialHeapSize                          = 268435456                                 {product} {ergonomic}
   size_t MarkStackSize                            = 4194304                                   {product} {ergonomic}
   size_t MaxHeapSize                              = 4276092928                                {product} {ergonomic}
   size_t MaxNewSize                               = 2564816896                                {product} {ergonomic}
   size_t MinHeapDeltaBytes                        = 2097152                                   {product} {ergonomic}
   size_t MinHeapSize                              = 8388608                                   {product} {ergonomic}
    uintx NonNMethodCodeHeapSize                   = 5839372                                {pd product} {ergonomic}
    uintx NonProfiledCodeHeapSize                  = 122909434                              {pd product} {ergonomic}
    uintx ProfiledCodeHeapSize                     = 122909434                              {pd product} {ergonomic}
    uintx ReservedCodeCacheSize                    = 251658240                              {pd product} {ergonomic}
     bool SegmentedCodeCache                       = true                                      {product} {ergonomic}
   size_t SoftMaxHeapSize                          = 4276092928                             {manageable} {ergonomic}
     bool UseCompressedClassPointers               = true                           {product lp64_product} {ergonomic}
     bool UseCompressedOops                        = true                           {product lp64_product} {ergonomic}
     bool UseG1GC                                  = true                                      {product} {ergonomic}
     bool UseLargePagesIndividualAllocation        = false                                  {pd product} {ergonomic}

Logging:
Log output configuration:
 #0: stdout all=warning uptime,level,tags
 #1: stderr all=off uptime,level,tags

Environment Variables:
JAVA_HOME=C:\Program Files\Java\microsoft-jdk-17.0.10-windows-x64\jdk-17.0.10+7
PATH=C:\Program Files\Common Files\Oracle\Java\javapath;C:\Program Files (x86)\Common Files\Oracle\Java\javapath;C:\Windows\system32;C:\Windows;C:\Windows\System32\Wbem;C:\Windows\System32\WindowsPowerShell\v1.0\;C:\Windows\System32\OpenSSH\;C:\Program Files\Git\cmd;C:\Program Files\nodejs\;C:\Program Files\Java\microsoft-jdk-17.0.10-windows-x64\jdk-17.0.10+7;C:\Program Files\Java\microsoft-jdk-17.0.10-windows-x64\jdk-17.0.10+7\bin;C:\Users\Andriary\AppData\Local\Microsoft\WindowsApps;C:\Users\Andriary\AppData\Roaming\npm;C:\Users\Andriary\AppData\Local\Programs\Microsoft VS Code\bin;C:\Program Files\JetBrains\IntelliJ IDEA 2023.3.3\bin;;C:\Program Files\Java\microsoft-jdk-17.0.10-windows-x64\jdk-17.0.10+7;C:\Program Files\Java\microsoft-jdk-17.0.10-windows-x64\jdk-17.0.10+7\bin;C:\Program Files (x86)\Common Files\Oracle\Java\javapath;;C:\Program Files\JetBrains\IntelliJ IDEA Community Edition 2023.3.4\bin;
USERNAME=Andriary
OS=Windows_NT
PROCESSOR_IDENTIFIER=Intel64 Family 6 Model 158 Stepping 9, GenuineIntel
TMP=C:\Users\Andriary\AppData\Local\Temp
TEMP=C:\Users\Andriary\AppData\Local\Temp



Periodic native trim disabled


---------------  S Y S T E M  ---------------

OS:
 Windows 10 , 64 bit Build 19041 (10.0.19041.3636)
OS uptime: 0 days 1:39 hours

CPU: total 8 (initial active 8) (4 cores per cpu, 2 threads per core) family 6 model 158 stepping 9 microcode 0xb4, cx8, cmov, fxsr, ht, mmx, 3dnowpref, sse, sse2, sse3, ssse3, sse4.1, sse4.2, popcnt, lzcnt, tsc, tscinvbit, avx, avx2, aes, erms, clmul, bmi1, bmi2, adx, fma, vzeroupper, clflush, clflushopt
Processor Information for all 8 processors :
  Max Mhz: 2801, Current Mhz: 2801, Mhz Limit: 2801

Memory: 4k page, system-wide physical 16304M (4512M free)
TotalPageFile size 19760M (AvailPageFile size 2110M)
current process WorkingSet (physical memory assigned to process): 363M, peak: 365M
current process commit charge ("private bytes"): 428M, peak: 441M

vm_info: OpenJDK 64-Bit Server VM (17.0.10+7-LTS) for windows-amd64 JRE (17.0.10+7-LTS), built on Jan 10 2024 19:47:12 by "MicrosoftCorporation" with MS VC++ 16.10 / 16.11 (VS2019)

END.
