#
# A fatal error has been detected by the Java Runtime Environment:
#
#  EXCEPTION_ACCESS_VIOLATION (0xc0000005) at pc=0x00007ffaf8fd2270, pid=10284, tid=6736
#
# JRE version: OpenJDK Runtime Environment Microsoft-8902769 (17.0.10+7) (build 17.0.10+7-LTS)
# Java VM: OpenJDK 64-Bit Server VM Microsoft-8902769 (17.0.10+7-LTS, mixed mode, sharing, tiered, compressed oops, compressed class ptrs, g1 gc, windows-amd64)
# Problematic frame:
# V  [jvm.dll+0x762270]
#
# No core dump will be written. Minidumps are not enabled by default on client versions of Windows
#
# If you would like to submit a bug report, please visit:
#   https://github.com/microsoft/openjdk/issues
#

---------------  S U M M A R Y ------------

Command Line: -Dmaven.multiModuleProjectDirectory=D:\app_sms_833\app_sms_back org.apache.maven.wrapper.MavenWrapperMain quarkus:dev

Host: Intel(R) Core(TM) i7-7700HQ CPU @ 2.80GHz, 8 cores, 15G,  Windows 10 , 64 bit Build 19041 (10.0.19041.3636)
Time: Thu Apr  4 09:17:08 2024 Afrique de l, 64 bit Build 19041 (10.0.19041.3636) elapsed time: 0.678761 seconds (0d 0h 0m 0s)

---------------  T H R E A D  ---------------

Current thread (0x000001ed5874f1e0):  JavaThread "main" [_thread_in_vm, id=6736, stack(0x0000002637700000,0x0000002637800000)]

Stack: [0x0000002637700000,0x0000002637800000],  sp=0x00000026377fc250,  free space=1008k
Native frames: (J=compiled Java code, j=interpreted, Vv=VM code, C=native code)
V  [jvm.dll+0x762270]
V  [jvm.dll+0x7637ac]
V  [jvm.dll+0x76444f]
V  [jvm.dll+0x76462f]
V  [jvm.dll+0x6c9357]
V  [jvm.dll+0x41da81]
C  0x000001ed68f7d621

The last pc belongs to method entry point (kind = native) (printed below).
Java frames: (J=compiled Java code, j=interpreted, Vv=VM code)
j  java.lang.Class.getDeclaredFields0(Z)[Ljava/lang/reflect/Field;+0 java.base@17.0.10
j  java.lang.Class.privateGetDeclaredFields(Z)[Ljava/lang/reflect/Field;+34 java.base@17.0.10
j  java.lang.Class.getDeclaredFields()[Ljava/lang/reflect/Field;+20 java.base@17.0.10
j  com.google.inject.internal.DeclaredMembers.getDeclaredFields(Ljava/lang/Class;)[Ljava/lang/reflect/Field;+1
j  com.google.inject.spi.InjectionPoint.getDeclaredFields(Lcom/google/inject/TypeLiteral;)[Ljava/lang/reflect/Field;+4
j  com.google.inject.spi.InjectionPoint.getInjectionPoints(Lcom/google/inject/TypeLiteral;ZLcom/google/inject/internal/Errors;)Ljava/util/Set;+89
j  com.google.inject.spi.InjectionPoint.forInstanceMethodsAndFields(Lcom/google/inject/TypeLiteral;)Ljava/util/Set;+11
j  com.google.inject.spi.InjectionPoint.forInstanceMethodsAndFields(Ljava/lang/Class;)Ljava/util/Set;+4
j  com.google.inject.internal.BindingBuilder.toInstance(Ljava/lang/Object;)V+12
j  org.eclipse.sisu.space.QualifiedTypeBinder.bindQualifiedInstance(Ljava/lang/Object;)V+103
j  org.eclipse.sisu.space.QualifiedTypeBinder.newInstance(Ljava/lang/Class;)Ljava/lang/Object;+40
j  org.eclipse.sisu.space.QualifiedTypeBinder.installModule(Ljava/lang/Class;)V+2
j  org.eclipse.sisu.space.QualifiedTypeBinder.hear(Ljava/lang/Class;Ljava/lang/Object;)V+67
j  org.eclipse.sisu.plexus.PlexusTypeBinder.hear(Ljava/lang/Class;Ljava/lang/Object;)V+6
j  org.eclipse.sisu.space.QualifiedTypeVisitor.leaveClass()V+35
j  org.eclipse.sisu.plexus.PlexusTypeVisitor.leaveClass()V+79
j  org.eclipse.sisu.space.SpaceScanner$1.visitEnd()V+4
j  org.eclipse.sisu.space.asm.ClassReader.accept(Lorg/eclipse/sisu/space/asm/ClassVisitor;[Lorg/eclipse/sisu/space/asm/Attribute;I)V+1397
j  org.eclipse.sisu.space.asm.ClassReader.accept(Lorg/eclipse/sisu/space/asm/ClassVisitor;I)V+7
j  org.eclipse.sisu.space.SpaceScanner.accept(Lorg/eclipse/sisu/space/ClassVisitor;Ljava/net/URL;)V+25
j  org.eclipse.sisu.space.SpaceScanner.accept(Lorg/eclipse/sisu/space/SpaceVisitor;)V+61
j  org.eclipse.sisu.space.SpaceModule.scanForElements(Lcom/google/inject/Binder;)V+25
j  org.eclipse.sisu.space.SpaceModule.configure(Lcom/google/inject/Binder;)V+42
j  org.eclipse.sisu.plexus.PlexusAnnotatedBeanModule.configure(Lcom/google/inject/Binder;)Lorg/eclipse/sisu/plexus/PlexusBeanSource;+13
j  org.eclipse.sisu.plexus.PlexusBindingModule.configure(Lcom/google/inject/Binder;)V+41
j  com.google.inject.spi.Elements$RecordingBinder.install(Lcom/google/inject/Module;)V+209
j  com.google.inject.spi.Elements.getElements(Lcom/google/inject/Stage;Ljava/lang/Iterable;)Ljava/util/List;+40
j  com.google.inject.spi.Elements.getElements(Ljava/lang/Iterable;)Ljava/util/List;+4
j  org.eclipse.sisu.wire.WireModule.configure(Lcom/google/inject/Binder;)V+13
j  com.google.inject.spi.Elements$RecordingBinder.install(Lcom/google/inject/Module;)V+209
j  com.google.inject.spi.Elements.getElements(Lcom/google/inject/Stage;Ljava/lang/Iterable;)Ljava/util/List;+40
j  com.google.inject.internal.InjectorShell$Builder.build(Lcom/google/inject/internal/Initializer;Lcom/google/inject/internal/ProcessedBindingData;Lcom/google/inject/internal/util/ContinuousStopwatch;Lcom/google/inject/internal/Errors;)Ljava/util/List;+163
j  com.google.inject.internal.InternalInjectorCreator.build()Lcom/google/inject/Injector;+48
j  com.google.inject.Guice.createInjector(Lcom/google/inject/Stage;Ljava/lang/Iterable;)Lcom/google/inject/Injector;+15
j  com.google.inject.Guice.createInjector(Ljava/lang/Iterable;)Lcom/google/inject/Injector;+4
j  com.google.inject.Guice.createInjector([Lcom/google/inject/Module;)Lcom/google/inject/Injector;+4
j  org.codehaus.plexus.DefaultPlexusContainer.addPlexusInjector(Ljava/util/List;[Lcom/google/inject/Module;)Lcom/google/inject/Injector;+88
j  org.codehaus.plexus.DefaultPlexusContainer.<init>(Lorg/codehaus/plexus/ContainerConfiguration;[Lcom/google/inject/Module;)V+400
j  org.apache.maven.cli.MavenCli.container(Lorg/apache/maven/cli/CliRequest;)Lorg/codehaus/plexus/PlexusContainer;+279
j  org.apache.maven.cli.MavenCli.doMain(Lorg/apache/maven/cli/CliRequest;)I+34
j  org.apache.maven.cli.MavenCli.main([Ljava/lang/String;Lorg/codehaus/plexus/classworlds/ClassWorld;)I+24
v  ~StubRoutines::call_stub
j  jdk.internal.reflect.NativeMethodAccessorImpl.invoke0(Ljava/lang/reflect/Method;Ljava/lang/Object;[Ljava/lang/Object;)Ljava/lang/Object;+0 java.base@17.0.10
j  jdk.internal.reflect.NativeMethodAccessorImpl.invoke(Ljava/lang/Object;[Ljava/lang/Object;)Ljava/lang/Object;+133 java.base@17.0.10
j  jdk.internal.reflect.DelegatingMethodAccessorImpl.invoke(Ljava/lang/Object;[Ljava/lang/Object;)Ljava/lang/Object;+6 java.base@17.0.10
j  java.lang.reflect.Method.invoke(Ljava/lang/Object;[Ljava/lang/Object;)Ljava/lang/Object;+59 java.base@17.0.10
j  org.codehaus.plexus.classworlds.launcher.Launcher.launchEnhanced([Ljava/lang/String;)V+45
j  org.codehaus.plexus.classworlds.launcher.Launcher.launch([Ljava/lang/String;)V+2
j  org.codehaus.plexus.classworlds.launcher.Launcher.mainWithExitCode([Ljava/lang/String;)I+108
j  org.codehaus.plexus.classworlds.launcher.Launcher.main([Ljava/lang/String;)V+1
v  ~StubRoutines::call_stub
j  jdk.internal.reflect.NativeMethodAccessorImpl.invoke0(Ljava/lang/reflect/Method;Ljava/lang/Object;[Ljava/lang/Object;)Ljava/lang/Object;+0 java.base@17.0.10
j  jdk.internal.reflect.NativeMethodAccessorImpl.invoke(Ljava/lang/Object;[Ljava/lang/Object;)Ljava/lang/Object;+133 java.base@17.0.10
j  jdk.internal.reflect.DelegatingMethodAccessorImpl.invoke(Ljava/lang/Object;[Ljava/lang/Object;)Ljava/lang/Object;+6 java.base@17.0.10
j  java.lang.reflect.Method.invoke(Ljava/lang/Object;[Ljava/lang/Object;)Ljava/lang/Object;+59 java.base@17.0.10
j  org.apache.maven.wrapper.BootstrapMainStarter.start([Ljava/lang/String;Ljava/nio/file/Path;)V+124
j  org.apache.maven.wrapper.WrapperExecutor.execute([Ljava/lang/String;Lorg/apache/maven/wrapper/Installer;Lorg/apache/maven/wrapper/BootstrapMainStarter;)V+14
j  org.apache.maven.wrapper.MavenWrapperMain.main([Ljava/lang/String;)V+111
v  ~StubRoutines::call_stub

siginfo: EXCEPTION_ACCESS_VIOLATION (0xc0000005), reading address 0x000001ed7a3ca968


Registers:
RAX=0x000001ed7a3ca930, RBX=0x000001ed7a3ca960, RCX=0x000001ed7d6c8240, RDX=0x00000000000015aa
RSP=0x00000026377fc250, RBP=0x0000000000000001, RSI=0x0000000000000000, RDI=0x000001ed7d6c8200
R8 =0x00000000ad3615aa, R9 =0x00000026377fc318, R10=0x0000000000000000, R11=0x000001ed5874f6dc
R12=0x00000026377fc318, R13=0x0000000000000000, R14=0x00000026377fc2c0, R15=0x000001ed7d6c8240
RIP=0x00007ffaf8fd2270, EFLAGS=0x0000000000010206


Register to memory mapping:

RIP=0x00007ffaf8fd2270 jvm.dll
RAX=0x000001ed7a3ca930 is an unknown value
RBX=0x000001ed7a3ca960 is an unknown value
RCX=0x000001ed7d6c8240 points into unknown readable memory: 0x0000000000000000 | 00 00 00 00 00 00 00 00
RDX=0x00000000000015aa is an unknown value
RSP=0x00000026377fc250 is pointing into the stack for thread: 0x000001ed5874f1e0
RBP=0x0000000000000001 is an unknown value
RSI=0x0 is NULL
RDI=0x000001ed7d6c8200 points into unknown readable memory: 0x0000000000000000 | 00 00 00 00 00 00 00 00
R8 =0x00000000ad3615aa is an unknown value
R9 =0x00000026377fc318 is pointing into the stack for thread: 0x000001ed5874f1e0
R10=0x0 is NULL
R11=0x000001ed5874f6dc points into unknown readable memory: ed 01 00 00
R12=0x00000026377fc318 is pointing into the stack for thread: 0x000001ed5874f1e0
R13=0x0 is NULL
R14=0x00000026377fc2c0 is pointing into the stack for thread: 0x000001ed5874f1e0
R15=0x000001ed7d6c8240 points into unknown readable memory: 0x0000000000000000 | 00 00 00 00 00 00 00 00


Top of Stack: (sp=0x00000026377fc250)
0x00000026377fc250:   000001ed41706fcc 00007ffaf8dd47d1
0x00000026377fc260:   00000026377fc2d0 00007ffaf8bc02d6
0x00000026377fc270:   0000000000000000 00000000000003d8
0x00000026377fc280:   00000026377fc4b0 000001ed5874faa8
0x00000026377fc290:   000001ed5874f1e0 00007ffaf8fd37ac
0x00000026377fc2a0:   0000000000000000 000001ed5874f6d0
0x00000026377fc2b0:   000001ed7d6c8240 00000026377fc478
0x00000026377fc2c0:   000001ed5874f1e0 00000000ad3615aa
0x00000026377fc2d0:   000001ed00000006 000001ed5874f6d0
0x00000026377fc2e0:   0000000000000000 0000000000000000
0x00000026377fc2f0:   000001ed5874f1e0 0000000000000006
0x00000026377fc300:   000001ed5874f6d0 00007ffaf8fd444f
0x00000026377fc310:   0000000000000000 00007ffaf9013c61
0x00000026377fc320:   00000000ad3615aa 00000026377fc3a0
0x00000026377fc330:   000001ed00055990 000001ed5874f1e0
0x00000026377fc340:   000001ed5874f1e0 00007ffaf8fd462f
0x00000026377fc350:   0000000000000000 000001ed5874f6c0
0x00000026377fc360:   000001ed5874f6d0 000001ed58588ff0
0x00000026377fc370:   00000026377fc4b0 000001ed010221d0
0x00000026377fc380:   00007ffaf9416170 000001ed5874f1e0
0x00000026377fc390:   0000000000000000 00007ffaf8f39357
0x00000026377fc3a0:   0000000000000006 000001ed5874fb10
0x00000026377fc3b0:   000001ed5874f1e0 0000000000000000
0x00000026377fc3c0:   00000026377fc420 00007ffaf8bc02d6
0x00000026377fc3d0:   00000026377fc4b8 000001ed010221d0
0x00000026377fc3e0:   00000026377fc470 000001ed58586e80
0x00000026377fc3f0:   0000000000000000 00007ffaf8b33e54
0x00000026377fc400:   000001ed41512e68 00000026377fc4b0
0x00000026377fc410:   000001ed41512e68 00000026377fc470
0x00000026377fc420:   000001ed5874f1e0 0000000000000010
0x00000026377fc430:   0000000000000000 0000000000000000
0x00000026377fc440:   00000026377fc550 00007ffaf8c8da81 

Instructions: (pc=0x00007ffaf8fd2270)
0x00007ffaf8fd2170:   50 e8 aa 83 05 00 48 ff c7 48 3b fe 72 c2 49 8b
0x00007ffaf8fd2180:   bf f8 00 00 00 48 8b c7 40 f6 c7 01 75 0b 48 8b
0x00007ffaf8fd2190:   05 eb 40 42 00 48 83 c8 01 49 89 87 f8 00 00 00
0x00007ffaf8fd21a0:   e8 1b ea f0 ff 48 8b 74 24 20 90 49 ff c4 4c 3b
0x00007ffaf8fd21b0:   64 24 28 0f 82 77 fe ff ff 4c 8b b4 24 88 08 00
0x00007ffaf8fd21c0:   00 49 89 bf f8 00 00 00 48 8b 8c 24 30 08 00 00
0x00007ffaf8fd21d0:   48 33 cc e8 98 0a 13 00 48 81 c4 40 08 00 00 41
0x00007ffaf8fd21e0:   5f 41 5d 41 5c 5f 5e 5d 5b c3 cc cc cc cc cc cc
0x00007ffaf8fd21f0:   40 56 41 54 41 57 48 83 ec 30 48 8b 41 08 4d 8b
0x00007ffaf8fd2200:   e1 48 89 5c 24 50 4c 8b f9 48 89 7c 24 60 40 32
0x00007ffaf8fd2210:   ff 4c 89 6c 24 28 48 8b 50 18 48 8b 00 4c 89 74
0x00007ffaf8fd2220:   24 20 4d 8b f0 4d 8b 40 08 49 23 d0 48 8d 1c d0
0x00007ffaf8fd2230:   48 8b 04 d0 d0 e8 a8 01 74 12 48 8b 41 10 48 8b
0x00007ffaf8fd2240:   48 18 48 8b 00 49 23 c8 48 8d 1c c8 48 8b 1b 45
0x00007ffaf8fd2250:   33 ed 41 8b f5 48 83 e3 fc 0f 84 c8 00 00 00 48
0x00007ffaf8fd2260:   89 6c 24 58 41 8d 6d 01 0f 1f 84 00 00 00 00 00
0x00007ffaf8fd2270:   48 8b 4b 08 48 ff c6 ff 15 db 7c 3b 00 48 85 c0
0x00007ffaf8fd2280:   74 14 45 8b 46 10 48 8b c8 49 8b 56 18 e8 3e 17
0x00007ffaf8fd2290:   c3 ff 84 c0 75 23 40 84 ff 75 14 48 8b 4b 08 ff
0x00007ffaf8fd22a0:   15 b3 7c 3b 00 48 85 c0 40 0f b6 ff 0f 44 fd 48
0x00007ffaf8fd22b0:   8b 1b 48 85 db 75 b9 eb 69 48 8b 4b 08 ff 15 dd
0x00007ffaf8fd22c0:   7b 3b 00 48 8b e8 48 85 c0 75 05 49 8b c5 eb 4e
0x00007ffaf8fd22d0:   49 8b 06 48 8b b8 40 02 00 00 48 8b 47 18 48 83
0x00007ffaf8fd22e0:   f8 f7 76 18 4c 8d 05 4d 82 1b 00 ba 08 00 00 00
0x00007ffaf8fd22f0:   48 8b cf e8 e8 aa 94 ff 48 8b 47 18 48 8d 48 08
0x00007ffaf8fd2300:   48 3b 4f 20 76 11 45 33 c0 48 8b cf 41 8d 50 08
0x00007ffaf8fd2310:   e8 1b a8 94 ff eb 04 48 89 4f 18 48 89 28 49 89
0x00007ffaf8fd2320:   46 20 48 8b 6c 24 58 4c 8b 74 24 20 48 8d 43 08
0x00007ffaf8fd2330:   48 8b 7c 24 60 48 85 db 48 8b 5c 24 50 49 0f 44
0x00007ffaf8fd2340:   c5 4c 8b 6c 24 28 4d 85 e4 74 0b 49 3b 77 28 0f
0x00007ffaf8fd2350:   97 c1 41 88 0c 24 48 83 c4 30 41 5f 41 5c 5e c3
0x00007ffaf8fd2360:   40 55 41 54 41 57 48 83 ec 30 48 8b 41 08 4d 8b 


Stack slot to memory mapping:
stack at sp + 0 slots: 0x000001ed41706fcc is pointing into metadata
stack at sp + 1 slots: 0x00007ffaf8dd47d1 jvm.dll
stack at sp + 2 slots: 0x00000026377fc2d0 is pointing into the stack for thread: 0x000001ed5874f1e0
stack at sp + 3 slots: 0x00007ffaf8bc02d6 jvm.dll
stack at sp + 4 slots: 0x0 is NULL
stack at sp + 5 slots: 0x00000000000003d8 is an unknown value
stack at sp + 6 slots: 0x00000026377fc4b0 is pointing into the stack for thread: 0x000001ed5874f1e0
stack at sp + 7 slots: 0x000001ed5874faa8 points into unknown readable memory: 0x08041848ecf96167 | 67 61 f9 ec 48 18 04 08

method entry point (kind = native)  [0x000001ed68f7d240, 0x000001ed68f7dbc0]  2432 bytes
[MachCode]
  0x000001ed68f7d240: 488b 4b08 | 0fb7 492c | 584c 8d74 | ccf8 6800 | 0000 0068 | 0000 0000 | 5055 488b | ec41 5568 
  0x000001ed68f7d260: 0000 0000 | 4c8b 6b08 | 4d8d 6d30 | 5348 8b53 | 0848 8b52 | 0848 8b52 | 1848 8b52 | 7048 8b12 
  0x000001ed68f7d280: 5248 8b53 | 1048 85d2 | 0f84 0700 | 0000 4881 | c208 0100 | 0052 488b | 5308 488b | 5208 488b 
  0x000001ed68f7d2a0: 5210 5241 | 5668 0000 | 0000 6800 | 0000 0048 | 8924 2441 | c687 7903 | 0000 0148 | 8b43 1048 
  0x000001ed68f7d2c0: 85c0 7420 | 8b88 cc00 | 0000 83c1 | 0289 88cc | 0000 0023 | 88e0 0000 | 000f 842f | 0800 00e9 
  0x000001ed68f7d2e0: d100 0000 | 488b 4318 | 4885 c00f | 85b2 0000 | 00e8 0500 | 0000 e99b | 0000 0048 | 8bd3 488d 
  0x000001ed68f7d300: 4424 084c | 896d c049 | 8bcf c5f8 | 7749 89af | a802 0000 | 4989 8798 | 0200 0048 | 83ec 20f7 
  0x000001ed68f7d320: c40f 0000 | 000f 841a | 0000 0048 | 83ec 0849 | ba70 53bf | f8fa 7f00 | 0041 ffd2 | 4883 c408 
  0x000001ed68f7d340: e90d 0000 | 0049 ba70 | 53bf f8fa | 7f00 0041 | ffd2 4883 | c420 49c7 | 8798 0200 | 0000 0000 
  0x000001ed68f7d360: 0049 c787 | a802 0000 | 0000 0000 | 49c7 87a0 | 0200 0000 | 0000 00c5 | f877 4981 | 7f08 0000 
  0x000001ed68f7d380: 0000 0f84 | 0500 0000 | e973 3bff | ff4c 8b6d | c04c 8b75 | c8c3 488b | 4318 4885 | c00f 8412 
  0x000001ed68f7d3a0: 0000 008b | 4808 83c1 | 0289 4808 | 2348 200f | 8459 0700 | 0089 8424 | 0090 ffff | 41c6 8779 
  0x000001ed68f7d3c0: 0300 0000 | 49ba 3966 | 3ff9 fa7f | 0000 4180 | 3a00 0f84 | 4200 0000 | 488b 55e8 | 498b cf48 
  0x000001ed68f7d3e0: 83ec 20f7 | c40f 0000 | 000f 841a | 0000 0048 | 83ec 0849 | bab0 59f5 | f8fa 7f00 | 0041 ffd2 
  0x000001ed68f7d400: 4883 c408 | e90d 0000 | 0049 bab0 | 59f5 f8fa | 7f00 0041 | ffd2 4883 | c420 488b | 5de8 4c8b 
  0x000001ed68f7d420: 5b08 450f | b75b 2c41 | c1e3 0349 | 2be3 4883 | ec20 4883 | e4f0 4c8b | 5b60 4d85 | db0f 85ad 
  0x000001ed68f7d440: 0000 00e8 | 0500 0000 | e99b 0000 | 0048 8bd3 | 488d 4424 | 084c 896d | c049 8bcf | c5f8 7749 
  0x000001ed68f7d460: 89af a802 | 0000 4989 | 8798 0200 | 0048 83ec | 20f7 c40f | 0000 000f | 841a 0000 | 0048 83ec 
  0x000001ed68f7d480: 0849 baf0 | 7dbf f8fa | 7f00 0041 | ffd2 4883 | c408 e90d | 0000 0049 | baf0 7dbf | f8fa 7f00 
  0x000001ed68f7d4a0: 0041 ffd2 | 4883 c420 | 49c7 8798 | 0200 0000 | 0000 0049 | c787 a802 | 0000 0000 | 0000 49c7 
  0x000001ed68f7d4c0: 87a0 0200 | 0000 0000 | 00c5 f877 | 4981 7f08 | 0000 0000 | 0f84 0500 | 0000 e921 | 3aff ff4c 
  0x000001ed68f7d4e0: 8b6d c04c | 8b75 c8c3 | 488b 5de8 | 4c8b 5b60 | 41ff d348 | 8b5d e848 | 8945 1844 | 8b5b 2841 
  0x000001ed68f7d500: f7c3 0800 | 0000 0f84 | 1b00 0000 | 4c8b 5b08 | 4d8b 5b08 | 4d8b 5b18 | 4d8b 5b70 | 4d8b 1b4c 
  0x000001ed68f7d520: 895d 1048 | 8d55 1048 | 8b43 5849 | ba50 a8f5 | f8fa 7f00 | 0049 3bc2 | 0f85 ad00 | 0000 e805 
  0x000001ed68f7d540: 0000 00e9 | 9b00 0000 | 488b d348 | 8d44 2408 | 4c89 6dc0 | 498b cfc5 | f877 4989 | afa8 0200 
  0x000001ed68f7d560: 0049 8987 | 9802 0000 | 4883 ec20 | f7c4 0f00 | 0000 0f84 | 1a00 0000 | 4883 ec08 | 49ba f07d 
  0x000001ed68f7d580: bff8 fa7f | 0000 41ff | d248 83c4 | 08e9 0d00 | 0000 49ba | f07d bff8 | fa7f 0000 | 41ff d248 
  0x000001ed68f7d5a0: 83c4 2049 | c787 9802 | 0000 0000 | 0000 49c7 | 87a8 0200 | 0000 0000 | 0049 c787 | a002 0000 
  0x000001ed68f7d5c0: 0000 0000 | c5f8 7749 | 817f 0800 | 0000 000f | 8405 0000 | 00e9 2639 | ffff 4c8b | 6dc0 4c8b 
  0x000001ed68f7d5e0: 75c8 c348 | 8b5d e848 | 8b43 5849 | 8d8f b802 | 0000 c5f8 | 7749 89af | a802 0000 | 49ba f2d5 
  0x000001ed68f7d600: f768 ed01 | 0000 4d89 | 97a0 0200 | 0049 89a7 | 9802 0000 | 41c7 8748 | 0300 0004 | 0000 00ff 
  0x000001ed68f7d620: d0c5 f877 | 4883 ec10 | c5fb 1104 | 2448 83ec | 1048 8904 | 2448 c744 | 2408 0000 | 0000 41c7 
  0x000001ed68f7d640: 8748 0300 | 0005 0000 | 00f0 8344 | 24c0 0049 | 3baf 5003 | 0000 0f87 | 1100 0000 | 4181 bf38 
  0x000001ed68f7d660: 0300 0000 | 0000 000f | 8421 0000 | 0049 8bcf | 4c8b e448 | 83ec 2048 | 83e4 f049 | ba90 6e05 
  0x000001ed68f7d680: f9fa 7f00 | 0041 ffd2 | 498b e44d | 33e4 41c7 | 8748 0300 | 0008 0000 | 0049 c787 | 9802 0000 
  0x000001ed68f7d6a0: 0000 0000 | 49c7 87a8 | 0200 0000 | 0000 0049 | c787 a002 | 0000 0000 | 0000 c5f8 | 774d 8b9f 
  0x000001ed68f7d6c0: d800 0000 | 41c7 8300 | 0100 0000 | 0000 0049 | bb7b aff7 | 68ed 0100 | 004c 3b5d | 180f 85b9 
  0x000001ed68f7d6e0: 0000 0048 | 8b04 2448 | 83c4 1048 | 85c0 0f84 | 9300 0000 | 48f7 c001 | 0000 000f | 8483 0000 
  0x000001ed68f7d700: 0048 8b40 | ff41 807f | 3800 0f84 | 6f00 0000 | 4883 f800 | 0f84 6500 | 0000 4d8b | 5f20 4983 
  0x000001ed68f7d720: fb00 0f84 | 1400 0000 | 4983 eb08 | 4d89 5f20 | 4d03 5f30 | 4989 03e9 | 4300 0000 | 5049 8bd7 
  0x000001ed68f7d740: 488b c848 | 83ec 20f7 | c40f 0000 | 000f 841a | 0000 0048 | 83ec 0849 | bae0 6db4 | f8fa 7f00 
  0x000001ed68f7d760: 0041 ffd2 | 4883 c408 | e90d 0000 | 0049 bae0 | 6db4 f8fa | 7f00 0041 | ffd2 4883 | c420 58e9 
  0x000001ed68f7d780: 0300 0000 | 488b 0048 | 8945 1048 | 83ec 1048 | 8904 2448 | c744 2408 | 0000 0000 | 4181 bfb8 
  0x000001ed68f7d7a0: 0300 0002 | 0000 000f | 85c0 0000 | 0048 81ec | 8000 0000 | 4889 4424 | 7848 894c | 2470 4889 
  0x000001ed68f7d7c0: 5424 6848 | 895c 2460 | 4889 6c24 | 5048 8974 | 2448 4889 | 7c24 404c | 8944 2438 | 4c89 4c24 
  0x000001ed68f7d7e0: 304c 8954 | 2428 4c89 | 5c24 204c | 8964 2418 | 4c89 6c24 | 104c 8974 | 2408 4c89 | 3c24 4c8b 
  0x000001ed68f7d800: e448 83ec | 2048 83e4 | f049 ba30 | 8af5 f8fa | 7f00 0041 | ffd2 498b | e44c 8b3c | 244c 8b74 
  0x000001ed68f7d820: 2408 4c8b | 6c24 104c | 8b64 2418 | 4c8b 5c24 | 204c 8b54 | 2428 4c8b | 4c24 304c | 8b44 2438 
  0x000001ed68f7d840: 488b 7c24 | 4048 8b74 | 2448 488b | 6c24 5048 | 8b5c 2460 | 488b 5424 | 6848 8b4c | 2470 488b 
  0x000001ed68f7d860: 4424 7848 | 81c4 8000 | 0000 4d33 | e448 8b5d | e84c 8b6b | 084d 8d6d | 3049 817f | 0800 0000 
  0x000001ed68f7d880: 000f 84be | 0000 00e8 | 0500 0000 | e998 0000 | 0048 8d44 | 2408 4c89 | 6dc0 498b | cfc5 f877 
  0x000001ed68f7d8a0: 4989 afa8 | 0200 0049 | 8987 9802 | 0000 4883 | ec20 f7c4 | 0f00 0000 | 0f84 1a00 | 0000 4883 
  0x000001ed68f7d8c0: ec08 49ba | 109c bff8 | fa7f 0000 | 41ff d248 | 83c4 08e9 | 0d00 0000 | 49ba 109c | bff8 fa7f 
  0x000001ed68f7d8e0: 0000 41ff | d248 83c4 | 2049 c787 | 9802 0000 | 0000 0000 | 49c7 87a8 | 0200 0000 | 0000 0049 
  0x000001ed68f7d900: c787 a002 | 0000 0000 | 0000 c5f8 | 7749 817f | 0800 0000 | 000f 8405 | 0000 00e9 | e035 ffff 
  0x000001ed68f7d920: 4c8b 6dc0 | 4c8b 75c8 | c348 b940 | ca19 f9fa | 7f00 0048 | 83e4 f049 | ba00 53e2 | f8fa 7f00 
  0x000001ed68f7d940: 0041 ffd2 | f444 8b5b | 2841 f7c3 | 2000 0000 | 0f84 3f01 | 0000 488d | 55a8 4c8b | 5a08 4d85 
  0x000001ed68f7d960: db0f 85be | 0000 00e8 | 0500 0000 | e998 0000 | 0048 8d44 | 2408 4c89 | 6dc0 498b | cfc5 f877 
  0x000001ed68f7d980: 4989 afa8 | 0200 0049 | 8987 9802 | 0000 4883 | ec20 f7c4 | 0f00 0000 | 0f84 1a00 | 0000 4883 
  0x000001ed68f7d9a0: ec08 49ba | 309b bff8 | fa7f 0000 | 41ff d248 | 83c4 08e9 | 0d00 0000 | 49ba 309b | bff8 fa7f 
  0x000001ed68f7d9c0: 0000 41ff | d248 83c4 | 2049 c787 | 9802 0000 | 0000 0000 | 49c7 87a8 | 0200 0000 | 0000 0049 
  0x000001ed68f7d9e0: c787 a002 | 0000 0000 | 0000 c5f8 | 7749 817f | 0800 0000 | 000f 8405 | 0000 00e9 | 0035 ffff 
  0x000001ed68f7da00: 4c8b 6dc0 | 4c8b 75c8 | c348 b940 | ca19 f9fa | 7f00 0048 | 83e4 f049 | ba00 53e2 | f8fa 7f00 
  0x000001ed68f7da20: 0041 ffd2 | f44c 896d | c048 8d02 | 4c8b 4a08 | 48c7 4208 | 0000 0000 | 4c8b 004d | 85c0 0f84 
  0x000001ed68f7da40: 4d00 0000 | f04d 0fb1 | 010f 8442 | 0000 004c | 894a 0848 | 8bca 4883 | ec20 f7c4 | 0f00 0000 
  0x000001ed68f7da60: 0f84 1a00 | 0000 4883 | ec08 49ba | 606d bff8 | fa7f 0000 | 41ff d248 | 83c4 08e9 | 0d00 0000 
  0x000001ed68f7da80: 49ba 606d | bff8 fa7f | 0000 41ff | d248 83c4 | 204c 8b6d | c049 ba39 | 663f f9fa | 7f00 0041 
  0x000001ed68f7daa0: 803a 000f | 8442 0000 | 0048 8b55 | e849 8bcf | 4883 ec20 | f7c4 0f00 | 0000 0f84 | 1a00 0000 
  0x000001ed68f7dac0: 4883 ec08 | 49ba b059 | f5f8 fa7f | 0000 41ff | d248 83c4 | 08e9 0d00 | 0000 49ba | b059 f5f8 
  0x000001ed68f7dae0: fa7f 0000 | 41ff d248 | 83c4 2048 | 8b04 2448 | 83c4 10c5 | fb10 0424 | 4883 c410 | 4c8b 5d18 
  0x000001ed68f7db00: 41ff d34c | 8b5d f8c9 | 5f49 8be3 | ffe7 ba00 | 0000 00e8 | 0500 0000 | e998 0000 | 0048 8d44 
  0x000001ed68f7db20: 2408 4c89 | 6dc0 498b | cfc5 f877 | 4989 afa8 | 0200 0049 | 8987 9802 | 0000 4883 | ec20 f7c4 
  0x000001ed68f7db40: 0f00 0000 | 0f84 1a00 | 0000 4883 | ec08 49ba | 605e bff8 | fa7f 0000 | 41ff d248 | 83c4 08e9 
  0x000001ed68f7db60: 0d00 0000 | 49ba 605e | bff8 fa7f | 0000 41ff | d248 83c4 | 2049 c787 | 9802 0000 | 0000 0000 
  0x000001ed68f7db80: 49c7 87a8 | 0200 0000 | 0000 0049 | c787 a002 | 0000 0000 | 0000 c5f8 | 7749 817f | 0800 0000 
  0x000001ed68f7dba0: 000f 8405 | 0000 00e9 | 5433 ffff | 4c8b 6dc0 | 4c8b 75c8 | c348 8b5d | e8e9 f7f7 | ffff 6690 
[/MachCode]

---------------  P R O C E S S  ---------------

Threads class SMR info:
_java_thread_list=0x000001ed7e310610, length=14, elements={
0x000001ed5874f1e0, 0x000001ed7d7634c0, 0x000001ed7d764950, 0x000001ed7d77a6b0,
0x000001ed7d8c4090, 0x000001ed7d77d280, 0x000001ed7d77dc40, 0x000001ed7d77e9e0,
0x000001ed7d8c9840, 0x000001ed7d8ca240, 0x000001ed7d9fd2e0, 0x000001ed7da01070,
0x000001ed7e1d2bc0, 0x000001ed7e1d3110
}

Java Threads: ( => current thread )
=>0x000001ed5874f1e0 JavaThread "main" [_thread_in_vm, id=6736, stack(0x0000002637700000,0x0000002637800000)]
  0x000001ed7d7634c0 JavaThread "Reference Handler" daemon [_thread_blocked, id=5668, stack(0x0000002637e00000,0x0000002637f00000)]
  0x000001ed7d764950 JavaThread "Finalizer" daemon [_thread_blocked, id=4592, stack(0x0000002637f00000,0x0000002638000000)]
  0x000001ed7d77a6b0 JavaThread "Signal Dispatcher" daemon [_thread_blocked, id=992, stack(0x0000002638000000,0x0000002638100000)]
  0x000001ed7d8c4090 JavaThread "Attach Listener" daemon [_thread_blocked, id=10060, stack(0x0000002638100000,0x0000002638200000)]
  0x000001ed7d77d280 JavaThread "Service Thread" daemon [_thread_blocked, id=13732, stack(0x0000002638200000,0x0000002638300000)]
  0x000001ed7d77dc40 JavaThread "Monitor Deflation Thread" daemon [_thread_blocked, id=11132, stack(0x0000002638300000,0x0000002638400000)]
  0x000001ed7d77e9e0 JavaThread "C2 CompilerThread0" daemon [_thread_blocked, id=3596, stack(0x0000002638400000,0x0000002638500000)]
  0x000001ed7d8c9840 JavaThread "C1 CompilerThread0" daemon [_thread_blocked, id=9776, stack(0x0000002638500000,0x0000002638600000)]
  0x000001ed7d8ca240 JavaThread "Sweeper thread" daemon [_thread_blocked, id=9608, stack(0x0000002638600000,0x0000002638700000)]
  0x000001ed7d9fd2e0 JavaThread "Notification Thread" daemon [_thread_blocked, id=2312, stack(0x0000002638700000,0x0000002638800000)]
  0x000001ed7da01070 JavaThread "Common-Cleaner" daemon [_thread_blocked, id=10772, stack(0x0000002638900000,0x0000002638a00000)]
  0x000001ed7e1d2bc0 JavaThread "C2 CompilerThread1" daemon [_thread_blocked, id=10752, stack(0x0000002638a00000,0x0000002638b00000)]
  0x000001ed7e1d3110 JavaThread "C2 CompilerThread2" daemon [_thread_blocked, id=12240, stack(0x0000002638b00000,0x0000002638c00000)]

Other Threads:
  0x000001ed7d75a1b0 VMThread "VM Thread" [stack: 0x0000002637d00000,0x0000002637e00000] [id=14812]
  0x000001ed7d9ff7d0 WatcherThread [stack: 0x0000002638800000,0x0000002638900000] [id=14000]
  0x000001ed587ba660 GCTaskThread "GC Thread#0" [stack: 0x0000002637800000,0x0000002637900000] [id=15120]
  0x000001ed7e3e0c50 GCTaskThread "GC Thread#1" [stack: 0x0000002638c00000,0x0000002638d00000] [id=1644]
  0x000001ed7e623b50 GCTaskThread "GC Thread#2" [stack: 0x0000002638d00000,0x0000002638e00000] [id=6188]
  0x000001ed7e1d6dc0 GCTaskThread "GC Thread#3" [stack: 0x0000002638e00000,0x0000002638f00000] [id=10788]
  0x000001ed7e1d7080 GCTaskThread "GC Thread#4" [stack: 0x0000002638f00000,0x0000002639000000] [id=11816]
  0x000001ed7e1d7340 GCTaskThread "GC Thread#5" [stack: 0x0000002639000000,0x0000002639100000] [id=11032]
  0x000001ed7e5bb480 GCTaskThread "GC Thread#6" [stack: 0x0000002639100000,0x0000002639200000] [id=7112]
  0x000001ed7e5bb740 GCTaskThread "GC Thread#7" [stack: 0x0000002639200000,0x0000002639300000] [id=2676]
  0x000001ed587cb480 ConcurrentGCThread "G1 Main Marker" [stack: 0x0000002637900000,0x0000002637a00000] [id=4452]
  0x000001ed587cbea0 ConcurrentGCThread "G1 Conc#0" [stack: 0x0000002637a00000,0x0000002637b00000] [id=8120]
  0x000001ed5880e660 ConcurrentGCThread "G1 Refine#0" [stack: 0x0000002637b00000,0x0000002637c00000] [id=4916]
  0x000001ed7d618670 ConcurrentGCThread "G1 Service" [stack: 0x0000002637c00000,0x0000002637d00000] [id=572]

Threads with active compile tasks:

VM state: not at safepoint (normal execution)

VM Mutex/Monitor currently owned by a thread: None

Heap address: 0x0000000701200000, size: 4078 MB, Compressed Oops mode: Zero based, Oop shift amount: 3

CDS archive(s) mapped at: [0x000001ed00000000-0x000001ed00bb0000-0x000001ed00bb0000), size 12255232, SharedBaseAddress: 0x000001ed00000000, ArchiveRelocationMode: 1.
Compressed class space mapped at: 0x000001ed01000000-0x000001ed41000000, reserved size: 1073741824
Narrow klass base: 0x000001ed00000000, Narrow klass shift: 0, Narrow klass range: 0x100000000

GC Precious Log:
 CPUs: 8 total, 8 available
 Memory: 16304M
 Large Page Support: Disabled
 NUMA Support: Disabled
 Compressed Oops: Enabled (Zero based)
 Heap Region Size: 2M
 Heap Min Capacity: 8M
 Heap Initial Capacity: 256M
 Heap Max Capacity: 4078M
 Pre-touch: Disabled
 Parallel Workers: 8
 Concurrent Workers: 2
 Concurrent Refinement Workers: 8
 Periodic GC: Disabled

Heap:
 garbage-first heap   total 262144K, used 10010K [0x0000000701200000, 0x0000000800000000)
  region size 2048K, 6 young (12288K), 2 survivors (4096K)
 Metaspace       used 6240K, committed 6400K, reserved 1114112K
  class space    used 747K, committed 832K, reserved 1048576K

Heap Regions: E=young(eden), S=young(survivor), O=old, HS=humongous(starts), HC=humongous(continues), CS=collection set, F=free, OA=open archive, CA=closed archive, TAMS=top-at-mark-start (previous, next)
|   0|0x0000000701200000, 0x0000000701200000, 0x0000000701400000|  0%| F|  |TAMS 0x0000000701200000, 0x0000000701200000| Untracked 
|   1|0x0000000701400000, 0x0000000701400000, 0x0000000701600000|  0%| F|  |TAMS 0x0000000701400000, 0x0000000701400000| Untracked 
|   2|0x0000000701600000, 0x0000000701600000, 0x0000000701800000|  0%| F|  |TAMS 0x0000000701600000, 0x0000000701600000| Untracked 
|   3|0x0000000701800000, 0x0000000701800000, 0x0000000701a00000|  0%| F|  |TAMS 0x0000000701800000, 0x0000000701800000| Untracked 
|   4|0x0000000701a00000, 0x0000000701a00000, 0x0000000701c00000|  0%| F|  |TAMS 0x0000000701a00000, 0x0000000701a00000| Untracked 
|   5|0x0000000701c00000, 0x0000000701c00000, 0x0000000701e00000|  0%| F|  |TAMS 0x0000000701c00000, 0x0000000701c00000| Untracked 
|   6|0x0000000701e00000, 0x0000000701e00000, 0x0000000702000000|  0%| F|  |TAMS 0x0000000701e00000, 0x0000000701e00000| Untracked 
|   7|0x0000000702000000, 0x0000000702000000, 0x0000000702200000|  0%| F|  |TAMS 0x0000000702000000, 0x0000000702000000| Untracked 
|   8|0x0000000702200000, 0x0000000702200000, 0x0000000702400000|  0%| F|  |TAMS 0x0000000702200000, 0x0000000702200000| Untracked 
|   9|0x0000000702400000, 0x0000000702400000, 0x0000000702600000|  0%| F|  |TAMS 0x0000000702400000, 0x0000000702400000| Untracked 
|  10|0x0000000702600000, 0x0000000702600000, 0x0000000702800000|  0%| F|  |TAMS 0x0000000702600000, 0x0000000702600000| Untracked 
|  11|0x0000000702800000, 0x0000000702800000, 0x0000000702a00000|  0%| F|  |TAMS 0x0000000702800000, 0x0000000702800000| Untracked 
|  12|0x0000000702a00000, 0x0000000702a00000, 0x0000000702c00000|  0%| F|  |TAMS 0x0000000702a00000, 0x0000000702a00000| Untracked 
|  13|0x0000000702c00000, 0x0000000702c00000, 0x0000000702e00000|  0%| F|  |TAMS 0x0000000702c00000, 0x0000000702c00000| Untracked 
|  14|0x0000000702e00000, 0x0000000702e00000, 0x0000000703000000|  0%| F|  |TAMS 0x0000000702e00000, 0x0000000702e00000| Untracked 
|  15|0x0000000703000000, 0x0000000703000000, 0x0000000703200000|  0%| F|  |TAMS 0x0000000703000000, 0x0000000703000000| Untracked 
|  16|0x0000000703200000, 0x0000000703200000, 0x0000000703400000|  0%| F|  |TAMS 0x0000000703200000, 0x0000000703200000| Untracked 
|  17|0x0000000703400000, 0x0000000703400000, 0x0000000703600000|  0%| F|  |TAMS 0x0000000703400000, 0x0000000703400000| Untracked 
|  18|0x0000000703600000, 0x0000000703600000, 0x0000000703800000|  0%| F|  |TAMS 0x0000000703600000, 0x0000000703600000| Untracked 
|  19|0x0000000703800000, 0x0000000703800000, 0x0000000703a00000|  0%| F|  |TAMS 0x0000000703800000, 0x0000000703800000| Untracked 
|  20|0x0000000703a00000, 0x0000000703a00000, 0x0000000703c00000|  0%| F|  |TAMS 0x0000000703a00000, 0x0000000703a00000| Untracked 
|  21|0x0000000703c00000, 0x0000000703c00000, 0x0000000703e00000|  0%| F|  |TAMS 0x0000000703c00000, 0x0000000703c00000| Untracked 
|  22|0x0000000703e00000, 0x0000000703e00000, 0x0000000704000000|  0%| F|  |TAMS 0x0000000703e00000, 0x0000000703e00000| Untracked 
|  23|0x0000000704000000, 0x0000000704000000, 0x0000000704200000|  0%| F|  |TAMS 0x0000000704000000, 0x0000000704000000| Untracked 
|  24|0x0000000704200000, 0x0000000704200000, 0x0000000704400000|  0%| F|  |TAMS 0x0000000704200000, 0x0000000704200000| Untracked 
|  25|0x0000000704400000, 0x0000000704400000, 0x0000000704600000|  0%| F|  |TAMS 0x0000000704400000, 0x0000000704400000| Untracked 
|  26|0x0000000704600000, 0x0000000704600000, 0x0000000704800000|  0%| F|  |TAMS 0x0000000704600000, 0x0000000704600000| Untracked 
|  27|0x0000000704800000, 0x0000000704800000, 0x0000000704a00000|  0%| F|  |TAMS 0x0000000704800000, 0x0000000704800000| Untracked 
|  28|0x0000000704a00000, 0x0000000704a00000, 0x0000000704c00000|  0%| F|  |TAMS 0x0000000704a00000, 0x0000000704a00000| Untracked 
|  29|0x0000000704c00000, 0x0000000704c00000, 0x0000000704e00000|  0%| F|  |TAMS 0x0000000704c00000, 0x0000000704c00000| Untracked 
|  30|0x0000000704e00000, 0x0000000704e00000, 0x0000000705000000|  0%| F|  |TAMS 0x0000000704e00000, 0x0000000704e00000| Untracked 
|  31|0x0000000705000000, 0x0000000705000000, 0x0000000705200000|  0%| F|  |TAMS 0x0000000705000000, 0x0000000705000000| Untracked 
|  32|0x0000000705200000, 0x0000000705200000, 0x0000000705400000|  0%| F|  |TAMS 0x0000000705200000, 0x0000000705200000| Untracked 
|  33|0x0000000705400000, 0x0000000705400000, 0x0000000705600000|  0%| F|  |TAMS 0x0000000705400000, 0x0000000705400000| Untracked 
|  34|0x0000000705600000, 0x0000000705600000, 0x0000000705800000|  0%| F|  |TAMS 0x0000000705600000, 0x0000000705600000| Untracked 
|  35|0x0000000705800000, 0x0000000705800000, 0x0000000705a00000|  0%| F|  |TAMS 0x0000000705800000, 0x0000000705800000| Untracked 
|  36|0x0000000705a00000, 0x0000000705a00000, 0x0000000705c00000|  0%| F|  |TAMS 0x0000000705a00000, 0x0000000705a00000| Untracked 
|  37|0x0000000705c00000, 0x0000000705c00000, 0x0000000705e00000|  0%| F|  |TAMS 0x0000000705c00000, 0x0000000705c00000| Untracked 
|  38|0x0000000705e00000, 0x0000000705e00000, 0x0000000706000000|  0%| F|  |TAMS 0x0000000705e00000, 0x0000000705e00000| Untracked 
|  39|0x0000000706000000, 0x0000000706000000, 0x0000000706200000|  0%| F|  |TAMS 0x0000000706000000, 0x0000000706000000| Untracked 
|  40|0x0000000706200000, 0x0000000706200000, 0x0000000706400000|  0%| F|  |TAMS 0x0000000706200000, 0x0000000706200000| Untracked 
|  41|0x0000000706400000, 0x0000000706400000, 0x0000000706600000|  0%| F|  |TAMS 0x0000000706400000, 0x0000000706400000| Untracked 
|  42|0x0000000706600000, 0x0000000706600000, 0x0000000706800000|  0%| F|  |TAMS 0x0000000706600000, 0x0000000706600000| Untracked 
|  43|0x0000000706800000, 0x0000000706800000, 0x0000000706a00000|  0%| F|  |TAMS 0x0000000706800000, 0x0000000706800000| Untracked 
|  44|0x0000000706a00000, 0x0000000706a00000, 0x0000000706c00000|  0%| F|  |TAMS 0x0000000706a00000, 0x0000000706a00000| Untracked 
|  45|0x0000000706c00000, 0x0000000706c00000, 0x0000000706e00000|  0%| F|  |TAMS 0x0000000706c00000, 0x0000000706c00000| Untracked 
|  46|0x0000000706e00000, 0x0000000706e00000, 0x0000000707000000|  0%| F|  |TAMS 0x0000000706e00000, 0x0000000706e00000| Untracked 
|  47|0x0000000707000000, 0x0000000707000000, 0x0000000707200000|  0%| F|  |TAMS 0x0000000707000000, 0x0000000707000000| Untracked 
|  48|0x0000000707200000, 0x0000000707200000, 0x0000000707400000|  0%| F|  |TAMS 0x0000000707200000, 0x0000000707200000| Untracked 
|  49|0x0000000707400000, 0x0000000707400000, 0x0000000707600000|  0%| F|  |TAMS 0x0000000707400000, 0x0000000707400000| Untracked 
|  50|0x0000000707600000, 0x0000000707600000, 0x0000000707800000|  0%| F|  |TAMS 0x0000000707600000, 0x0000000707600000| Untracked 
|  51|0x0000000707800000, 0x0000000707800000, 0x0000000707a00000|  0%| F|  |TAMS 0x0000000707800000, 0x0000000707800000| Untracked 
|  52|0x0000000707a00000, 0x0000000707a00000, 0x0000000707c00000|  0%| F|  |TAMS 0x0000000707a00000, 0x0000000707a00000| Untracked 
|  53|0x0000000707c00000, 0x0000000707c00000, 0x0000000707e00000|  0%| F|  |TAMS 0x0000000707c00000, 0x0000000707c00000| Untracked 
|  54|0x0000000707e00000, 0x0000000707e00000, 0x0000000708000000|  0%| F|  |TAMS 0x0000000707e00000, 0x0000000707e00000| Untracked 
|  55|0x0000000708000000, 0x0000000708000000, 0x0000000708200000|  0%| F|  |TAMS 0x0000000708000000, 0x0000000708000000| Untracked 
|  56|0x0000000708200000, 0x0000000708200000, 0x0000000708400000|  0%| F|  |TAMS 0x0000000708200000, 0x0000000708200000| Untracked 
|  57|0x0000000708400000, 0x0000000708400000, 0x0000000708600000|  0%| F|  |TAMS 0x0000000708400000, 0x0000000708400000| Untracked 
|  58|0x0000000708600000, 0x0000000708600000, 0x0000000708800000|  0%| F|  |TAMS 0x0000000708600000, 0x0000000708600000| Untracked 
|  59|0x0000000708800000, 0x0000000708800000, 0x0000000708a00000|  0%| F|  |TAMS 0x0000000708800000, 0x0000000708800000| Untracked 
|  60|0x0000000708a00000, 0x0000000708a00000, 0x0000000708c00000|  0%| F|  |TAMS 0x0000000708a00000, 0x0000000708a00000| Untracked 
|  61|0x0000000708c00000, 0x0000000708c00000, 0x0000000708e00000|  0%| F|  |TAMS 0x0000000708c00000, 0x0000000708c00000| Untracked 
|  62|0x0000000708e00000, 0x0000000708e00000, 0x0000000709000000|  0%| F|  |TAMS 0x0000000708e00000, 0x0000000708e00000| Untracked 
|  63|0x0000000709000000, 0x0000000709000000, 0x0000000709200000|  0%| F|  |TAMS 0x0000000709000000, 0x0000000709000000| Untracked 
|  64|0x0000000709200000, 0x0000000709200000, 0x0000000709400000|  0%| F|  |TAMS 0x0000000709200000, 0x0000000709200000| Untracked 
|  65|0x0000000709400000, 0x0000000709400000, 0x0000000709600000|  0%| F|  |TAMS 0x0000000709400000, 0x0000000709400000| Untracked 
|  66|0x0000000709600000, 0x0000000709600000, 0x0000000709800000|  0%| F|  |TAMS 0x0000000709600000, 0x0000000709600000| Untracked 
|  67|0x0000000709800000, 0x0000000709800000, 0x0000000709a00000|  0%| F|  |TAMS 0x0000000709800000, 0x0000000709800000| Untracked 
|  68|0x0000000709a00000, 0x0000000709a00000, 0x0000000709c00000|  0%| F|  |TAMS 0x0000000709a00000, 0x0000000709a00000| Untracked 
|  69|0x0000000709c00000, 0x0000000709c00000, 0x0000000709e00000|  0%| F|  |TAMS 0x0000000709c00000, 0x0000000709c00000| Untracked 
|  70|0x0000000709e00000, 0x0000000709e00000, 0x000000070a000000|  0%| F|  |TAMS 0x0000000709e00000, 0x0000000709e00000| Untracked 
|  71|0x000000070a000000, 0x000000070a000000, 0x000000070a200000|  0%| F|  |TAMS 0x000000070a000000, 0x000000070a000000| Untracked 
|  72|0x000000070a200000, 0x000000070a200000, 0x000000070a400000|  0%| F|  |TAMS 0x000000070a200000, 0x000000070a200000| Untracked 
|  73|0x000000070a400000, 0x000000070a400000, 0x000000070a600000|  0%| F|  |TAMS 0x000000070a400000, 0x000000070a400000| Untracked 
|  74|0x000000070a600000, 0x000000070a600000, 0x000000070a800000|  0%| F|  |TAMS 0x000000070a600000, 0x000000070a600000| Untracked 
|  75|0x000000070a800000, 0x000000070a800000, 0x000000070aa00000|  0%| F|  |TAMS 0x000000070a800000, 0x000000070a800000| Untracked 
|  76|0x000000070aa00000, 0x000000070aa00000, 0x000000070ac00000|  0%| F|  |TAMS 0x000000070aa00000, 0x000000070aa00000| Untracked 
|  77|0x000000070ac00000, 0x000000070ac00000, 0x000000070ae00000|  0%| F|  |TAMS 0x000000070ac00000, 0x000000070ac00000| Untracked 
|  78|0x000000070ae00000, 0x000000070ae00000, 0x000000070b000000|  0%| F|  |TAMS 0x000000070ae00000, 0x000000070ae00000| Untracked 
|  79|0x000000070b000000, 0x000000070b000000, 0x000000070b200000|  0%| F|  |TAMS 0x000000070b000000, 0x000000070b000000| Untracked 
|  80|0x000000070b200000, 0x000000070b200000, 0x000000070b400000|  0%| F|  |TAMS 0x000000070b200000, 0x000000070b200000| Untracked 
|  81|0x000000070b400000, 0x000000070b400000, 0x000000070b600000|  0%| F|  |TAMS 0x000000070b400000, 0x000000070b400000| Untracked 
|  82|0x000000070b600000, 0x000000070b600000, 0x000000070b800000|  0%| F|  |TAMS 0x000000070b600000, 0x000000070b600000| Untracked 
|  83|0x000000070b800000, 0x000000070b800000, 0x000000070ba00000|  0%| F|  |TAMS 0x000000070b800000, 0x000000070b800000| Untracked 
|  84|0x000000070ba00000, 0x000000070ba00000, 0x000000070bc00000|  0%| F|  |TAMS 0x000000070ba00000, 0x000000070ba00000| Untracked 
|  85|0x000000070bc00000, 0x000000070bc00000, 0x000000070be00000|  0%| F|  |TAMS 0x000000070bc00000, 0x000000070bc00000| Untracked 
|  86|0x000000070be00000, 0x000000070be00000, 0x000000070c000000|  0%| F|  |TAMS 0x000000070be00000, 0x000000070be00000| Untracked 
|  87|0x000000070c000000, 0x000000070c000000, 0x000000070c200000|  0%| F|  |TAMS 0x000000070c000000, 0x000000070c000000| Untracked 
|  88|0x000000070c200000, 0x000000070c200000, 0x000000070c400000|  0%| F|  |TAMS 0x000000070c200000, 0x000000070c200000| Untracked 
|  89|0x000000070c400000, 0x000000070c400000, 0x000000070c600000|  0%| F|  |TAMS 0x000000070c400000, 0x000000070c400000| Untracked 
|  90|0x000000070c600000, 0x000000070c600000, 0x000000070c800000|  0%| F|  |TAMS 0x000000070c600000, 0x000000070c600000| Untracked 
|  91|0x000000070c800000, 0x000000070c800000, 0x000000070ca00000|  0%| F|  |TAMS 0x000000070c800000, 0x000000070c800000| Untracked 
|  92|0x000000070ca00000, 0x000000070ca00000, 0x000000070cc00000|  0%| F|  |TAMS 0x000000070ca00000, 0x000000070ca00000| Untracked 
|  93|0x000000070cc00000, 0x000000070cc00000, 0x000000070ce00000|  0%| F|  |TAMS 0x000000070cc00000, 0x000000070cc00000| Untracked 
|  94|0x000000070ce00000, 0x000000070ce00000, 0x000000070d000000|  0%| F|  |TAMS 0x000000070ce00000, 0x000000070ce00000| Untracked 
|  95|0x000000070d000000, 0x000000070d000000, 0x000000070d200000|  0%| F|  |TAMS 0x000000070d000000, 0x000000070d000000| Untracked 
|  96|0x000000070d200000, 0x000000070d200000, 0x000000070d400000|  0%| F|  |TAMS 0x000000070d200000, 0x000000070d200000| Untracked 
|  97|0x000000070d400000, 0x000000070d400000, 0x000000070d600000|  0%| F|  |TAMS 0x000000070d400000, 0x000000070d400000| Untracked 
|  98|0x000000070d600000, 0x000000070d600000, 0x000000070d800000|  0%| F|  |TAMS 0x000000070d600000, 0x000000070d600000| Untracked 
|  99|0x000000070d800000, 0x000000070d800000, 0x000000070da00000|  0%| F|  |TAMS 0x000000070d800000, 0x000000070d800000| Untracked 
| 100|0x000000070da00000, 0x000000070da00000, 0x000000070dc00000|  0%| F|  |TAMS 0x000000070da00000, 0x000000070da00000| Untracked 
| 101|0x000000070dc00000, 0x000000070dc00000, 0x000000070de00000|  0%| F|  |TAMS 0x000000070dc00000, 0x000000070dc00000| Untracked 
| 102|0x000000070de00000, 0x000000070de00000, 0x000000070e000000|  0%| F|  |TAMS 0x000000070de00000, 0x000000070de00000| Untracked 
| 103|0x000000070e000000, 0x000000070e000000, 0x000000070e200000|  0%| F|  |TAMS 0x000000070e000000, 0x000000070e000000| Untracked 
| 104|0x000000070e200000, 0x000000070e200000, 0x000000070e400000|  0%| F|  |TAMS 0x000000070e200000, 0x000000070e200000| Untracked 
| 105|0x000000070e400000, 0x000000070e400000, 0x000000070e600000|  0%| F|  |TAMS 0x000000070e400000, 0x000000070e400000| Untracked 
| 106|0x000000070e600000, 0x000000070e600000, 0x000000070e800000|  0%| F|  |TAMS 0x000000070e600000, 0x000000070e600000| Untracked 
| 107|0x000000070e800000, 0x000000070e800000, 0x000000070ea00000|  0%| F|  |TAMS 0x000000070e800000, 0x000000070e800000| Untracked 
| 108|0x000000070ea00000, 0x000000070ea00000, 0x000000070ec00000|  0%| F|  |TAMS 0x000000070ea00000, 0x000000070ea00000| Untracked 
| 109|0x000000070ec00000, 0x000000070ec00000, 0x000000070ee00000|  0%| F|  |TAMS 0x000000070ec00000, 0x000000070ec00000| Untracked 
| 110|0x000000070ee00000, 0x000000070ee00000, 0x000000070f000000|  0%| F|  |TAMS 0x000000070ee00000, 0x000000070ee00000| Untracked 
| 111|0x000000070f000000, 0x000000070f000000, 0x000000070f200000|  0%| F|  |TAMS 0x000000070f000000, 0x000000070f000000| Untracked 
| 112|0x000000070f200000, 0x000000070f200000, 0x000000070f400000|  0%| F|  |TAMS 0x000000070f200000, 0x000000070f200000| Untracked 
| 113|0x000000070f400000, 0x000000070f400000, 0x000000070f600000|  0%| F|  |TAMS 0x000000070f400000, 0x000000070f400000| Untracked 
| 114|0x000000070f600000, 0x000000070f600000, 0x000000070f800000|  0%| F|  |TAMS 0x000000070f600000, 0x000000070f600000| Untracked 
| 115|0x000000070f800000, 0x000000070f9c6828, 0x000000070fa00000| 88%| S|CS|TAMS 0x000000070f800000, 0x000000070f800000| Complete 
| 116|0x000000070fa00000, 0x000000070fc00000, 0x000000070fc00000|100%| S|CS|TAMS 0x000000070fa00000, 0x000000070fa00000| Complete 
| 117|0x000000070fc00000, 0x000000070fc00000, 0x000000070fe00000|  0%| F|  |TAMS 0x000000070fc00000, 0x000000070fc00000| Untracked 
| 118|0x000000070fe00000, 0x000000070fe00000, 0x0000000710000000|  0%| F|  |TAMS 0x000000070fe00000, 0x000000070fe00000| Untracked 
| 119|0x0000000710000000, 0x0000000710000000, 0x0000000710200000|  0%| F|  |TAMS 0x0000000710000000, 0x0000000710000000| Untracked 
| 120|0x0000000710200000, 0x0000000710200000, 0x0000000710400000|  0%| F|  |TAMS 0x0000000710200000, 0x0000000710200000| Untracked 
| 121|0x0000000710400000, 0x0000000710400000, 0x0000000710600000|  0%| F|  |TAMS 0x0000000710400000, 0x0000000710400000| Untracked 
| 122|0x0000000710600000, 0x0000000710600000, 0x0000000710800000|  0%| F|  |TAMS 0x0000000710600000, 0x0000000710600000| Untracked 
| 123|0x0000000710800000, 0x0000000710800000, 0x0000000710a00000|  0%| F|  |TAMS 0x0000000710800000, 0x0000000710800000| Untracked 
| 124|0x0000000710a00000, 0x0000000710c00000, 0x0000000710c00000|100%| E|  |TAMS 0x0000000710a00000, 0x0000000710a00000| Complete 
| 125|0x0000000710c00000, 0x0000000710e00000, 0x0000000710e00000|100%| E|CS|TAMS 0x0000000710c00000, 0x0000000710c00000| Complete 
| 126|0x0000000710e00000, 0x0000000711000000, 0x0000000711000000|100%| E|CS|TAMS 0x0000000710e00000, 0x0000000710e00000| Complete 
| 127|0x0000000711000000, 0x0000000711200000, 0x0000000711200000|100%| E|CS|TAMS 0x0000000711000000, 0x0000000711000000| Complete 

Card table byte_map: [0x000001ed71cc0000,0x000001ed724c0000] _byte_map_base: 0x000001ed6e4b7000

Marking Bits (Prev, Next): (CMBitMap*) 0x000001ed587bac80, (CMBitMap*) 0x000001ed587bacc0
 Prev Bits: [0x000001ed72cc0000, 0x000001ed76c78000)
 Next Bits: [0x000001ed76c80000, 0x000001ed7ac38000)

Polling page: 0x000001ed58810000

Metaspace:

Usage:
  Non-class:      5.36 MB used.
      Class:    747.01 KB used.
       Both:      6.09 MB used.

Virtual space:
  Non-class space:       64.00 MB reserved,       5.44 MB (  8%) committed,  1 nodes.
      Class space:        1.00 GB reserved,     832.00 KB ( <1%) committed,  1 nodes.
             Both:        1.06 GB reserved,       6.25 MB ( <1%) committed. 

Chunk freelists:
   Non-Class:  8.77 MB
       Class:  15.22 MB
        Both:  23.98 MB

MaxMetaspaceSize: unlimited
CompressedClassSpaceSize: 1.00 GB
Initial GC threshold: 21.00 MB
Current GC threshold: 21.00 MB
CDS: on
MetaspaceReclaimPolicy: balanced
 - commit_granule_bytes: 65536.
 - commit_granule_words: 8192.
 - virtual_space_node_default_size: 8388608.
 - enlarge_chunks_in_place: 1.
 - new_chunks_are_fully_committed: 0.
 - uncommit_free_chunks: 1.
 - use_allocation_guard: 0.
 - handle_deallocations: 1.


Internal statistics:

num_allocs_failed_limit: 0.
num_arena_births: 40.
num_arena_deaths: 0.
num_vsnodes_births: 2.
num_vsnodes_deaths: 0.
num_space_committed: 100.
num_space_uncommitted: 0.
num_chunks_returned_to_freelist: 0.
num_chunks_taken_from_freelist: 225.
num_chunk_merges: 0.
num_chunk_splits: 143.
num_chunks_enlarged: 127.
num_inconsistent_stats: 0.

CodeHeap 'non-profiled nmethods': size=120000Kb used=496Kb max_used=496Kb free=119503Kb
 bounds [0x000001ed69510000, 0x000001ed69780000, 0x000001ed70a40000]
CodeHeap 'profiled nmethods': size=120000Kb used=2302Kb max_used=2302Kb free=117697Kb
 bounds [0x000001ed61a40000, 0x000001ed61cb0000, 0x000001ed68f70000]
CodeHeap 'non-nmethods': size=5760Kb used=1158Kb max_used=1195Kb free=4601Kb
 bounds [0x000001ed68f70000, 0x000001ed691e0000, 0x000001ed69510000]
 total_blobs=1621 nmethods=1174 adapters=360
 compilation: enabled
              stopped_count=0, restarted_count=0
 full_count=0

Compilation events (20 events):
Event: 0.666 Thread 0x000001ed7d8c9840 1167       3       org.eclipse.sisu.space.asm.ClassReader::readUtf (161 bytes)
Event: 0.666 Thread 0x000001ed7d8c9840 nmethod 1167 0x000001ed61c7a810 code [0x000001ed61c7a9e0, 0x000001ed61c7ae48]
Event: 0.666 Thread 0x000001ed7d8c9840 1163       3       jdk.internal.org.objectweb.asm.SymbolTable::hash (15 bytes)
Event: 0.666 Thread 0x000001ed7d8c9840 nmethod 1163 0x000001ed61c7b110 code [0x000001ed61c7b2c0, 0x000001ed61c7b458]
Event: 0.666 Thread 0x000001ed7d8c9840 1166       3       jdk.internal.org.objectweb.asm.SymbolTable$Entry::<init> (20 bytes)
Event: 0.666 Thread 0x000001ed7d8c9840 nmethod 1166 0x000001ed61c7b590 code [0x000001ed61c7b720, 0x000001ed61c7b868]
Event: 0.666 Thread 0x000001ed7d8c9840 1162       3       java.lang.invoke.MethodType::toMethodDescriptorString (28 bytes)
Event: 0.666 Thread 0x000001ed7d8c9840 nmethod 1162 0x000001ed61c7b910 code [0x000001ed61c7bac0, 0x000001ed61c7bca8]
Event: 0.666 Thread 0x000001ed7d8c9840 1168       3       com.google.inject.internal.MoreTypes::canonicalizeForKey (103 bytes)
Event: 0.667 Thread 0x000001ed7d8c9840 nmethod 1168 0x000001ed61c7bd90 code [0x000001ed61c7c080, 0x000001ed61c7d198]
Event: 0.667 Thread 0x000001ed7d8c9840 1169       3       com.google.common.collect.RegularImmutableMap::get (13 bytes)
Event: 0.667 Thread 0x000001ed7e1d2bc0 1171       4       org.eclipse.sisu.space.asm.ClassReader::readUnsignedShort (26 bytes)
Event: 0.667 Thread 0x000001ed7d8c9840 nmethod 1169 0x000001ed61c7d710 code [0x000001ed61c7d8a0, 0x000001ed61c7d9e8]
Event: 0.667 Thread 0x000001ed7d8c9840 1170       3       com.google.inject.Key::computeHashCode (19 bytes)
Event: 0.667 Thread 0x000001ed7d8c9840 nmethod 1170 0x000001ed61c7da90 code [0x000001ed61c7dc40, 0x000001ed61c7de48]
Event: 0.668 Thread 0x000001ed7e1d2bc0 nmethod 1171 0x000001ed69586610 code [0x000001ed69586780, 0x000001ed69586858]
Event: 0.668 Thread 0x000001ed7d8c9840 1173       3       jdk.internal.jimage.ImageLocation::verify (218 bytes)
Event: 0.669 Thread 0x000001ed7d8c9840 nmethod 1173 0x000001ed61c7df90 code [0x000001ed61c7e240, 0x000001ed61c7efd8]
Event: 0.669 Thread 0x000001ed7d8c9840 1174       3       java.lang.ThreadLocal::getMap (5 bytes)
Event: 0.669 Thread 0x000001ed7d8c9840 nmethod 1174 0x000001ed61c7f510 code [0x000001ed61c7f6a0, 0x000001ed61c7f7b8]

GC Heap History (2 events):
Event: 0.576 GC heap before
{Heap before GC invocations=0 (full 0):
 garbage-first heap   total 262144K, used 22528K [0x0000000701200000, 0x0000000800000000)
  region size 2048K, 11 young (22528K), 0 survivors (0K)
 Metaspace       used 5730K, committed 5952K, reserved 1114112K
  class space    used 681K, committed 768K, reserved 1048576K
}
Event: 0.579 GC heap after
{Heap after GC invocations=1 (full 0):
 garbage-first heap   total 262144K, used 3866K [0x0000000701200000, 0x0000000800000000)
  region size 2048K, 2 young (4096K), 2 survivors (4096K)
 Metaspace       used 5730K, committed 5952K, reserved 1114112K
  class space    used 681K, committed 768K, reserved 1048576K
}

Dll operation events (8 events):
Event: 0.006 Loaded shared library C:\Program Files\Java\microsoft-jdk-17.0.10-windows-x64\jdk-17.0.10+7\bin\java.dll
Event: 0.021 Loaded shared library C:\Program Files\Java\microsoft-jdk-17.0.10-windows-x64\jdk-17.0.10+7\bin\jsvml.dll
Event: 0.047 Loaded shared library C:\Program Files\Java\microsoft-jdk-17.0.10-windows-x64\jdk-17.0.10+7\bin\net.dll
Event: 0.048 Loaded shared library C:\Program Files\Java\microsoft-jdk-17.0.10-windows-x64\jdk-17.0.10+7\bin\nio.dll
Event: 0.051 Loaded shared library C:\Program Files\Java\microsoft-jdk-17.0.10-windows-x64\jdk-17.0.10+7\bin\zip.dll
Event: 0.056 Loaded shared library C:\Program Files\Java\microsoft-jdk-17.0.10-windows-x64\jdk-17.0.10+7\bin\jimage.dll
Event: 0.182 Loaded shared library C:\Users\Andriary\AppData\Local\Temp\jansi-2.4.0-2e26441dd2a657f4-jansi.dll
Event: 0.193 Loaded shared library C:\Program Files\Java\microsoft-jdk-17.0.10-windows-x64\jdk-17.0.10+7\bin\verify.dll

Deoptimization events (20 events):
Event: 0.545 Thread 0x000001ed5874f1e0 Uncommon trap: trap_request=0xffffff45 fr.pc=0x000001ed69540ff4 relative=0x0000000000000a74
Event: 0.545 Thread 0x000001ed5874f1e0 Uncommon trap: reason=unstable_if action=reinterpret pc=0x000001ed69540ff4 method=java.util.HashMap.putVal(ILjava/lang/Object;Ljava/lang/Object;ZZ)Ljava/lang/Object; @ 181 c2
Event: 0.545 Thread 0x000001ed5874f1e0 DEOPT PACKING pc=0x000001ed69540ff4 sp=0x00000026377fcd90
Event: 0.545 Thread 0x000001ed5874f1e0 DEOPT UNPACKING pc=0x000001ed68fc69a3 sp=0x00000026377fcd30 mode 2
Event: 0.579 Thread 0x000001ed5874f1e0 Uncommon trap: trap_request=0xffffff45 fr.pc=0x000001ed69564524 relative=0x0000000000001924
Event: 0.579 Thread 0x000001ed5874f1e0 Uncommon trap: reason=unstable_if action=reinterpret pc=0x000001ed69564524 method=java.nio.charset.CharsetDecoder.decode(Ljava/nio/ByteBuffer;Ljava/nio/CharBuffer;Z)Ljava/nio/charset/CoderResult; @ 15 c2
Event: 0.579 Thread 0x000001ed5874f1e0 DEOPT PACKING pc=0x000001ed69564524 sp=0x00000026377fc8f0
Event: 0.579 Thread 0x000001ed5874f1e0 DEOPT UNPACKING pc=0x000001ed68fc69a3 sp=0x00000026377fc678 mode 2
Event: 0.614 Thread 0x000001ed5874f1e0 Uncommon trap: trap_request=0xffffff45 fr.pc=0x000001ed6956901c relative=0x0000000000000e3c
Event: 0.614 Thread 0x000001ed5874f1e0 Uncommon trap: reason=unstable_if action=reinterpret pc=0x000001ed6956901c method=sun.nio.cs.StreamDecoder.read0()I @ 39 c2
Event: 0.614 Thread 0x000001ed5874f1e0 DEOPT PACKING pc=0x000001ed6956901c sp=0x00000026377fc8d0
Event: 0.614 Thread 0x000001ed5874f1e0 DEOPT UNPACKING pc=0x000001ed68fc69a3 sp=0x00000026377fc7e8 mode 2
Event: 0.618 Thread 0x000001ed5874f1e0 Uncommon trap: trap_request=0xffffff45 fr.pc=0x000001ed69566e68 relative=0x0000000000000768
Event: 0.618 Thread 0x000001ed5874f1e0 Uncommon trap: reason=unstable_if action=reinterpret pc=0x000001ed69566e68 method=java.nio.charset.CharsetDecoder.decode(Ljava/nio/ByteBuffer;Ljava/nio/CharBuffer;Z)Ljava/nio/charset/CoderResult; @ 15 c2
Event: 0.618 Thread 0x000001ed5874f1e0 DEOPT PACKING pc=0x000001ed69566e68 sp=0x00000026377fc9e0
Event: 0.618 Thread 0x000001ed5874f1e0 DEOPT UNPACKING pc=0x000001ed68fc69a3 sp=0x00000026377fc910 mode 2
Event: 0.618 Thread 0x000001ed5874f1e0 Uncommon trap: trap_request=0xffffff45 fr.pc=0x000001ed6956ff10 relative=0x0000000000001410
Event: 0.618 Thread 0x000001ed5874f1e0 Uncommon trap: reason=unstable_if action=reinterpret pc=0x000001ed6956ff10 method=sun.nio.cs.StreamDecoder.read0()I @ 39 c2
Event: 0.618 Thread 0x000001ed5874f1e0 DEOPT PACKING pc=0x000001ed6956ff10 sp=0x00000026377fca70
Event: 0.618 Thread 0x000001ed5874f1e0 DEOPT UNPACKING pc=0x000001ed68fc69a3 sp=0x00000026377fca00 mode 2

Classes unloaded (0 events):
No events

Classes redefined (0 events):
No events

Internal exceptions (20 events):
Event: 0.167 Thread 0x000001ed5874f1e0 Exception <a 'java/lang/NullPointerException'{0x0000000710cf9920}> (0x0000000710cf9920) 
thrown [s\src\hotspot\share\interpreter\linkResolver.cpp, line 1350]
Event: 0.186 Thread 0x000001ed5874f1e0 Exception <a 'java/lang/NullPointerException'{0x0000000710d540c0}> (0x0000000710d540c0) 
thrown [s\src\hotspot\share\interpreter\linkResolver.cpp, line 1350]
Event: 0.186 Thread 0x000001ed5874f1e0 Exception <a 'java/lang/NullPointerException'{0x0000000710d54398}> (0x0000000710d54398) 
thrown [s\src\hotspot\share\interpreter\linkResolver.cpp, line 1350]
Event: 0.186 Thread 0x000001ed5874f1e0 Exception <a 'java/lang/NullPointerException'{0x0000000710d54918}> (0x0000000710d54918) 
thrown [s\src\hotspot\share\interpreter\linkResolver.cpp, line 1350]
Event: 0.187 Thread 0x000001ed5874f1e0 Exception <a 'java/lang/NullPointerException'{0x0000000710d5ad70}> (0x0000000710d5ad70) 
thrown [s\src\hotspot\share\interpreter\linkResolver.cpp, line 1350]
Event: 0.188 Thread 0x000001ed5874f1e0 Exception <a 'java/lang/NullPointerException'{0x0000000710d70cc8}> (0x0000000710d70cc8) 
thrown [s\src\hotspot\share\interpreter\linkResolver.cpp, line 1350]
Event: 0.188 Thread 0x000001ed5874f1e0 Exception <a 'java/lang/NullPointerException'{0x0000000710d70fa0}> (0x0000000710d70fa0) 
thrown [s\src\hotspot\share\interpreter\linkResolver.cpp, line 1350]
Event: 0.188 Thread 0x000001ed5874f1e0 Exception <a 'java/lang/NullPointerException'{0x0000000710d71278}> (0x0000000710d71278) 
thrown [s\src\hotspot\share\interpreter\linkResolver.cpp, line 1350]
Event: 0.188 Thread 0x000001ed5874f1e0 Exception <a 'java/lang/NullPointerException'{0x0000000710d71550}> (0x0000000710d71550) 
thrown [s\src\hotspot\share\interpreter\linkResolver.cpp, line 1350]
Event: 0.206 Thread 0x000001ed5874f1e0 Exception <a 'java/lang/NoSuchMethodError'{0x0000000710a21828}: 'void java.lang.invoke.DirectMethodHandle$Holder.invokeStatic(java.lang.Object, java.lang.Object, java.lang.Object)'> (0x0000000710a21828) 
thrown [s\src\hotspot\share\interpreter\linkResolver.cpp, line 759]
Event: 0.216 Thread 0x000001ed5874f1e0 Exception <a 'java/lang/NoSuchMethodError'{0x0000000710a7de88}: 'int java.lang.invoke.DirectMethodHandle$Holder.invokeStatic(java.lang.Object, java.lang.Object, int)'> (0x0000000710a7de88) 
thrown [s\src\hotspot\share\interpreter\linkResolver.cpp, line 759]
Event: 0.266 Thread 0x000001ed5874f1e0 Exception <a 'java/lang/NoSuchMethodError'{0x0000000710804ce0}: 'java.lang.Object java.lang.invoke.DirectMethodHandle$Holder.invokeSpecialIFC(java.lang.Object, java.lang.Object, java.lang.Object, java.lang.Object)'> (0x0000000710804ce0) 
thrown [s\src\hotspot\share\interpreter\linkResolver.cpp, line 759]
Event: 0.418 Thread 0x000001ed5874f1e0 Exception <a 'java/lang/NoSuchMethodError'{0x00000007105fba90}: 'java.lang.Object java.lang.invoke.DirectMethodHandle$Holder.invokeStaticInit(java.lang.Object)'> (0x00000007105fba90) 
thrown [s\src\hotspot\share\interpreter\linkResolver.cpp, line 759]
Event: 0.421 Thread 0x000001ed5874f1e0 Exception <a 'java/lang/NoSuchMethodError'{0x000000071021c960}: 'void java.lang.invoke.DirectMethodHandle$Holder.invokeSpecial(java.lang.Object, java.lang.Object, java.lang.Object)'> (0x000000071021c960) 
thrown [s\src\hotspot\share\interpreter\linkResolver.cpp, line 759]
Event: 0.452 Thread 0x000001ed5874f1e0 Exception <a 'java/lang/NoSuchMethodError'{0x00000007103a33b0}: 'java.lang.Object java.lang.invoke.DirectMethodHandle$Holder.invokeInterface(java.lang.Object, java.lang.Object)'> (0x00000007103a33b0) 
thrown [s\src\hotspot\share\interpreter\linkResolver.cpp, line 759]
Event: 0.468 Thread 0x000001ed5874f1e0 Exception <a 'java/lang/NoSuchMethodError'{0x00000007100611e8}: 'java.lang.Object java.lang.invoke.Invokers$Holder.invokeExact_MT(java.lang.Object, java.lang.Object, java.lang.Object, java.lang.Object, java.lang.Object, java.lang.Object)'> (0x00000007100611e8) 
thrown [s\src\hotspot\share\interpreter\linkResolver.cpp, line 759]
Event: 0.470 Thread 0x000001ed5874f1e0 Exception <a 'java/lang/NoSuchMethodError'{0x00000007100729c0}: 'int java.lang.invoke.DirectMethodHandle$Holder.invokeSpecialIFC(java.lang.Object, java.lang.Object, java.lang.Object, java.lang.Object, java.lang.Object)'> (0x00000007100729c0) 
thrown [s\src\hotspot\share\interpreter\linkResolver.cpp, line 759]
Event: 0.511 Thread 0x000001ed5874f1e0 Exception <a 'java/lang/NoSuchMethodError'{0x000000070fe4d100}: 'java.lang.Object java.lang.invoke.DirectMethodHandle$Holder.newInvokeSpecial(java.lang.Object, java.lang.Object, java.lang.Object, java.lang.Object, java.lang.Object)'> (0x000000070fe4d100) 
thrown [s\src\hotspot\share\interpreter\linkResolver.cpp, line 759]
Event: 0.536 Thread 0x000001ed5874f1e0 Exception <a 'java/lang/NoSuchMethodError'{0x000000070ff64970}: 'int java.lang.invoke.DirectMethodHandle$Holder.invokeStaticInit(java.lang.Object, java.lang.Object)'> (0x000000070ff64970) 
thrown [s\src\hotspot\share\interpreter\linkResolver.cpp, line 759]
Event: 0.542 Thread 0x000001ed5874f1e0 Exception <a 'java/lang/NoClassDefFoundError'{0x000000070ffa33b8}: javax/enterprise/inject/Typed> (0x000000070ffa33b8) 
thrown [s\src\hotspot\share\classfile\systemDictionary.cpp, line 245]

VM Operations (8 events):
Event: 0.052 Executing VM operation: HandshakeAllThreads
Event: 0.052 Executing VM operation: HandshakeAllThreads done
Event: 0.279 Executing VM operation: HandshakeAllThreads
Event: 0.279 Executing VM operation: HandshakeAllThreads done
Event: 0.558 Executing VM operation: ICBufferFull
Event: 0.559 Executing VM operation: ICBufferFull done
Event: 0.575 Executing VM operation: G1CollectForAllocation
Event: 0.579 Executing VM operation: G1CollectForAllocation done

Events (20 events):
Event: 0.525 loading class java/lang/reflect/ParameterizedType done
Event: 0.528 loading class java/lang/reflect/TypeVariable
Event: 0.528 loading class java/lang/reflect/TypeVariable done
Event: 0.528 loading class java/lang/reflect/WildcardType
Event: 0.528 loading class java/lang/reflect/WildcardType done
Event: 0.531 loading class sun/reflect/generics/tree/TypeVariableSignature
Event: 0.531 loading class sun/reflect/generics/tree/TypeVariableSignature done
Event: 0.542 loading class java/lang/annotation/IncompleteAnnotationException
Event: 0.542 loading class java/lang/annotation/IncompleteAnnotationException done
Event: 0.569 Thread 0x000001ed7e1d3110 Thread added: 0x000001ed7e1d3110
Event: 0.570 loading class jdk/internal/access/foreign/MemorySegmentProxy
Event: 0.570 loading class jdk/internal/access/foreign/MemorySegmentProxy done
Event: 0.627 loading class sun/reflect/generics/reflectiveObjects/TypeVariableImpl
Event: 0.627 loading class sun/reflect/generics/reflectiveObjects/LazyReflectiveObjectGenerator
Event: 0.627 loading class sun/reflect/generics/reflectiveObjects/LazyReflectiveObjectGenerator done
Event: 0.627 loading class sun/reflect/generics/reflectiveObjects/TypeVariableImpl done
Event: 0.627 loading class sun/reflect/generics/reflectiveObjects/ParameterizedTypeImpl
Event: 0.627 loading class sun/reflect/generics/reflectiveObjects/ParameterizedTypeImpl done
Event: 0.652 loading class jdk/internal/misc/ScopedMemoryAccess$Scope
Event: 0.652 loading class jdk/internal/misc/ScopedMemoryAccess$Scope done


Dynamic libraries:
0x00007ff772ab0000 - 0x00007ff772abe000 	C:\Program Files\Java\microsoft-jdk-17.0.10-windows-x64\jdk-17.0.10+7\bin\java.exe
0x00007ffb61990000 - 0x00007ffb61b88000 	C:\Windows\SYSTEM32\ntdll.dll
0x00007ffb60590000 - 0x00007ffb6064d000 	C:\Windows\System32\KERNEL32.DLL
0x00007ffb5f040000 - 0x00007ffb5f336000 	C:\Windows\System32\KERNELBASE.dll
0x00007ffb5f660000 - 0x00007ffb5f760000 	C:\Windows\System32\ucrtbase.dll
0x00007ffb40bd0000 - 0x00007ffb40be7000 	C:\Program Files\Java\microsoft-jdk-17.0.10-windows-x64\jdk-17.0.10+7\bin\jli.dll
0x00007ffb45a60000 - 0x00007ffb45a7b000 	C:\Program Files\Java\microsoft-jdk-17.0.10-windows-x64\jdk-17.0.10+7\bin\VCRUNTIME140.dll
0x00007ffb61480000 - 0x00007ffb6161e000 	C:\Windows\System32\USER32.dll
0x00007ffb50080000 - 0x00007ffb5031a000 	C:\Windows\WinSxS\amd64_microsoft.windows.common-controls_6595b64144ccf1df_6.0.19041.3636_none_60b6a03d71f818d5\COMCTL32.dll
0x00007ffb5f5e0000 - 0x00007ffb5f602000 	C:\Windows\System32\win32u.dll
0x00007ffb613e0000 - 0x00007ffb6147e000 	C:\Windows\System32\msvcrt.dll
0x00007ffb61020000 - 0x00007ffb6104b000 	C:\Windows\System32\GDI32.dll
0x00007ffb5f7d0000 - 0x00007ffb5f8e7000 	C:\Windows\System32\gdi32full.dll
0x00007ffb5f8f0000 - 0x00007ffb5f98d000 	C:\Windows\System32\msvcp_win.dll
0x00007ffb5fc40000 - 0x00007ffb5fc72000 	C:\Windows\System32\IMM32.DLL
0x00007ffb5bb60000 - 0x00007ffb5bb6c000 	C:\Program Files\Java\microsoft-jdk-17.0.10-windows-x64\jdk-17.0.10+7\bin\vcruntime140_1.dll
0x00007ffb3f9f0000 - 0x00007ffb3fa7d000 	C:\Program Files\Java\microsoft-jdk-17.0.10-windows-x64\jdk-17.0.10+7\bin\msvcp140.dll
0x00007ffaf8870000 - 0x00007ffaf94d5000 	C:\Program Files\Java\microsoft-jdk-17.0.10-windows-x64\jdk-17.0.10+7\bin\server\jvm.dll
0x00007ffb60ef0000 - 0x00007ffb60fa0000 	C:\Windows\System32\ADVAPI32.dll
0x00007ffb61760000 - 0x00007ffb61800000 	C:\Windows\System32\sechost.dll
0x00007ffb61250000 - 0x00007ffb61375000 	C:\Windows\System32\RPCRT4.dll
0x00007ffb5f990000 - 0x00007ffb5f9b7000 	C:\Windows\System32\bcrypt.dll
0x00007ffb5bb30000 - 0x00007ffb5bb39000 	C:\Windows\SYSTEM32\WSOCK32.dll
0x00007ffb4aef0000 - 0x00007ffb4af17000 	C:\Windows\SYSTEM32\WINMM.dll
0x00007ffb5ec40000 - 0x00007ffb5ec8b000 	C:\Windows\SYSTEM32\POWRPROF.dll
0x00007ffb61050000 - 0x00007ffb610bb000 	C:\Windows\System32\WS2_32.dll
0x00007ffb56fb0000 - 0x00007ffb56fba000 	C:\Windows\SYSTEM32\VERSION.dll
0x00007ffb5e6b0000 - 0x00007ffb5e6c2000 	C:\Windows\SYSTEM32\UMPDC.dll
0x00007ffb5ca60000 - 0x00007ffb5ca72000 	C:\Windows\SYSTEM32\kernel.appcore.dll
0x00007ffb45970000 - 0x00007ffb4597a000 	C:\Program Files\Java\microsoft-jdk-17.0.10-windows-x64\jdk-17.0.10+7\bin\jimage.dll
0x00007ffb5ea50000 - 0x00007ffb5ec34000 	C:\Windows\SYSTEM32\DBGHELP.DLL
0x00007ffb5e7e0000 - 0x00007ffb5e814000 	C:\Windows\SYSTEM32\dbgcore.DLL
0x00007ffb5f4a0000 - 0x00007ffb5f522000 	C:\Windows\System32\bcryptPrimitives.dll
0x00007ffb40ba0000 - 0x00007ffb40bc5000 	C:\Program Files\Java\microsoft-jdk-17.0.10-windows-x64\jdk-17.0.10+7\bin\java.dll
0x00007ffb0cce0000 - 0x00007ffb0cdb7000 	C:\Program Files\Java\microsoft-jdk-17.0.10-windows-x64\jdk-17.0.10+7\bin\jsvml.dll
0x00007ffb5fce0000 - 0x00007ffb6044b000 	C:\Windows\System32\SHELL32.dll
0x00007ffb5ca80000 - 0x00007ffb5d21e000 	C:\Windows\SYSTEM32\windows.storage.dll
0x00007ffb60660000 - 0x00007ffb609b3000 	C:\Windows\System32\combase.dll
0x00007ffb5e370000 - 0x00007ffb5e39e000 	C:\Windows\SYSTEM32\Wldp.dll
0x00007ffb5f9c0000 - 0x00007ffb5fa8d000 	C:\Windows\System32\OLEAUT32.dll
0x00007ffb604e0000 - 0x00007ffb6058d000 	C:\Windows\System32\SHCORE.dll
0x00007ffb61380000 - 0x00007ffb613d5000 	C:\Windows\System32\shlwapi.dll
0x00007ffb5ef70000 - 0x00007ffb5ef95000 	C:\Windows\SYSTEM32\profapi.dll
0x00007ffb40100000 - 0x00007ffb40119000 	C:\Program Files\Java\microsoft-jdk-17.0.10-windows-x64\jdk-17.0.10+7\bin\net.dll
0x00007ffb56c90000 - 0x00007ffb56d9a000 	C:\Windows\SYSTEM32\WINHTTP.dll
0x00007ffb5e210000 - 0x00007ffb5e27a000 	C:\Windows\system32\mswsock.dll
0x00007ffb3fff0000 - 0x00007ffb40006000 	C:\Program Files\Java\microsoft-jdk-17.0.10-windows-x64\jdk-17.0.10+7\bin\nio.dll
0x00007ffb3fc20000 - 0x00007ffb3fc38000 	C:\Program Files\Java\microsoft-jdk-17.0.10-windows-x64\jdk-17.0.10+7\bin\zip.dll
0x0000000069ac0000 - 0x0000000069ae4000 	C:\Users\Andriary\AppData\Local\Temp\jansi-2.4.0-2e26441dd2a657f4-jansi.dll
0x00007ffb419a0000 - 0x00007ffb419b0000 	C:\Program Files\Java\microsoft-jdk-17.0.10-windows-x64\jdk-17.0.10+7\bin\verify.dll

dbghelp: loaded successfully - version: 4.0.5 - missing functions: none
symbol engine: initialized successfully - sym options: 0x614 - pdb path: .;C:\Program Files\Java\microsoft-jdk-17.0.10-windows-x64\jdk-17.0.10+7\bin;C:\Windows\SYSTEM32;C:\Windows\WinSxS\amd64_microsoft.windows.common-controls_6595b64144ccf1df_6.0.19041.3636_none_60b6a03d71f818d5;C:\Program Files\Java\microsoft-jdk-17.0.10-windows-x64\jdk-17.0.10+7\bin\server;C:\Users\Andriary\AppData\Local\Temp

VM Arguments:
jvm_args: -Dmaven.multiModuleProjectDirectory=D:\app_sms_833\app_sms_back 
java_command: org.apache.maven.wrapper.MavenWrapperMain quarkus:dev
java_class_path (initial): D:\app_sms_833\app_sms_back\.mvn\wrapper\maven-wrapper.jar
Launcher Type: SUN_STANDARD

[Global flags]
     intx CICompilerCount                          = 4                                         {product} {ergonomic}
     uint ConcGCThreads                            = 2                                         {product} {ergonomic}
     uint G1ConcRefinementThreads                  = 8                                         {product} {ergonomic}
   size_t G1HeapRegionSize                         = 2097152                                   {product} {ergonomic}
    uintx GCDrainStackTargetSize                   = 64                                        {product} {ergonomic}
   size_t InitialHeapSize                          = 268435456                                 {product} {ergonomic}
   size_t MarkStackSize                            = 4194304                                   {product} {ergonomic}
   size_t MaxHeapSize                              = 4276092928                                {product} {ergonomic}
   size_t MaxNewSize                               = 2564816896                                {product} {ergonomic}
   size_t MinHeapDeltaBytes                        = 2097152                                   {product} {ergonomic}
   size_t MinHeapSize                              = 8388608                                   {product} {ergonomic}
    uintx NonNMethodCodeHeapSize                   = 5839372                                {pd product} {ergonomic}
    uintx NonProfiledCodeHeapSize                  = 122909434                              {pd product} {ergonomic}
    uintx ProfiledCodeHeapSize                     = 122909434                              {pd product} {ergonomic}
    uintx ReservedCodeCacheSize                    = 251658240                              {pd product} {ergonomic}
     bool SegmentedCodeCache                       = true                                      {product} {ergonomic}
   size_t SoftMaxHeapSize                          = 4276092928                             {manageable} {ergonomic}
     bool UseCompressedClassPointers               = true                           {product lp64_product} {ergonomic}
     bool UseCompressedOops                        = true                           {product lp64_product} {ergonomic}
     bool UseG1GC                                  = true                                      {product} {ergonomic}
     bool UseLargePagesIndividualAllocation        = false                                  {pd product} {ergonomic}

Logging:
Log output configuration:
 #0: stdout all=warning uptime,level,tags
 #1: stderr all=off uptime,level,tags

Environment Variables:
JAVA_HOME=C:\Program Files\Java\microsoft-jdk-17.0.10-windows-x64\jdk-17.0.10+7
PATH=C:\Program Files\Common Files\Oracle\Java\javapath;C:\Program Files (x86)\Common Files\Oracle\Java\javapath;C:\Windows\system32;C:\Windows;C:\Windows\System32\Wbem;C:\Windows\System32\WindowsPowerShell\v1.0\;C:\Windows\System32\OpenSSH\;C:\Program Files\Git\cmd;C:\Program Files\nodejs\;C:\Program Files\Java\microsoft-jdk-17.0.10-windows-x64\jdk-17.0.10+7;C:\Program Files\Java\microsoft-jdk-17.0.10-windows-x64\jdk-17.0.10+7\bin;C:\Users\Andriary\AppData\Local\Microsoft\WindowsApps;C:\Users\Andriary\AppData\Roaming\npm;C:\Users\Andriary\AppData\Local\Programs\Microsoft VS Code\bin;C:\Program Files\JetBrains\IntelliJ IDEA 2023.3.3\bin;;C:\Program Files\Java\microsoft-jdk-17.0.10-windows-x64\jdk-17.0.10+7;C:\Program Files\Java\microsoft-jdk-17.0.10-windows-x64\jdk-17.0.10+7\bin;C:\Program Files (x86)\Common Files\Oracle\Java\javapath;;C:\Program Files\JetBrains\IntelliJ IDEA Community Edition 2023.3.4\bin;
USERNAME=Andriary
OS=Windows_NT
PROCESSOR_IDENTIFIER=Intel64 Family 6 Model 158 Stepping 9, GenuineIntel
TMP=C:\Users\Andriary\AppData\Local\Temp
TEMP=C:\Users\Andriary\AppData\Local\Temp



Periodic native trim disabled


---------------  S Y S T E M  ---------------

OS:
 Windows 10 , 64 bit Build 19041 (10.0.19041.3636)
OS uptime: 0 days 17:29 hours

CPU: total 8 (initial active 8) (4 cores per cpu, 2 threads per core) family 6 model 158 stepping 9 microcode 0xb4, cx8, cmov, fxsr, ht, mmx, 3dnowpref, sse, sse2, sse3, ssse3, sse4.1, sse4.2, popcnt, lzcnt, tsc, tscinvbit, avx, avx2, aes, erms, clmul, bmi1, bmi2, adx, fma, vzeroupper, clflush, clflushopt
Processor Information for all 8 processors :
  Max Mhz: 2801, Current Mhz: 2801, Mhz Limit: 2801

Memory: 4k page, system-wide physical 16304M (10498M free)
TotalPageFile size 19632M (AvailPageFile size 9760M)
current process WorkingSet (physical memory assigned to process): 83M, peak: 85M
current process commit charge ("private bytes"): 364M, peak: 365M

vm_info: OpenJDK 64-Bit Server VM (17.0.10+7-LTS) for windows-amd64 JRE (17.0.10+7-LTS), built on Jan 10 2024 19:47:12 by "MicrosoftCorporation" with MS VC++ 16.10 / 16.11 (VS2019)

END.
