#
# A fatal error has been detected by the Java Runtime Environment:
#
#  EXCEPTION_ACCESS_VIOLATION (0xc0000005) at pc=0x0000016fb98bc778, pid=2404, tid=3204
#
# JRE version: OpenJDK Runtime Environment Microsoft-8902769 (17.0.10+7) (build 17.0.10+7-LTS)
# Java VM: OpenJDK 64-Bit Server VM Microsoft-8902769 (17.0.10+7-LTS, mixed mode, sharing, tiered, compressed oops, compressed class ptrs, g1 gc, windows-amd64)
# Problematic frame:
# j  jdk.internal.org.objectweb.asm.ByteVector.<init>(I)V+0 java.base@17.0.10
#
# No core dump will be written. Minidumps are not enabled by default on client versions of Windows
#
# If you would like to submit a bug report, please visit:
#   https://github.com/microsoft/openjdk/issues
#

---------------  S U M M A R Y ------------

Command Line: -Dmaven.multiModuleProjectDirectory=D:\app_sms_833\app_sms_back org.apache.maven.wrapper.MavenWrapperMain quarkus:dev

Host: Intel(R) Core(TM) i7-7700HQ CPU @ 2.80GHz, 8 cores, 15G,  Windows 10 , 64 bit Build 19041 (10.0.19041.3636)
Time: Thu Apr  4 09:17:05 2024 Afrique de l, 64 bit Build 19041 (10.0.19041.3636) elapsed time: 0.211487 seconds (0d 0h 0m 0s)

---------------  T H R E A D  ---------------

Current thread (0x0000016faa85ecf0):  JavaThread "main" [_thread_in_Java, id=3204, stack(0x000000568c900000,0x000000568ca00000)]

Stack: [0x000000568c900000,0x000000568ca00000],  sp=0x000000568c9fc1e0,  free space=1008k
Native frames: (J=compiled Java code, j=interpreted, Vv=VM code, C=native code)
C  0x0000016fb98bc778

The last pc belongs to method entry point (kind = zerolocals) (printed below).

siginfo: EXCEPTION_ACCESS_VIOLATION (0xc0000005), reading address 0x000001700b05b1a0


Registers:
RAX=0x000001700b05b198, RBX=0x0000016fce3157f0, RCX=0x0000000000000002, RDX=0x0000016fce3158d8
RSP=0x000000568c9fc1e0, RBP=0x000000568c9fc228, RSI=0x0000000000000000, RDI=0x0000000000000100
R8 =0x0000000000000000, R9 =0x0000000710a21b88, R10=0x00007ffaf9419160, R11=0x0000016fb9e507a0
R12=0x0000000000000000, R13=0x0000016fce991418, R14=0x000000568c9fc240, R15=0x0000016faa85ecf0
RIP=0x0000016fb98bc778, EFLAGS=0x0000000000010202


Register to memory mapping:

RIP=0x0000016fb98bc778 is at code_begin+568 in an Interpreter codelet
method entry point (kind = zerolocals)  [0x0000016fb98bc540, 0x0000016fb98bc8e0]  928 bytes
RAX=0x000001700b05b198 is an unknown value
RBX={method} {0x0000016fce3157f8} '<init>' '(I)V' in 'jdk/internal/org/objectweb/asm/ByteVector'
RCX=0x0000000000000002 is an unknown value
RDX=0x0000016fce3158d8 is pointing into metadata
RSP=0x000000568c9fc1e0 is pointing into the stack for thread: 0x0000016faa85ecf0
RBP=0x000000568c9fc228 is pointing into the stack for thread: 0x0000016faa85ecf0
RSI=0x0 is NULL
RDI=0x0000000000000100 is an unknown value
R8 =0x0 is NULL
R9 =0x0000000710a21b88 is an oop: jdk.internal.org.objectweb.asm.SymbolTable 
{0x0000000710a21b88} - klass: 'jdk/internal/org/objectweb/asm/SymbolTable'
 - ---- fields (total size 8 words):
 - private 'majorVersion' 'I' @12  52 (34)
 - private 'entryCount' 'I' @16  52 (34)
 - private 'constantPoolCount' 'I' @20  48 (30)
 - private 'bootstrapMethodCount' 'I' @24  0
 - private 'typeCount' 'I' @28  5
 - final 'classWriter' 'Ljdk/internal/org/objectweb/asm/ClassWriter;' @32  a 'jdk/internal/org/objectweb/asm/ClassWriter'{0x0000000710a21af0} (e214435e)
 - private final 'sourceClassReader' 'Ljdk/internal/org/objectweb/asm/ClassReader;' @36  NULL (0)
 - private 'className' 'Ljava/lang/String;' @40  "java/lang/invoke/LambdaForm$DMH"{0x0000000710a21a58} (e214434b)
 - private 'entries' '[Ljdk/internal/org/objectweb/asm/SymbolTable$Entry;' @44  a 'jdk/internal/org/objectweb/asm/SymbolTable$Entry'[256] {0x0000000710a21bc8} (e2144379)
 - private 'constantPool' 'Ljdk/internal/org/objectweb/asm/ByteVector;' @48  a 'jdk/internal/org/objectweb/asm/ByteVector'{0x0000000710a21fd8} (e21443fb)
 - private 'bootstrapMethods' 'Ljdk/internal/org/objectweb/asm/ByteVector;' @52  NULL (0)
 - private 'typeTable' '[Ljdk/internal/org/objectweb/asm/SymbolTable$Entry;' @56  a 'jdk/internal/org/objectweb/asm/SymbolTable$Entry'[16] {0x0000000710a22e38} (e21445c7)
R10=0x00007ffaf9419160 jvm.dll
R11=0x0000016fb9e507a0 is at entry_point+32 in (nmethod*)0x0000016fb9e50610
Compiled method (c2)     227    9       4       java.lang.Object::<init> (1 bytes)
 total in heap  [0x0000016fb9e50610,0x0000016fb9e50830] = 544
 relocation     [0x0000016fb9e50768,0x0000016fb9e50778] = 16
 main code      [0x0000016fb9e50780,0x0000016fb9e507e0] = 96
 stub code      [0x0000016fb9e507e0,0x0000016fb9e507f8] = 24
 metadata       [0x0000016fb9e507f8,0x0000016fb9e50800] = 8
 scopes data    [0x0000016fb9e50800,0x0000016fb9e50808] = 8
 scopes pcs     [0x0000016fb9e50808,0x0000016fb9e50828] = 32
 dependencies   [0x0000016fb9e50828,0x0000016fb9e50830] = 8
R12=0x0 is NULL
R13=0x0000016fce991418 is pointing into metadata
R14=0x000000568c9fc240 is pointing into the stack for thread: 0x0000016faa85ecf0
R15=0x0000016faa85ecf0 is a thread


Top of Stack: (sp=0x000000568c9fc1e0)
0x000000568c9fc1e0:   000000568c9fc1e0 0000016fce991418
0x000000568c9fc1f0:   000000568c9fc240 0000016fce3158d8
0x000000568c9fc200:   0000000000000000 00000007111e1aa0
0x000000568c9fc210:   0000016fce3157f0 0000000000000000
0x000000568c9fc220:   000000568c9fc238 000000568c9fc298
0x000000568c9fc230:   0000016fb98b94fe 00000000000003f3
0x000000568c9fc240:   0000000710a244b8 0000000710a244b8
0x000000568c9fc250:   000000568c9fc250 0000016fce77e117
0x000000568c9fc260:   000000568c9fc318 0000016fce172b50
0x000000568c9fc270:   0000000000000000 00000007111e1210
0x000000568c9fc280:   0000016fce173fb0 000000568c9fc238
0x000000568c9fc290:   000000568c9fc318 000000568c9fc368
0x000000568c9fc2a0:   0000016fb98b9657 0000000000000000
0x000000568c9fc2b0:   0000000000000000 0000000000000000
0x000000568c9fc2c0:   0000000000000000 0000000000000000
0x000000568c9fc2d0:   0000000000000030 0000000000000000
0x000000568c9fc2e0:   0000000000000000 0000000000000001
0x000000568c9fc2f0:   0000000000000000 0000000000000002
0x000000568c9fc300:   0000000000000000 0000000000000001
0x000000568c9fc310:   00000000000003f3 0000000710a21af0
0x000000568c9fc320:   000000568c9fc320 0000016fce98518c
0x000000568c9fc330:   000000568c9fc380 0000016fce30d660
0x000000568c9fc340:   0000000000000000 00000007111d9c58
0x000000568c9fc350:   0000016fce30d0f8 000000568c9fc318
0x000000568c9fc360:   000000568c9fc380 000000568c9fc3d0
0x000000568c9fc370:   0000016fb98b9657 0000000000000000
0x000000568c9fc380:   0000000710a21928 000000568c9fc388
0x000000568c9fc390:   0000016fce983b49 000000568c9fc3e8
0x000000568c9fc3a0:   0000016fce30d660 0000000000000000
0x000000568c9fc3b0:   00000007111d9c58 0000016fce30c808
0x000000568c9fc3c0:   000000568c9fc380 000000568c9fc3e8
0x000000568c9fc3d0:   000000568c9fc440 0000016fb98b9657 

Instructions: (pc=0x0000016fb98bc778)
0x0000016fb98bc678:   ff ff ff 74 0d 48 83 4c c8 18 02 eb 05 48 89 54
0x0000016fb98bc688:   c8 18 48 83 e9 02 79 89 48 8b 43 10 48 85 c0 74
0x0000016fb98bc698:   20 8b 88 cc 00 00 00 83 c1 02 89 88 cc 00 00 00
0x0000016fb98bc6a8:   23 88 e0 00 00 00 0f 84 78 01 00 00 e9 d1 00 00
0x0000016fb98bc6b8:   00 48 8b 43 18 48 85 c0 0f 85 b2 00 00 00 e8 05
0x0000016fb98bc6c8:   00 00 00 e9 9b 00 00 00 48 8b d3 48 8d 44 24 08
0x0000016fb98bc6d8:   4c 89 6d c0 49 8b cf c5 f8 77 49 89 af a8 02 00
0x0000016fb98bc6e8:   00 49 89 87 98 02 00 00 48 83 ec 20 f7 c4 0f 00
0x0000016fb98bc6f8:   00 00 0f 84 1a 00 00 00 48 83 ec 08 49 ba 70 53
0x0000016fb98bc708:   bf f8 fa 7f 00 00 41 ff d2 48 83 c4 08 e9 0d 00
0x0000016fb98bc718:   00 00 49 ba 70 53 bf f8 fa 7f 00 00 41 ff d2 48
0x0000016fb98bc728:   83 c4 20 49 c7 87 98 02 00 00 00 00 00 00 49 c7
0x0000016fb98bc738:   87 a8 02 00 00 00 00 00 00 49 c7 87 a0 02 00 00
0x0000016fb98bc748:   00 00 00 00 c5 f8 77 49 81 7f 08 00 00 00 00 0f
0x0000016fb98bc758:   84 05 00 00 00 e9 9e 47 ff ff 4c 8b 6d c0 4c 8b
0x0000016fb98bc768:   75 c8 c3 48 8b 43 18 48 85 c0 0f 84 12 00 00 00
0x0000016fb98bc778:   8b 48 08 83 c1 02 89 48 08 23 48 20 0f 84 a2 00
0x0000016fb98bc788:   00 00 89 84 24 00 f0 ff ff 89 84 24 00 e0 ff ff
0x0000016fb98bc798:   89 84 24 00 d0 ff ff 89 84 24 00 c0 ff ff 89 84
0x0000016fb98bc7a8:   24 00 b0 ff ff 89 84 24 00 a0 ff ff 89 84 24 00
0x0000016fb98bc7b8:   90 ff ff 41 c6 87 79 03 00 00 00 49 ba 39 66 3f
0x0000016fb98bc7c8:   f9 fa 7f 00 00 41 80 3a 00 0f 84 42 00 00 00 48
0x0000016fb98bc7d8:   8b 55 e8 49 8b cf 48 83 ec 20 f7 c4 0f 00 00 00
0x0000016fb98bc7e8:   0f 84 1a 00 00 00 48 83 ec 08 49 ba b0 59 f5 f8
0x0000016fb98bc7f8:   fa 7f 00 00 41 ff d2 48 83 c4 08 e9 0d 00 00 00
0x0000016fb98bc808:   49 ba b0 59 f5 f8 fa 7f 00 00 41 ff d2 48 83 c4
0x0000016fb98bc818:   20 41 0f b6 5d 00 49 ba 50 da 41 f9 fa 7f 00 00
0x0000016fb98bc828:   41 ff 24 da ba 00 00 00 00 e8 05 00 00 00 e9 98
0x0000016fb98bc838:   00 00 00 48 8d 44 24 08 4c 89 6d c0 49 8b cf c5
0x0000016fb98bc848:   f8 77 49 89 af a8 02 00 00 49 89 87 98 02 00 00
0x0000016fb98bc858:   48 83 ec 20 f7 c4 0f 00 00 00 0f 84 1a 00 00 00
0x0000016fb98bc868:   48 83 ec 08 49 ba 60 5e bf f8 fa 7f 00 00 41 ff 


Stack slot to memory mapping:
stack at sp + 0 slots: 0x000000568c9fc1e0 is pointing into the stack for thread: 0x0000016faa85ecf0
stack at sp + 1 slots: 0x0000016fce991418 is pointing into metadata
stack at sp + 2 slots: 0x000000568c9fc240 is pointing into the stack for thread: 0x0000016faa85ecf0
stack at sp + 3 slots: 0x0000016fce3158d8 is pointing into metadata
stack at sp + 4 slots: 0x0 is NULL
stack at sp + 5 slots: 0x00000007111e1aa0 is an oop: java.lang.Class 
{0x00000007111e1aa0} - klass: 'java/lang/Class'
 - ---- fields (total size 14 words):
 - private volatile transient 'classRedefinedCount' 'I' @12  0
 - private volatile transient 'cachedConstructor' 'Ljava/lang/reflect/Constructor;' @40  NULL (0)
 - private transient 'name' 'Ljava/lang/String;' @44  NULL (0)
 - private transient 'module' 'Ljava/lang/Module;' @48  a 'java/lang/Module'{0x0000000711064cd0} (e220c99a)
 - private final 'classLoader' 'Ljava/lang/ClassLoader;' @52  NULL (0)
 - private transient 'classData' 'Ljava/lang/Object;' @56  NULL (0)
 - private transient 'packageName' 'Ljava/lang/String;' @60  NULL (0)
 - private final 'componentType' 'Ljava/lang/Class;' @64  NULL (0)
 - private volatile transient 'reflectionData' 'Ljava/lang/ref/SoftReference;' @68  NULL (0)
 - private volatile transient 'genericInfo' 'Lsun/reflect/generics/repository/ClassRepository;' @72  NULL (0)
 - private volatile transient 'enumConstants' '[Ljava/lang/Object;' @76  NULL (0)
 - private volatile transient 'enumConstantDirectory' 'Ljava/util/Map;' @80  NULL (0)
 - private volatile transient 'annotationData' 'Ljava/lang/Class$AnnotationData;' @84  NULL (0)
 - private volatile transient 'annotationType' 'Lsun/reflect/annotation/AnnotationType;' @88  NULL (0)
 - transient 'classValueMap' 'Ljava/lang/ClassValue$ClassValueMap;' @92  NULL (0)
 - signature: Ljdk/internal/org/objectweb/asm/ByteVector;
 - fake entry for mirror: 'jdk/internal/org/objectweb/asm/ByteVector'
 - fake entry for array: NULL
 - fake entry for oop_size: 14
 - fake entry for static_oop_field_count: 0
stack at sp + 6 slots: {method} {0x0000016fce3157f8} '<init>' '(I)V' in 'jdk/internal/org/objectweb/asm/ByteVector'
stack at sp + 7 slots: 0x0 is NULL

method entry point (kind = zerolocals)  [0x0000016fb98bc540, 0x0000016fb98bc8e0]  928 bytes
[MachCode]
  0x0000016fb98bc540: 488b 5308 | 0fb7 4a2c | 0fb7 522a | 2bd1 81fa | f501 0000 | 0f86 2500 | 0000 488b | c248 c1e0 
  0x0000016fb98bc560: 0348 83c0 | 5849 0387 | c003 0000 | 483b e00f | 870a 0000 | 0058 498b | e550 e901 | c3ff ff58 
  0x0000016fb98bc580: 4c8d 74cc | f885 d20f | 8e09 0000 | 0068 0000 | 0000 ffca | 7ff7 5055 | 488b ec41 | 5568 0000 
  0x0000016fb98bc5a0: 0000 4c8b | 6b08 4d8d | 6d30 5348 | 8b53 0848 | 8b52 0848 | 8b52 1848 | 8b52 7048 | 8b12 5248 
  0x0000016fb98bc5c0: 8b53 1048 | 85d2 0f84 | 0700 0000 | 4881 c208 | 0100 0052 | 488b 5308 | 488b 5208 | 488b 5210 
  0x0000016fb98bc5e0: 5241 5641 | 5568 0000 | 0000 4889 | 2424 41c6 | 8779 0300 | 0001 488b | 45d8 4885 | c00f 848d 
  0x0000016fb98bc600: 0000 008b | 48fc 85c9 | 0f88 8200 | 0000 4803 | c148 8b48 | 0848 83e9 | 0248 8b54 | c810 48f7 
  0x0000016fb98bc620: da49 8b14 | d648 85d2 | 7508 4883 | 4cc8 1801 | eb58 8b52 | 0849 ba00 | 0000 ce6f | 0100 0049 
  0x0000016fb98bc640: 03d2 4833 | 54c8 1848 | f7c2 fcff | ffff 743a | 48f7 c202 | 0000 0075 | 3148 817c | c818 0000 
  0x0000016fb98bc660: 0000 7421 | 4881 7cc8 | 1801 0000 | 0074 1648 | 3354 c818 | 48f7 c2fc | ffff ff74 | 0d48 834c 
  0x0000016fb98bc680: c818 02eb | 0548 8954 | c818 4883 | e902 7989 | 488b 4310 | 4885 c074 | 208b 88cc | 0000 0083 
  0x0000016fb98bc6a0: c102 8988 | cc00 0000 | 2388 e000 | 0000 0f84 | 7801 0000 | e9d1 0000 | 0048 8b43 | 1848 85c0 
  0x0000016fb98bc6c0: 0f85 b200 | 0000 e805 | 0000 00e9 | 9b00 0000 | 488b d348 | 8d44 2408 | 4c89 6dc0 | 498b cfc5 
  0x0000016fb98bc6e0: f877 4989 | afa8 0200 | 0049 8987 | 9802 0000 | 4883 ec20 | f7c4 0f00 | 0000 0f84 | 1a00 0000 
  0x0000016fb98bc700: 4883 ec08 | 49ba 7053 | bff8 fa7f | 0000 41ff | d248 83c4 | 08e9 0d00 | 0000 49ba | 7053 bff8 
  0x0000016fb98bc720: fa7f 0000 | 41ff d248 | 83c4 2049 | c787 9802 | 0000 0000 | 0000 49c7 | 87a8 0200 | 0000 0000 
  0x0000016fb98bc740: 0049 c787 | a002 0000 | 0000 0000 | c5f8 7749 | 817f 0800 | 0000 000f | 8405 0000 | 00e9 9e47 
  0x0000016fb98bc760: ffff 4c8b | 6dc0 4c8b | 75c8 c348 | 8b43 1848 | 85c0 0f84 | 1200 0000 | 8b48 0883 | c102 8948 
  0x0000016fb98bc780: 0823 4820 | 0f84 a200 | 0000 8984 | 2400 f0ff | ff89 8424 | 00e0 ffff | 8984 2400 | d0ff ff89 
  0x0000016fb98bc7a0: 8424 00c0 | ffff 8984 | 2400 b0ff | ff89 8424 | 00a0 ffff | 8984 2400 | 90ff ff41 | c687 7903 
  0x0000016fb98bc7c0: 0000 0049 | ba39 663f | f9fa 7f00 | 0041 803a | 000f 8442 | 0000 0048 | 8b55 e849 | 8bcf 4883 
  0x0000016fb98bc7e0: ec20 f7c4 | 0f00 0000 | 0f84 1a00 | 0000 4883 | ec08 49ba | b059 f5f8 | fa7f 0000 | 41ff d248 
  0x0000016fb98bc800: 83c4 08e9 | 0d00 0000 | 49ba b059 | f5f8 fa7f | 0000 41ff | d248 83c4 | 2041 0fb6 | 5d00 49ba 
  0x0000016fb98bc820: 50da 41f9 | fa7f 0000 | 41ff 24da | ba00 0000 | 00e8 0500 | 0000 e998 | 0000 0048 | 8d44 2408 
  0x0000016fb98bc840: 4c89 6dc0 | 498b cfc5 | f877 4989 | afa8 0200 | 0049 8987 | 9802 0000 | 4883 ec20 | f7c4 0f00 
  0x0000016fb98bc860: 0000 0f84 | 1a00 0000 | 4883 ec08 | 49ba 605e | bff8 fa7f | 0000 41ff | d248 83c4 | 08e9 0d00 
  0x0000016fb98bc880: 0000 49ba | 605e bff8 | fa7f 0000 | 41ff d248 | 83c4 2049 | c787 9802 | 0000 0000 | 0000 49c7 
  0x0000016fb98bc8a0: 87a8 0200 | 0000 0000 | 0049 c787 | a002 0000 | 0000 0000 | c5f8 7749 | 817f 0800 | 0000 000f 
  0x0000016fb98bc8c0: 8405 0000 | 00e9 3646 | ffff 4c8b | 6dc0 4c8b | 75c8 c348 | 8b5d e8e9 | aefe ffff | 0f1f 4000 
[/MachCode]

---------------  P R O C E S S  ---------------

Threads class SMR info:
_java_thread_list=0x0000016fcda3a520, length=12, elements={
0x0000016faa85ecf0, 0x0000016fcd75c610, 0x0000016fcd75d490, 0x0000016fcd7722f0,
0x0000016fcd776ec0, 0x0000016fcd779890, 0x0000016fcd77a250, 0x0000016fcd77c000,
0x0000016fcd77f490, 0x0000016fcd77fe90, 0x0000016fcda7ba90, 0x0000016fcda7f400
}

Java Threads: ( => current thread )
=>0x0000016faa85ecf0 JavaThread "main" [_thread_in_Java, id=3204, stack(0x000000568c900000,0x000000568ca00000)]
  0x0000016fcd75c610 JavaThread "Reference Handler" daemon [_thread_blocked, id=8944, stack(0x000000568d000000,0x000000568d100000)]
  0x0000016fcd75d490 JavaThread "Finalizer" daemon [_thread_blocked, id=8320, stack(0x000000568d100000,0x000000568d200000)]
  0x0000016fcd7722f0 JavaThread "Signal Dispatcher" daemon [_thread_blocked, id=7004, stack(0x000000568d200000,0x000000568d300000)]
  0x0000016fcd776ec0 JavaThread "Attach Listener" daemon [_thread_blocked, id=13728, stack(0x000000568d300000,0x000000568d400000)]
  0x0000016fcd779890 JavaThread "Service Thread" daemon [_thread_blocked, id=2364, stack(0x000000568d400000,0x000000568d500000)]
  0x0000016fcd77a250 JavaThread "Monitor Deflation Thread" daemon [_thread_blocked, id=1036, stack(0x000000568d500000,0x000000568d600000)]
  0x0000016fcd77c000 JavaThread "C2 CompilerThread0" daemon [_thread_blocked, id=10944, stack(0x000000568d600000,0x000000568d700000)]
  0x0000016fcd77f490 JavaThread "C1 CompilerThread0" daemon [_thread_blocked, id=9636, stack(0x000000568d700000,0x000000568d800000)]
  0x0000016fcd77fe90 JavaThread "Sweeper thread" daemon [_thread_blocked, id=3580, stack(0x000000568d800000,0x000000568d900000)]
  0x0000016fcda7ba90 JavaThread "Notification Thread" daemon [_thread_blocked, id=12188, stack(0x000000568d900000,0x000000568da00000)]
  0x0000016fcda7f400 JavaThread "Common-Cleaner" daemon [_thread_blocked, id=6840, stack(0x000000568db00000,0x000000568dc00000)]

Other Threads:
  0x0000016fcd754ad0 VMThread "VM Thread" [stack: 0x000000568cf00000,0x000000568d000000] [id=9452]
  0x0000016fcda7e380 WatcherThread [stack: 0x000000568da00000,0x000000568db00000] [id=4472]
  0x0000016faa8ca170 GCTaskThread "GC Thread#0" [stack: 0x000000568ca00000,0x000000568cb00000] [id=14452]
  0x0000016faa8daf90 ConcurrentGCThread "G1 Main Marker" [stack: 0x000000568cb00000,0x000000568cc00000] [id=11388]
  0x0000016faa8db9b0 ConcurrentGCThread "G1 Conc#0" [stack: 0x000000568cc00000,0x000000568cd00000] [id=13772]
  0x0000016fcd691850 ConcurrentGCThread "G1 Refine#0" [stack: 0x000000568cd00000,0x000000568ce00000] [id=10064]
  0x0000016fcd692090 ConcurrentGCThread "G1 Service" [stack: 0x000000568ce00000,0x000000568cf00000] [id=8]

Threads with active compile tasks:

VM state: not at safepoint (normal execution)

VM Mutex/Monitor currently owned by a thread: None

Heap address: 0x0000000701200000, size: 4078 MB, Compressed Oops mode: Zero based, Oop shift amount: 3

CDS archive(s) mapped at: [0x0000016fce000000-0x0000016fcebb0000-0x0000016fcebb0000), size 12255232, SharedBaseAddress: 0x0000016fce000000, ArchiveRelocationMode: 1.
Compressed class space mapped at: 0x0000016fcf000000-0x000001700f000000, reserved size: 1073741824
Narrow klass base: 0x0000016fce000000, Narrow klass shift: 0, Narrow klass range: 0x100000000

GC Precious Log:
 CPUs: 8 total, 8 available
 Memory: 16304M
 Large Page Support: Disabled
 NUMA Support: Disabled
 Compressed Oops: Enabled (Zero based)
 Heap Region Size: 2M
 Heap Min Capacity: 8M
 Heap Initial Capacity: 256M
 Heap Max Capacity: 4078M
 Pre-touch: Disabled
 Parallel Workers: 8
 Concurrent Workers: 2
 Concurrent Refinement Workers: 8
 Periodic GC: Disabled

Heap:
 garbage-first heap   total 262144K, used 6144K [0x0000000701200000, 0x0000000800000000)
  region size 2048K, 4 young (8192K), 0 survivors (0K)
 Metaspace       used 1721K, committed 1856K, reserved 1114112K
  class space    used 168K, committed 256K, reserved 1048576K

Heap Regions: E=young(eden), S=young(survivor), O=old, HS=humongous(starts), HC=humongous(continues), CS=collection set, F=free, OA=open archive, CA=closed archive, TAMS=top-at-mark-start (previous, next)
|   0|0x0000000701200000, 0x0000000701200000, 0x0000000701400000|  0%| F|  |TAMS 0x0000000701200000, 0x0000000701200000| Untracked 
|   1|0x0000000701400000, 0x0000000701400000, 0x0000000701600000|  0%| F|  |TAMS 0x0000000701400000, 0x0000000701400000| Untracked 
|   2|0x0000000701600000, 0x0000000701600000, 0x0000000701800000|  0%| F|  |TAMS 0x0000000701600000, 0x0000000701600000| Untracked 
|   3|0x0000000701800000, 0x0000000701800000, 0x0000000701a00000|  0%| F|  |TAMS 0x0000000701800000, 0x0000000701800000| Untracked 
|   4|0x0000000701a00000, 0x0000000701a00000, 0x0000000701c00000|  0%| F|  |TAMS 0x0000000701a00000, 0x0000000701a00000| Untracked 
|   5|0x0000000701c00000, 0x0000000701c00000, 0x0000000701e00000|  0%| F|  |TAMS 0x0000000701c00000, 0x0000000701c00000| Untracked 
|   6|0x0000000701e00000, 0x0000000701e00000, 0x0000000702000000|  0%| F|  |TAMS 0x0000000701e00000, 0x0000000701e00000| Untracked 
|   7|0x0000000702000000, 0x0000000702000000, 0x0000000702200000|  0%| F|  |TAMS 0x0000000702000000, 0x0000000702000000| Untracked 
|   8|0x0000000702200000, 0x0000000702200000, 0x0000000702400000|  0%| F|  |TAMS 0x0000000702200000, 0x0000000702200000| Untracked 
|   9|0x0000000702400000, 0x0000000702400000, 0x0000000702600000|  0%| F|  |TAMS 0x0000000702400000, 0x0000000702400000| Untracked 
|  10|0x0000000702600000, 0x0000000702600000, 0x0000000702800000|  0%| F|  |TAMS 0x0000000702600000, 0x0000000702600000| Untracked 
|  11|0x0000000702800000, 0x0000000702800000, 0x0000000702a00000|  0%| F|  |TAMS 0x0000000702800000, 0x0000000702800000| Untracked 
|  12|0x0000000702a00000, 0x0000000702a00000, 0x0000000702c00000|  0%| F|  |TAMS 0x0000000702a00000, 0x0000000702a00000| Untracked 
|  13|0x0000000702c00000, 0x0000000702c00000, 0x0000000702e00000|  0%| F|  |TAMS 0x0000000702c00000, 0x0000000702c00000| Untracked 
|  14|0x0000000702e00000, 0x0000000702e00000, 0x0000000703000000|  0%| F|  |TAMS 0x0000000702e00000, 0x0000000702e00000| Untracked 
|  15|0x0000000703000000, 0x0000000703000000, 0x0000000703200000|  0%| F|  |TAMS 0x0000000703000000, 0x0000000703000000| Untracked 
|  16|0x0000000703200000, 0x0000000703200000, 0x0000000703400000|  0%| F|  |TAMS 0x0000000703200000, 0x0000000703200000| Untracked 
|  17|0x0000000703400000, 0x0000000703400000, 0x0000000703600000|  0%| F|  |TAMS 0x0000000703400000, 0x0000000703400000| Untracked 
|  18|0x0000000703600000, 0x0000000703600000, 0x0000000703800000|  0%| F|  |TAMS 0x0000000703600000, 0x0000000703600000| Untracked 
|  19|0x0000000703800000, 0x0000000703800000, 0x0000000703a00000|  0%| F|  |TAMS 0x0000000703800000, 0x0000000703800000| Untracked 
|  20|0x0000000703a00000, 0x0000000703a00000, 0x0000000703c00000|  0%| F|  |TAMS 0x0000000703a00000, 0x0000000703a00000| Untracked 
|  21|0x0000000703c00000, 0x0000000703c00000, 0x0000000703e00000|  0%| F|  |TAMS 0x0000000703c00000, 0x0000000703c00000| Untracked 
|  22|0x0000000703e00000, 0x0000000703e00000, 0x0000000704000000|  0%| F|  |TAMS 0x0000000703e00000, 0x0000000703e00000| Untracked 
|  23|0x0000000704000000, 0x0000000704000000, 0x0000000704200000|  0%| F|  |TAMS 0x0000000704000000, 0x0000000704000000| Untracked 
|  24|0x0000000704200000, 0x0000000704200000, 0x0000000704400000|  0%| F|  |TAMS 0x0000000704200000, 0x0000000704200000| Untracked 
|  25|0x0000000704400000, 0x0000000704400000, 0x0000000704600000|  0%| F|  |TAMS 0x0000000704400000, 0x0000000704400000| Untracked 
|  26|0x0000000704600000, 0x0000000704600000, 0x0000000704800000|  0%| F|  |TAMS 0x0000000704600000, 0x0000000704600000| Untracked 
|  27|0x0000000704800000, 0x0000000704800000, 0x0000000704a00000|  0%| F|  |TAMS 0x0000000704800000, 0x0000000704800000| Untracked 
|  28|0x0000000704a00000, 0x0000000704a00000, 0x0000000704c00000|  0%| F|  |TAMS 0x0000000704a00000, 0x0000000704a00000| Untracked 
|  29|0x0000000704c00000, 0x0000000704c00000, 0x0000000704e00000|  0%| F|  |TAMS 0x0000000704c00000, 0x0000000704c00000| Untracked 
|  30|0x0000000704e00000, 0x0000000704e00000, 0x0000000705000000|  0%| F|  |TAMS 0x0000000704e00000, 0x0000000704e00000| Untracked 
|  31|0x0000000705000000, 0x0000000705000000, 0x0000000705200000|  0%| F|  |TAMS 0x0000000705000000, 0x0000000705000000| Untracked 
|  32|0x0000000705200000, 0x0000000705200000, 0x0000000705400000|  0%| F|  |TAMS 0x0000000705200000, 0x0000000705200000| Untracked 
|  33|0x0000000705400000, 0x0000000705400000, 0x0000000705600000|  0%| F|  |TAMS 0x0000000705400000, 0x0000000705400000| Untracked 
|  34|0x0000000705600000, 0x0000000705600000, 0x0000000705800000|  0%| F|  |TAMS 0x0000000705600000, 0x0000000705600000| Untracked 
|  35|0x0000000705800000, 0x0000000705800000, 0x0000000705a00000|  0%| F|  |TAMS 0x0000000705800000, 0x0000000705800000| Untracked 
|  36|0x0000000705a00000, 0x0000000705a00000, 0x0000000705c00000|  0%| F|  |TAMS 0x0000000705a00000, 0x0000000705a00000| Untracked 
|  37|0x0000000705c00000, 0x0000000705c00000, 0x0000000705e00000|  0%| F|  |TAMS 0x0000000705c00000, 0x0000000705c00000| Untracked 
|  38|0x0000000705e00000, 0x0000000705e00000, 0x0000000706000000|  0%| F|  |TAMS 0x0000000705e00000, 0x0000000705e00000| Untracked 
|  39|0x0000000706000000, 0x0000000706000000, 0x0000000706200000|  0%| F|  |TAMS 0x0000000706000000, 0x0000000706000000| Untracked 
|  40|0x0000000706200000, 0x0000000706200000, 0x0000000706400000|  0%| F|  |TAMS 0x0000000706200000, 0x0000000706200000| Untracked 
|  41|0x0000000706400000, 0x0000000706400000, 0x0000000706600000|  0%| F|  |TAMS 0x0000000706400000, 0x0000000706400000| Untracked 
|  42|0x0000000706600000, 0x0000000706600000, 0x0000000706800000|  0%| F|  |TAMS 0x0000000706600000, 0x0000000706600000| Untracked 
|  43|0x0000000706800000, 0x0000000706800000, 0x0000000706a00000|  0%| F|  |TAMS 0x0000000706800000, 0x0000000706800000| Untracked 
|  44|0x0000000706a00000, 0x0000000706a00000, 0x0000000706c00000|  0%| F|  |TAMS 0x0000000706a00000, 0x0000000706a00000| Untracked 
|  45|0x0000000706c00000, 0x0000000706c00000, 0x0000000706e00000|  0%| F|  |TAMS 0x0000000706c00000, 0x0000000706c00000| Untracked 
|  46|0x0000000706e00000, 0x0000000706e00000, 0x0000000707000000|  0%| F|  |TAMS 0x0000000706e00000, 0x0000000706e00000| Untracked 
|  47|0x0000000707000000, 0x0000000707000000, 0x0000000707200000|  0%| F|  |TAMS 0x0000000707000000, 0x0000000707000000| Untracked 
|  48|0x0000000707200000, 0x0000000707200000, 0x0000000707400000|  0%| F|  |TAMS 0x0000000707200000, 0x0000000707200000| Untracked 
|  49|0x0000000707400000, 0x0000000707400000, 0x0000000707600000|  0%| F|  |TAMS 0x0000000707400000, 0x0000000707400000| Untracked 
|  50|0x0000000707600000, 0x0000000707600000, 0x0000000707800000|  0%| F|  |TAMS 0x0000000707600000, 0x0000000707600000| Untracked 
|  51|0x0000000707800000, 0x0000000707800000, 0x0000000707a00000|  0%| F|  |TAMS 0x0000000707800000, 0x0000000707800000| Untracked 
|  52|0x0000000707a00000, 0x0000000707a00000, 0x0000000707c00000|  0%| F|  |TAMS 0x0000000707a00000, 0x0000000707a00000| Untracked 
|  53|0x0000000707c00000, 0x0000000707c00000, 0x0000000707e00000|  0%| F|  |TAMS 0x0000000707c00000, 0x0000000707c00000| Untracked 
|  54|0x0000000707e00000, 0x0000000707e00000, 0x0000000708000000|  0%| F|  |TAMS 0x0000000707e00000, 0x0000000707e00000| Untracked 
|  55|0x0000000708000000, 0x0000000708000000, 0x0000000708200000|  0%| F|  |TAMS 0x0000000708000000, 0x0000000708000000| Untracked 
|  56|0x0000000708200000, 0x0000000708200000, 0x0000000708400000|  0%| F|  |TAMS 0x0000000708200000, 0x0000000708200000| Untracked 
|  57|0x0000000708400000, 0x0000000708400000, 0x0000000708600000|  0%| F|  |TAMS 0x0000000708400000, 0x0000000708400000| Untracked 
|  58|0x0000000708600000, 0x0000000708600000, 0x0000000708800000|  0%| F|  |TAMS 0x0000000708600000, 0x0000000708600000| Untracked 
|  59|0x0000000708800000, 0x0000000708800000, 0x0000000708a00000|  0%| F|  |TAMS 0x0000000708800000, 0x0000000708800000| Untracked 
|  60|0x0000000708a00000, 0x0000000708a00000, 0x0000000708c00000|  0%| F|  |TAMS 0x0000000708a00000, 0x0000000708a00000| Untracked 
|  61|0x0000000708c00000, 0x0000000708c00000, 0x0000000708e00000|  0%| F|  |TAMS 0x0000000708c00000, 0x0000000708c00000| Untracked 
|  62|0x0000000708e00000, 0x0000000708e00000, 0x0000000709000000|  0%| F|  |TAMS 0x0000000708e00000, 0x0000000708e00000| Untracked 
|  63|0x0000000709000000, 0x0000000709000000, 0x0000000709200000|  0%| F|  |TAMS 0x0000000709000000, 0x0000000709000000| Untracked 
|  64|0x0000000709200000, 0x0000000709200000, 0x0000000709400000|  0%| F|  |TAMS 0x0000000709200000, 0x0000000709200000| Untracked 
|  65|0x0000000709400000, 0x0000000709400000, 0x0000000709600000|  0%| F|  |TAMS 0x0000000709400000, 0x0000000709400000| Untracked 
|  66|0x0000000709600000, 0x0000000709600000, 0x0000000709800000|  0%| F|  |TAMS 0x0000000709600000, 0x0000000709600000| Untracked 
|  67|0x0000000709800000, 0x0000000709800000, 0x0000000709a00000|  0%| F|  |TAMS 0x0000000709800000, 0x0000000709800000| Untracked 
|  68|0x0000000709a00000, 0x0000000709a00000, 0x0000000709c00000|  0%| F|  |TAMS 0x0000000709a00000, 0x0000000709a00000| Untracked 
|  69|0x0000000709c00000, 0x0000000709c00000, 0x0000000709e00000|  0%| F|  |TAMS 0x0000000709c00000, 0x0000000709c00000| Untracked 
|  70|0x0000000709e00000, 0x0000000709e00000, 0x000000070a000000|  0%| F|  |TAMS 0x0000000709e00000, 0x0000000709e00000| Untracked 
|  71|0x000000070a000000, 0x000000070a000000, 0x000000070a200000|  0%| F|  |TAMS 0x000000070a000000, 0x000000070a000000| Untracked 
|  72|0x000000070a200000, 0x000000070a200000, 0x000000070a400000|  0%| F|  |TAMS 0x000000070a200000, 0x000000070a200000| Untracked 
|  73|0x000000070a400000, 0x000000070a400000, 0x000000070a600000|  0%| F|  |TAMS 0x000000070a400000, 0x000000070a400000| Untracked 
|  74|0x000000070a600000, 0x000000070a600000, 0x000000070a800000|  0%| F|  |TAMS 0x000000070a600000, 0x000000070a600000| Untracked 
|  75|0x000000070a800000, 0x000000070a800000, 0x000000070aa00000|  0%| F|  |TAMS 0x000000070a800000, 0x000000070a800000| Untracked 
|  76|0x000000070aa00000, 0x000000070aa00000, 0x000000070ac00000|  0%| F|  |TAMS 0x000000070aa00000, 0x000000070aa00000| Untracked 
|  77|0x000000070ac00000, 0x000000070ac00000, 0x000000070ae00000|  0%| F|  |TAMS 0x000000070ac00000, 0x000000070ac00000| Untracked 
|  78|0x000000070ae00000, 0x000000070ae00000, 0x000000070b000000|  0%| F|  |TAMS 0x000000070ae00000, 0x000000070ae00000| Untracked 
|  79|0x000000070b000000, 0x000000070b000000, 0x000000070b200000|  0%| F|  |TAMS 0x000000070b000000, 0x000000070b000000| Untracked 
|  80|0x000000070b200000, 0x000000070b200000, 0x000000070b400000|  0%| F|  |TAMS 0x000000070b200000, 0x000000070b200000| Untracked 
|  81|0x000000070b400000, 0x000000070b400000, 0x000000070b600000|  0%| F|  |TAMS 0x000000070b400000, 0x000000070b400000| Untracked 
|  82|0x000000070b600000, 0x000000070b600000, 0x000000070b800000|  0%| F|  |TAMS 0x000000070b600000, 0x000000070b600000| Untracked 
|  83|0x000000070b800000, 0x000000070b800000, 0x000000070ba00000|  0%| F|  |TAMS 0x000000070b800000, 0x000000070b800000| Untracked 
|  84|0x000000070ba00000, 0x000000070ba00000, 0x000000070bc00000|  0%| F|  |TAMS 0x000000070ba00000, 0x000000070ba00000| Untracked 
|  85|0x000000070bc00000, 0x000000070bc00000, 0x000000070be00000|  0%| F|  |TAMS 0x000000070bc00000, 0x000000070bc00000| Untracked 
|  86|0x000000070be00000, 0x000000070be00000, 0x000000070c000000|  0%| F|  |TAMS 0x000000070be00000, 0x000000070be00000| Untracked 
|  87|0x000000070c000000, 0x000000070c000000, 0x000000070c200000|  0%| F|  |TAMS 0x000000070c000000, 0x000000070c000000| Untracked 
|  88|0x000000070c200000, 0x000000070c200000, 0x000000070c400000|  0%| F|  |TAMS 0x000000070c200000, 0x000000070c200000| Untracked 
|  89|0x000000070c400000, 0x000000070c400000, 0x000000070c600000|  0%| F|  |TAMS 0x000000070c400000, 0x000000070c400000| Untracked 
|  90|0x000000070c600000, 0x000000070c600000, 0x000000070c800000|  0%| F|  |TAMS 0x000000070c600000, 0x000000070c600000| Untracked 
|  91|0x000000070c800000, 0x000000070c800000, 0x000000070ca00000|  0%| F|  |TAMS 0x000000070c800000, 0x000000070c800000| Untracked 
|  92|0x000000070ca00000, 0x000000070ca00000, 0x000000070cc00000|  0%| F|  |TAMS 0x000000070ca00000, 0x000000070ca00000| Untracked 
|  93|0x000000070cc00000, 0x000000070cc00000, 0x000000070ce00000|  0%| F|  |TAMS 0x000000070cc00000, 0x000000070cc00000| Untracked 
|  94|0x000000070ce00000, 0x000000070ce00000, 0x000000070d000000|  0%| F|  |TAMS 0x000000070ce00000, 0x000000070ce00000| Untracked 
|  95|0x000000070d000000, 0x000000070d000000, 0x000000070d200000|  0%| F|  |TAMS 0x000000070d000000, 0x000000070d000000| Untracked 
|  96|0x000000070d200000, 0x000000070d200000, 0x000000070d400000|  0%| F|  |TAMS 0x000000070d200000, 0x000000070d200000| Untracked 
|  97|0x000000070d400000, 0x000000070d400000, 0x000000070d600000|  0%| F|  |TAMS 0x000000070d400000, 0x000000070d400000| Untracked 
|  98|0x000000070d600000, 0x000000070d600000, 0x000000070d800000|  0%| F|  |TAMS 0x000000070d600000, 0x000000070d600000| Untracked 
|  99|0x000000070d800000, 0x000000070d800000, 0x000000070da00000|  0%| F|  |TAMS 0x000000070d800000, 0x000000070d800000| Untracked 
| 100|0x000000070da00000, 0x000000070da00000, 0x000000070dc00000|  0%| F|  |TAMS 0x000000070da00000, 0x000000070da00000| Untracked 
| 101|0x000000070dc00000, 0x000000070dc00000, 0x000000070de00000|  0%| F|  |TAMS 0x000000070dc00000, 0x000000070dc00000| Untracked 
| 102|0x000000070de00000, 0x000000070de00000, 0x000000070e000000|  0%| F|  |TAMS 0x000000070de00000, 0x000000070de00000| Untracked 
| 103|0x000000070e000000, 0x000000070e000000, 0x000000070e200000|  0%| F|  |TAMS 0x000000070e000000, 0x000000070e000000| Untracked 
| 104|0x000000070e200000, 0x000000070e200000, 0x000000070e400000|  0%| F|  |TAMS 0x000000070e200000, 0x000000070e200000| Untracked 
| 105|0x000000070e400000, 0x000000070e400000, 0x000000070e600000|  0%| F|  |TAMS 0x000000070e400000, 0x000000070e400000| Untracked 
| 106|0x000000070e600000, 0x000000070e600000, 0x000000070e800000|  0%| F|  |TAMS 0x000000070e600000, 0x000000070e600000| Untracked 
| 107|0x000000070e800000, 0x000000070e800000, 0x000000070ea00000|  0%| F|  |TAMS 0x000000070e800000, 0x000000070e800000| Untracked 
| 108|0x000000070ea00000, 0x000000070ea00000, 0x000000070ec00000|  0%| F|  |TAMS 0x000000070ea00000, 0x000000070ea00000| Untracked 
| 109|0x000000070ec00000, 0x000000070ec00000, 0x000000070ee00000|  0%| F|  |TAMS 0x000000070ec00000, 0x000000070ec00000| Untracked 
| 110|0x000000070ee00000, 0x000000070ee00000, 0x000000070f000000|  0%| F|  |TAMS 0x000000070ee00000, 0x000000070ee00000| Untracked 
| 111|0x000000070f000000, 0x000000070f000000, 0x000000070f200000|  0%| F|  |TAMS 0x000000070f000000, 0x000000070f000000| Untracked 
| 112|0x000000070f200000, 0x000000070f200000, 0x000000070f400000|  0%| F|  |TAMS 0x000000070f200000, 0x000000070f200000| Untracked 
| 113|0x000000070f400000, 0x000000070f400000, 0x000000070f600000|  0%| F|  |TAMS 0x000000070f400000, 0x000000070f400000| Untracked 
| 114|0x000000070f600000, 0x000000070f600000, 0x000000070f800000|  0%| F|  |TAMS 0x000000070f600000, 0x000000070f600000| Untracked 
| 115|0x000000070f800000, 0x000000070f800000, 0x000000070fa00000|  0%| F|  |TAMS 0x000000070f800000, 0x000000070f800000| Untracked 
| 116|0x000000070fa00000, 0x000000070fa00000, 0x000000070fc00000|  0%| F|  |TAMS 0x000000070fa00000, 0x000000070fa00000| Untracked 
| 117|0x000000070fc00000, 0x000000070fc00000, 0x000000070fe00000|  0%| F|  |TAMS 0x000000070fc00000, 0x000000070fc00000| Untracked 
| 118|0x000000070fe00000, 0x000000070fe00000, 0x0000000710000000|  0%| F|  |TAMS 0x000000070fe00000, 0x000000070fe00000| Untracked 
| 119|0x0000000710000000, 0x0000000710000000, 0x0000000710200000|  0%| F|  |TAMS 0x0000000710000000, 0x0000000710000000| Untracked 
| 120|0x0000000710200000, 0x0000000710200000, 0x0000000710400000|  0%| F|  |TAMS 0x0000000710200000, 0x0000000710200000| Untracked 
| 121|0x0000000710400000, 0x0000000710400000, 0x0000000710600000|  0%| F|  |TAMS 0x0000000710400000, 0x0000000710400000| Untracked 
| 122|0x0000000710600000, 0x0000000710600000, 0x0000000710800000|  0%| F|  |TAMS 0x0000000710600000, 0x0000000710600000| Untracked 
| 123|0x0000000710800000, 0x0000000710800000, 0x0000000710a00000|  0%| F|  |TAMS 0x0000000710800000, 0x0000000710800000| Untracked 
| 124|0x0000000710a00000, 0x0000000710a71640, 0x0000000710c00000| 22%| E|  |TAMS 0x0000000710a00000, 0x0000000710a00000| Complete 
| 125|0x0000000710c00000, 0x0000000710e00000, 0x0000000710e00000|100%| E|CS|TAMS 0x0000000710c00000, 0x0000000710c00000| Complete 
| 126|0x0000000710e00000, 0x0000000711000000, 0x0000000711000000|100%| E|CS|TAMS 0x0000000710e00000, 0x0000000710e00000| Complete 
| 127|0x0000000711000000, 0x0000000711200000, 0x0000000711200000|100%| E|CS|TAMS 0x0000000711000000, 0x0000000711000000| Complete 

Card table byte_map: [0x0000016fc1ec0000,0x0000016fc26c0000] _byte_map_base: 0x0000016fbe6b7000

Marking Bits (Prev, Next): (CMBitMap*) 0x0000016faa8ca790, (CMBitMap*) 0x0000016faa8ca7d0
 Prev Bits: [0x0000016fc2ec0000, 0x0000016fc6e78000)
 Next Bits: [0x0000016fc6e80000, 0x0000016fcae38000)

Polling page: 0x0000016fa87e0000

Metaspace:

Usage:
  Non-class:      1.52 MB used.
      Class:    168.62 KB used.
       Both:      1.68 MB used.

Virtual space:
  Non-class space:       64.00 MB reserved,       1.56 MB (  2%) committed,  1 nodes.
      Class space:        1.00 GB reserved,     256.00 KB ( <1%) committed,  1 nodes.
             Both:        1.06 GB reserved,       1.81 MB ( <1%) committed. 

Chunk freelists:
   Non-Class:  11.38 MB
       Class:  15.66 MB
        Both:  27.03 MB

MaxMetaspaceSize: unlimited
CompressedClassSpaceSize: 1.00 GB
Initial GC threshold: 21.00 MB
Current GC threshold: 21.00 MB
CDS: on
MetaspaceReclaimPolicy: balanced
 - commit_granule_bytes: 65536.
 - commit_granule_words: 8192.
 - virtual_space_node_default_size: 8388608.
 - enlarge_chunks_in_place: 1.
 - new_chunks_are_fully_committed: 0.
 - uncommit_free_chunks: 1.
 - use_allocation_guard: 0.
 - handle_deallocations: 1.


Internal statistics:

num_allocs_failed_limit: 0.
num_arena_births: 14.
num_arena_deaths: 0.
num_vsnodes_births: 2.
num_vsnodes_deaths: 0.
num_space_committed: 29.
num_space_uncommitted: 0.
num_chunks_returned_to_freelist: 0.
num_chunks_taken_from_freelist: 51.
num_chunk_merges: 0.
num_chunk_splits: 33.
num_chunks_enlarged: 35.
num_inconsistent_stats: 0.

CodeHeap 'non-profiled nmethods': size=120000Kb used=126Kb max_used=126Kb free=119873Kb
 bounds [0x0000016fb9e50000, 0x0000016fba0c0000, 0x0000016fc1380000]
CodeHeap 'profiled nmethods': size=120000Kb used=594Kb max_used=594Kb free=119405Kb
 bounds [0x0000016fb2380000, 0x0000016fb25f0000, 0x0000016fb98b0000]
CodeHeap 'non-nmethods': size=5760Kb used=1121Kb max_used=1137Kb free=4638Kb
 bounds [0x0000016fb98b0000, 0x0000016fb9b20000, 0x0000016fb9e50000]
 total_blobs=813 nmethods=412 adapters=314
 compilation: enabled
              stopped_count=0, restarted_count=0
 full_count=0

Compilation events (20 events):
Event: 0.203 Thread 0x0000016fcd77f490  399       1       java.util.concurrent.ConcurrentHashMap$MapEntry::getValue (5 bytes)
Event: 0.203 Thread 0x0000016fcd77f490 nmethod 399 0x0000016fb9e6e910 code [0x0000016fb9e6eaa0, 0x0000016fb9e6eb78]
Event: 0.203 Thread 0x0000016fcd77f490  400       3       java.security.AccessController::checkContext (49 bytes)
Event: 0.203 Thread 0x0000016fcd77f490 nmethod 400 0x0000016fb240ed10 code [0x0000016fb240ef20, 0x0000016fb240f618]
Event: 0.203 Thread 0x0000016fcd77c000  401 %     4       java.lang.StringLatin1::replace @ 57 (198 bytes)
Event: 0.204 Thread 0x0000016fcd77f490  403       3       java.util.ArrayDeque::pollFirst (36 bytes)
Event: 0.204 Thread 0x0000016fcd77f490 nmethod 403 0x0000016fb240f890 code [0x0000016fb240fa40, 0x0000016fb240fe58]
Event: 0.204 Thread 0x0000016fcd77f490  402       3       java.security.AccessController::executePrivileged (69 bytes)
Event: 0.204 Thread 0x0000016fcd77f490 nmethod 402 0x0000016fb2410010 code [0x0000016fb24101e0, 0x0000016fb2410508]
Event: 0.204 Thread 0x0000016fcd77f490  405       3       java.util.ArrayList::add (25 bytes)
Event: 0.205 Thread 0x0000016fcd77f490 nmethod 405 0x0000016fb2410690 code [0x0000016fb2410860, 0x0000016fb2410ca8]
Event: 0.205 Thread 0x0000016fcd77f490  406       3       java.util.ArrayList::add (23 bytes)
Event: 0.205 Thread 0x0000016fcd77f490 nmethod 406 0x0000016fb2410e90 code [0x0000016fb2411060, 0x0000016fb2411428]
Event: 0.205 Thread 0x0000016fcd77f490  404   !   3       java.security.AccessController::doPrivileged (26 bytes)
Event: 0.205 Thread 0x0000016fcd77f490 nmethod 404 0x0000016fb2411590 code [0x0000016fb24117a0, 0x0000016fb2411cb8]
Event: 0.205 Thread 0x0000016fcd77f490  407       3       java.lang.StringConcatHelper::newString (67 bytes)
Event: 0.206 Thread 0x0000016fcd77f490 nmethod 407 0x0000016fb2411f90 code [0x0000016fb2412200, 0x0000016fb2412c88]
Event: 0.206 Thread 0x0000016fcd77f490  408       1       java.net.URLStreamHandler::getDefaultPort (2 bytes)
Event: 0.206 Thread 0x0000016fcd77f490 nmethod 408 0x0000016fb9e6ec10 code [0x0000016fb9e6eda0, 0x0000016fb9e6ee78]
Event: 0.206 Thread 0x0000016fcd77f490  410       3       jdk.internal.org.objectweb.asm.ByteVector::putUTF8 (144 bytes)

GC Heap History (0 events):
No events

Dll operation events (8 events):
Event: 0.006 Loaded shared library C:\Program Files\Java\microsoft-jdk-17.0.10-windows-x64\jdk-17.0.10+7\bin\java.dll
Event: 0.021 Loaded shared library C:\Program Files\Java\microsoft-jdk-17.0.10-windows-x64\jdk-17.0.10+7\bin\jsvml.dll
Event: 0.047 Loaded shared library C:\Program Files\Java\microsoft-jdk-17.0.10-windows-x64\jdk-17.0.10+7\bin\net.dll
Event: 0.049 Loaded shared library C:\Program Files\Java\microsoft-jdk-17.0.10-windows-x64\jdk-17.0.10+7\bin\nio.dll
Event: 0.051 Loaded shared library C:\Program Files\Java\microsoft-jdk-17.0.10-windows-x64\jdk-17.0.10+7\bin\zip.dll
Event: 0.056 Loaded shared library C:\Program Files\Java\microsoft-jdk-17.0.10-windows-x64\jdk-17.0.10+7\bin\jimage.dll
Event: 0.181 Loaded shared library C:\Users\Andriary\AppData\Local\Temp\jansi-2.4.0-f6052823336c79c1-jansi.dll
Event: 0.192 Loaded shared library C:\Program Files\Java\microsoft-jdk-17.0.10-windows-x64\jdk-17.0.10+7\bin\verify.dll

Deoptimization events (2 events):
Event: 0.107 Thread 0x0000016faa85ecf0 DEOPT PACKING pc=0x0000016fb2394367 sp=0x000000568c9fe0c0
Event: 0.107 Thread 0x0000016faa85ecf0 DEOPT UNPACKING pc=0x0000016fb9907143 sp=0x000000568c9fd4e0 mode 0

Classes unloaded (0 events):
No events

Classes redefined (0 events):
No events

Internal exceptions (14 events):
Event: 0.076 Thread 0x0000016faa85ecf0 Exception <a 'sun/nio/fs/WindowsException'{0x00000007111f4538}> (0x00000007111f4538) 
thrown [s\src\hotspot\share\prims\jni.cpp, line 516]
Event: 0.076 Thread 0x0000016faa85ecf0 Exception <a 'sun/nio/fs/WindowsException'{0x00000007111f4c78}> (0x00000007111f4c78) 
thrown [s\src\hotspot\share\prims\jni.cpp, line 516]
Event: 0.085 Thread 0x0000016faa85ecf0 Exception <a 'sun/nio/fs/WindowsException'{0x0000000710e20088}> (0x0000000710e20088) 
thrown [s\src\hotspot\share\prims\jni.cpp, line 516]
Event: 0.108 Thread 0x0000016faa85ecf0 Exception <a 'java/lang/NoSuchMethodError'{0x0000000710ea1eb8}: 'int java.lang.invoke.DirectMethodHandle$Holder.invokeSpecial(java.lang.Object, java.lang.Object, java.lang.Object)'> (0x0000000710ea1eb8) 
thrown [s\src\hotspot\share\interpreter\linkResolver.cpp, line 759]
Event: 0.166 Thread 0x0000016faa85ecf0 Exception <a 'java/lang/NullPointerException'{0x0000000710cf9f68}> (0x0000000710cf9f68) 
thrown [s\src\hotspot\share\interpreter\linkResolver.cpp, line 1350]
Event: 0.185 Thread 0x0000016faa85ecf0 Exception <a 'java/lang/NullPointerException'{0x0000000710d54340}> (0x0000000710d54340) 
thrown [s\src\hotspot\share\interpreter\linkResolver.cpp, line 1350]
Event: 0.185 Thread 0x0000016faa85ecf0 Exception <a 'java/lang/NullPointerException'{0x0000000710d54618}> (0x0000000710d54618) 
thrown [s\src\hotspot\share\interpreter\linkResolver.cpp, line 1350]
Event: 0.185 Thread 0x0000016faa85ecf0 Exception <a 'java/lang/NullPointerException'{0x0000000710d548f0}> (0x0000000710d548f0) 
thrown [s\src\hotspot\share\interpreter\linkResolver.cpp, line 1350]
Event: 0.186 Thread 0x0000016faa85ecf0 Exception <a 'java/lang/NullPointerException'{0x0000000710d5b3a0}> (0x0000000710d5b3a0) 
thrown [s\src\hotspot\share\interpreter\linkResolver.cpp, line 1350]
Event: 0.187 Thread 0x0000016faa85ecf0 Exception <a 'java/lang/NullPointerException'{0x0000000710d712f8}> (0x0000000710d712f8) 
thrown [s\src\hotspot\share\interpreter\linkResolver.cpp, line 1350]
Event: 0.187 Thread 0x0000016faa85ecf0 Exception <a 'java/lang/NullPointerException'{0x0000000710d715d0}> (0x0000000710d715d0) 
thrown [s\src\hotspot\share\interpreter\linkResolver.cpp, line 1350]
Event: 0.187 Thread 0x0000016faa85ecf0 Exception <a 'java/lang/NullPointerException'{0x0000000710d718a8}> (0x0000000710d718a8) 
thrown [s\src\hotspot\share\interpreter\linkResolver.cpp, line 1350]
Event: 0.187 Thread 0x0000016faa85ecf0 Exception <a 'java/lang/NullPointerException'{0x0000000710d71b80}> (0x0000000710d71b80) 
thrown [s\src\hotspot\share\interpreter\linkResolver.cpp, line 1350]
Event: 0.206 Thread 0x0000016faa85ecf0 Exception <a 'java/lang/NoSuchMethodError'{0x0000000710a213b0}: 'void java.lang.invoke.DirectMethodHandle$Holder.invokeStatic(java.lang.Object, java.lang.Object, java.lang.Object)'> (0x0000000710a213b0) 
thrown [s\src\hotspot\share\interpreter\linkResolver.cpp, line 759]

VM Operations (2 events):
Event: 0.052 Executing VM operation: HandshakeAllThreads
Event: 0.052 Executing VM operation: HandshakeAllThreads done

Events (20 events):
Event: 0.190 loading class sun/nio/fs/WindowsLinkSupport
Event: 0.190 loading class sun/nio/fs/WindowsLinkSupport done
Event: 0.194 loading class java/lang/CloneNotSupportedException
Event: 0.194 loading class java/lang/CloneNotSupportedException done
Event: 0.194 loading class java/lang/UnsupportedOperationException
Event: 0.194 loading class java/lang/UnsupportedOperationException done
Event: 0.198 loading class java/util/LinkedHashMap$LinkedValues
Event: 0.198 loading class java/util/LinkedHashMap$LinkedValues done
Event: 0.198 loading class java/util/LinkedHashMap$LinkedValueIterator
Event: 0.198 loading class java/util/LinkedHashMap$LinkedValueIterator done
Event: 0.199 loading class java/util/AbstractList$ListItr
Event: 0.199 loading class java/util/AbstractList$Itr
Event: 0.199 loading class java/util/AbstractList$Itr done
Event: 0.199 loading class java/util/AbstractList$ListItr done
Event: 0.201 loading class java/util/Collections$UnmodifiableMap$UnmodifiableEntrySet
Event: 0.201 loading class java/util/Collections$UnmodifiableMap$UnmodifiableEntrySet done
Event: 0.201 loading class java/util/Collections$UnmodifiableMap$UnmodifiableEntrySet$1
Event: 0.201 loading class java/util/Collections$UnmodifiableMap$UnmodifiableEntrySet$1 done
Event: 0.201 loading class java/util/Collections$UnmodifiableMap$UnmodifiableEntrySet$UnmodifiableEntry
Event: 0.201 loading class java/util/Collections$UnmodifiableMap$UnmodifiableEntrySet$UnmodifiableEntry done


Dynamic libraries:
0x00007ff772ab0000 - 0x00007ff772abe000 	C:\Program Files\Java\microsoft-jdk-17.0.10-windows-x64\jdk-17.0.10+7\bin\java.exe
0x00007ffb61990000 - 0x00007ffb61b88000 	C:\Windows\SYSTEM32\ntdll.dll
0x00007ffb60590000 - 0x00007ffb6064d000 	C:\Windows\System32\KERNEL32.DLL
0x00007ffb5f040000 - 0x00007ffb5f336000 	C:\Windows\System32\KERNELBASE.dll
0x00007ffb5f660000 - 0x00007ffb5f760000 	C:\Windows\System32\ucrtbase.dll
0x00007ffb40bd0000 - 0x00007ffb40be7000 	C:\Program Files\Java\microsoft-jdk-17.0.10-windows-x64\jdk-17.0.10+7\bin\jli.dll
0x00007ffb45a60000 - 0x00007ffb45a7b000 	C:\Program Files\Java\microsoft-jdk-17.0.10-windows-x64\jdk-17.0.10+7\bin\VCRUNTIME140.dll
0x00007ffb61480000 - 0x00007ffb6161e000 	C:\Windows\System32\USER32.dll
0x00007ffb5f5e0000 - 0x00007ffb5f602000 	C:\Windows\System32\win32u.dll
0x00007ffb50080000 - 0x00007ffb5031a000 	C:\Windows\WinSxS\amd64_microsoft.windows.common-controls_6595b64144ccf1df_6.0.19041.3636_none_60b6a03d71f818d5\COMCTL32.dll
0x00007ffb61020000 - 0x00007ffb6104b000 	C:\Windows\System32\GDI32.dll
0x00007ffb613e0000 - 0x00007ffb6147e000 	C:\Windows\System32\msvcrt.dll
0x00007ffb5f7d0000 - 0x00007ffb5f8e7000 	C:\Windows\System32\gdi32full.dll
0x00007ffb5f8f0000 - 0x00007ffb5f98d000 	C:\Windows\System32\msvcp_win.dll
0x00007ffb5fc40000 - 0x00007ffb5fc72000 	C:\Windows\System32\IMM32.DLL
0x00007ffb5bb60000 - 0x00007ffb5bb6c000 	C:\Program Files\Java\microsoft-jdk-17.0.10-windows-x64\jdk-17.0.10+7\bin\vcruntime140_1.dll
0x00007ffb3f9f0000 - 0x00007ffb3fa7d000 	C:\Program Files\Java\microsoft-jdk-17.0.10-windows-x64\jdk-17.0.10+7\bin\msvcp140.dll
0x00007ffaf8870000 - 0x00007ffaf94d5000 	C:\Program Files\Java\microsoft-jdk-17.0.10-windows-x64\jdk-17.0.10+7\bin\server\jvm.dll
0x00007ffb60ef0000 - 0x00007ffb60fa0000 	C:\Windows\System32\ADVAPI32.dll
0x00007ffb61760000 - 0x00007ffb61800000 	C:\Windows\System32\sechost.dll
0x00007ffb61250000 - 0x00007ffb61375000 	C:\Windows\System32\RPCRT4.dll
0x00007ffb5f990000 - 0x00007ffb5f9b7000 	C:\Windows\System32\bcrypt.dll
0x00007ffb5bb30000 - 0x00007ffb5bb39000 	C:\Windows\SYSTEM32\WSOCK32.dll
0x00007ffb5ec40000 - 0x00007ffb5ec8b000 	C:\Windows\SYSTEM32\POWRPROF.dll
0x00007ffb4aef0000 - 0x00007ffb4af17000 	C:\Windows\SYSTEM32\WINMM.dll
0x00007ffb61050000 - 0x00007ffb610bb000 	C:\Windows\System32\WS2_32.dll
0x00007ffb56fb0000 - 0x00007ffb56fba000 	C:\Windows\SYSTEM32\VERSION.dll
0x00007ffb5e6b0000 - 0x00007ffb5e6c2000 	C:\Windows\SYSTEM32\UMPDC.dll
0x00007ffb5ca60000 - 0x00007ffb5ca72000 	C:\Windows\SYSTEM32\kernel.appcore.dll
0x00007ffb45970000 - 0x00007ffb4597a000 	C:\Program Files\Java\microsoft-jdk-17.0.10-windows-x64\jdk-17.0.10+7\bin\jimage.dll
0x00007ffb5ea50000 - 0x00007ffb5ec34000 	C:\Windows\SYSTEM32\DBGHELP.DLL
0x00007ffb5e7e0000 - 0x00007ffb5e814000 	C:\Windows\SYSTEM32\dbgcore.DLL
0x00007ffb5f4a0000 - 0x00007ffb5f522000 	C:\Windows\System32\bcryptPrimitives.dll
0x00007ffb40ba0000 - 0x00007ffb40bc5000 	C:\Program Files\Java\microsoft-jdk-17.0.10-windows-x64\jdk-17.0.10+7\bin\java.dll
0x00007ffb0cce0000 - 0x00007ffb0cdb7000 	C:\Program Files\Java\microsoft-jdk-17.0.10-windows-x64\jdk-17.0.10+7\bin\jsvml.dll
0x00007ffb5fce0000 - 0x00007ffb6044b000 	C:\Windows\System32\SHELL32.dll
0x00007ffb5ca80000 - 0x00007ffb5d21e000 	C:\Windows\SYSTEM32\windows.storage.dll
0x00007ffb60660000 - 0x00007ffb609b3000 	C:\Windows\System32\combase.dll
0x00007ffb5e370000 - 0x00007ffb5e39e000 	C:\Windows\SYSTEM32\Wldp.dll
0x00007ffb5f9c0000 - 0x00007ffb5fa8d000 	C:\Windows\System32\OLEAUT32.dll
0x00007ffb604e0000 - 0x00007ffb6058d000 	C:\Windows\System32\SHCORE.dll
0x00007ffb61380000 - 0x00007ffb613d5000 	C:\Windows\System32\shlwapi.dll
0x00007ffb5ef70000 - 0x00007ffb5ef95000 	C:\Windows\SYSTEM32\profapi.dll
0x00007ffb40100000 - 0x00007ffb40119000 	C:\Program Files\Java\microsoft-jdk-17.0.10-windows-x64\jdk-17.0.10+7\bin\net.dll
0x00007ffb56c90000 - 0x00007ffb56d9a000 	C:\Windows\SYSTEM32\WINHTTP.dll
0x00007ffb5e210000 - 0x00007ffb5e27a000 	C:\Windows\system32\mswsock.dll
0x00007ffb3fff0000 - 0x00007ffb40006000 	C:\Program Files\Java\microsoft-jdk-17.0.10-windows-x64\jdk-17.0.10+7\bin\nio.dll
0x00007ffb3fc20000 - 0x00007ffb3fc38000 	C:\Program Files\Java\microsoft-jdk-17.0.10-windows-x64\jdk-17.0.10+7\bin\zip.dll
0x0000000069ac0000 - 0x0000000069ae4000 	C:\Users\Andriary\AppData\Local\Temp\jansi-2.4.0-f6052823336c79c1-jansi.dll
0x00007ffb419a0000 - 0x00007ffb419b0000 	C:\Program Files\Java\microsoft-jdk-17.0.10-windows-x64\jdk-17.0.10+7\bin\verify.dll

dbghelp: loaded successfully - version: 4.0.5 - missing functions: none
symbol engine: initialized successfully - sym options: 0x614 - pdb path: .;C:\Program Files\Java\microsoft-jdk-17.0.10-windows-x64\jdk-17.0.10+7\bin;C:\Windows\SYSTEM32;C:\Windows\WinSxS\amd64_microsoft.windows.common-controls_6595b64144ccf1df_6.0.19041.3636_none_60b6a03d71f818d5;C:\Program Files\Java\microsoft-jdk-17.0.10-windows-x64\jdk-17.0.10+7\bin\server;C:\Users\Andriary\AppData\Local\Temp

VM Arguments:
jvm_args: -Dmaven.multiModuleProjectDirectory=D:\app_sms_833\app_sms_back 
java_command: org.apache.maven.wrapper.MavenWrapperMain quarkus:dev
java_class_path (initial): D:\app_sms_833\app_sms_back\.mvn\wrapper\maven-wrapper.jar
Launcher Type: SUN_STANDARD

[Global flags]
     intx CICompilerCount                          = 4                                         {product} {ergonomic}
     uint ConcGCThreads                            = 2                                         {product} {ergonomic}
     uint G1ConcRefinementThreads                  = 8                                         {product} {ergonomic}
   size_t G1HeapRegionSize                         = 2097152                                   {product} {ergonomic}
    uintx GCDrainStackTargetSize                   = 64                                        {product} {ergonomic}
   size_t InitialHeapSize                          = 268435456                                 {product} {ergonomic}
   size_t MarkStackSize                            = 4194304                                   {product} {ergonomic}
   size_t MaxHeapSize                              = 4276092928                                {product} {ergonomic}
   size_t MaxNewSize                               = 2564816896                                {product} {ergonomic}
   size_t MinHeapDeltaBytes                        = 2097152                                   {product} {ergonomic}
   size_t MinHeapSize                              = 8388608                                   {product} {ergonomic}
    uintx NonNMethodCodeHeapSize                   = 5839372                                {pd product} {ergonomic}
    uintx NonProfiledCodeHeapSize                  = 122909434                              {pd product} {ergonomic}
    uintx ProfiledCodeHeapSize                     = 122909434                              {pd product} {ergonomic}
    uintx ReservedCodeCacheSize                    = 251658240                              {pd product} {ergonomic}
     bool SegmentedCodeCache                       = true                                      {product} {ergonomic}
   size_t SoftMaxHeapSize                          = 4276092928                             {manageable} {ergonomic}
     bool UseCompressedClassPointers               = true                           {product lp64_product} {ergonomic}
     bool UseCompressedOops                        = true                           {product lp64_product} {ergonomic}
     bool UseG1GC                                  = true                                      {product} {ergonomic}
     bool UseLargePagesIndividualAllocation        = false                                  {pd product} {ergonomic}

Logging:
Log output configuration:
 #0: stdout all=warning uptime,level,tags
 #1: stderr all=off uptime,level,tags

Environment Variables:
JAVA_HOME=C:\Program Files\Java\microsoft-jdk-17.0.10-windows-x64\jdk-17.0.10+7
PATH=C:\Program Files\Common Files\Oracle\Java\javapath;C:\Program Files (x86)\Common Files\Oracle\Java\javapath;C:\Windows\system32;C:\Windows;C:\Windows\System32\Wbem;C:\Windows\System32\WindowsPowerShell\v1.0\;C:\Windows\System32\OpenSSH\;C:\Program Files\Git\cmd;C:\Program Files\nodejs\;C:\Program Files\Java\microsoft-jdk-17.0.10-windows-x64\jdk-17.0.10+7;C:\Program Files\Java\microsoft-jdk-17.0.10-windows-x64\jdk-17.0.10+7\bin;C:\Users\Andriary\AppData\Local\Microsoft\WindowsApps;C:\Users\Andriary\AppData\Roaming\npm;C:\Users\Andriary\AppData\Local\Programs\Microsoft VS Code\bin;C:\Program Files\JetBrains\IntelliJ IDEA 2023.3.3\bin;;C:\Program Files\Java\microsoft-jdk-17.0.10-windows-x64\jdk-17.0.10+7;C:\Program Files\Java\microsoft-jdk-17.0.10-windows-x64\jdk-17.0.10+7\bin;C:\Program Files (x86)\Common Files\Oracle\Java\javapath;;C:\Program Files\JetBrains\IntelliJ IDEA Community Edition 2023.3.4\bin;
USERNAME=Andriary
OS=Windows_NT
PROCESSOR_IDENTIFIER=Intel64 Family 6 Model 158 Stepping 9, GenuineIntel
TMP=C:\Users\Andriary\AppData\Local\Temp
TEMP=C:\Users\Andriary\AppData\Local\Temp



Periodic native trim disabled


---------------  S Y S T E M  ---------------

OS:
 Windows 10 , 64 bit Build 19041 (10.0.19041.3636)
OS uptime: 0 days 17:29 hours

CPU: total 8 (initial active 8) (4 cores per cpu, 2 threads per core) family 6 model 158 stepping 9 microcode 0xb4, cx8, cmov, fxsr, ht, mmx, 3dnowpref, sse, sse2, sse3, ssse3, sse4.1, sse4.2, popcnt, lzcnt, tsc, tscinvbit, avx, avx2, aes, erms, clmul, bmi1, bmi2, adx, fma, vzeroupper, clflush, clflushopt
Processor Information for all 8 processors :
  Max Mhz: 2801, Current Mhz: 2801, Mhz Limit: 2801

Memory: 4k page, system-wide physical 16304M (10546M free)
TotalPageFile size 19632M (AvailPageFile size 9782M)
current process WorkingSet (physical memory assigned to process): 45M, peak: 45M
current process commit charge ("private bytes"): 348M, peak: 348M

vm_info: OpenJDK 64-Bit Server VM (17.0.10+7-LTS) for windows-amd64 JRE (17.0.10+7-LTS), built on Jan 10 2024 19:47:12 by "MicrosoftCorporation" with MS VC++ 16.10 / 16.11 (VS2019)

END.
