#
# A fatal error has been detected by the Java Runtime Environment:
#
#  EXCEPTION_ACCESS_VIOLATION (0xc0000005) at pc=0x00007ffe27d5bd37, pid=5904, tid=12736
#
# JRE version: OpenJDK Runtime Environment Microsoft-8902769 (17.0.10+7) (build 17.0.10+7-LTS)
# Java VM: OpenJDK 64-Bit Server VM Microsoft-8902769 (17.0.10+7-LTS, mixed mode, sharing, tiered, compressed oops, compressed class ptrs, g1 gc, windows-amd64)
# Problematic frame:
# V  [jvm.dll+0x6cbd37]
#
# No core dump will be written. Minidumps are not enabled by default on client versions of Windows
#
# If you would like to submit a bug report, please visit:
#   https://github.com/microsoft/openjdk/issues
#

---------------  S U M M A R Y ------------

Command Line: -Dmaven.multiModuleProjectDirectory=D:\app_sms_833\app_sms_back org.apache.maven.wrapper.MavenWrapperMain quarkus:dev

Host: Intel(R) Core(TM) i7-7700HQ CPU @ 2.80GHz, 8 cores, 15G,  Windows 10 , 64 bit Build 19041 (10.0.19041.3636)
Time: Fri Apr  5 10:00:07 2024 Afrique de l, 64 bit Build 19041 (10.0.19041.3636) elapsed time: 1.880393 seconds (0d 0h 0m 1s)

---------------  T H R E A D  ---------------

Current thread (0x0000020f67a6d000):  JavaThread "C2 CompilerThread1" daemon [_thread_in_native, id=12736, stack(0x0000008e90100000,0x0000008e90200000)]


Current CompileTask:
C2:   1880 2561       4       java.util.HashSet::add (20 bytes)

Stack: [0x0000008e90100000,0x0000008e90200000],  sp=0x0000008e901fb500,  free space=1005k
Native frames: (J=compiled Java code, j=interpreted, Vv=VM code, C=native code)
V  [jvm.dll+0x6cbd37]
V  [jvm.dll+0x1bd0d0]
V  [jvm.dll+0x21a559]
V  [jvm.dll+0x219821]
V  [jvm.dll+0x1a5176]
V  [jvm.dll+0x22957e]
V  [jvm.dll+0x22774c]
V  [jvm.dll+0x7ec5d7]
V  [jvm.dll+0x7e69da]
V  [jvm.dll+0x67e715]
C  [ucrtbase.dll+0x21bb2]
C  [KERNEL32.DLL+0x17344]
C  [ntdll.dll+0x526b1]


siginfo: EXCEPTION_ACCESS_VIOLATION (0xc0000005), reading address 0x0000020f6954ae48


Registers:
RAX=0x0000000000000001, RBX=0x000000000000001a, RCX=0x0000020f6d4eced8, RDX=0x0000020f6954ae20
RSP=0x0000008e901fb500, RBP=0x0000008e901fb600, RSI=0x000000000000000f, RDI=0x0000020f6d4ef8f8
R8 =0x0000000000000001, R9 =0x0000000000000007, R10=0x0000020f6d4ecf28, R11=0x0000020f6d05a070
R12=0x0000000000000000, R13=0x0000020f6cfb7920, R14=0x0000000000000004, R15=0x000000000000039e
RIP=0x00007ffe27d5bd37, EFLAGS=0x0000000000010206


Register to memory mapping:

RIP=0x00007ffe27d5bd37 jvm.dll
RAX=0x0000000000000001 is an unknown value
RBX=0x000000000000001a is an unknown value
RCX=0x0000020f6d4eced8 points into unknown readable memory: 0x00007ffe2802f5b8 | b8 f5 02 28 fe 7f 00 00
RDX=0x0000020f6954ae20 is an unknown value
RSP=0x0000008e901fb500 is pointing into the stack for thread: 0x0000020f67a6d000
RBP=0x0000008e901fb600 is pointing into the stack for thread: 0x0000020f67a6d000
RSI=0x000000000000000f is an unknown value
RDI=0x0000020f6d4ef8f8 points into unknown readable memory: 0x00007ffe27faae08 | 08 ae fa 27 fe 7f 00 00
R8 =0x0000000000000001 is an unknown value
R9 =0x0000000000000007 is an unknown value
R10=0x0000020f6d4ecf28 points into unknown readable memory: 0x0000020f6d4ecfa8 | a8 cf 4e 6d 0f 02 00 00
R11=0x0000020f6d05a070 points into unknown readable memory: 0x0000000000000000 | 00 00 00 00 00 00 00 00
R12=0x0 is NULL
R13=0x0000020f6cfb7920 points into unknown readable memory: 0x00007ffe27faf530 | 30 f5 fa 27 fe 7f 00 00
R14=0x0000000000000004 is an unknown value
R15=0x000000000000039e is an unknown value


Top of Stack: (sp=0x0000008e901fb500)
0x0000008e901fb500:   0000020f6c5211c0 0000008e901fb600
0x0000008e901fb510:   0000020f6cfb7c70 0000020f6d05fef0
0x0000008e901fb520:   0000020f0000062f 0000020f00000001
0x0000008e901fb530:   0000020f0000062d 0000008e901fb601
0x0000008e901fb540:   0000000000000001 0000008e901fb7c0
0x0000008e901fb550:   0000000000000004 0000000000000000
0x0000008e901fb560:   0000020f6cfb7920 0000000700000001
0x0000008e901fb570:   0000008e00000001 0000000000000004
0x0000008e901fb580:   0000000000000000 000000190000039e
0x0000008e901fb590:   0000008e00000004 0000020f6c7e0260
0x0000008e901fb5a0:   00007ffe0000013b 0000000000027ca0
0x0000008e901fb5b0:   0000000000000000 0000020f6c7e02a0
0x0000008e901fb5c0:   0000020f6cef0d70 0000000000000000
0x0000008e901fb5d0:   0000020f6ceeef30 0000020f6ceefe50
0x0000008e901fb5e0:   0000020f6ceea5e0 0000020f6ceed6c0
0x0000008e901fb5f0:   0000020f00000000 0000020f6cef0db0
0x0000008e901fb600:   0000020f6d05ff30 0000020f6d05fef0
0x0000008e901fb610:   0000000000000007 0000000000000006
0x0000008e901fb620:   0000020f6d7523c0 0000000000000003
0x0000008e901fb630:   0000000000000000 0000000000000000
0x0000008e901fb640:   0000061900000000 0000020f6ceebe50
0x0000008e901fb650:   0000008e901fbac0 0000000000000000
0x0000008e901fb660:   0000020f6ceebe50 0000000000000000
0x0000008e901fb670:   ffffffff3f3fffff ffffffffffffffff
0x0000008e901fb680:   0000020f6d771420 00007ffe279f8ebb
0x0000008e901fb690:   0000061900000000 0000020f6ceebe50
0x0000008e901fb6a0:   0000008e901fbac0 00007ffe2773c645
0x0000008e901fb6b0:   0000008e901fbac0 0000020f6c728ef0
0x0000008e901fb6c0:   0000020f6c728f00 0000020f6c7292d8
0x0000008e901fb6d0:   00000000000003d8 0000000000013380
0x0000008e901fb6e0:   0000000000000005 00007ffe279fdd58
0x0000008e901fb6f0:   0000008e901fb740 000000000000002c 

Instructions: (pc=0x00007ffe27d5bd37)
0x00007ffe27d5bc37:   8b 48 20 47 8b 94 0c a8 00 00 00 41 f6 c2 10 75
0x00007ffe27d5bc47:   53 41 f6 c2 06 75 07 8b 46 70 33 c9 eb 05 8b 46
0x00007ffe27d5bc57:   78 b1 01 3b d8 0f 82 22 01 00 00 84 c9 74 06 44
0x00007ffe27d5bc67:   8b 46 74 eb 04 44 8b 46 6c 43 0f b7 94 0c 9c 00
0x00007ffe27d5bc77:   00 00 43 8b 84 0c 98 00 00 00 3b c2 7e 07 8d 4a
0x00007ffe27d5bc87:   ff d3 f8 eb 06 0f b6 c1 83 c0 0d 44 3b c0 0f 8c
0x00007ffe27d5bc97:   e9 00 00 00 41 f6 c2 20 0f 85 d4 00 00 00 4c 8b
0x00007ffe27d5bca7:   6c 24 60 be 01 00 00 00 90 41 8b 5d 28 45 33 e4
0x00007ffe27d5bcb7:   ff cb 41 3b 5d 18 73 0a 49 8b 45 20 48 8b 3c d8
0x00007ffe27d5bcc7:   eb 03 49 8b fc 48 8b 07 48 8b cf ff 50 20 48 3b
0x00007ffe27d5bcd7:   c7 74 04 41 2b 5d 48 3b f3 0f 87 93 00 00 00 41
0x00007ffe27d5bce7:   3b 75 18 73 0c 49 8b 45 20 8b ce 48 8b 0c c8 eb
0x00007ffe27d5bcf7:   03 49 8b cc 8b 41 2c 83 e0 0f 3c 0c 74 6d 44 8b
0x00007ffe27d5bd07:   49 18 41 b8 01 00 00 00 45 3b c8 76 35 48 8b 85
0x00007ffe27d5bd17:   20 03 00 00 4c 8b 51 08 4c 8b 98 08 01 00 00 66
0x00007ffe27d5bd27:   66 0f 1f 84 00 00 00 00 00 41 8b c0 49 8b 14 c2
0x00007ffe27d5bd37:   48 63 42 28 45 39 3c 83 74 43 41 ff c0 45 3b c1
0x00007ffe27d5bd47:   72 e7 48 8b 01 ff 50 78 4d 8b c4 44 8b 48 5c 8b
0x00007ffe27d5bd57:   50 58 41 3b d1 77 14 66 90 8b ca ff c2 4c 0b 04
0x00007ffe27d5bd67:   c8 41 3b d1 76 f3 4d 85 c0 75 07 ff c6 e9 37 ff
0x00007ffe27d5bd77:   ff ff 48 8b 7d b8 41 c6 04 3e 00 eb 04 48 8b 7d
0x00007ffe27d5bd87:   b8 80 7d b0 00 41 bd 01 00 00 00 48 8b 74 24 60
0x00007ffe27d5bd97:   4c 8b bd 20 03 00 00 48 8b 5d 98 75 0e 80 bd 38
0x00007ffe27d5bda7:   03 00 00 00 75 05 41 c6 04 3e 00 8b 45 90 49 ff
0x00007ffe27d5bdb7:   c6 ff c0 4c 89 74 24 78 89 45 90 3b 44 24 6c 0f
0x00007ffe27d5bdc7:   82 04 fa ff ff 48 8b 45 c0 4c 8b eb 48 8b 4d f8
0x00007ffe27d5bdd7:   4c 2b e8 4c 8b 65 10 48 2b c8 4c 8b ff 48 89 8d
0x00007ffe27d5bde7:   38 03 00 00 48 8b f8 66 90 41 80 3f 00 74 04 33
0x00007ffe27d5bdf7:   c0 eb 04 4a 8b 04 2f 48 89 07 41 80 3f 00 74 32
0x00007ffe27d5be07:   8b 76 4c 8b de 4c 8b 34 39 c1 eb 05 41 3b 1e 72
0x00007ffe27d5be17:   0a 8b d3 49 8b ce e8 ae 4c 15 00 49 8b 4e 08 83
0x00007ffe27d5be27:   e6 1f 8b 04 99 0f ab f0 89 04 99 48 8b 8d 38 03 


Stack slot to memory mapping:
stack at sp + 0 slots: 0x0000020f6c5211c0 points into unknown readable memory: 0x000300030ffffcff | ff fc ff 0f 03 00 03 00
stack at sp + 1 slots: 0x0000008e901fb600 is pointing into the stack for thread: 0x0000020f67a6d000
stack at sp + 2 slots: 0x0000020f6cfb7c70 points into unknown readable memory: 0x00007ffe27faf530 | 30 f5 fa 27 fe 7f 00 00
stack at sp + 3 slots: 0x0000020f6d05fef0 points into unknown readable memory: 0x0000020f6c2bf920 | 20 f9 2b 6c 0f 02 00 00
stack at sp + 4 slots: 0x0000020f0000062f is pointing into metadata
stack at sp + 5 slots: 0x0000020f00000001 is pointing into metadata
stack at sp + 6 slots: 0x0000020f0000062d is pointing into metadata
stack at sp + 7 slots: 0x0000008e901fb601 is pointing into the stack for thread: 0x0000020f67a6d000


---------------  P R O C E S S  ---------------

Threads class SMR info:
_java_thread_list=0x0000020f679ec760, length=14, elements={
0x0000020f44732760, 0x0000020f67773c90, 0x0000020f67774b10, 0x0000020f67789810,
0x0000020f6778a2e0, 0x0000020f6778ccb0, 0x0000020f6778d670, 0x0000020f678c0960,
0x0000020f678c1410, 0x0000020f678c3e20, 0x0000020f67a06810, 0x0000020f67a0cdd0,
0x0000020f67a6d000, 0x0000020f6c5b5bf0
}

Java Threads: ( => current thread )
  0x0000020f44732760 JavaThread "main" [_thread_in_Java, id=12684, stack(0x0000008e8ee00000,0x0000008e8ef00000)]
  0x0000020f67773c90 JavaThread "Reference Handler" daemon [_thread_blocked, id=12772, stack(0x0000008e8f500000,0x0000008e8f600000)]
  0x0000020f67774b10 JavaThread "Finalizer" daemon [_thread_blocked, id=2292, stack(0x0000008e8f600000,0x0000008e8f700000)]
  0x0000020f67789810 JavaThread "Signal Dispatcher" daemon [_thread_blocked, id=15336, stack(0x0000008e8f700000,0x0000008e8f800000)]
  0x0000020f6778a2e0 JavaThread "Attach Listener" daemon [_thread_blocked, id=12352, stack(0x0000008e8f800000,0x0000008e8f900000)]
  0x0000020f6778ccb0 JavaThread "Service Thread" daemon [_thread_blocked, id=2684, stack(0x0000008e8f900000,0x0000008e8fa00000)]
  0x0000020f6778d670 JavaThread "Monitor Deflation Thread" daemon [_thread_blocked, id=11172, stack(0x0000008e8fa00000,0x0000008e8fb00000)]
  0x0000020f678c0960 JavaThread "C2 CompilerThread0" daemon [_thread_in_native, id=10608, stack(0x0000008e8fb00000,0x0000008e8fc00000)]
  0x0000020f678c1410 JavaThread "C1 CompilerThread0" daemon [_thread_blocked, id=5376, stack(0x0000008e8fc00000,0x0000008e8fd00000)]
  0x0000020f678c3e20 JavaThread "Sweeper thread" daemon [_thread_blocked, id=12868, stack(0x0000008e8fd00000,0x0000008e8fe00000)]
  0x0000020f67a06810 JavaThread "Notification Thread" daemon [_thread_blocked, id=2212, stack(0x0000008e8fe00000,0x0000008e8ff00000)]
  0x0000020f67a0cdd0 JavaThread "Common-Cleaner" daemon [_thread_blocked, id=5284, stack(0x0000008e90000000,0x0000008e90100000)]
=>0x0000020f67a6d000 JavaThread "C2 CompilerThread1" daemon [_thread_in_native, id=12736, stack(0x0000008e90100000,0x0000008e90200000)]
  0x0000020f6c5b5bf0 JavaThread "C2 CompilerThread2" daemon [_thread_in_native, id=11792, stack(0x0000008e90200000,0x0000008e90300000)]

Other Threads:
  0x0000020f6776d9a0 VMThread "VM Thread" [stack: 0x0000008e8f400000,0x0000008e8f500000] [id=6056]
  0x0000020f67a08d00 WatcherThread [stack: 0x0000008e8ff00000,0x0000008e90000000] [id=10760]
  0x0000020f4479a870 GCTaskThread "GC Thread#0" [stack: 0x0000008e8ef00000,0x0000008e8f000000] [id=9348]
  0x0000020f6c6424c0 GCTaskThread "GC Thread#1" [stack: 0x0000008e90300000,0x0000008e90400000] [id=8720]
  0x0000020f67a89210 GCTaskThread "GC Thread#2" [stack: 0x0000008e90400000,0x0000008e90500000] [id=12284]
  0x0000020f6c622fd0 GCTaskThread "GC Thread#3" [stack: 0x0000008e90500000,0x0000008e90600000] [id=1348]
  0x0000020f6c68bf40 GCTaskThread "GC Thread#4" [stack: 0x0000008e90600000,0x0000008e90700000] [id=9176]
  0x0000020f6c68c200 GCTaskThread "GC Thread#5" [stack: 0x0000008e90700000,0x0000008e90800000] [id=4536]
  0x0000020f6ca21400 GCTaskThread "GC Thread#6" [stack: 0x0000008e90800000,0x0000008e90900000] [id=12376]
  0x0000020f6ca21ad0 GCTaskThread "GC Thread#7" [stack: 0x0000008e90900000,0x0000008e90a00000] [id=1324]
  0x0000020f447ab690 ConcurrentGCThread "G1 Main Marker" [stack: 0x0000008e8f000000,0x0000008e8f100000] [id=7284]
  0x0000020f447ac0b0 ConcurrentGCThread "G1 Conc#0" [stack: 0x0000008e8f100000,0x0000008e8f200000] [id=1524]
  0x0000020f447edc30 ConcurrentGCThread "G1 Refine#0" [stack: 0x0000008e8f200000,0x0000008e8f300000] [id=9864]
  0x0000020f447ee660 ConcurrentGCThread "G1 Service" [stack: 0x0000008e8f300000,0x0000008e8f400000] [id=8488]

Threads with active compile tasks:
C2 CompilerThread0     1952 2566       4       org.codehaus.plexus.util.xml.pull.MXParser::ensureElementsCapacity (265 bytes)
C1 CompilerThread0     1952 2939       3       java.util.Properties::<init> (32 bytes)
C2 CompilerThread1     1952 2561       4       java.util.HashSet::add (20 bytes)
C2 CompilerThread2     1952 2857       4       org.codehaus.plexus.util.xml.pull.MXParser::nextImpl (1203 bytes)

VM state: not at safepoint (normal execution)

VM Mutex/Monitor currently owned by a thread:  ([mutex/lock_event])
[0x0000020f4472f100] CodeCache_lock - owner thread: 0x0000000000000000

Heap address: 0x0000000701200000, size: 4078 MB, Compressed Oops mode: Zero based, Oop shift amount: 3

CDS archive(s) mapped at: [0x0000020f00000000-0x0000020f00bb0000-0x0000020f00bb0000), size 12255232, SharedBaseAddress: 0x0000020f00000000, ArchiveRelocationMode: 1.
Compressed class space mapped at: 0x0000020f01000000-0x0000020f41000000, reserved size: 1073741824
Narrow klass base: 0x0000020f00000000, Narrow klass shift: 0, Narrow klass range: 0x100000000

GC Precious Log:
 CPUs: 8 total, 8 available
 Memory: 16304M
 Large Page Support: Disabled
 NUMA Support: Disabled
 Compressed Oops: Enabled (Zero based)
 Heap Region Size: 2M
 Heap Min Capacity: 8M
 Heap Initial Capacity: 256M
 Heap Max Capacity: 4078M
 Pre-touch: Disabled
 Parallel Workers: 8
 Concurrent Workers: 2
 Concurrent Refinement Workers: 8
 Periodic GC: Disabled

Heap:
 garbage-first heap   total 262144K, used 52106K [0x0000000701200000, 0x0000000800000000)
  region size 2048K, 25 young (51200K), 1 survivors (2048K)
 Metaspace       used 15203K, committed 15424K, reserved 1114112K
  class space    used 1819K, committed 1920K, reserved 1048576K

Heap Regions: E=young(eden), S=young(survivor), O=old, HS=humongous(starts), HC=humongous(continues), CS=collection set, F=free, OA=open archive, CA=closed archive, TAMS=top-at-mark-start (previous, next)
|   0|0x0000000701200000, 0x0000000701400000, 0x0000000701400000|100%| O|  |TAMS 0x0000000701200000, 0x0000000701200000| Untracked 
|   1|0x0000000701400000, 0x000000070158f000, 0x0000000701600000| 77%| O|  |TAMS 0x0000000701400000, 0x0000000701400000| Untracked 
|   2|0x0000000701600000, 0x0000000701600000, 0x0000000701800000|  0%| F|  |TAMS 0x0000000701600000, 0x0000000701600000| Untracked 
|   3|0x0000000701800000, 0x0000000701800000, 0x0000000701a00000|  0%| F|  |TAMS 0x0000000701800000, 0x0000000701800000| Untracked 
|   4|0x0000000701a00000, 0x0000000701a00000, 0x0000000701c00000|  0%| F|  |TAMS 0x0000000701a00000, 0x0000000701a00000| Untracked 
|   5|0x0000000701c00000, 0x0000000701c00000, 0x0000000701e00000|  0%| F|  |TAMS 0x0000000701c00000, 0x0000000701c00000| Untracked 
|   6|0x0000000701e00000, 0x0000000701e00000, 0x0000000702000000|  0%| F|  |TAMS 0x0000000701e00000, 0x0000000701e00000| Untracked 
|   7|0x0000000702000000, 0x0000000702000000, 0x0000000702200000|  0%| F|  |TAMS 0x0000000702000000, 0x0000000702000000| Untracked 
|   8|0x0000000702200000, 0x0000000702200000, 0x0000000702400000|  0%| F|  |TAMS 0x0000000702200000, 0x0000000702200000| Untracked 
|   9|0x0000000702400000, 0x0000000702400000, 0x0000000702600000|  0%| F|  |TAMS 0x0000000702400000, 0x0000000702400000| Untracked 
|  10|0x0000000702600000, 0x0000000702600000, 0x0000000702800000|  0%| F|  |TAMS 0x0000000702600000, 0x0000000702600000| Untracked 
|  11|0x0000000702800000, 0x0000000702800000, 0x0000000702a00000|  0%| F|  |TAMS 0x0000000702800000, 0x0000000702800000| Untracked 
|  12|0x0000000702a00000, 0x0000000702a00000, 0x0000000702c00000|  0%| F|  |TAMS 0x0000000702a00000, 0x0000000702a00000| Untracked 
|  13|0x0000000702c00000, 0x0000000702c00000, 0x0000000702e00000|  0%| F|  |TAMS 0x0000000702c00000, 0x0000000702c00000| Untracked 
|  14|0x0000000702e00000, 0x0000000702e00000, 0x0000000703000000|  0%| F|  |TAMS 0x0000000702e00000, 0x0000000702e00000| Untracked 
|  15|0x0000000703000000, 0x0000000703000000, 0x0000000703200000|  0%| F|  |TAMS 0x0000000703000000, 0x0000000703000000| Untracked 
|  16|0x0000000703200000, 0x0000000703200000, 0x0000000703400000|  0%| F|  |TAMS 0x0000000703200000, 0x0000000703200000| Untracked 
|  17|0x0000000703400000, 0x0000000703400000, 0x0000000703600000|  0%| F|  |TAMS 0x0000000703400000, 0x0000000703400000| Untracked 
|  18|0x0000000703600000, 0x0000000703600000, 0x0000000703800000|  0%| F|  |TAMS 0x0000000703600000, 0x0000000703600000| Untracked 
|  19|0x0000000703800000, 0x0000000703800000, 0x0000000703a00000|  0%| F|  |TAMS 0x0000000703800000, 0x0000000703800000| Untracked 
|  20|0x0000000703a00000, 0x0000000703a00000, 0x0000000703c00000|  0%| F|  |TAMS 0x0000000703a00000, 0x0000000703a00000| Untracked 
|  21|0x0000000703c00000, 0x0000000703c00000, 0x0000000703e00000|  0%| F|  |TAMS 0x0000000703c00000, 0x0000000703c00000| Untracked 
|  22|0x0000000703e00000, 0x0000000703e00000, 0x0000000704000000|  0%| F|  |TAMS 0x0000000703e00000, 0x0000000703e00000| Untracked 
|  23|0x0000000704000000, 0x0000000704000000, 0x0000000704200000|  0%| F|  |TAMS 0x0000000704000000, 0x0000000704000000| Untracked 
|  24|0x0000000704200000, 0x0000000704200000, 0x0000000704400000|  0%| F|  |TAMS 0x0000000704200000, 0x0000000704200000| Untracked 
|  25|0x0000000704400000, 0x0000000704400000, 0x0000000704600000|  0%| F|  |TAMS 0x0000000704400000, 0x0000000704400000| Untracked 
|  26|0x0000000704600000, 0x0000000704600000, 0x0000000704800000|  0%| F|  |TAMS 0x0000000704600000, 0x0000000704600000| Untracked 
|  27|0x0000000704800000, 0x0000000704800000, 0x0000000704a00000|  0%| F|  |TAMS 0x0000000704800000, 0x0000000704800000| Untracked 
|  28|0x0000000704a00000, 0x0000000704a00000, 0x0000000704c00000|  0%| F|  |TAMS 0x0000000704a00000, 0x0000000704a00000| Untracked 
|  29|0x0000000704c00000, 0x0000000704c00000, 0x0000000704e00000|  0%| F|  |TAMS 0x0000000704c00000, 0x0000000704c00000| Untracked 
|  30|0x0000000704e00000, 0x0000000704e00000, 0x0000000705000000|  0%| F|  |TAMS 0x0000000704e00000, 0x0000000704e00000| Untracked 
|  31|0x0000000705000000, 0x0000000705000000, 0x0000000705200000|  0%| F|  |TAMS 0x0000000705000000, 0x0000000705000000| Untracked 
|  32|0x0000000705200000, 0x0000000705200000, 0x0000000705400000|  0%| F|  |TAMS 0x0000000705200000, 0x0000000705200000| Untracked 
|  33|0x0000000705400000, 0x0000000705400000, 0x0000000705600000|  0%| F|  |TAMS 0x0000000705400000, 0x0000000705400000| Untracked 
|  34|0x0000000705600000, 0x0000000705600000, 0x0000000705800000|  0%| F|  |TAMS 0x0000000705600000, 0x0000000705600000| Untracked 
|  35|0x0000000705800000, 0x0000000705800000, 0x0000000705a00000|  0%| F|  |TAMS 0x0000000705800000, 0x0000000705800000| Untracked 
|  36|0x0000000705a00000, 0x0000000705a00000, 0x0000000705c00000|  0%| F|  |TAMS 0x0000000705a00000, 0x0000000705a00000| Untracked 
|  37|0x0000000705c00000, 0x0000000705c00000, 0x0000000705e00000|  0%| F|  |TAMS 0x0000000705c00000, 0x0000000705c00000| Untracked 
|  38|0x0000000705e00000, 0x0000000705e00000, 0x0000000706000000|  0%| F|  |TAMS 0x0000000705e00000, 0x0000000705e00000| Untracked 
|  39|0x0000000706000000, 0x0000000706000000, 0x0000000706200000|  0%| F|  |TAMS 0x0000000706000000, 0x0000000706000000| Untracked 
|  40|0x0000000706200000, 0x0000000706200000, 0x0000000706400000|  0%| F|  |TAMS 0x0000000706200000, 0x0000000706200000| Untracked 
|  41|0x0000000706400000, 0x0000000706400000, 0x0000000706600000|  0%| F|  |TAMS 0x0000000706400000, 0x0000000706400000| Untracked 
|  42|0x0000000706600000, 0x0000000706600000, 0x0000000706800000|  0%| F|  |TAMS 0x0000000706600000, 0x0000000706600000| Untracked 
|  43|0x0000000706800000, 0x0000000706800000, 0x0000000706a00000|  0%| F|  |TAMS 0x0000000706800000, 0x0000000706800000| Untracked 
|  44|0x0000000706a00000, 0x0000000706a00000, 0x0000000706c00000|  0%| F|  |TAMS 0x0000000706a00000, 0x0000000706a00000| Untracked 
|  45|0x0000000706c00000, 0x0000000706c00000, 0x0000000706e00000|  0%| F|  |TAMS 0x0000000706c00000, 0x0000000706c00000| Untracked 
|  46|0x0000000706e00000, 0x0000000706e00000, 0x0000000707000000|  0%| F|  |TAMS 0x0000000706e00000, 0x0000000706e00000| Untracked 
|  47|0x0000000707000000, 0x0000000707000000, 0x0000000707200000|  0%| F|  |TAMS 0x0000000707000000, 0x0000000707000000| Untracked 
|  48|0x0000000707200000, 0x0000000707200000, 0x0000000707400000|  0%| F|  |TAMS 0x0000000707200000, 0x0000000707200000| Untracked 
|  49|0x0000000707400000, 0x0000000707400000, 0x0000000707600000|  0%| F|  |TAMS 0x0000000707400000, 0x0000000707400000| Untracked 
|  50|0x0000000707600000, 0x0000000707600000, 0x0000000707800000|  0%| F|  |TAMS 0x0000000707600000, 0x0000000707600000| Untracked 
|  51|0x0000000707800000, 0x0000000707800000, 0x0000000707a00000|  0%| F|  |TAMS 0x0000000707800000, 0x0000000707800000| Untracked 
|  52|0x0000000707a00000, 0x0000000707a00000, 0x0000000707c00000|  0%| F|  |TAMS 0x0000000707a00000, 0x0000000707a00000| Untracked 
|  53|0x0000000707c00000, 0x0000000707c00000, 0x0000000707e00000|  0%| F|  |TAMS 0x0000000707c00000, 0x0000000707c00000| Untracked 
|  54|0x0000000707e00000, 0x0000000707e00000, 0x0000000708000000|  0%| F|  |TAMS 0x0000000707e00000, 0x0000000707e00000| Untracked 
|  55|0x0000000708000000, 0x0000000708000000, 0x0000000708200000|  0%| F|  |TAMS 0x0000000708000000, 0x0000000708000000| Untracked 
|  56|0x0000000708200000, 0x0000000708200000, 0x0000000708400000|  0%| F|  |TAMS 0x0000000708200000, 0x0000000708200000| Untracked 
|  57|0x0000000708400000, 0x0000000708400000, 0x0000000708600000|  0%| F|  |TAMS 0x0000000708400000, 0x0000000708400000| Untracked 
|  58|0x0000000708600000, 0x0000000708600000, 0x0000000708800000|  0%| F|  |TAMS 0x0000000708600000, 0x0000000708600000| Untracked 
|  59|0x0000000708800000, 0x0000000708800000, 0x0000000708a00000|  0%| F|  |TAMS 0x0000000708800000, 0x0000000708800000| Untracked 
|  60|0x0000000708a00000, 0x0000000708a00000, 0x0000000708c00000|  0%| F|  |TAMS 0x0000000708a00000, 0x0000000708a00000| Untracked 
|  61|0x0000000708c00000, 0x0000000708c00000, 0x0000000708e00000|  0%| F|  |TAMS 0x0000000708c00000, 0x0000000708c00000| Untracked 
|  62|0x0000000708e00000, 0x0000000708e00000, 0x0000000709000000|  0%| F|  |TAMS 0x0000000708e00000, 0x0000000708e00000| Untracked 
|  63|0x0000000709000000, 0x0000000709000000, 0x0000000709200000|  0%| F|  |TAMS 0x0000000709000000, 0x0000000709000000| Untracked 
|  64|0x0000000709200000, 0x0000000709200000, 0x0000000709400000|  0%| F|  |TAMS 0x0000000709200000, 0x0000000709200000| Untracked 
|  65|0x0000000709400000, 0x0000000709400000, 0x0000000709600000|  0%| F|  |TAMS 0x0000000709400000, 0x0000000709400000| Untracked 
|  66|0x0000000709600000, 0x0000000709600000, 0x0000000709800000|  0%| F|  |TAMS 0x0000000709600000, 0x0000000709600000| Untracked 
|  67|0x0000000709800000, 0x0000000709800000, 0x0000000709a00000|  0%| F|  |TAMS 0x0000000709800000, 0x0000000709800000| Untracked 
|  68|0x0000000709a00000, 0x0000000709a00000, 0x0000000709c00000|  0%| F|  |TAMS 0x0000000709a00000, 0x0000000709a00000| Untracked 
|  69|0x0000000709c00000, 0x0000000709c00000, 0x0000000709e00000|  0%| F|  |TAMS 0x0000000709c00000, 0x0000000709c00000| Untracked 
|  70|0x0000000709e00000, 0x0000000709e00000, 0x000000070a000000|  0%| F|  |TAMS 0x0000000709e00000, 0x0000000709e00000| Untracked 
|  71|0x000000070a000000, 0x000000070a000000, 0x000000070a200000|  0%| F|  |TAMS 0x000000070a000000, 0x000000070a000000| Untracked 
|  72|0x000000070a200000, 0x000000070a200000, 0x000000070a400000|  0%| F|  |TAMS 0x000000070a200000, 0x000000070a200000| Untracked 
|  73|0x000000070a400000, 0x000000070a400000, 0x000000070a600000|  0%| F|  |TAMS 0x000000070a400000, 0x000000070a400000| Untracked 
|  74|0x000000070a600000, 0x000000070a600000, 0x000000070a800000|  0%| F|  |TAMS 0x000000070a600000, 0x000000070a600000| Untracked 
|  75|0x000000070a800000, 0x000000070a800000, 0x000000070aa00000|  0%| F|  |TAMS 0x000000070a800000, 0x000000070a800000| Untracked 
|  76|0x000000070aa00000, 0x000000070aa00000, 0x000000070ac00000|  0%| F|  |TAMS 0x000000070aa00000, 0x000000070aa00000| Untracked 
|  77|0x000000070ac00000, 0x000000070ac00000, 0x000000070ae00000|  0%| F|  |TAMS 0x000000070ac00000, 0x000000070ac00000| Untracked 
|  78|0x000000070ae00000, 0x000000070ae00000, 0x000000070b000000|  0%| F|  |TAMS 0x000000070ae00000, 0x000000070ae00000| Untracked 
|  79|0x000000070b000000, 0x000000070b000000, 0x000000070b200000|  0%| F|  |TAMS 0x000000070b000000, 0x000000070b000000| Untracked 
|  80|0x000000070b200000, 0x000000070b200000, 0x000000070b400000|  0%| F|  |TAMS 0x000000070b200000, 0x000000070b200000| Untracked 
|  81|0x000000070b400000, 0x000000070b400000, 0x000000070b600000|  0%| F|  |TAMS 0x000000070b400000, 0x000000070b400000| Untracked 
|  82|0x000000070b600000, 0x000000070b600000, 0x000000070b800000|  0%| F|  |TAMS 0x000000070b600000, 0x000000070b600000| Untracked 
|  83|0x000000070b800000, 0x000000070b800000, 0x000000070ba00000|  0%| F|  |TAMS 0x000000070b800000, 0x000000070b800000| Untracked 
|  84|0x000000070ba00000, 0x000000070ba00000, 0x000000070bc00000|  0%| F|  |TAMS 0x000000070ba00000, 0x000000070ba00000| Untracked 
|  85|0x000000070bc00000, 0x000000070bc00000, 0x000000070be00000|  0%| F|  |TAMS 0x000000070bc00000, 0x000000070bc00000| Untracked 
|  86|0x000000070be00000, 0x000000070be00000, 0x000000070c000000|  0%| F|  |TAMS 0x000000070be00000, 0x000000070be00000| Untracked 
|  87|0x000000070c000000, 0x000000070c000000, 0x000000070c200000|  0%| F|  |TAMS 0x000000070c000000, 0x000000070c000000| Untracked 
|  88|0x000000070c200000, 0x000000070c200000, 0x000000070c400000|  0%| F|  |TAMS 0x000000070c200000, 0x000000070c200000| Untracked 
|  89|0x000000070c400000, 0x000000070c400000, 0x000000070c600000|  0%| F|  |TAMS 0x000000070c400000, 0x000000070c400000| Untracked 
|  90|0x000000070c600000, 0x000000070c600000, 0x000000070c800000|  0%| F|  |TAMS 0x000000070c600000, 0x000000070c600000| Untracked 
|  91|0x000000070c800000, 0x000000070c800000, 0x000000070ca00000|  0%| F|  |TAMS 0x000000070c800000, 0x000000070c800000| Untracked 
|  92|0x000000070ca00000, 0x000000070ca00000, 0x000000070cc00000|  0%| F|  |TAMS 0x000000070ca00000, 0x000000070ca00000| Untracked 
|  93|0x000000070cc00000, 0x000000070cc00000, 0x000000070ce00000|  0%| F|  |TAMS 0x000000070cc00000, 0x000000070cc00000| Untracked 
|  94|0x000000070ce00000, 0x000000070ce00000, 0x000000070d000000|  0%| F|  |TAMS 0x000000070ce00000, 0x000000070ce00000| Untracked 
|  95|0x000000070d000000, 0x000000070d000000, 0x000000070d200000|  0%| F|  |TAMS 0x000000070d000000, 0x000000070d000000| Untracked 
|  96|0x000000070d200000, 0x000000070d200000, 0x000000070d400000|  0%| F|  |TAMS 0x000000070d200000, 0x000000070d200000| Untracked 
|  97|0x000000070d400000, 0x000000070d400000, 0x000000070d600000|  0%| F|  |TAMS 0x000000070d400000, 0x000000070d400000| Untracked 
|  98|0x000000070d600000, 0x000000070d600000, 0x000000070d800000|  0%| F|  |TAMS 0x000000070d600000, 0x000000070d600000| Untracked 
|  99|0x000000070d800000, 0x000000070d800000, 0x000000070da00000|  0%| F|  |TAMS 0x000000070d800000, 0x000000070d800000| Untracked 
| 100|0x000000070da00000, 0x000000070da00000, 0x000000070dc00000|  0%| F|  |TAMS 0x000000070da00000, 0x000000070da00000| Untracked 
| 101|0x000000070dc00000, 0x000000070dc00000, 0x000000070de00000|  0%| F|  |TAMS 0x000000070dc00000, 0x000000070dc00000| Untracked 
| 102|0x000000070de00000, 0x000000070de00000, 0x000000070e000000|  0%| F|  |TAMS 0x000000070de00000, 0x000000070de00000| Untracked 
| 103|0x000000070e000000, 0x000000070e100800, 0x000000070e200000| 50%| E|  |TAMS 0x000000070e000000, 0x000000070e000000| Complete 
| 104|0x000000070e200000, 0x000000070e400000, 0x000000070e400000|100%| E|CS|TAMS 0x000000070e200000, 0x000000070e200000| Complete 
| 105|0x000000070e400000, 0x000000070e600000, 0x000000070e600000|100%| E|CS|TAMS 0x000000070e400000, 0x000000070e400000| Complete 
| 106|0x000000070e600000, 0x000000070e800000, 0x000000070e800000|100%| E|CS|TAMS 0x000000070e600000, 0x000000070e600000| Complete 
| 107|0x000000070e800000, 0x000000070ea00000, 0x000000070ea00000|100%| E|CS|TAMS 0x000000070e800000, 0x000000070e800000| Complete 
| 108|0x000000070ea00000, 0x000000070ec00000, 0x000000070ec00000|100%| E|CS|TAMS 0x000000070ea00000, 0x000000070ea00000| Complete 
| 109|0x000000070ec00000, 0x000000070ee00000, 0x000000070ee00000|100%| E|CS|TAMS 0x000000070ec00000, 0x000000070ec00000| Complete 
| 110|0x000000070ee00000, 0x000000070f000000, 0x000000070f000000|100%| E|CS|TAMS 0x000000070ee00000, 0x000000070ee00000| Complete 
| 111|0x000000070f000000, 0x000000070f153ad0, 0x000000070f200000| 66%| S|CS|TAMS 0x000000070f000000, 0x000000070f000000| Complete 
| 112|0x000000070f200000, 0x000000070f400000, 0x000000070f400000|100%| E|CS|TAMS 0x000000070f200000, 0x000000070f200000| Complete 
| 113|0x000000070f400000, 0x000000070f600000, 0x000000070f600000|100%| E|CS|TAMS 0x000000070f400000, 0x000000070f400000| Complete 
| 114|0x000000070f600000, 0x000000070f800000, 0x000000070f800000|100%| E|CS|TAMS 0x000000070f600000, 0x000000070f600000| Complete 
| 115|0x000000070f800000, 0x000000070fa00000, 0x000000070fa00000|100%| E|CS|TAMS 0x000000070f800000, 0x000000070f800000| Complete 
| 116|0x000000070fa00000, 0x000000070fc00000, 0x000000070fc00000|100%| E|CS|TAMS 0x000000070fa00000, 0x000000070fa00000| Complete 
| 117|0x000000070fc00000, 0x000000070fe00000, 0x000000070fe00000|100%| E|CS|TAMS 0x000000070fc00000, 0x000000070fc00000| Complete 
| 118|0x000000070fe00000, 0x0000000710000000, 0x0000000710000000|100%| E|CS|TAMS 0x000000070fe00000, 0x000000070fe00000| Complete 
| 119|0x0000000710000000, 0x0000000710200000, 0x0000000710200000|100%| E|CS|TAMS 0x0000000710000000, 0x0000000710000000| Complete 
| 120|0x0000000710200000, 0x0000000710400000, 0x0000000710400000|100%| E|CS|TAMS 0x0000000710200000, 0x0000000710200000| Complete 
| 121|0x0000000710400000, 0x0000000710600000, 0x0000000710600000|100%| E|CS|TAMS 0x0000000710400000, 0x0000000710400000| Complete 
| 122|0x0000000710600000, 0x0000000710800000, 0x0000000710800000|100%| E|CS|TAMS 0x0000000710600000, 0x0000000710600000| Complete 
| 123|0x0000000710800000, 0x0000000710a00000, 0x0000000710a00000|100%| E|CS|TAMS 0x0000000710800000, 0x0000000710800000| Complete 
| 124|0x0000000710a00000, 0x0000000710c00000, 0x0000000710c00000|100%| E|CS|TAMS 0x0000000710a00000, 0x0000000710a00000| Complete 
| 125|0x0000000710c00000, 0x0000000710e00000, 0x0000000710e00000|100%| E|CS|TAMS 0x0000000710c00000, 0x0000000710c00000| Complete 
| 126|0x0000000710e00000, 0x0000000711000000, 0x0000000711000000|100%| E|CS|TAMS 0x0000000710e00000, 0x0000000710e00000| Complete 
| 127|0x0000000711000000, 0x0000000711200000, 0x0000000711200000|100%| E|CS|TAMS 0x0000000711000000, 0x0000000711000000| Complete 

Card table byte_map: [0x0000020f5bd80000,0x0000020f5c580000] _byte_map_base: 0x0000020f58577000

Marking Bits (Prev, Next): (CMBitMap*) 0x0000020f4479ae90, (CMBitMap*) 0x0000020f4479aed0
 Prev Bits: [0x0000020f5cd80000, 0x0000020f60d38000)
 Next Bits: [0x0000020f60d40000, 0x0000020f64cf8000)

Polling page: 0x0000020f426d0000

Metaspace:

Usage:
  Non-class:     13.07 MB used.
      Class:      1.78 MB used.
       Both:     14.85 MB used.

Virtual space:
  Non-class space:       64.00 MB reserved,      13.19 MB ( 21%) committed,  1 nodes.
      Class space:        1.00 GB reserved,       1.88 MB ( <1%) committed,  1 nodes.
             Both:        1.06 GB reserved,      15.06 MB (  1%) committed. 

Chunk freelists:
   Non-Class:  2.17 MB
       Class:  14.00 MB
        Both:  16.17 MB

MaxMetaspaceSize: unlimited
CompressedClassSpaceSize: 1.00 GB
Initial GC threshold: 21.00 MB
Current GC threshold: 21.00 MB
CDS: on
MetaspaceReclaimPolicy: balanced
 - commit_granule_bytes: 65536.
 - commit_granule_words: 8192.
 - virtual_space_node_default_size: 8388608.
 - enlarge_chunks_in_place: 1.
 - new_chunks_are_fully_committed: 0.
 - uncommit_free_chunks: 1.
 - use_allocation_guard: 0.
 - handle_deallocations: 1.


Internal statistics:

num_allocs_failed_limit: 0.
num_arena_births: 84.
num_arena_deaths: 0.
num_vsnodes_births: 2.
num_vsnodes_deaths: 0.
num_space_committed: 241.
num_space_uncommitted: 0.
num_chunks_returned_to_freelist: 0.
num_chunks_taken_from_freelist: 618.
num_chunk_merges: 0.
num_chunk_splits: 421.
num_chunks_enlarged: 339.
num_inconsistent_stats: 0.

CodeHeap 'non-profiled nmethods': size=120000Kb used=1279Kb max_used=1279Kb free=118720Kb
 bounds [0x0000020f53d20000, 0x0000020f53f90000, 0x0000020f5b250000]
CodeHeap 'profiled nmethods': size=120000Kb used=5947Kb max_used=5947Kb free=114052Kb
 bounds [0x0000020f4c250000, 0x0000020f4c820000, 0x0000020f53780000]
CodeHeap 'non-nmethods': size=5760Kb used=1178Kb max_used=1250Kb free=4581Kb
 bounds [0x0000020f53780000, 0x0000020f539f0000, 0x0000020f53d20000]
 total_blobs=3400 nmethods=2932 adapters=380
 compilation: enabled
              stopped_count=0, restarted_count=0
 full_count=0

Compilation events (20 events):
Event: 1.863 Thread 0x0000020f678c1410 2819       3       java.util.LinkedHashMap::<init> (11 bytes)
Event: 1.863 Thread 0x0000020f678c1410 nmethod 2819 0x0000020f4c7d5890 code [0x0000020f4c7d5a60, 0x0000020f4c7d5c28]
Event: 1.863 Thread 0x0000020f678c1410 2823       3       java.lang.Character::isJavaIdentifierStart (9 bytes)
Event: 1.864 Thread 0x0000020f678c1410 nmethod 2823 0x0000020f4c7d5d10 code [0x0000020f4c7d5ec0, 0x0000020f4c7d60b8]
Event: 1.864 Thread 0x0000020f678c1410 2824       3       java.lang.CharacterDataLatin1::isJavaIdentifierStart (23 bytes)
Event: 1.864 Thread 0x0000020f678c1410 nmethod 2824 0x0000020f4c7d6190 code [0x0000020f4c7d6340, 0x0000020f4c7d6558]
Event: 1.864 Thread 0x0000020f678c1410 2826       3       org.codehaus.plexus.interpolation.reflection.ReflectionValueExtractor::evaluate (242 bytes)
Event: 1.867 Thread 0x0000020f678c1410 nmethod 2826 0x0000020f4c7d6690 code [0x0000020f4c7d6c00, 0x0000020f4c7d95f8]
Event: 1.868 Thread 0x0000020f678c1410 2825   !   3       org.codehaus.plexus.interpolation.ObjectBasedValueSource::getValue (66 bytes)
Event: 1.869 Thread 0x0000020f678c1410 nmethod 2825 0x0000020f4c7da490 code [0x0000020f4c7da7a0, 0x0000020f4c7db788]
Event: 1.869 Thread 0x0000020f678c1410 2827       3       java.lang.Character::isJavaIdentifierStart (5 bytes)
Event: 1.869 Thread 0x0000020f678c1410 nmethod 2827 0x0000020f4c7dbd10 code [0x0000020f4c7dbec0, 0x0000020f4c7dc118]
Event: 1.869 Thread 0x0000020f678c1410 2828       3       org.codehaus.plexus.interpolation.reflection.ReflectionValueExtractor$Tokenizer::<init> (10 bytes)
Event: 1.869 Thread 0x0000020f678c1410 nmethod 2828 0x0000020f4c7dc210 code [0x0000020f4c7dc3a0, 0x0000020f4c7dc558]
Event: 1.869 Thread 0x0000020f678c1410 2829       3       java.util.LinkedHashMap::afterNodeRemoval (65 bytes)
Event: 1.870 Thread 0x0000020f678c1410 nmethod 2829 0x0000020f4c7dc610 code [0x0000020f4c7dc7e0, 0x0000020f4c7dccd8]
Event: 1.870 Thread 0x0000020f678c1410 2830       1       org.apache.maven.model.ModelBase::getDependencyManagement (5 bytes)
Event: 1.870 Thread 0x0000020f678c1410 nmethod 2830 0x0000020f53e4bf90 code [0x0000020f53e4c120, 0x0000020f53e4c1f8]
Event: 1.870 Thread 0x0000020f678c1410 2831       3       org.eclipse.aether.repository.RemoteRepository::hash (13 bytes)
Event: 1.870 Thread 0x0000020f678c1410 nmethod 2831 0x0000020f4c7dce10 code [0x0000020f4c7dcfc0, 0x0000020f4c7dd1e8]

GC Heap History (4 events):
Event: 0.545 GC heap before
{Heap before GC invocations=0 (full 0):
 garbage-first heap   total 262144K, used 22528K [0x0000000701200000, 0x0000000800000000)
  region size 2048K, 11 young (22528K), 0 survivors (0K)
 Metaspace       used 5716K, committed 5952K, reserved 1114112K
  class space    used 683K, committed 768K, reserved 1048576K
}
Event: 0.549 GC heap after
{Heap after GC invocations=1 (full 0):
 garbage-first heap   total 262144K, used 3969K [0x0000000701200000, 0x0000000800000000)
  region size 2048K, 2 young (4096K), 2 survivors (4096K)
 Metaspace       used 5716K, committed 5952K, reserved 1114112K
  class space    used 683K, committed 768K, reserved 1048576K
}
Event: 0.952 GC heap before
{Heap before GC invocations=1 (full 0):
 garbage-first heap   total 262144K, used 32641K [0x0000000701200000, 0x0000000800000000)
  region size 2048K, 16 young (32768K), 2 survivors (4096K)
 Metaspace       used 8982K, committed 9152K, reserved 1114112K
  class space    used 1088K, committed 1152K, reserved 1048576K
}
Event: 0.955 GC heap after
{Heap after GC invocations=2 (full 0):
 garbage-first heap   total 262144K, used 5002K [0x0000000701200000, 0x0000000800000000)
  region size 2048K, 1 young (2048K), 1 survivors (2048K)
 Metaspace       used 8982K, committed 9152K, reserved 1114112K
  class space    used 1088K, committed 1152K, reserved 1048576K
}

Dll operation events (8 events):
Event: 0.006 Loaded shared library C:\Program Files\Java\microsoft-jdk-17.0.10-windows-x64\jdk-17.0.10+7\bin\java.dll
Event: 0.021 Loaded shared library C:\Program Files\Java\microsoft-jdk-17.0.10-windows-x64\jdk-17.0.10+7\bin\jsvml.dll
Event: 0.045 Loaded shared library C:\Program Files\Java\microsoft-jdk-17.0.10-windows-x64\jdk-17.0.10+7\bin\net.dll
Event: 0.047 Loaded shared library C:\Program Files\Java\microsoft-jdk-17.0.10-windows-x64\jdk-17.0.10+7\bin\nio.dll
Event: 0.050 Loaded shared library C:\Program Files\Java\microsoft-jdk-17.0.10-windows-x64\jdk-17.0.10+7\bin\zip.dll
Event: 0.055 Loaded shared library C:\Program Files\Java\microsoft-jdk-17.0.10-windows-x64\jdk-17.0.10+7\bin\jimage.dll
Event: 0.184 Loaded shared library C:\Users\Andriary\AppData\Local\Temp\jansi-2.4.0-5fb6fe8ae837a9e-jansi.dll
Event: 0.196 Loaded shared library C:\Program Files\Java\microsoft-jdk-17.0.10-windows-x64\jdk-17.0.10+7\bin\verify.dll

Deoptimization events (20 events):
Event: 1.750 Thread 0x0000020f44732760 Uncommon trap: trap_request=0xffffff45 fr.pc=0x0000020f53d91ba0 relative=0x00000000000005e0
Event: 1.750 Thread 0x0000020f44732760 Uncommon trap: reason=unstable_if action=reinterpret pc=0x0000020f53d91ba0 method=java.lang.String.regionMatches(ZILjava/lang/String;II)Z @ 21 c2
Event: 1.750 Thread 0x0000020f44732760 DEOPT PACKING pc=0x0000020f53d91ba0 sp=0x0000008e8eefc160
Event: 1.750 Thread 0x0000020f44732760 DEOPT UNPACKING pc=0x0000020f537d69a3 sp=0x0000008e8eefc108 mode 2
Event: 1.751 Thread 0x0000020f44732760 Uncommon trap: trap_request=0xffffff54 fr.pc=0x0000020f53e27184 relative=0x00000000000001a4
Event: 1.751 Thread 0x0000020f44732760 Uncommon trap: reason=speculate_null_assert action=make_not_entrant pc=0x0000020f53e27184 method=org.apache.maven.model.interpolation.StringVisitorModelInterpolator$1.interpolate(Ljava/lang/String;)Ljava/lang/String; @ 28 c2
Event: 1.751 Thread 0x0000020f44732760 DEOPT PACKING pc=0x0000020f53e27184 sp=0x0000008e8eefc000
Event: 1.751 Thread 0x0000020f44732760 DEOPT UNPACKING pc=0x0000020f537d69a3 sp=0x0000008e8eefbf48 mode 2
Event: 1.751 Thread 0x0000020f44732760 Uncommon trap: trap_request=0xffffff54 fr.pc=0x0000020f53e2b0e4 relative=0x0000000000000184
Event: 1.751 Thread 0x0000020f44732760 Uncommon trap: reason=speculate_null_assert action=make_not_entrant pc=0x0000020f53e2b0e4 method=org.apache.maven.model.interpolation.StringVisitorModelInterpolator$1.interpolate(Ljava/lang/String;)Ljava/lang/String; @ 28 c2
Event: 1.751 Thread 0x0000020f44732760 DEOPT PACKING pc=0x0000020f53e2b0e4 sp=0x0000008e8eefbfa0
Event: 1.751 Thread 0x0000020f44732760 DEOPT UNPACKING pc=0x0000020f537d69a3 sp=0x0000008e8eefbf50 mode 2
Event: 1.836 Thread 0x0000020f44732760 Uncommon trap: trap_request=0xffffff45 fr.pc=0x0000020f53e08460 relative=0x0000000000000060
Event: 1.836 Thread 0x0000020f44732760 Uncommon trap: reason=unstable_if action=reinterpret pc=0x0000020f53e08460 method=org.codehaus.plexus.util.xml.pull.MXParser.isValidCodePoint(I)Z @ 15 c2
Event: 1.836 Thread 0x0000020f44732760 DEOPT PACKING pc=0x0000020f53e08460 sp=0x0000008e8eefb4c0
Event: 1.836 Thread 0x0000020f44732760 DEOPT UNPACKING pc=0x0000020f537d69a3 sp=0x0000008e8eefb450 mode 2
Event: 1.837 Thread 0x0000020f44732760 Uncommon trap: trap_request=0xffffff45 fr.pc=0x0000020f53e34ce0 relative=0x0000000000002620
Event: 1.837 Thread 0x0000020f44732760 Uncommon trap: reason=unstable_if action=reinterpret pc=0x0000020f53e34ce0 method=org.codehaus.plexus.util.xml.pull.MXParser.nextImpl()I @ 973 c2
Event: 1.837 Thread 0x0000020f44732760 DEOPT PACKING pc=0x0000020f53e34ce0 sp=0x0000008e8eefb4a0
Event: 1.837 Thread 0x0000020f44732760 DEOPT UNPACKING pc=0x0000020f537d69a3 sp=0x0000008e8eefb478 mode 2

Classes unloaded (0 events):
No events

Classes redefined (0 events):
No events

Internal exceptions (20 events):
Event: 0.266 Thread 0x0000020f44732760 Exception <a 'java/lang/NoSuchMethodError'{0x0000000710803420}: 'java.lang.Object java.lang.invoke.DirectMethodHandle$Holder.invokeSpecialIFC(java.lang.Object, java.lang.Object, java.lang.Object, java.lang.Object)'> (0x0000000710803420) 
thrown [s\src\hotspot\share\interpreter\linkResolver.cpp, line 759]
Event: 0.390 Thread 0x0000020f44732760 Exception <a 'java/lang/NoSuchMethodError'{0x00000007105f87b8}: 'java.lang.Object java.lang.invoke.DirectMethodHandle$Holder.invokeStaticInit(java.lang.Object)'> (0x00000007105f87b8) 
thrown [s\src\hotspot\share\interpreter\linkResolver.cpp, line 759]
Event: 0.392 Thread 0x0000020f44732760 Exception <a 'java/lang/NoSuchMethodError'{0x00000007102195b0}: 'void java.lang.invoke.DirectMethodHandle$Holder.invokeSpecial(java.lang.Object, java.lang.Object, java.lang.Object)'> (0x00000007102195b0) 
thrown [s\src\hotspot\share\interpreter\linkResolver.cpp, line 759]
Event: 0.419 Thread 0x0000020f44732760 Exception <a 'java/lang/NoSuchMethodError'{0x000000071039f0c8}: 'java.lang.Object java.lang.invoke.DirectMethodHandle$Holder.invokeInterface(java.lang.Object, java.lang.Object)'> (0x000000071039f0c8) 
thrown [s\src\hotspot\share\interpreter\linkResolver.cpp, line 759]
Event: 0.434 Thread 0x0000020f44732760 Exception <a 'java/lang/NoSuchMethodError'{0x000000071005db58}: 'java.lang.Object java.lang.invoke.Invokers$Holder.invokeExact_MT(java.lang.Object, java.lang.Object, java.lang.Object, java.lang.Object, java.lang.Object, java.lang.Object)'> (0x000000071005db58) 
thrown [s\src\hotspot\share\interpreter\linkResolver.cpp, line 759]
Event: 0.436 Thread 0x0000020f44732760 Exception <a 'java/lang/NoSuchMethodError'{0x000000071006efd8}: 'int java.lang.invoke.DirectMethodHandle$Holder.invokeSpecialIFC(java.lang.Object, java.lang.Object, java.lang.Object, java.lang.Object, java.lang.Object)'> (0x000000071006efd8) 
thrown [s\src\hotspot\share\interpreter\linkResolver.cpp, line 759]
Event: 0.474 Thread 0x0000020f44732760 Exception <a 'java/lang/NoSuchMethodError'{0x000000070fe49d28}: 'java.lang.Object java.lang.invoke.DirectMethodHandle$Holder.newInvokeSpecial(java.lang.Object, java.lang.Object, java.lang.Object, java.lang.Object, java.lang.Object)'> (0x000000070fe49d28) 
thrown [s\src\hotspot\share\interpreter\linkResolver.cpp, line 759]
Event: 0.498 Thread 0x0000020f44732760 Exception <a 'java/lang/NoSuchMethodError'{0x000000070ff61bc0}: 'int java.lang.invoke.DirectMethodHandle$Holder.invokeStaticInit(java.lang.Object, java.lang.Object)'> (0x000000070ff61bc0) 
thrown [s\src\hotspot\share\interpreter\linkResolver.cpp, line 759]
Event: 0.506 Thread 0x0000020f44732760 Exception <a 'java/lang/NoClassDefFoundError'{0x000000070ffa0698}: javax/enterprise/inject/Typed> (0x000000070ffa0698) 
thrown [s\src\hotspot\share\classfile\systemDictionary.cpp, line 245]
Event: 1.157 Thread 0x0000020f44732760 Exception <a 'java/lang/NoSuchMethodError'{0x0000000710915d08}: 'void java.lang.invoke.DirectMethodHandle$Holder.invokeStaticInit(java.lang.Object, java.lang.Object, java.lang.Object)'> (0x0000000710915d08) 
thrown [s\src\hotspot\share\interpreter\linkResolver.cpp, line 759]
Event: 1.163 Thread 0x0000020f44732760 Exception <a 'java/lang/ExceptionInInitializerError'{0x0000000710943800}> (0x0000000710943800) 
thrown [s\src\hotspot\share\oops\instanceKlass.cpp, line 1218]
Event: 1.190 Thread 0x0000020f44732760 Implicit null exception at 0x0000020f53da24af to 0x0000020f53da2614
Event: 1.192 Thread 0x0000020f44732760 Exception <a 'java/lang/NoSuchMethodError'{0x00000007106630c0}: 'java.lang.Object java.lang.invoke.Invokers$Holder.invokeExact_MT(java.lang.Object, int, java.lang.Object)'> (0x00000007106630c0) 
thrown [s\src\hotspot\share\interpreter\linkResolver.cpp, line 759]
Event: 1.204 Thread 0x0000020f44732760 Exception <a 'java/lang/NoSuchMethodError'{0x00000007106d2878}: 'void java.lang.invoke.DirectMethodHandle$Holder.invokeStatic(java.lang.Object, java.lang.Object)'> (0x00000007106d2878) 
thrown [s\src\hotspot\share\interpreter\linkResolver.cpp, line 759]
Event: 1.208 Thread 0x0000020f44732760 Exception <a 'java/lang/NoSuchMethodError'{0x00000007106e37d0}: 'int java.lang.invoke.DirectMethodHandle$Holder.invokeSpecial(java.lang.Object, java.lang.Object, java.lang.Object, java.lang.Object)'> (0x00000007106e37d0) 
thrown [s\src\hotspot\share\interpreter\linkResolver.cpp, line 759]
Event: 1.409 Thread 0x0000020f44732760 Exception <a 'java/lang/NoClassDefFoundError'{0x000000070ff55698}: com/google/inject/servlet/ServletModuleTargetVisitor> (0x000000070ff55698) 
thrown [s\src\hotspot\share\classfile\systemDictionary.cpp, line 245]
Event: 1.454 Thread 0x0000020f44732760 Exception <a 'java/lang/NoSuchMethodError'{0x000000070fcfcb70}: 'void java.lang.invoke.DirectMethodHandle$Holder.invokeVirtual(java.lang.Object, java.lang.Object)'> (0x000000070fcfcb70) 
thrown [s\src\hotspot\share\interpreter\linkResolver.cpp, line 759]
Event: 1.471 Thread 0x0000020f44732760 Exception <a 'java/lang/NoSuchMethodError'{0x000000070fd75f58}: 'java.lang.Object java.lang.invoke.DirectMethodHandle$Holder.invokeStaticInit(java.lang.Object, int, int, int, int)'> (0x000000070fd75f58) 
thrown [s\src\hotspot\share\interpreter\linkResolver.cpp, line 759]
Event: 1.561 Thread 0x0000020f44732760 Implicit null exception at 0x0000020f53daedf2 to 0x0000020f53daf44c
Event: 1.562 Thread 0x0000020f44732760 Implicit null exception at 0x0000020f53d485f2 to 0x0000020f53d48c6c

VM Operations (20 events):
Event: 1.235 Executing VM operation: HandshakeAllThreads
Event: 1.235 Executing VM operation: HandshakeAllThreads done
Event: 1.236 Executing VM operation: HandshakeAllThreads
Event: 1.236 Executing VM operation: HandshakeAllThreads done
Event: 1.278 Executing VM operation: ICBufferFull
Event: 1.278 Executing VM operation: ICBufferFull done
Event: 1.279 Executing VM operation: HandshakeAllThreads
Event: 1.279 Executing VM operation: HandshakeAllThreads done
Event: 1.393 Executing VM operation: HandshakeAllThreads
Event: 1.393 Executing VM operation: HandshakeAllThreads done
Event: 1.462 Executing VM operation: HandshakeAllThreads
Event: 1.462 Executing VM operation: HandshakeAllThreads done
Event: 1.479 Executing VM operation: HandshakeAllThreads
Event: 1.479 Executing VM operation: HandshakeAllThreads done
Event: 1.535 Executing VM operation: HandshakeAllThreads
Event: 1.535 Executing VM operation: HandshakeAllThreads done
Event: 1.536 Executing VM operation: HandshakeAllThreads
Event: 1.536 Executing VM operation: HandshakeAllThreads done
Event: 1.604 Executing VM operation: ICBufferFull
Event: 1.604 Executing VM operation: ICBufferFull done

Events (20 events):
Event: 1.645 loading class java/lang/ThreadLocal$SuppliedThreadLocal
Event: 1.645 loading class java/lang/ThreadLocal$SuppliedThreadLocal done
Event: 1.650 loading class sun/nio/fs/WindowsFileSystemProvider$1
Event: 1.650 loading class sun/nio/fs/WindowsFileSystemProvider$1 done
Event: 1.652 loading class sun/nio/ch/FileLockImpl
Event: 1.652 loading class sun/nio/ch/FileLockImpl done
Event: 1.652 loading class sun/nio/ch/FileLockTable
Event: 1.652 loading class sun/nio/ch/FileLockTable done
Event: 1.652 loading class sun/nio/ch/FileKey
Event: 1.652 loading class sun/nio/ch/FileKey done
Event: 1.652 loading class sun/nio/ch/FileLockTable$FileLockReference
Event: 1.652 loading class sun/nio/ch/FileLockTable$FileLockReference done
Event: 1.652 loading class java/nio/channels/spi/AbstractInterruptibleChannel$1
Event: 1.652 loading class sun/nio/ch/Interruptible
Event: 1.652 loading class sun/nio/ch/Interruptible done
Event: 1.652 loading class java/nio/channels/spi/AbstractInterruptibleChannel$1 done
Event: 1.653 loading class java/util/AbstractMap$2
Event: 1.653 loading class java/util/AbstractMap$2 done
Event: 1.653 loading class java/util/AbstractMap$2$1
Event: 1.653 loading class java/util/AbstractMap$2$1 done


Dynamic libraries:
0x00007ff6f9b90000 - 0x00007ff6f9b9e000 	C:\Program Files\Java\microsoft-jdk-17.0.10-windows-x64\jdk-17.0.10+7\bin\java.exe
0x00007ffe87b70000 - 0x00007ffe87d68000 	C:\Windows\SYSTEM32\ntdll.dll
0x00007ffe85c50000 - 0x00007ffe85d0d000 	C:\Windows\System32\KERNEL32.DLL
0x00007ffe85530000 - 0x00007ffe85826000 	C:\Windows\System32\KERNELBASE.dll
0x00007ffe85430000 - 0x00007ffe85530000 	C:\Windows\System32\ucrtbase.dll
0x00007ffe69b50000 - 0x00007ffe69b6b000 	C:\Program Files\Java\microsoft-jdk-17.0.10-windows-x64\jdk-17.0.10+7\bin\VCRUNTIME140.dll
0x00007ffe682e0000 - 0x00007ffe682f7000 	C:\Program Files\Java\microsoft-jdk-17.0.10-windows-x64\jdk-17.0.10+7\bin\jli.dll
0x00007ffe87380000 - 0x00007ffe8751e000 	C:\Windows\System32\USER32.dll
0x00007ffe76bf0000 - 0x00007ffe76e8a000 	C:\Windows\WinSxS\amd64_microsoft.windows.common-controls_6595b64144ccf1df_6.0.19041.3636_none_60b6a03d71f818d5\COMCTL32.dll
0x00007ffe85b70000 - 0x00007ffe85b92000 	C:\Windows\System32\win32u.dll
0x00007ffe86e50000 - 0x00007ffe86e7b000 	C:\Windows\System32\GDI32.dll
0x00007ffe86e80000 - 0x00007ffe86f1e000 	C:\Windows\System32\msvcrt.dll
0x00007ffe85310000 - 0x00007ffe85427000 	C:\Windows\System32\gdi32full.dll
0x00007ffe85270000 - 0x00007ffe8530d000 	C:\Windows\System32\msvcp_win.dll
0x00007ffe87af0000 - 0x00007ffe87b22000 	C:\Windows\System32\IMM32.DLL
0x00007ffe70b70000 - 0x00007ffe70b7c000 	C:\Program Files\Java\microsoft-jdk-17.0.10-windows-x64\jdk-17.0.10+7\bin\vcruntime140_1.dll
0x00007ffe3c790000 - 0x00007ffe3c81d000 	C:\Program Files\Java\microsoft-jdk-17.0.10-windows-x64\jdk-17.0.10+7\bin\msvcp140.dll
0x00007ffe27690000 - 0x00007ffe282f5000 	C:\Program Files\Java\microsoft-jdk-17.0.10-windows-x64\jdk-17.0.10+7\bin\server\jvm.dll
0x00007ffe86da0000 - 0x00007ffe86e50000 	C:\Windows\System32\ADVAPI32.dll
0x00007ffe85bb0000 - 0x00007ffe85c50000 	C:\Windows\System32\sechost.dll
0x00007ffe85dc0000 - 0x00007ffe85ee5000 	C:\Windows\System32\RPCRT4.dll
0x00007ffe85a90000 - 0x00007ffe85ab7000 	C:\Windows\System32\bcrypt.dll
0x00007ffe84e20000 - 0x00007ffe84e6b000 	C:\Windows\SYSTEM32\POWRPROF.dll
0x00007ffe78920000 - 0x00007ffe78929000 	C:\Windows\SYSTEM32\WSOCK32.dll
0x00007ffe7d140000 - 0x00007ffe7d14a000 	C:\Windows\SYSTEM32\VERSION.dll
0x00007ffe846c0000 - 0x00007ffe846e7000 	C:\Windows\SYSTEM32\WINMM.dll
0x00007ffe87030000 - 0x00007ffe8709b000 	C:\Windows\System32\WS2_32.dll
0x00007ffe84890000 - 0x00007ffe848a2000 	C:\Windows\SYSTEM32\UMPDC.dll
0x00007ffe82c50000 - 0x00007ffe82c62000 	C:\Windows\SYSTEM32\kernel.appcore.dll
0x00007ffe70710000 - 0x00007ffe7071a000 	C:\Program Files\Java\microsoft-jdk-17.0.10-windows-x64\jdk-17.0.10+7\bin\jimage.dll
0x00007ffe84c30000 - 0x00007ffe84e14000 	C:\Windows\SYSTEM32\DBGHELP.DLL
0x00007ffe849c0000 - 0x00007ffe849f4000 	C:\Windows\SYSTEM32\dbgcore.DLL
0x00007ffe85a00000 - 0x00007ffe85a82000 	C:\Windows\System32\bcryptPrimitives.dll
0x00007ffe5f6f0000 - 0x00007ffe5f715000 	C:\Program Files\Java\microsoft-jdk-17.0.10-windows-x64\jdk-17.0.10+7\bin\java.dll
0x00007ffe33100000 - 0x00007ffe331d7000 	C:\Program Files\Java\microsoft-jdk-17.0.10-windows-x64\jdk-17.0.10+7\bin\jsvml.dll
0x00007ffe86630000 - 0x00007ffe86d9b000 	C:\Windows\System32\SHELL32.dll
0x00007ffe824b0000 - 0x00007ffe82c4e000 	C:\Windows\SYSTEM32\windows.storage.dll
0x00007ffe85ef0000 - 0x00007ffe86243000 	C:\Windows\System32\combase.dll
0x00007ffe84550000 - 0x00007ffe8457e000 	C:\Windows\SYSTEM32\Wldp.dll
0x00007ffe86f20000 - 0x00007ffe86fed000 	C:\Windows\System32\OLEAUT32.dll
0x00007ffe85d10000 - 0x00007ffe85dbd000 	C:\Windows\System32\SHCORE.dll
0x00007ffe86250000 - 0x00007ffe862a5000 	C:\Windows\System32\shlwapi.dll
0x00007ffe85150000 - 0x00007ffe85175000 	C:\Windows\SYSTEM32\profapi.dll
0x00007ffe64a40000 - 0x00007ffe64a59000 	C:\Program Files\Java\microsoft-jdk-17.0.10-windows-x64\jdk-17.0.10+7\bin\net.dll
0x00007ffe7ce50000 - 0x00007ffe7cf5a000 	C:\Windows\SYSTEM32\WINHTTP.dll
0x00007ffe84420000 - 0x00007ffe8448a000 	C:\Windows\system32\mswsock.dll
0x00007ffe623e0000 - 0x00007ffe623f6000 	C:\Program Files\Java\microsoft-jdk-17.0.10-windows-x64\jdk-17.0.10+7\bin\nio.dll
0x00007ffe5e870000 - 0x00007ffe5e888000 	C:\Program Files\Java\microsoft-jdk-17.0.10-windows-x64\jdk-17.0.10+7\bin\zip.dll
0x0000000069ac0000 - 0x0000000069ae4000 	C:\Users\Andriary\AppData\Local\Temp\jansi-2.4.0-5fb6fe8ae837a9e-jansi.dll
0x00007ffe6b820000 - 0x00007ffe6b830000 	C:\Program Files\Java\microsoft-jdk-17.0.10-windows-x64\jdk-17.0.10+7\bin\verify.dll

dbghelp: loaded successfully - version: 4.0.5 - missing functions: none
symbol engine: initialized successfully - sym options: 0x614 - pdb path: .;C:\Program Files\Java\microsoft-jdk-17.0.10-windows-x64\jdk-17.0.10+7\bin;C:\Windows\SYSTEM32;C:\Windows\WinSxS\amd64_microsoft.windows.common-controls_6595b64144ccf1df_6.0.19041.3636_none_60b6a03d71f818d5;C:\Program Files\Java\microsoft-jdk-17.0.10-windows-x64\jdk-17.0.10+7\bin\server;C:\Users\Andriary\AppData\Local\Temp

VM Arguments:
jvm_args: -Dmaven.multiModuleProjectDirectory=D:\app_sms_833\app_sms_back 
java_command: org.apache.maven.wrapper.MavenWrapperMain quarkus:dev
java_class_path (initial): D:\app_sms_833\app_sms_back\.mvn\wrapper\maven-wrapper.jar
Launcher Type: SUN_STANDARD

[Global flags]
     intx CICompilerCount                          = 4                                         {product} {ergonomic}
     uint ConcGCThreads                            = 2                                         {product} {ergonomic}
     uint G1ConcRefinementThreads                  = 8                                         {product} {ergonomic}
   size_t G1HeapRegionSize                         = 2097152                                   {product} {ergonomic}
    uintx GCDrainStackTargetSize                   = 64                                        {product} {ergonomic}
   size_t InitialHeapSize                          = 268435456                                 {product} {ergonomic}
   size_t MarkStackSize                            = 4194304                                   {product} {ergonomic}
   size_t MaxHeapSize                              = 4276092928                                {product} {ergonomic}
   size_t MaxNewSize                               = 2564816896                                {product} {ergonomic}
   size_t MinHeapDeltaBytes                        = 2097152                                   {product} {ergonomic}
   size_t MinHeapSize                              = 8388608                                   {product} {ergonomic}
    uintx NonNMethodCodeHeapSize                   = 5839372                                {pd product} {ergonomic}
    uintx NonProfiledCodeHeapSize                  = 122909434                              {pd product} {ergonomic}
    uintx ProfiledCodeHeapSize                     = 122909434                              {pd product} {ergonomic}
    uintx ReservedCodeCacheSize                    = 251658240                              {pd product} {ergonomic}
     bool SegmentedCodeCache                       = true                                      {product} {ergonomic}
   size_t SoftMaxHeapSize                          = 4276092928                             {manageable} {ergonomic}
     bool UseCompressedClassPointers               = true                           {product lp64_product} {ergonomic}
     bool UseCompressedOops                        = true                           {product lp64_product} {ergonomic}
     bool UseG1GC                                  = true                                      {product} {ergonomic}
     bool UseLargePagesIndividualAllocation        = false                                  {pd product} {ergonomic}

Logging:
Log output configuration:
 #0: stdout all=warning uptime,level,tags
 #1: stderr all=off uptime,level,tags

Environment Variables:
JAVA_HOME=C:\Program Files\Java\microsoft-jdk-17.0.10-windows-x64\jdk-17.0.10+7
PATH=C:\Program Files\Common Files\Oracle\Java\javapath;C:\Program Files (x86)\Common Files\Oracle\Java\javapath;C:\Windows\system32;C:\Windows;C:\Windows\System32\Wbem;C:\Windows\System32\WindowsPowerShell\v1.0\;C:\Windows\System32\OpenSSH\;C:\Program Files\Git\cmd;C:\Program Files\nodejs\;C:\Program Files\Java\microsoft-jdk-17.0.10-windows-x64\jdk-17.0.10+7;C:\Program Files\Java\microsoft-jdk-17.0.10-windows-x64\jdk-17.0.10+7\bin;C:\Users\Andriary\AppData\Local\Microsoft\WindowsApps;C:\Users\Andriary\AppData\Roaming\npm;C:\Users\Andriary\AppData\Local\Programs\Microsoft VS Code\bin;C:\Program Files\JetBrains\IntelliJ IDEA 2023.3.3\bin;;C:\Program Files\Java\microsoft-jdk-17.0.10-windows-x64\jdk-17.0.10+7;C:\Program Files\Java\microsoft-jdk-17.0.10-windows-x64\jdk-17.0.10+7\bin;C:\Program Files (x86)\Common Files\Oracle\Java\javapath;;C:\Program Files\JetBrains\IntelliJ IDEA Community Edition 2023.3.4\bin;
USERNAME=Andriary
OS=Windows_NT
PROCESSOR_IDENTIFIER=Intel64 Family 6 Model 158 Stepping 9, GenuineIntel
TMP=C:\Users\Andriary\AppData\Local\Temp
TEMP=C:\Users\Andriary\AppData\Local\Temp



Periodic native trim disabled


---------------  S Y S T E M  ---------------

OS:
 Windows 10 , 64 bit Build 19041 (10.0.19041.3636)
OS uptime: 0 days 22:36 hours

CPU: total 8 (initial active 8) (4 cores per cpu, 2 threads per core) family 6 model 158 stepping 9 microcode 0xb4, cx8, cmov, fxsr, ht, mmx, 3dnowpref, sse, sse2, sse3, ssse3, sse4.1, sse4.2, popcnt, lzcnt, tsc, tscinvbit, avx, avx2, aes, erms, clmul, bmi1, bmi2, adx, fma, vzeroupper, clflush, clflushopt
Processor Information for all 8 processors :
  Max Mhz: 2801, Current Mhz: 2801, Mhz Limit: 2801

Memory: 4k page, system-wide physical 16304M (10074M free)
TotalPageFile size 19248M (AvailPageFile size 9056M)
current process WorkingSet (physical memory assigned to process): 135M, peak: 135M
current process commit charge ("private bytes"): 389M, peak: 392M

vm_info: OpenJDK 64-Bit Server VM (17.0.10+7-LTS) for windows-amd64 JRE (17.0.10+7-LTS), built on Jan 10 2024 19:47:12 by "MicrosoftCorporation" with MS VC++ 16.10 / 16.11 (VS2019)

END.
