#
# A fatal error has been detected by the Java Runtime Environment:
#
#  EXCEPTION_ACCESS_VIOLATION (0xc0000005) at pc=0x00007fffcba0dd30, pid=7704, tid=13596
#
# JRE version: OpenJDK Runtime Environment Microsoft-8902769 (17.0.10+7) (build 17.0.10+7-LTS)
# Java VM: OpenJDK 64-Bit Server VM Microsoft-8902769 (17.0.10+7-LTS, mixed mode, sharing, tiered, compressed oops, compressed class ptrs, g1 gc, windows-amd64)
# Problematic frame:
# V  [jvm.dll+0x36dd30]
#
# No core dump will be written. Minidumps are not enabled by default on client versions of Windows
#
# If you would like to submit a bug report, please visit:
#   https://github.com/microsoft/openjdk/issues
#

---------------  S U M M A R Y ------------

Command Line: -Dmaven.multiModuleProjectDirectory=D:\app_sms_833\app_sms_back org.apache.maven.wrapper.MavenWrapperMain quarkus:dev

Host: Intel(R) Core(TM) i7-7700HQ CPU @ 2.80GHz, 8 cores, 15G,  Windows 10 , 64 bit Build 19041 (10.0.19041.3636)
Time: Wed Apr 17 09:40:49 2024 Afrique de l, 64 bit Build 19041 (10.0.19041.3636) elapsed time: 5.518684 seconds (0d 0h 0m 5s)

---------------  T H R E A D  ---------------

Current thread (0x00000236d02a16e0):  JavaThread "C2 CompilerThread1" daemon [_thread_in_native, id=13596, stack(0x000000bf7df00000,0x000000bf7e000000)]


Current CompileTask:
C2:   5518 3871       4       org.codehaus.plexus.util.xml.Xpp3DomBuilder::build (413 bytes)

Stack: [0x000000bf7df00000,0x000000bf7e000000],  sp=0x000000bf7dffb660,  free space=1005k
Native frames: (J=compiled Java code, j=interpreted, Vv=VM code, C=native code)
V  [jvm.dll+0x36dd30]
V  [jvm.dll+0x369207]
V  [jvm.dll+0x1bd611]
V  [jvm.dll+0x1bd265]
V  [jvm.dll+0x21a559]
V  [jvm.dll+0x219821]
V  [jvm.dll+0x1a5176]
V  [jvm.dll+0x22957e]
V  [jvm.dll+0x22774c]
V  [jvm.dll+0x7ec5d7]
V  [jvm.dll+0x7e69da]
V  [jvm.dll+0x67e715]
C  [ucrtbase.dll+0x21bb2]
C  [KERNEL32.DLL+0x17344]
C  [ntdll.dll+0x526b1]


siginfo: EXCEPTION_ACCESS_VIOLATION (0xc0000005), reading address 0x00007fffc8226e48


Registers:
RAX=0x0000000000000000, RBX=0x000000bf7dffb6b0, RCX=0x0000000000000000, RDX=0x00007fffc8226e48
RSP=0x000000bf7dffb660, RBP=0x000000bf7dffb8b0, RSI=0x00007fffcc226e48, RDI=0x0000000000000006
R8 =0x00000236d295dd90, R9 =0x000002368a594470, R10=0x0000000000000001, R11=0x0000000000001092
R12=0x00000000000b1a80, R13=0x000000bf7dffbc40, R14=0x0000000000000017, R15=0x00007fffcc226e48
RIP=0x00007fffcba0dd30, EFLAGS=0x0000000000010246


Register to memory mapping:

RIP=0x00007fffcba0dd30 jvm.dll
RAX=0x0 is NULL
RBX=0x000000bf7dffb6b0 is pointing into the stack for thread: 0x00000236d02a16e0
RCX=0x0 is NULL
RDX=0x00007fffc8226e48 is an unknown value
RSP=0x000000bf7dffb660 is pointing into the stack for thread: 0x00000236d02a16e0
RBP=0x000000bf7dffb8b0 is pointing into the stack for thread: 0x00000236d02a16e0
RSI=0x00007fffcc226e48 jvm.dll
RDI=0x0000000000000006 is an unknown value
R8 =0x00000236d295dd90 points into unknown readable memory: 0x0000001200000006 | 06 00 00 00 12 00 00 00
R9 =0x000002368a594470 points into unknown readable memory: 0x7ebdffcbf67df77f | 7f f7 7d f6 cb ff bd 7e
R10=0x0000000000000001 is an unknown value
R11=0x0000000000001092 is an unknown value
R12=0x00000000000b1a80 is an unknown value
R13=0x000000bf7dffbc40 is pointing into the stack for thread: 0x00000236d02a16e0
R14=0x0000000000000017 is an unknown value
R15=0x00007fffcc226e48 jvm.dll


Top of Stack: (sp=0x000000bf7dffb660)
0x000000bf7dffb660:   0000000000000000 0000000000000000
0x000000bf7dffb670:   0000000000000000 0000000000000000
0x000000bf7dffb680:   0000000000007530 00007fffcba09207
0x000000bf7dffb690:   ffffffffffffffff 00000000000003d7
0x000000bf7dffb6a0:   0000000000030003 0000000000000000
0x000000bf7dffb6b0:   0000000000000000 0000000400000000
0x000000bf7dffb6c0:   0000001200000000 00007fffc8226e48
0x000000bf7dffb6d0:   00000236d2ce87d8 00000236d295dd90
0x000000bf7dffb6e0:   00000000000003d7 ffffffffffffffff
0x000000bf7dffb6f0:   0000000000000000 00007fffcb85d611
0x000000bf7dffb700:   0000000000007530 0000000000000000
0x000000bf7dffb710:   00000236d2466300 00007fffcbfd3fa8
0x000000bf7dffb720:   0000000000000000 0000000300001092
0x000000bf7dffb730:   0000001200000011 00000236d0103020
0x000000bf7dffb740:   00000236d00bd9b0 00000236d29e91b0
0x000000bf7dffb750:   0000000000000000 0000000000000000
0x000000bf7dffb760:   0000000000000000 0000000000000000
0x000000bf7dffb770:   0000000000000000 00007fffcbfd3fb8
0x000000bf7dffb780:   0000000000000000 0000000000000000
0x000000bf7dffb790:   0000000000000000 00007fffcbfd3fb8
0x000000bf7dffb7a0:   0000000000000000 0000000000000000
0x000000bf7dffb7b0:   000002368a378760 00000000000003d8
0x000000bf7dffb7c0:   000002368a378770 0000000000000000
0x000000bf7dffb7d0:   000002368a378b48 000000bf7dffb8f0
0x000000bf7dffb7e0:   000000bf7dffbc40 00007fffcb85d265
0x000000bf7dffb7f0:   0000023600007530 ffffffffffffffff
0x000000bf7dffb800:   000000bf7dffbd20 0000000000000000
0x000000bf7dffb810:   0000000000000000 0000000000000000
0x000000bf7dffb820:   0000000000000006 000002368a378760
0x000000bf7dffb830:   000002368a593ce0 000002368a5947f8
0x000000bf7dffb840:   000002368a59bcc8 0000000000410828
0x000000bf7dffb850:   0000000000000000 0000000000000000 

Instructions: (pc=0x00007fffcba0dd30)
0x00007fffcba0dc30:   48 8b a8 80 00 00 00 48 8b 8d d0 08 00 00 48 85
0x00007fffcba0dc40:   c9 75 0c e8 e8 0b 00 00 48 8b 8d d0 08 00 00 48
0x00007fffcba0dc50:   8b 01 0f 57 c0 48 89 85 d0 08 00 00 0f 11 01 0f
0x00007fffcba0dc60:   11 41 10 41 0f 10 06 0f 11 01 41 0f 10 4e 10 0f
0x00007fffcba0dc70:   11 49 10 48 8b 43 08 48 89 0c 06 ff c7 ba 50 00
0x00007fffcba0dc80:   00 00 3b bb 90 00 00 00 0f 82 62 ff ff ff 4c 8b
0x00007fffcba0dc90:   74 24 60 4c 8b 6c 24 58 4c 8b 64 24 50 48 8b c3
0x00007fffcba0dca0:   48 83 c4 20 41 5f 5f 5e 5d 5b c3 cc cc cc cc cc
0x00007fffcba0dcb0:   40 53 48 83 ec 20 8b 51 0c 48 8b d9 83 fa 04 73
0x00007fffcba0dcc0:   2a 4c 8b 59 18 66 66 66 0f 1f 84 00 00 00 00 00
0x00007fffcba0dcd0:   44 8b d2 44 8d 4a 01 4b 83 3c d3 00 0f 85 8f 00
0x00007fffcba0dce0:   00 00 41 8b d1 41 83 f9 04 72 e5 48 89 74 24 30
0x00007fffcba0dcf0:   48 89 7c 24 38 8b 79 10 3b 79 14 73 62 48 8d 35
0x00007fffcba0dd00:   44 91 81 00 0f 1f 40 00 0f 1f 84 00 00 00 00 00
0x00007fffcba0dd10:   48 8b 43 20 8b cf 48 8b 14 c8 48 3b d6 74 39 33
0x00007fffcba0dd20:   c0 48 89 53 18 33 c9 66 0f 1f 84 00 00 00 00 00
0x00007fffcba0dd30:   48 83 3c 11 00 44 8d 48 01 75 6f 48 83 c1 08 41
0x00007fffcba0dd40:   8b c1 41 83 f9 04 72 e8 48 8b 4b 28 48 85 c9 74
0x00007fffcba0dd50:   07 8b d7 e8 58 01 00 00 ff c7 3b 7b 14 72 b1 48
0x00007fffcba0dd60:   8b 74 24 30 33 c0 48 8b 7c 24 38 48 83 c4 20 5b
0x00007fffcba0dd70:   c3 8b 41 10 44 8d 04 82 41 c1 e0 06 41 81 c0 00
0x00007fffcba0dd80:   ff ff ff 44 89 41 08 4b 8b 14 d3 48 0f bc c2 44
0x00007fffcba0dd90:   89 49 0c 8b c8 48 d3 ea 48 ff ca 41 03 c0 48 89
0x00007fffcba0dda0:   13 89 43 08 48 83 c4 20 5b c3 48 8b 74 24 30 44
0x00007fffcba0ddb0:   8d 04 b8 8b c8 8d 47 01 48 8b 7c 24 38 41 c1 e0
0x00007fffcba0ddc0:   06 44 89 43 08 48 8b 14 ca 89 43 10 48 0f bc c2
0x00007fffcba0ddd0:   44 89 4b 0c 8b c8 48 d3 ea 48 ff ca 41 03 c0 48
0x00007fffcba0dde0:   89 13 89 43 08 48 83 c4 20 5b c3 cc cc cc cc cc
0x00007fffcba0ddf0:   40 53 48 83 ec 20 65 48 8b 04 25 58 00 00 00 8b
0x00007fffcba0de00:   0d b3 81 85 00 48 8b 1c c8 b8 50 00 00 00 80 3c
0x00007fffcba0de10:   18 00 75 05 e8 af 4d 52 00 b8 20 00 00 00 48 8b
0x00007fffcba0de20:   04 18 48 8b 88 e0 04 00 00 48 8b 99 80 00 00 00 


Stack slot to memory mapping:
stack at sp + 0 slots: 0x0 is NULL
stack at sp + 1 slots: 0x0 is NULL
stack at sp + 2 slots: 0x0 is NULL
stack at sp + 3 slots: 0x0 is NULL
stack at sp + 4 slots: 0x0000000000007530 is an unknown value
stack at sp + 5 slots: 0x00007fffcba09207 jvm.dll
stack at sp + 6 slots: 0xffffffffffffffff is an unknown value
stack at sp + 7 slots: 0x00000000000003d7 is an unknown value


---------------  P R O C E S S  ---------------

Threads class SMR info:
_java_thread_list=0x00000236d0261e00, length=14, elements={
0x00000236e71bef70, 0x000002368a117ae0, 0x000002368a118960, 0x000002368a12bde0,
0x000002368a1308c0, 0x000002368a133690, 0x000002368a134050, 0x000002368a135e00,
0x000002368a1376e0, 0x000002368a13a0f0, 0x000002368a3fdde0, 0x000002368a4039d0,
0x00000236d02a16e0, 0x00000236d01ddd10
}

Java Threads: ( => current thread )
  0x00000236e71bef70 JavaThread "main" [_thread_in_Java, id=1388, stack(0x000000bf7cc00000,0x000000bf7cd00000)]
  0x000002368a117ae0 JavaThread "Reference Handler" daemon [_thread_blocked, id=9424, stack(0x000000bf7d300000,0x000000bf7d400000)]
  0x000002368a118960 JavaThread "Finalizer" daemon [_thread_blocked, id=3868, stack(0x000000bf7d400000,0x000000bf7d500000)]
  0x000002368a12bde0 JavaThread "Signal Dispatcher" daemon [_thread_blocked, id=14628, stack(0x000000bf7d500000,0x000000bf7d600000)]
  0x000002368a1308c0 JavaThread "Attach Listener" daemon [_thread_blocked, id=14956, stack(0x000000bf7d600000,0x000000bf7d700000)]
  0x000002368a133690 JavaThread "Service Thread" daemon [_thread_blocked, id=5124, stack(0x000000bf7d700000,0x000000bf7d800000)]
  0x000002368a134050 JavaThread "Monitor Deflation Thread" daemon [_thread_blocked, id=13756, stack(0x000000bf7d800000,0x000000bf7d900000)]
  0x000002368a135e00 JavaThread "C2 CompilerThread0" daemon [_thread_in_native, id=12432, stack(0x000000bf7d900000,0x000000bf7da00000)]
  0x000002368a1376e0 JavaThread "C1 CompilerThread0" daemon [_thread_in_native, id=276, stack(0x000000bf7da00000,0x000000bf7db00000)]
  0x000002368a13a0f0 JavaThread "Sweeper thread" daemon [_thread_blocked, id=1584, stack(0x000000bf7db00000,0x000000bf7dc00000)]
  0x000002368a3fdde0 JavaThread "Notification Thread" daemon [_thread_blocked, id=7608, stack(0x000000bf7dc00000,0x000000bf7dd00000)]
  0x000002368a4039d0 JavaThread "Common-Cleaner" daemon [_thread_blocked, id=2092, stack(0x000000bf7de00000,0x000000bf7df00000)]
=>0x00000236d02a16e0 JavaThread "C2 CompilerThread1" daemon [_thread_in_native, id=13596, stack(0x000000bf7df00000,0x000000bf7e000000)]
  0x00000236d01ddd10 JavaThread "C2 CompilerThread2" daemon [_thread_in_native, id=13352, stack(0x000000bf7e000000,0x000000bf7e100000)]

Other Threads:
  0x000002368a1103f0 VMThread "VM Thread" [stack: 0x000000bf7d200000,0x000000bf7d300000] [id=13252]
  0x000002368a4002d0 WatcherThread [stack: 0x000000bf7dd00000,0x000000bf7de00000] [id=11056]
  0x00000236e72294b0 GCTaskThread "GC Thread#0" [stack: 0x000000bf7cd00000,0x000000bf7ce00000] [id=14588]
  0x00000236d00080a0 GCTaskThread "GC Thread#1" [stack: 0x000000bf7e100000,0x000000bf7e200000] [id=14736]
  0x000002368a50d700 GCTaskThread "GC Thread#2" [stack: 0x000000bf7e200000,0x000000bf7e300000] [id=9608]
  0x000002368afcec50 GCTaskThread "GC Thread#3" [stack: 0x000000bf7e300000,0x000000bf7e400000] [id=3460]
  0x000002368af0b300 GCTaskThread "GC Thread#4" [stack: 0x000000bf7e400000,0x000000bf7e500000] [id=7820]
  0x000002368af0b5c0 GCTaskThread "GC Thread#5" [stack: 0x000000bf7e500000,0x000000bf7e600000] [id=3836]
  0x00000236d02714b0 GCTaskThread "GC Thread#6" [stack: 0x000000bf7e600000,0x000000bf7e700000] [id=6232]
  0x00000236d0271980 GCTaskThread "GC Thread#7" [stack: 0x000000bf7e700000,0x000000bf7e800000] [id=1588]
  0x00000236e723a2d0 ConcurrentGCThread "G1 Main Marker" [stack: 0x000000bf7ce00000,0x000000bf7cf00000] [id=1380]
  0x00000236e723acf0 ConcurrentGCThread "G1 Conc#0" [stack: 0x000000bf7cf00000,0x000000bf7d000000] [id=5832]
  0x00000236e727d4b0 ConcurrentGCThread "G1 Refine#0" [stack: 0x000000bf7d000000,0x000000bf7d100000] [id=7784]
  0x00000236e727dee0 ConcurrentGCThread "G1 Service" [stack: 0x000000bf7d100000,0x000000bf7d200000] [id=13668]

Threads with active compile tasks:
C2 CompilerThread0     5606 3892       4       org.codehaus.plexus.interpolation.PrefixedValueSourceWrapper::getValue (39 bytes)
C1 CompilerThread0     5606 4079       3       org.eclipse.aether.util.graph.transformer.ConflictResolver$State::deriveOptional (101 bytes)
C2 CompilerThread1     5606 3871       4       org.codehaus.plexus.util.xml.Xpp3DomBuilder::build (413 bytes)
C2 CompilerThread2     5606 3901       4       org.codehaus.plexus.interpolation.AbstractDelegatingValueSource::getValue (11 bytes)

VM state: not at safepoint (normal execution)

VM Mutex/Monitor currently owned by a thread: None

Heap address: 0x0000000701200000, size: 4078 MB, Compressed Oops mode: Zero based, Oop shift amount: 3

CDS archive(s) mapped at: [0x000002368b000000-0x000002368bbb0000-0x000002368bbb0000), size 12255232, SharedBaseAddress: 0x000002368b000000, ArchiveRelocationMode: 1.
Compressed class space mapped at: 0x000002368c000000-0x00000236cc000000, reserved size: 1073741824
Narrow klass base: 0x000002368b000000, Narrow klass shift: 0, Narrow klass range: 0x100000000

GC Precious Log:
 CPUs: 8 total, 8 available
 Memory: 16304M
 Large Page Support: Disabled
 NUMA Support: Disabled
 Compressed Oops: Enabled (Zero based)
 Heap Region Size: 2M
 Heap Min Capacity: 8M
 Heap Initial Capacity: 256M
 Heap Max Capacity: 4078M
 Pre-touch: Disabled
 Parallel Workers: 8
 Concurrent Workers: 2
 Concurrent Refinement Workers: 8
 Periodic GC: Disabled

Heap:
 garbage-first heap   total 262144K, used 144352K [0x0000000701200000, 0x0000000800000000)
  region size 2048K, 70 young (143360K), 1 survivors (2048K)
 Metaspace       used 16044K, committed 16256K, reserved 1114112K
  class space    used 1835K, committed 1920K, reserved 1048576K

Heap Regions: E=young(eden), S=young(survivor), O=old, HS=humongous(starts), HC=humongous(continues), CS=collection set, F=free, OA=open archive, CA=closed archive, TAMS=top-at-mark-start (previous, next)
|   0|0x0000000701200000, 0x0000000701400000, 0x0000000701400000|100%| O|  |TAMS 0x0000000701200000, 0x0000000701200000| Untracked 
|   1|0x0000000701400000, 0x000000070158d800, 0x0000000701600000| 77%| O|  |TAMS 0x0000000701400000, 0x0000000701400000| Untracked 
|   2|0x0000000701600000, 0x0000000701600000, 0x0000000701800000|  0%| F|  |TAMS 0x0000000701600000, 0x0000000701600000| Untracked 
|   3|0x0000000701800000, 0x0000000701800000, 0x0000000701a00000|  0%| F|  |TAMS 0x0000000701800000, 0x0000000701800000| Untracked 
|   4|0x0000000701a00000, 0x0000000701a00000, 0x0000000701c00000|  0%| F|  |TAMS 0x0000000701a00000, 0x0000000701a00000| Untracked 
|   5|0x0000000701c00000, 0x0000000701c00000, 0x0000000701e00000|  0%| F|  |TAMS 0x0000000701c00000, 0x0000000701c00000| Untracked 
|   6|0x0000000701e00000, 0x0000000701e00000, 0x0000000702000000|  0%| F|  |TAMS 0x0000000701e00000, 0x0000000701e00000| Untracked 
|   7|0x0000000702000000, 0x0000000702000000, 0x0000000702200000|  0%| F|  |TAMS 0x0000000702000000, 0x0000000702000000| Untracked 
|   8|0x0000000702200000, 0x0000000702200000, 0x0000000702400000|  0%| F|  |TAMS 0x0000000702200000, 0x0000000702200000| Untracked 
|   9|0x0000000702400000, 0x0000000702400000, 0x0000000702600000|  0%| F|  |TAMS 0x0000000702400000, 0x0000000702400000| Untracked 
|  10|0x0000000702600000, 0x0000000702600000, 0x0000000702800000|  0%| F|  |TAMS 0x0000000702600000, 0x0000000702600000| Untracked 
|  11|0x0000000702800000, 0x0000000702800000, 0x0000000702a00000|  0%| F|  |TAMS 0x0000000702800000, 0x0000000702800000| Untracked 
|  12|0x0000000702a00000, 0x0000000702a00000, 0x0000000702c00000|  0%| F|  |TAMS 0x0000000702a00000, 0x0000000702a00000| Untracked 
|  13|0x0000000702c00000, 0x0000000702c00000, 0x0000000702e00000|  0%| F|  |TAMS 0x0000000702c00000, 0x0000000702c00000| Untracked 
|  14|0x0000000702e00000, 0x0000000702e00000, 0x0000000703000000|  0%| F|  |TAMS 0x0000000702e00000, 0x0000000702e00000| Untracked 
|  15|0x0000000703000000, 0x0000000703000000, 0x0000000703200000|  0%| F|  |TAMS 0x0000000703000000, 0x0000000703000000| Untracked 
|  16|0x0000000703200000, 0x0000000703200000, 0x0000000703400000|  0%| F|  |TAMS 0x0000000703200000, 0x0000000703200000| Untracked 
|  17|0x0000000703400000, 0x0000000703400000, 0x0000000703600000|  0%| F|  |TAMS 0x0000000703400000, 0x0000000703400000| Untracked 
|  18|0x0000000703600000, 0x0000000703600000, 0x0000000703800000|  0%| F|  |TAMS 0x0000000703600000, 0x0000000703600000| Untracked 
|  19|0x0000000703800000, 0x0000000703800000, 0x0000000703a00000|  0%| F|  |TAMS 0x0000000703800000, 0x0000000703800000| Untracked 
|  20|0x0000000703a00000, 0x0000000703a00000, 0x0000000703c00000|  0%| F|  |TAMS 0x0000000703a00000, 0x0000000703a00000| Untracked 
|  21|0x0000000703c00000, 0x0000000703c00000, 0x0000000703e00000|  0%| F|  |TAMS 0x0000000703c00000, 0x0000000703c00000| Untracked 
|  22|0x0000000703e00000, 0x0000000703e00000, 0x0000000704000000|  0%| F|  |TAMS 0x0000000703e00000, 0x0000000703e00000| Untracked 
|  23|0x0000000704000000, 0x0000000704000000, 0x0000000704200000|  0%| F|  |TAMS 0x0000000704000000, 0x0000000704000000| Untracked 
|  24|0x0000000704200000, 0x0000000704200000, 0x0000000704400000|  0%| F|  |TAMS 0x0000000704200000, 0x0000000704200000| Untracked 
|  25|0x0000000704400000, 0x0000000704400000, 0x0000000704600000|  0%| F|  |TAMS 0x0000000704400000, 0x0000000704400000| Untracked 
|  26|0x0000000704600000, 0x0000000704600000, 0x0000000704800000|  0%| F|  |TAMS 0x0000000704600000, 0x0000000704600000| Untracked 
|  27|0x0000000704800000, 0x0000000704800000, 0x0000000704a00000|  0%| F|  |TAMS 0x0000000704800000, 0x0000000704800000| Untracked 
|  28|0x0000000704a00000, 0x0000000704a00000, 0x0000000704c00000|  0%| F|  |TAMS 0x0000000704a00000, 0x0000000704a00000| Untracked 
|  29|0x0000000704c00000, 0x0000000704c00000, 0x0000000704e00000|  0%| F|  |TAMS 0x0000000704c00000, 0x0000000704c00000| Untracked 
|  30|0x0000000704e00000, 0x0000000704e00000, 0x0000000705000000|  0%| F|  |TAMS 0x0000000704e00000, 0x0000000704e00000| Untracked 
|  31|0x0000000705000000, 0x0000000705000000, 0x0000000705200000|  0%| F|  |TAMS 0x0000000705000000, 0x0000000705000000| Untracked 
|  32|0x0000000705200000, 0x0000000705200000, 0x0000000705400000|  0%| F|  |TAMS 0x0000000705200000, 0x0000000705200000| Untracked 
|  33|0x0000000705400000, 0x0000000705400000, 0x0000000705600000|  0%| F|  |TAMS 0x0000000705400000, 0x0000000705400000| Untracked 
|  34|0x0000000705600000, 0x0000000705600000, 0x0000000705800000|  0%| F|  |TAMS 0x0000000705600000, 0x0000000705600000| Untracked 
|  35|0x0000000705800000, 0x0000000705800000, 0x0000000705a00000|  0%| F|  |TAMS 0x0000000705800000, 0x0000000705800000| Untracked 
|  36|0x0000000705a00000, 0x0000000705a00000, 0x0000000705c00000|  0%| F|  |TAMS 0x0000000705a00000, 0x0000000705a00000| Untracked 
|  37|0x0000000705c00000, 0x0000000705c00000, 0x0000000705e00000|  0%| F|  |TAMS 0x0000000705c00000, 0x0000000705c00000| Untracked 
|  38|0x0000000705e00000, 0x0000000705e00000, 0x0000000706000000|  0%| F|  |TAMS 0x0000000705e00000, 0x0000000705e00000| Untracked 
|  39|0x0000000706000000, 0x0000000706000000, 0x0000000706200000|  0%| F|  |TAMS 0x0000000706000000, 0x0000000706000000| Untracked 
|  40|0x0000000706200000, 0x0000000706200000, 0x0000000706400000|  0%| F|  |TAMS 0x0000000706200000, 0x0000000706200000| Untracked 
|  41|0x0000000706400000, 0x0000000706400000, 0x0000000706600000|  0%| F|  |TAMS 0x0000000706400000, 0x0000000706400000| Untracked 
|  42|0x0000000706600000, 0x0000000706600000, 0x0000000706800000|  0%| F|  |TAMS 0x0000000706600000, 0x0000000706600000| Untracked 
|  43|0x0000000706800000, 0x0000000706800000, 0x0000000706a00000|  0%| F|  |TAMS 0x0000000706800000, 0x0000000706800000| Untracked 
|  44|0x0000000706a00000, 0x0000000706a00000, 0x0000000706c00000|  0%| F|  |TAMS 0x0000000706a00000, 0x0000000706a00000| Untracked 
|  45|0x0000000706c00000, 0x0000000706c00000, 0x0000000706e00000|  0%| F|  |TAMS 0x0000000706c00000, 0x0000000706c00000| Untracked 
|  46|0x0000000706e00000, 0x0000000706e00000, 0x0000000707000000|  0%| F|  |TAMS 0x0000000706e00000, 0x0000000706e00000| Untracked 
|  47|0x0000000707000000, 0x0000000707000000, 0x0000000707200000|  0%| F|  |TAMS 0x0000000707000000, 0x0000000707000000| Untracked 
|  48|0x0000000707200000, 0x0000000707200000, 0x0000000707400000|  0%| F|  |TAMS 0x0000000707200000, 0x0000000707200000| Untracked 
|  49|0x0000000707400000, 0x0000000707400000, 0x0000000707600000|  0%| F|  |TAMS 0x0000000707400000, 0x0000000707400000| Untracked 
|  50|0x0000000707600000, 0x0000000707600000, 0x0000000707800000|  0%| F|  |TAMS 0x0000000707600000, 0x0000000707600000| Untracked 
|  51|0x0000000707800000, 0x0000000707800000, 0x0000000707a00000|  0%| F|  |TAMS 0x0000000707800000, 0x0000000707800000| Untracked 
|  52|0x0000000707a00000, 0x0000000707a00000, 0x0000000707c00000|  0%| F|  |TAMS 0x0000000707a00000, 0x0000000707a00000| Untracked 
|  53|0x0000000707c00000, 0x0000000707c00000, 0x0000000707e00000|  0%| F|  |TAMS 0x0000000707c00000, 0x0000000707c00000| Untracked 
|  54|0x0000000707e00000, 0x0000000707e00000, 0x0000000708000000|  0%| F|  |TAMS 0x0000000707e00000, 0x0000000707e00000| Untracked 
|  55|0x0000000708000000, 0x0000000708000000, 0x0000000708200000|  0%| F|  |TAMS 0x0000000708000000, 0x0000000708000000| Untracked 
|  56|0x0000000708200000, 0x0000000708200000, 0x0000000708400000|  0%| F|  |TAMS 0x0000000708200000, 0x0000000708200000| Untracked 
|  57|0x0000000708400000, 0x0000000708400000, 0x0000000708600000|  0%| F|  |TAMS 0x0000000708400000, 0x0000000708400000| Untracked 
|  58|0x0000000708600000, 0x0000000708800000, 0x0000000708800000|100%| E|  |TAMS 0x0000000708600000, 0x0000000708600000| Complete 
|  59|0x0000000708800000, 0x0000000708a00000, 0x0000000708a00000|100%| E|CS|TAMS 0x0000000708800000, 0x0000000708800000| Complete 
|  60|0x0000000708a00000, 0x0000000708c00000, 0x0000000708c00000|100%| E|CS|TAMS 0x0000000708a00000, 0x0000000708a00000| Complete 
|  61|0x0000000708c00000, 0x0000000708e00000, 0x0000000708e00000|100%| E|CS|TAMS 0x0000000708c00000, 0x0000000708c00000| Complete 
|  62|0x0000000708e00000, 0x0000000709000000, 0x0000000709000000|100%| E|CS|TAMS 0x0000000708e00000, 0x0000000708e00000| Complete 
|  63|0x0000000709000000, 0x0000000709200000, 0x0000000709200000|100%| E|CS|TAMS 0x0000000709000000, 0x0000000709000000| Complete 
|  64|0x0000000709200000, 0x0000000709400000, 0x0000000709400000|100%| E|CS|TAMS 0x0000000709200000, 0x0000000709200000| Complete 
|  65|0x0000000709400000, 0x0000000709600000, 0x0000000709600000|100%| E|CS|TAMS 0x0000000709400000, 0x0000000709400000| Complete 
|  66|0x0000000709600000, 0x0000000709800000, 0x0000000709800000|100%| E|CS|TAMS 0x0000000709600000, 0x0000000709600000| Complete 
|  67|0x0000000709800000, 0x0000000709a00000, 0x0000000709a00000|100%| E|CS|TAMS 0x0000000709800000, 0x0000000709800000| Complete 
|  68|0x0000000709a00000, 0x0000000709c00000, 0x0000000709c00000|100%| E|CS|TAMS 0x0000000709a00000, 0x0000000709a00000| Complete 
|  69|0x0000000709c00000, 0x0000000709e00000, 0x0000000709e00000|100%| E|CS|TAMS 0x0000000709c00000, 0x0000000709c00000| Complete 
|  70|0x0000000709e00000, 0x000000070a000000, 0x000000070a000000|100%| E|CS|TAMS 0x0000000709e00000, 0x0000000709e00000| Complete 
|  71|0x000000070a000000, 0x000000070a200000, 0x000000070a200000|100%| E|CS|TAMS 0x000000070a000000, 0x000000070a000000| Complete 
|  72|0x000000070a200000, 0x000000070a400000, 0x000000070a400000|100%| E|CS|TAMS 0x000000070a200000, 0x000000070a200000| Complete 
|  73|0x000000070a400000, 0x000000070a600000, 0x000000070a600000|100%| E|CS|TAMS 0x000000070a400000, 0x000000070a400000| Complete 
|  74|0x000000070a600000, 0x000000070a800000, 0x000000070a800000|100%| E|CS|TAMS 0x000000070a600000, 0x000000070a600000| Complete 
|  75|0x000000070a800000, 0x000000070aa00000, 0x000000070aa00000|100%| E|CS|TAMS 0x000000070a800000, 0x000000070a800000| Complete 
|  76|0x000000070aa00000, 0x000000070ac00000, 0x000000070ac00000|100%| E|CS|TAMS 0x000000070aa00000, 0x000000070aa00000| Complete 
|  77|0x000000070ac00000, 0x000000070ae00000, 0x000000070ae00000|100%| E|CS|TAMS 0x000000070ac00000, 0x000000070ac00000| Complete 
|  78|0x000000070ae00000, 0x000000070b000000, 0x000000070b000000|100%| E|CS|TAMS 0x000000070ae00000, 0x000000070ae00000| Complete 
|  79|0x000000070b000000, 0x000000070b200000, 0x000000070b200000|100%| E|CS|TAMS 0x000000070b000000, 0x000000070b000000| Complete 
|  80|0x000000070b200000, 0x000000070b400000, 0x000000070b400000|100%| E|CS|TAMS 0x000000070b200000, 0x000000070b200000| Complete 
|  81|0x000000070b400000, 0x000000070b600000, 0x000000070b600000|100%| E|CS|TAMS 0x000000070b400000, 0x000000070b400000| Complete 
|  82|0x000000070b600000, 0x000000070b800000, 0x000000070b800000|100%| E|CS|TAMS 0x000000070b600000, 0x000000070b600000| Complete 
|  83|0x000000070b800000, 0x000000070ba00000, 0x000000070ba00000|100%| E|CS|TAMS 0x000000070b800000, 0x000000070b800000| Complete 
|  84|0x000000070ba00000, 0x000000070bc00000, 0x000000070bc00000|100%| E|CS|TAMS 0x000000070ba00000, 0x000000070ba00000| Complete 
|  85|0x000000070bc00000, 0x000000070be00000, 0x000000070be00000|100%| E|CS|TAMS 0x000000070bc00000, 0x000000070bc00000| Complete 
|  86|0x000000070be00000, 0x000000070c000000, 0x000000070c000000|100%| E|CS|TAMS 0x000000070be00000, 0x000000070be00000| Complete 
|  87|0x000000070c000000, 0x000000070c200000, 0x000000070c200000|100%| E|CS|TAMS 0x000000070c000000, 0x000000070c000000| Complete 
|  88|0x000000070c200000, 0x000000070c400000, 0x000000070c400000|100%| E|CS|TAMS 0x000000070c200000, 0x000000070c200000| Complete 
|  89|0x000000070c400000, 0x000000070c600000, 0x000000070c600000|100%| E|CS|TAMS 0x000000070c400000, 0x000000070c400000| Complete 
|  90|0x000000070c600000, 0x000000070c800000, 0x000000070c800000|100%| E|CS|TAMS 0x000000070c600000, 0x000000070c600000| Complete 
|  91|0x000000070c800000, 0x000000070ca00000, 0x000000070ca00000|100%| E|CS|TAMS 0x000000070c800000, 0x000000070c800000| Complete 
|  92|0x000000070ca00000, 0x000000070cc00000, 0x000000070cc00000|100%| E|CS|TAMS 0x000000070ca00000, 0x000000070ca00000| Complete 
|  93|0x000000070cc00000, 0x000000070ce00000, 0x000000070ce00000|100%| E|CS|TAMS 0x000000070cc00000, 0x000000070cc00000| Complete 
|  94|0x000000070ce00000, 0x000000070d000000, 0x000000070d000000|100%| E|CS|TAMS 0x000000070ce00000, 0x000000070ce00000| Complete 
|  95|0x000000070d000000, 0x000000070d200000, 0x000000070d200000|100%| E|CS|TAMS 0x000000070d000000, 0x000000070d000000| Complete 
|  96|0x000000070d200000, 0x000000070d400000, 0x000000070d400000|100%| E|CS|TAMS 0x000000070d200000, 0x000000070d200000| Complete 
|  97|0x000000070d400000, 0x000000070d600000, 0x000000070d600000|100%| E|CS|TAMS 0x000000070d400000, 0x000000070d400000| Complete 
|  98|0x000000070d600000, 0x000000070d800000, 0x000000070d800000|100%| E|CS|TAMS 0x000000070d600000, 0x000000070d600000| Complete 
|  99|0x000000070d800000, 0x000000070da00000, 0x000000070da00000|100%| E|CS|TAMS 0x000000070d800000, 0x000000070d800000| Complete 
| 100|0x000000070da00000, 0x000000070dc00000, 0x000000070dc00000|100%| E|CS|TAMS 0x000000070da00000, 0x000000070da00000| Complete 
| 101|0x000000070dc00000, 0x000000070de00000, 0x000000070de00000|100%| E|CS|TAMS 0x000000070dc00000, 0x000000070dc00000| Complete 
| 102|0x000000070de00000, 0x000000070e000000, 0x000000070e000000|100%| E|CS|TAMS 0x000000070de00000, 0x000000070de00000| Complete 
| 103|0x000000070e000000, 0x000000070e200000, 0x000000070e200000|100%| E|CS|TAMS 0x000000070e000000, 0x000000070e000000| Complete 
| 104|0x000000070e200000, 0x000000070e400000, 0x000000070e400000|100%| E|CS|TAMS 0x000000070e200000, 0x000000070e200000| Complete 
| 105|0x000000070e400000, 0x000000070e600000, 0x000000070e600000|100%| E|CS|TAMS 0x000000070e400000, 0x000000070e400000| Complete 
| 106|0x000000070e600000, 0x000000070e800000, 0x000000070e800000|100%| E|CS|TAMS 0x000000070e600000, 0x000000070e600000| Complete 
| 107|0x000000070e800000, 0x000000070ea00000, 0x000000070ea00000|100%| E|CS|TAMS 0x000000070e800000, 0x000000070e800000| Complete 
| 108|0x000000070ea00000, 0x000000070ec00000, 0x000000070ec00000|100%| E|CS|TAMS 0x000000070ea00000, 0x000000070ea00000| Complete 
| 109|0x000000070ec00000, 0x000000070ee00000, 0x000000070ee00000|100%| E|CS|TAMS 0x000000070ec00000, 0x000000070ec00000| Complete 
| 110|0x000000070ee00000, 0x000000070f000000, 0x000000070f000000|100%| E|CS|TAMS 0x000000070ee00000, 0x000000070ee00000| Complete 
| 111|0x000000070f000000, 0x000000070f16aa98, 0x000000070f200000| 70%| S|CS|TAMS 0x000000070f000000, 0x000000070f000000| Complete 
| 112|0x000000070f200000, 0x000000070f400000, 0x000000070f400000|100%| E|CS|TAMS 0x000000070f200000, 0x000000070f200000| Complete 
| 113|0x000000070f400000, 0x000000070f600000, 0x000000070f600000|100%| E|CS|TAMS 0x000000070f400000, 0x000000070f400000| Complete 
| 114|0x000000070f600000, 0x000000070f800000, 0x000000070f800000|100%| E|CS|TAMS 0x000000070f600000, 0x000000070f600000| Complete 
| 115|0x000000070f800000, 0x000000070fa00000, 0x000000070fa00000|100%| E|CS|TAMS 0x000000070f800000, 0x000000070f800000| Complete 
| 116|0x000000070fa00000, 0x000000070fc00000, 0x000000070fc00000|100%| E|CS|TAMS 0x000000070fa00000, 0x000000070fa00000| Complete 
| 117|0x000000070fc00000, 0x000000070fe00000, 0x000000070fe00000|100%| E|CS|TAMS 0x000000070fc00000, 0x000000070fc00000| Complete 
| 118|0x000000070fe00000, 0x0000000710000000, 0x0000000710000000|100%| E|CS|TAMS 0x000000070fe00000, 0x000000070fe00000| Complete 
| 119|0x0000000710000000, 0x0000000710200000, 0x0000000710200000|100%| E|CS|TAMS 0x0000000710000000, 0x0000000710000000| Complete 
| 120|0x0000000710200000, 0x0000000710400000, 0x0000000710400000|100%| E|CS|TAMS 0x0000000710200000, 0x0000000710200000| Complete 
| 121|0x0000000710400000, 0x0000000710600000, 0x0000000710600000|100%| E|CS|TAMS 0x0000000710400000, 0x0000000710400000| Complete 
| 122|0x0000000710600000, 0x0000000710800000, 0x0000000710800000|100%| E|CS|TAMS 0x0000000710600000, 0x0000000710600000| Complete 
| 123|0x0000000710800000, 0x0000000710a00000, 0x0000000710a00000|100%| E|CS|TAMS 0x0000000710800000, 0x0000000710800000| Complete 
| 124|0x0000000710a00000, 0x0000000710c00000, 0x0000000710c00000|100%| E|CS|TAMS 0x0000000710a00000, 0x0000000710a00000| Complete 
| 125|0x0000000710c00000, 0x0000000710e00000, 0x0000000710e00000|100%| E|CS|TAMS 0x0000000710c00000, 0x0000000710c00000| Complete 
| 126|0x0000000710e00000, 0x0000000711000000, 0x0000000711000000|100%| E|CS|TAMS 0x0000000710e00000, 0x0000000710e00000| Complete 
| 127|0x0000000711000000, 0x0000000711200000, 0x0000000711200000|100%| E|CS|TAMS 0x0000000711000000, 0x0000000711000000| Complete 

Card table byte_map: [0x00000236fe810000,0x00000236ff010000] _byte_map_base: 0x00000236fb007000

Marking Bits (Prev, Next): (CMBitMap*) 0x00000236e7229ad0, (CMBitMap*) 0x00000236e7229b10
 Prev Bits: [0x0000023680000000, 0x0000023683fb8000)
 Next Bits: [0x0000023683fc0000, 0x0000023687f78000)

Polling page: 0x00000236e50a0000

Metaspace:

Usage:
  Non-class:     13.88 MB used.
      Class:      1.79 MB used.
       Both:     15.67 MB used.

Virtual space:
  Non-class space:       64.00 MB reserved,      14.00 MB ( 22%) committed,  1 nodes.
      Class space:        1.00 GB reserved,       1.88 MB ( <1%) committed,  1 nodes.
             Both:        1.06 GB reserved,      15.88 MB (  1%) committed. 

Chunk freelists:
   Non-Class:  1.55 MB
       Class:  13.97 MB
        Both:  15.52 MB

MaxMetaspaceSize: unlimited
CompressedClassSpaceSize: 1.00 GB
Initial GC threshold: 21.00 MB
Current GC threshold: 21.00 MB
CDS: on
MetaspaceReclaimPolicy: balanced
 - commit_granule_bytes: 65536.
 - commit_granule_words: 8192.
 - virtual_space_node_default_size: 8388608.
 - enlarge_chunks_in_place: 1.
 - new_chunks_are_fully_committed: 0.
 - uncommit_free_chunks: 1.
 - use_allocation_guard: 0.
 - handle_deallocations: 1.


Internal statistics:

num_allocs_failed_limit: 0.
num_arena_births: 102.
num_arena_deaths: 0.
num_vsnodes_births: 2.
num_vsnodes_deaths: 0.
num_space_committed: 254.
num_space_uncommitted: 0.
num_chunks_returned_to_freelist: 0.
num_chunks_taken_from_freelist: 663.
num_chunk_merges: 0.
num_chunk_splits: 448.
num_chunks_enlarged: 356.
num_inconsistent_stats: 0.

CodeHeap 'non-profiled nmethods': size=120000Kb used=2220Kb max_used=2220Kb free=117779Kb
 bounds [0x00000236f67b0000, 0x00000236f6a20000, 0x00000236fdce0000]
CodeHeap 'profiled nmethods': size=120000Kb used=8567Kb max_used=8567Kb free=111432Kb
 bounds [0x00000236eece0000, 0x00000236ef540000, 0x00000236f6210000]
CodeHeap 'non-nmethods': size=5760Kb used=1178Kb max_used=1251Kb free=4582Kb
 bounds [0x00000236f6210000, 0x00000236f6480000, 0x00000236f67b0000]
 total_blobs=4548 nmethods=4080 adapters=380
 compilation: enabled
              stopped_count=0, restarted_count=0
 full_count=0

Compilation events (20 events):
Event: 5.493 Thread 0x000002368a1376e0 4018       3       org.eclipse.aether.util.graph.manager.ClassicDependencyManager::deriveChildManager (470 bytes)
Event: 5.499 Thread 0x000002368a1376e0 nmethod 4018 0x00000236ef50ed10 code [0x00000236ef50f1c0, 0x00000236ef511e38]
Event: 5.499 Thread 0x000002368a1376e0 4022       3       org.eclipse.aether.internal.impl.collect.df.DfDependencyCollector::process (54 bytes)
Event: 5.499 Thread 0x000002368a1376e0 nmethod 4022 0x00000236ef512f10 code [0x00000236ef513100, 0x00000236ef5136b8]
Event: 5.499 Thread 0x000002368a1376e0 4021       3       org.eclipse.aether.resolution.VersionRangeResult::setRepository (41 bytes)
Event: 5.500 Thread 0x000002368a1376e0 nmethod 4021 0x00000236ef513890 code [0x00000236ef513a60, 0x00000236ef513fd8]
Event: 5.500 Thread 0x000002368a1376e0 4019       3       org.eclipse.aether.internal.impl.collect.DataPool::toKey (17 bytes)
Event: 5.500 Thread 0x000002368a1376e0 nmethod 4019 0x00000236ef514190 code [0x00000236ef514340, 0x00000236ef514508]
Event: 5.500 Thread 0x000002368a1376e0 4023       3       org.apache.maven.plugin.internal.WagonExcluder::isLegacyCoreArtifact (54 bytes)
Event: 5.501 Thread 0x000002368a1376e0 nmethod 4023 0x00000236ef514610 code [0x00000236ef514800, 0x00000236ef514cc8]
Event: 5.501 Thread 0x000002368a1376e0 4024       3       org.eclipse.aether.internal.impl.collect.DataPool$GraphKey::<init> (77 bytes)
Event: 5.501 Thread 0x000002368a1376e0 nmethod 4024 0x00000236ef514f10 code [0x00000236ef515140, 0x00000236ef515fa8]
Event: 5.501 Thread 0x000002368a1376e0 4025       3       org.eclipse.aether.util.graph.manager.ClassicDependencyManager::hashCode (90 bytes)
Event: 5.501 Thread 0x000002368a1376e0 nmethod 4025 0x00000236ef516210 code [0x00000236ef5163e0, 0x00000236ef5168d8]
Event: 5.502 Thread 0x000002368a1376e0 4026       3       org.eclipse.aether.util.graph.traverser.FatArtifactTraverser::hashCode (8 bytes)
Event: 5.502 Thread 0x000002368a1376e0 nmethod 4026 0x00000236ef516a90 code [0x00000236ef516c40, 0x00000236ef516e48]
Event: 5.502 Thread 0x000002368a1376e0 4017       3       org.eclipse.aether.util.repository.DefaultProxySelector::getProxy (230 bytes)
Event: 5.504 Thread 0x000002368a1376e0 nmethod 4017 0x00000236ef516f10 code [0x00000236ef517300, 0x00000236ef518f68]
Event: 5.504 Thread 0x000002368a1376e0 4027       3       java.lang.String::codePointCount (46 bytes)
Event: 5.504 Thread 0x000002368a1376e0 nmethod 4027 0x00000236ef519890 code [0x00000236ef519a80, 0x00000236ef519fb8]

GC Heap History (4 events):
Event: 1.381 GC heap before
{Heap before GC invocations=0 (full 0):
 garbage-first heap   total 262144K, used 22528K [0x0000000701200000, 0x0000000800000000)
  region size 2048K, 11 young (22528K), 0 survivors (0K)
 Metaspace       used 5712K, committed 5952K, reserved 1114112K
  class space    used 683K, committed 768K, reserved 1048576K
}
Event: 1.389 GC heap after
{Heap after GC invocations=1 (full 0):
 garbage-first heap   total 262144K, used 3880K [0x0000000701200000, 0x0000000800000000)
  region size 2048K, 2 young (4096K), 2 survivors (4096K)
 Metaspace       used 5712K, committed 5952K, reserved 1114112K
  class space    used 683K, committed 768K, reserved 1048576K
}
Event: 2.396 GC heap before
{Heap before GC invocations=1 (full 0):
 garbage-first heap   total 262144K, used 32552K [0x0000000701200000, 0x0000000800000000)
  region size 2048K, 16 young (32768K), 2 survivors (4096K)
 Metaspace       used 8971K, committed 9152K, reserved 1114112K
  class space    used 1089K, committed 1152K, reserved 1048576K
}
Event: 2.407 GC heap after
{Heap after GC invocations=2 (full 0):
 garbage-first heap   total 262144K, used 5088K [0x0000000701200000, 0x0000000800000000)
  region size 2048K, 1 young (2048K), 1 survivors (2048K)
 Metaspace       used 8971K, committed 9152K, reserved 1114112K
  class space    used 1089K, committed 1152K, reserved 1048576K
}

Dll operation events (8 events):
Event: 0.006 Loaded shared library C:\Program Files\Java\microsoft-jdk-17.0.10-windows-x64\jdk-17.0.10+7\bin\java.dll
Event: 0.023 Loaded shared library C:\Program Files\Java\microsoft-jdk-17.0.10-windows-x64\jdk-17.0.10+7\bin\jsvml.dll
Event: 0.049 Loaded shared library C:\Program Files\Java\microsoft-jdk-17.0.10-windows-x64\jdk-17.0.10+7\bin\net.dll
Event: 0.050 Loaded shared library C:\Program Files\Java\microsoft-jdk-17.0.10-windows-x64\jdk-17.0.10+7\bin\nio.dll
Event: 0.061 Loaded shared library C:\Program Files\Java\microsoft-jdk-17.0.10-windows-x64\jdk-17.0.10+7\bin\zip.dll
Event: 0.068 Loaded shared library C:\Program Files\Java\microsoft-jdk-17.0.10-windows-x64\jdk-17.0.10+7\bin\jimage.dll
Event: 0.457 Loaded shared library C:\Users\Andriary\AppData\Local\Temp\jansi-2.4.0-55d34a16cfbbf20d-jansi.dll
Event: 0.486 Loaded shared library C:\Program Files\Java\microsoft-jdk-17.0.10-windows-x64\jdk-17.0.10+7\bin\verify.dll

Deoptimization events (20 events):
Event: 4.815 Thread 0x00000236e71bef70 DEOPT PACKING pc=0x00000236f6971ffc sp=0x000000bf7ccfbfe0
Event: 4.815 Thread 0x00000236e71bef70 DEOPT UNPACKING pc=0x00000236f62669a3 sp=0x000000bf7ccfbf08 mode 2
Event: 4.912 Thread 0x00000236e71bef70 Uncommon trap: trap_request=0xffffff45 fr.pc=0x00000236f67bf7fc relative=0x000000000000017c
Event: 4.912 Thread 0x00000236e71bef70 Uncommon trap: reason=unstable_if action=reinterpret pc=0x00000236f67bf7fc method=java.lang.String.indexOf(II)I @ 4 c2
Event: 4.912 Thread 0x00000236e71bef70 DEOPT PACKING pc=0x00000236f67bf7fc sp=0x000000bf7ccfb5f0
Event: 4.912 Thread 0x00000236e71bef70 DEOPT UNPACKING pc=0x00000236f62669a3 sp=0x000000bf7ccfb520 mode 2
Event: 4.912 Thread 0x00000236e71bef70 Uncommon trap: trap_request=0xffffff45 fr.pc=0x00000236f67de404 relative=0x00000000000004e4
Event: 4.912 Thread 0x00000236e71bef70 Uncommon trap: reason=unstable_if action=reinterpret pc=0x00000236f67de404 method=java.lang.String.substring(II)Ljava/lang/String; @ 31 c2
Event: 4.912 Thread 0x00000236e71bef70 DEOPT PACKING pc=0x00000236f67de404 sp=0x000000bf7ccfb590
Event: 4.912 Thread 0x00000236e71bef70 DEOPT UNPACKING pc=0x00000236f62669a3 sp=0x000000bf7ccfb560 mode 2
Event: 4.941 Thread 0x00000236e71bef70 DEOPT PACKING pc=0x00000236eed3eb5b sp=0x000000bf7ccfb420
Event: 4.941 Thread 0x00000236e71bef70 DEOPT UNPACKING pc=0x00000236f6267143 sp=0x000000bf7ccfa940 mode 0
Event: 5.225 Thread 0x00000236e71bef70 Uncommon trap: trap_request=0xffffff45 fr.pc=0x00000236f69829e8 relative=0x0000000000001688
Event: 5.225 Thread 0x00000236e71bef70 Uncommon trap: reason=unstable_if action=reinterpret pc=0x00000236f69829e8 method=org.codehaus.plexus.util.xml.pull.MXParser.nextImpl()I @ 552 c2
Event: 5.225 Thread 0x00000236e71bef70 DEOPT PACKING pc=0x00000236f69829e8 sp=0x000000bf7ccfb210
Event: 5.225 Thread 0x00000236e71bef70 DEOPT UNPACKING pc=0x00000236f62669a3 sp=0x000000bf7ccfb1b8 mode 2
Event: 5.240 Thread 0x00000236e71bef70 Uncommon trap: trap_request=0xffffff45 fr.pc=0x00000236f68a8338 relative=0x0000000000000298
Event: 5.240 Thread 0x00000236e71bef70 Uncommon trap: reason=unstable_if action=reinterpret pc=0x00000236f68a8338 method=java.util.concurrent.ConcurrentHashMap.get(Ljava/lang/Object;)Ljava/lang/Object; @ 152 c2
Event: 5.240 Thread 0x00000236e71bef70 DEOPT PACKING pc=0x00000236f68a8338 sp=0x000000bf7ccfbe20
Event: 5.240 Thread 0x00000236e71bef70 DEOPT UNPACKING pc=0x00000236f62669a3 sp=0x000000bf7ccfbd88 mode 2

Classes unloaded (0 events):
No events

Classes redefined (0 events):
No events

Internal exceptions (20 events):
Event: 0.681 Thread 0x00000236e71bef70 Exception <a 'java/lang/NoSuchMethodError'{0x0000000710804cc8}: 'java.lang.Object java.lang.invoke.DirectMethodHandle$Holder.invokeSpecialIFC(java.lang.Object, java.lang.Object, java.lang.Object, java.lang.Object)'> (0x0000000710804cc8) 
thrown [s\src\hotspot\share\interpreter\linkResolver.cpp, line 759]
Event: 0.967 Thread 0x00000236e71bef70 Exception <a 'java/lang/NoSuchMethodError'{0x00000007105fc2a0}: 'java.lang.Object java.lang.invoke.DirectMethodHandle$Holder.invokeStaticInit(java.lang.Object)'> (0x00000007105fc2a0) 
thrown [s\src\hotspot\share\interpreter\linkResolver.cpp, line 759]
Event: 0.972 Thread 0x00000236e71bef70 Exception <a 'java/lang/NoSuchMethodError'{0x000000071021d108}: 'void java.lang.invoke.DirectMethodHandle$Holder.invokeSpecial(java.lang.Object, java.lang.Object, java.lang.Object)'> (0x000000071021d108) 
thrown [s\src\hotspot\share\interpreter\linkResolver.cpp, line 759]
Event: 1.031 Thread 0x00000236e71bef70 Exception <a 'java/lang/NoSuchMethodError'{0x00000007103a2bf8}: 'java.lang.Object java.lang.invoke.DirectMethodHandle$Holder.invokeInterface(java.lang.Object, java.lang.Object)'> (0x00000007103a2bf8) 
thrown [s\src\hotspot\share\interpreter\linkResolver.cpp, line 759]
Event: 1.057 Thread 0x00000236e71bef70 Exception <a 'java/lang/NoSuchMethodError'{0x0000000710060ac0}: 'java.lang.Object java.lang.invoke.Invokers$Holder.invokeExact_MT(java.lang.Object, java.lang.Object, java.lang.Object, java.lang.Object, java.lang.Object, java.lang.Object)'> (0x0000000710060ac0) 
thrown [s\src\hotspot\share\interpreter\linkResolver.cpp, line 759]
Event: 1.060 Thread 0x00000236e71bef70 Exception <a 'java/lang/NoSuchMethodError'{0x00000007100721b0}: 'int java.lang.invoke.DirectMethodHandle$Holder.invokeSpecialIFC(java.lang.Object, java.lang.Object, java.lang.Object, java.lang.Object, java.lang.Object)'> (0x00000007100721b0) 
thrown [s\src\hotspot\share\interpreter\linkResolver.cpp, line 759]
Event: 1.166 Thread 0x00000236e71bef70 Exception <a 'java/lang/NoSuchMethodError'{0x000000070fe4d030}: 'java.lang.Object java.lang.invoke.DirectMethodHandle$Holder.newInvokeSpecial(java.lang.Object, java.lang.Object, java.lang.Object, java.lang.Object, java.lang.Object)'> (0x000000070fe4d030) 
thrown [s\src\hotspot\share\interpreter\linkResolver.cpp, line 759]
Event: 1.257 Thread 0x00000236e71bef70 Exception <a 'java/lang/NoSuchMethodError'{0x000000070ff64860}: 'int java.lang.invoke.DirectMethodHandle$Holder.invokeStaticInit(java.lang.Object, java.lang.Object)'> (0x000000070ff64860) 
thrown [s\src\hotspot\share\interpreter\linkResolver.cpp, line 759]
Event: 1.280 Thread 0x00000236e71bef70 Exception <a 'java/lang/NoClassDefFoundError'{0x000000070ffa32a8}: javax/enterprise/inject/Typed> (0x000000070ffa32a8) 
thrown [s\src\hotspot\share\classfile\systemDictionary.cpp, line 245]
Event: 2.764 Thread 0x00000236e71bef70 Exception <a 'java/lang/NoSuchMethodError'{0x00000007108fd520}: 'void java.lang.invoke.DirectMethodHandle$Holder.invokeStaticInit(java.lang.Object, java.lang.Object, java.lang.Object)'> (0x00000007108fd520) 
thrown [s\src\hotspot\share\interpreter\linkResolver.cpp, line 759]
Event: 2.769 Thread 0x00000236e71bef70 Exception <a 'java/lang/ExceptionInInitializerError'{0x000000071092b518}> (0x000000071092b518) 
thrown [s\src\hotspot\share\oops\instanceKlass.cpp, line 1218]
Event: 2.795 Thread 0x00000236e71bef70 Implicit null exception at 0x00000236f68383af to 0x00000236f6838514
Event: 2.796 Thread 0x00000236e71bef70 Exception <a 'java/lang/NoSuchMethodError'{0x000000071064ad60}: 'java.lang.Object java.lang.invoke.Invokers$Holder.invokeExact_MT(java.lang.Object, int, java.lang.Object)'> (0x000000071064ad60) 
thrown [s\src\hotspot\share\interpreter\linkResolver.cpp, line 759]
Event: 2.803 Thread 0x00000236e71bef70 Exception <a 'java/lang/NoSuchMethodError'{0x00000007106ba518}: 'void java.lang.invoke.DirectMethodHandle$Holder.invokeStatic(java.lang.Object, java.lang.Object)'> (0x00000007106ba518) 
thrown [s\src\hotspot\share\interpreter\linkResolver.cpp, line 759]
Event: 2.808 Thread 0x00000236e71bef70 Exception <a 'java/lang/NoSuchMethodError'{0x00000007106cb470}: 'int java.lang.invoke.DirectMethodHandle$Holder.invokeSpecial(java.lang.Object, java.lang.Object, java.lang.Object, java.lang.Object)'> (0x00000007106cb470) 
thrown [s\src\hotspot\share\interpreter\linkResolver.cpp, line 759]
Event: 3.053 Thread 0x00000236e71bef70 Exception <a 'java/lang/NoClassDefFoundError'{0x000000070ff3f098}: com/google/inject/servlet/ServletModuleTargetVisitor> (0x000000070ff3f098) 
thrown [s\src\hotspot\share\classfile\systemDictionary.cpp, line 245]
Event: 3.100 Thread 0x00000236e71bef70 Exception <a 'java/lang/NoSuchMethodError'{0x000000070fce6f38}: 'void java.lang.invoke.DirectMethodHandle$Holder.invokeVirtual(java.lang.Object, java.lang.Object)'> (0x000000070fce6f38) 
thrown [s\src\hotspot\share\interpreter\linkResolver.cpp, line 759]
Event: 3.123 Thread 0x00000236e71bef70 Exception <a 'java/lang/NoSuchMethodError'{0x000000070fd60290}: 'java.lang.Object java.lang.invoke.DirectMethodHandle$Holder.invokeStaticInit(java.lang.Object, int, int, int, int)'> (0x000000070fd60290) 
thrown [s\src\hotspot\share\interpreter\linkResolver.cpp, line 759]
Event: 3.260 Thread 0x00000236e71bef70 Implicit null exception at 0x00000236f67d7ff2 to 0x00000236f67d864c
Event: 3.260 Thread 0x00000236e71bef70 Implicit null exception at 0x00000236f67e9172 to 0x00000236f67e97ec

VM Operations (20 events):
Event: 3.031 Executing VM operation: HandshakeAllThreads
Event: 3.031 Executing VM operation: HandshakeAllThreads done
Event: 3.109 Executing VM operation: HandshakeAllThreads
Event: 3.109 Executing VM operation: HandshakeAllThreads done
Event: 3.133 Executing VM operation: HandshakeAllThreads
Event: 3.133 Executing VM operation: HandshakeAllThreads done
Event: 3.211 Executing VM operation: HandshakeAllThreads
Event: 3.211 Executing VM operation: HandshakeAllThreads done
Event: 3.212 Executing VM operation: HandshakeAllThreads
Event: 3.212 Executing VM operation: HandshakeAllThreads done
Event: 3.265 Executing VM operation: ICBufferFull
Event: 3.266 Executing VM operation: ICBufferFull done
Event: 3.702 Executing VM operation: ICBufferFull
Event: 3.702 Executing VM operation: ICBufferFull done
Event: 4.070 Executing VM operation: HandshakeAllThreads
Event: 4.070 Executing VM operation: HandshakeAllThreads done
Event: 4.246 Executing VM operation: ICBufferFull
Event: 4.246 Executing VM operation: ICBufferFull done
Event: 5.213 Executing VM operation: ICBufferFull
Event: 5.213 Executing VM operation: ICBufferFull done

Events (20 events):
Event: 3.347 loading class sun/nio/ch/FileLockImpl
Event: 3.347 loading class sun/nio/ch/FileLockImpl done
Event: 3.348 loading class sun/nio/ch/FileLockTable
Event: 3.348 loading class sun/nio/ch/FileLockTable done
Event: 3.348 loading class sun/nio/ch/FileKey
Event: 3.348 loading class sun/nio/ch/FileKey done
Event: 3.348 loading class sun/nio/ch/FileLockTable$FileLockReference
Event: 3.348 loading class sun/nio/ch/FileLockTable$FileLockReference done
Event: 3.348 loading class java/nio/channels/spi/AbstractInterruptibleChannel$1
Event: 3.348 loading class sun/nio/ch/Interruptible
Event: 3.348 loading class sun/nio/ch/Interruptible done
Event: 3.348 loading class java/nio/channels/spi/AbstractInterruptibleChannel$1 done
Event: 3.349 loading class java/util/AbstractMap$2
Event: 3.349 loading class java/util/AbstractMap$2 done
Event: 3.349 loading class java/util/AbstractMap$2$1
Event: 3.349 loading class java/util/AbstractMap$2$1 done
Event: 3.898 loading class sun/nio/cs/ISO_8859_1$Decoder
Event: 3.898 loading class sun/nio/cs/ISO_8859_1$Decoder done
Event: 5.370 loading class java/util/Collections$UnmodifiableList$1
Event: 5.370 loading class java/util/Collections$UnmodifiableList$1 done


Dynamic libraries:
0x00007ff757480000 - 0x00007ff75748e000 	C:\Program Files\Java\microsoft-jdk-17.0.10-windows-x64\jdk-17.0.10+7\bin\java.exe
0x00007ff833190000 - 0x00007ff833388000 	C:\Windows\SYSTEM32\ntdll.dll
0x00007ff8328b0000 - 0x00007ff83296d000 	C:\Windows\System32\KERNEL32.DLL
0x00007ff830b30000 - 0x00007ff830e26000 	C:\Windows\System32\KERNELBASE.dll
0x00007ff830e30000 - 0x00007ff830f30000 	C:\Windows\System32\ucrtbase.dll
0x00007ff812e70000 - 0x00007ff812e87000 	C:\Program Files\Java\microsoft-jdk-17.0.10-windows-x64\jdk-17.0.10+7\bin\jli.dll
0x00007ff810b00000 - 0x00007ff810b1b000 	C:\Program Files\Java\microsoft-jdk-17.0.10-windows-x64\jdk-17.0.10+7\bin\VCRUNTIME140.dll
0x00007ff831a60000 - 0x00007ff831bff000 	C:\Windows\System32\USER32.dll
0x00007ff830fc0000 - 0x00007ff830fe2000 	C:\Windows\System32\win32u.dll
0x00007ff8217b0000 - 0x00007ff821a4a000 	C:\Windows\WinSxS\amd64_microsoft.windows.common-controls_6595b64144ccf1df_6.0.19041.3636_none_60b6a03d71f818d5\COMCTL32.dll
0x00007ff831eb0000 - 0x00007ff831edb000 	C:\Windows\System32\GDI32.dll
0x00007ff832720000 - 0x00007ff8327be000 	C:\Windows\System32\msvcrt.dll
0x00007ff830a10000 - 0x00007ff830b27000 	C:\Windows\System32\gdi32full.dll
0x00007ff830940000 - 0x00007ff8309dd000 	C:\Windows\System32\msvcp_win.dll
0x00007ff8327c0000 - 0x00007ff8327f2000 	C:\Windows\System32\IMM32.DLL
0x00007ff81cc40000 - 0x00007ff81cc4c000 	C:\Program Files\Java\microsoft-jdk-17.0.10-windows-x64\jdk-17.0.10+7\bin\vcruntime140_1.dll
0x00007ff80e5c0000 - 0x00007ff80e64d000 	C:\Program Files\Java\microsoft-jdk-17.0.10-windows-x64\jdk-17.0.10+7\bin\msvcp140.dll
0x00007fffcb6a0000 - 0x00007fffcc305000 	C:\Program Files\Java\microsoft-jdk-17.0.10-windows-x64\jdk-17.0.10+7\bin\server\jvm.dll
0x00007ff831fc0000 - 0x00007ff832070000 	C:\Windows\System32\ADVAPI32.dll
0x00007ff832670000 - 0x00007ff832710000 	C:\Windows\System32\sechost.dll
0x00007ff831c60000 - 0x00007ff831d83000 	C:\Windows\System32\RPCRT4.dll
0x00007ff8309e0000 - 0x00007ff830a07000 	C:\Windows\System32\bcrypt.dll
0x00007ff830440000 - 0x00007ff83048b000 	C:\Windows\SYSTEM32\POWRPROF.dll
0x00007ff8301e0000 - 0x00007ff8301e9000 	C:\Windows\SYSTEM32\WSOCK32.dll
0x00007ff816ff0000 - 0x00007ff817017000 	C:\Windows\SYSTEM32\WINMM.dll
0x00007ff831220000 - 0x00007ff83128b000 	C:\Windows\System32\WS2_32.dll
0x00007ff8285a0000 - 0x00007ff8285aa000 	C:\Windows\SYSTEM32\VERSION.dll
0x00007ff82feb0000 - 0x00007ff82fec2000 	C:\Windows\SYSTEM32\UMPDC.dll
0x00007ff82e9e0000 - 0x00007ff82e9f2000 	C:\Windows\SYSTEM32\kernel.appcore.dll
0x00007ff81c800000 - 0x00007ff81c80a000 	C:\Program Files\Java\microsoft-jdk-17.0.10-windows-x64\jdk-17.0.10+7\bin\jimage.dll
0x00007ff830250000 - 0x00007ff830434000 	C:\Windows\SYSTEM32\DBGHELP.DLL
0x00007ff82ffe0000 - 0x00007ff830014000 	C:\Windows\SYSTEM32\dbgcore.DLL
0x00007ff830f30000 - 0x00007ff830fb2000 	C:\Windows\System32\bcryptPrimitives.dll
0x00007ff810ad0000 - 0x00007ff810af5000 	C:\Program Files\Java\microsoft-jdk-17.0.10-windows-x64\jdk-17.0.10+7\bin\java.dll
0x00007ff80c060000 - 0x00007ff80c137000 	C:\Program Files\Java\microsoft-jdk-17.0.10-windows-x64\jdk-17.0.10+7\bin\jsvml.dll
0x00007ff8312f0000 - 0x00007ff831a5b000 	C:\Windows\System32\SHELL32.dll
0x00007ff82e240000 - 0x00007ff82e9de000 	C:\Windows\SYSTEM32\windows.storage.dll
0x00007ff832a20000 - 0x00007ff832d73000 	C:\Windows\System32\combase.dll
0x00007ff82fb70000 - 0x00007ff82fb9e000 	C:\Windows\SYSTEM32\Wldp.dll
0x00007ff833070000 - 0x00007ff83313d000 	C:\Windows\System32\OLEAUT32.dll
0x00007ff832f30000 - 0x00007ff832fdd000 	C:\Windows\System32\SHCORE.dll
0x00007ff8311c0000 - 0x00007ff831215000 	C:\Windows\System32\shlwapi.dll
0x00007ff830770000 - 0x00007ff830793000 	C:\Windows\SYSTEM32\profapi.dll
0x00007ff80ede0000 - 0x00007ff80edf9000 	C:\Program Files\Java\microsoft-jdk-17.0.10-windows-x64\jdk-17.0.10+7\bin\net.dll
0x00007ff828370000 - 0x00007ff82847a000 	C:\Windows\SYSTEM32\WINHTTP.dll
0x00007ff82fa40000 - 0x00007ff82faaa000 	C:\Windows\system32\mswsock.dll
0x00007ff80edc0000 - 0x00007ff80edd6000 	C:\Program Files\Java\microsoft-jdk-17.0.10-windows-x64\jdk-17.0.10+7\bin\nio.dll
0x00007ff80eda0000 - 0x00007ff80edb8000 	C:\Program Files\Java\microsoft-jdk-17.0.10-windows-x64\jdk-17.0.10+7\bin\zip.dll
0x0000000069ac0000 - 0x0000000069ae4000 	C:\Users\Andriary\AppData\Local\Temp\jansi-2.4.0-55d34a16cfbbf20d-jansi.dll
0x00007ff816a50000 - 0x00007ff816a60000 	C:\Program Files\Java\microsoft-jdk-17.0.10-windows-x64\jdk-17.0.10+7\bin\verify.dll

dbghelp: loaded successfully - version: 4.0.5 - missing functions: none
symbol engine: initialized successfully - sym options: 0x614 - pdb path: .;C:\Program Files\Java\microsoft-jdk-17.0.10-windows-x64\jdk-17.0.10+7\bin;C:\Windows\SYSTEM32;C:\Windows\WinSxS\amd64_microsoft.windows.common-controls_6595b64144ccf1df_6.0.19041.3636_none_60b6a03d71f818d5;C:\Program Files\Java\microsoft-jdk-17.0.10-windows-x64\jdk-17.0.10+7\bin\server;C:\Users\Andriary\AppData\Local\Temp

VM Arguments:
jvm_args: -Dmaven.multiModuleProjectDirectory=D:\app_sms_833\app_sms_back 
java_command: org.apache.maven.wrapper.MavenWrapperMain quarkus:dev
java_class_path (initial): D:\app_sms_833\app_sms_back\.mvn\wrapper\maven-wrapper.jar
Launcher Type: SUN_STANDARD

[Global flags]
     intx CICompilerCount                          = 4                                         {product} {ergonomic}
     uint ConcGCThreads                            = 2                                         {product} {ergonomic}
     uint G1ConcRefinementThreads                  = 8                                         {product} {ergonomic}
   size_t G1HeapRegionSize                         = 2097152                                   {product} {ergonomic}
    uintx GCDrainStackTargetSize                   = 64                                        {product} {ergonomic}
   size_t InitialHeapSize                          = 268435456                                 {product} {ergonomic}
   size_t MarkStackSize                            = 4194304                                   {product} {ergonomic}
   size_t MaxHeapSize                              = 4276092928                                {product} {ergonomic}
   size_t MaxNewSize                               = 2564816896                                {product} {ergonomic}
   size_t MinHeapDeltaBytes                        = 2097152                                   {product} {ergonomic}
   size_t MinHeapSize                              = 8388608                                   {product} {ergonomic}
    uintx NonNMethodCodeHeapSize                   = 5839372                                {pd product} {ergonomic}
    uintx NonProfiledCodeHeapSize                  = 122909434                              {pd product} {ergonomic}
    uintx ProfiledCodeHeapSize                     = 122909434                              {pd product} {ergonomic}
    uintx ReservedCodeCacheSize                    = 251658240                              {pd product} {ergonomic}
     bool SegmentedCodeCache                       = true                                      {product} {ergonomic}
   size_t SoftMaxHeapSize                          = 4276092928                             {manageable} {ergonomic}
     bool UseCompressedClassPointers               = true                           {product lp64_product} {ergonomic}
     bool UseCompressedOops                        = true                           {product lp64_product} {ergonomic}
     bool UseG1GC                                  = true                                      {product} {ergonomic}
     bool UseLargePagesIndividualAllocation        = false                                  {pd product} {ergonomic}

Logging:
Log output configuration:
 #0: stdout all=warning uptime,level,tags
 #1: stderr all=off uptime,level,tags

Environment Variables:
JAVA_HOME=C:\Program Files\Java\microsoft-jdk-17.0.10-windows-x64\jdk-17.0.10+7
PATH=C:\Program Files\Common Files\Oracle\Java\javapath;C:\Program Files (x86)\Common Files\Oracle\Java\javapath;C:\Windows\system32;C:\Windows;C:\Windows\System32\Wbem;C:\Windows\System32\WindowsPowerShell\v1.0\;C:\Windows\System32\OpenSSH\;C:\Program Files\Git\cmd;C:\Program Files\nodejs\;C:\Program Files\Java\microsoft-jdk-17.0.10-windows-x64\jdk-17.0.10+7;C:\Program Files\Java\microsoft-jdk-17.0.10-windows-x64\jdk-17.0.10+7\bin;C:\Users\Andriary\AppData\Local\Microsoft\WindowsApps;C:\Users\Andriary\AppData\Roaming\npm;C:\Users\Andriary\AppData\Local\Programs\Microsoft VS Code\bin;C:\Program Files\JetBrains\IntelliJ IDEA 2023.3.3\bin;;C:\Program Files\Java\microsoft-jdk-17.0.10-windows-x64\jdk-17.0.10+7;C:\Program Files\Java\microsoft-jdk-17.0.10-windows-x64\jdk-17.0.10+7\bin;C:\Program Files (x86)\Common Files\Oracle\Java\javapath;;C:\Program Files\JetBrains\IntelliJ IDEA Community Edition 2023.3.4\bin;
USERNAME=Andriary
OS=Windows_NT
PROCESSOR_IDENTIFIER=Intel64 Family 6 Model 158 Stepping 9, GenuineIntel
TMP=C:\Users\Andriary\AppData\Local\Temp
TEMP=C:\Users\Andriary\AppData\Local\Temp



Periodic native trim disabled


---------------  S Y S T E M  ---------------

OS:
 Windows 10 , 64 bit Build 19041 (10.0.19041.3636)
OS uptime: 0 days 20:36 hours

CPU: total 8 (initial active 8) (4 cores per cpu, 2 threads per core) family 6 model 158 stepping 9 microcode 0xb4, cx8, cmov, fxsr, ht, mmx, 3dnowpref, sse, sse2, sse3, ssse3, sse4.1, sse4.2, popcnt, lzcnt, tsc, tscinvbit, avx, avx2, aes, erms, clmul, bmi1, bmi2, adx, fma, vzeroupper, clflush, clflushopt
Processor Information for processor 0
  Max Mhz: 2801, Current Mhz: 1500, Mhz Limit: 2801
Processor Information for processor 1
  Max Mhz: 2801, Current Mhz: 2801, Mhz Limit: 2801
Processor Information for processor 2
  Max Mhz: 2801, Current Mhz: 1500, Mhz Limit: 2801
Processor Information for processor 3
  Max Mhz: 2801, Current Mhz: 1500, Mhz Limit: 2801
Processor Information for processor 4
  Max Mhz: 2801, Current Mhz: 1500, Mhz Limit: 2801
Processor Information for processor 5
  Max Mhz: 2801, Current Mhz: 1500, Mhz Limit: 2801
Processor Information for processor 6
  Max Mhz: 2801, Current Mhz: 1500, Mhz Limit: 2801
Processor Information for processor 7
  Max Mhz: 2801, Current Mhz: 2801, Mhz Limit: 2801

Memory: 4k page, system-wide physical 16304M (9290M free)
TotalPageFile size 19120M (AvailPageFile size 7861M)
current process WorkingSet (physical memory assigned to process): 251M, peak: 251M
current process commit charge ("private bytes"): 415M, peak: 426M

vm_info: OpenJDK 64-Bit Server VM (17.0.10+7-LTS) for windows-amd64 JRE (17.0.10+7-LTS), built on Jan 10 2024 19:47:12 by "MicrosoftCorporation" with MS VC++ 16.10 / 16.11 (VS2019)

END.
