#
# A fatal error has been detected by the Java Runtime Environment:
#
#  EXCEPTION_ACCESS_VIOLATION (0xc0000005) at pc=0x00007ffe87c16f55, pid=7224, tid=13820
#
# JRE version: OpenJDK Runtime Environment Microsoft-8902769 (17.0.10+7) (build 17.0.10+7-LTS)
# Java VM: OpenJDK 64-Bit Server VM Microsoft-8902769 (17.0.10+7-LTS, mixed mode, emulated-client, sharing, tiered, compressed oops, compressed class ptrs, g1 gc, windows-amd64)
# Problematic frame:
# C  [ntdll.dll+0xa6f55]
#
# No core dump will be written. Minidumps are not enabled by default on client versions of Windows
#
# If you would like to submit a bug report, please visit:
#   https://github.com/microsoft/openjdk/issues
#

---------------  S U M M A R Y ------------

Command Line: -Dquarkus-internal.serialized-app-model.path=D:\app_sms_833\app_sms_back\target\quarkus\bootstrap\dev-app-model.dat -javaagent:C:\Users\Andriary\.m2\repository\io\quarkus\quarkus-class-change-agent\3.8.2\quarkus-class-change-agent-3.8.2.jar -XX:TieredStopAtLevel=1 -agentlib:jdwp=transport=dt_socket,address=localhost:5005,server=y,suspend=n -Djava.util.logging.manager=org.jboss.logmanager.LogManager D:\app_sms_833\app_sms_back\target\app_sms_back-dev.jar

Host: Intel(R) Core(TM) i7-7700HQ CPU @ 2.80GHz, 8 cores, 15G,  Windows 10 , 64 bit Build 19041 (10.0.19041.3636)
Time: Fri Apr  5 09:50:14 2024 Afrique de l, 64 bit Build 19041 (10.0.19041.3636) elapsed time: 66.710158 seconds (0d 0h 1m 6s)

---------------  T H R E A D  ---------------

Current thread (0x00000265635ccd30):  JavaThread "Unknown thread" [_thread_in_vm, id=13820, stack(0x0000008434c00000,0x0000008434d00000)]

Stack: [0x0000008434c00000,0x0000008434d00000],  sp=0x0000008434cffbe0,  free space=1022k
Native frames: (J=compiled Java code, j=interpreted, Vv=VM code, C=native code)
C  [ntdll.dll+0xa6f55]
C  [ntdll.dll+0x247b1]
C  [ucrtbase.dll+0xf05b]
V  [jvm.dll+0x671a58]
V  [jvm.dll+0x64fd02]
V  [jvm.dll+0x7e616e]
V  [jvm.dll+0x7e6364]
V  [jvm.dll+0x7f12db]
V  [jvm.dll+0x67e715]
C  [ucrtbase.dll+0x21bb2]
C  [KERNEL32.DLL+0x17344]
C  [ntdll.dll+0x526b1]


siginfo: EXCEPTION_ACCESS_VIOLATION (0xc0000005), reading address 0x0000022002454019


Registers:
RAX=0x0000022002454019, RBX=0x0000026560a8a640, RCX=0x0000000000001e20, RDX=0x00000000000000e7
RSP=0x0000008434cffbe0, RBP=0x0000000000000000, RSI=0x0000026543550000, RDI=0x0000000000000000
R8 =0x00000000a8f48897, R9 =0x0246401900000411, R10=0x0000000000000000, R11=0x0000000000000246
R12=0x0000000000000000, R13=0x0000026564ca1710, R14=0x0000026564ca1700, R15=0x0000000000000001
RIP=0x00007ffe87c16f55, EFLAGS=0x0000000000010a06


Register to memory mapping:

RIP=0x00007ffe87c16f55 ntdll.dll
RAX=0x0000022002454019 is an unknown value
RBX=0x0000026560a8a640 is pointing into metadata
RCX=0x0000000000001e20 is an unknown value
RDX=0x00000000000000e7 is an unknown value
RSP=0x0000008434cffbe0 points into unknown readable memory: 0x0000000000000000 | 00 00 00 00 00 00 00 00
RBP=0x0 is NULL
RSI=0x0000026543550000 points into unknown readable memory: 0x0000000000000000 | 00 00 00 00 00 00 00 00
RDI=0x0 is NULL
R8 =0x00000000a8f48897 is an unknown value
R9 =0x0246401900000411 is an unknown value
R10=0x0 is NULL
R11=0x0000000000000246 is an unknown value
R12=0x0 is NULL
R13=0x0000026564ca1710 points into unknown readable memory: 0x6b616873646e6148 | 48 61 6e 64 73 68 61 6b
R14=0x0000026564ca1700 points into unknown readable memory: 0x0000000000000000 | 00 00 00 00 00 00 00 00
R15=0x0000000000000001 is an unknown value


Top of Stack: (sp=0x0000008434cffbe0)
0x0000008434cffbe0:   0000000000000000 0000000000000000
0x0000008434cffbf0:   00000265457e2280 00007ffe87b95ba1
0x0000008434cffc00:   0000000000000100 00007ffe87b95ba1
0x0000008434cffc10:   0000026560a8a640 00007ffe000000e7
0x0000008434cffc20:   0000000000000000 0246401900000411
0x0000008434cffc30:   0000000000000000 0000000000000000
0x0000008434cffc40:   0000026562c27960 000000000000001e
0x0000008434cffc50:   0000000000000000 0000000000000000
0x0000008434cffc60:   0000000000000000 0000000000000000
0x0000008434cffc70:   0000000000000000 0000000000000000
0x0000008434cffc80:   0000000000000000 0000000000000000
0x0000008434cffc90:   0000026564ca1710 00007ffe87b947b1
0x0000008434cffca0:   0000000000000000 0000026543550000
0x0000008434cffcb0:   0000000000000000 0000000000000000
0x0000008434cffcc0:   0000000000000000 0000000000000000
0x0000008434cffcd0:   0000000000000001 00007ffe8543f05b
0x0000008434cffce0:   0000026564ca1710 0000000000000000
0x0000008434cffcf0:   0000000000000000 0000000000000000
0x0000008434cffd00:   0000efc80388b1fa 00007ffe26ff1a58
0x0000008434cffd10:   0000000000000000 0000000000000000
0x0000008434cffd20:   0000000000000000 00000000000011a8
0x0000008434cffd30:   00000265635cd160 00007ffe26fcfd02
0x0000008434cffd40:   0000000000000000 0000000000000000
0x0000008434cffd50:   0000000000000000 0000000000000000
0x0000008434cffd60:   00000265635ccd30 00007ffe2716616e
0x0000008434cffd70:   00000265635ccd30 000002656445d638
0x0000008434cffd80:   00007ffe2734d3b8 000002656312fa60
0x0000008434cffd90:   00000265635ccd30 00007ffe27166364
0x0000008434cffda0:   000002655c693f50 0000000000000000
0x0000008434cffdb0:   0000000000000001 0000000000000000
0x0000008434cffdc0:   0000000000000001 00007ffe271712db
0x0000008434cffdd0:   00000265635ccd30 00000265635ccd00 

Instructions: (pc=0x00007ffe87c16f55)
0x00007ffe87c16e55:   eb 05 41 0f b7 46 08 49 8b 4e f0 0f b7 c0 48 2b
0x00007ffe87c16e65:   c8 0f b7 c2 48 03 c8 eb 07 0f b7 ca 48 c1 e1 04
0x00007ffe87c16e75:   4a 8d 04 31 49 3b c5 73 27 32 db 48 89 7c 24 28
0x00007ffe87c16e85:   4d 8b cd 4d 8b c6 48 89 7c 24 20 48 8b d6 b9 03
0x00007ffe87c16e95:   00 00 00 e8 1f 71 06 00 84 db 0f 84 b2 fe ff ff
0x00007ffe87c16ea5:   f7 c5 02 01 00 3c 0f 85 a6 ec f7 ff 41 80 7d ff
0x00007ffe87c16eb5:   05 49 8d 4d f0 75 11 0f b6 41 0e 48 c1 e0 04 48
0x00007ffe87c16ec5:   2b c8 48 83 c1 10 eb 03 48 8b cf 48 89 4c 24 20
0x00007ffe87c16ed5:   41 b9 03 00 00 00 41 8b 4d f8 4d 8b c5 48 8b d6
0x00007ffe87c16ee5:   e8 7a c5 04 00 85 c0 0f 88 65 fe ff ff e9 60 ec
0x00007ffe87c16ef5:   f7 ff 44 8b 05 52 68 0c 00 49 8b ce 48 c1 e9 04
0x00007ffe87c16f05:   41 bf 01 00 00 00 41 33 4e 08 33 ce 41 33 c8 66
0x00007ffe87c16f15:   85 c9 0f 85 09 05 00 00 48 c1 e9 0c 49 8b c6 48
0x00007ffe87c16f25:   2b c1 48 8b 18 48 89 5c 24 30 48 85 db 0f 84 ee
0x00007ffe87c16f35:   04 00 00 0f 0d 0b 4c 8b 4b 08 41 8b 46 0c c1 e8
0x00007ffe87c16f45:   08 0f b7 d0 48 8b 03 4c 89 4c 24 48 89 54 24 38
0x00007ffe87c16f55:   48 8b 08 41 8b 41 18 41 33 c0 4c 8b 51 18 41 33
0x00007ffe87c16f65:   c2 4c 89 54 24 60 41 33 c1 8b c8 c1 e8 10 0f af
0x00007ffe87c16f75:   c2 0f b7 c9 49 03 c1 48 03 c8 49 3b ce 74 09 49
0x00007ffe87c16f85:   8b 52 18 e9 9c 04 00 00 e8 be d8 f7 ff 85 c0 74
0x00007ffe87c16f95:   19 65 48 8b 04 25 60 00 00 00 48 8b 88 90 00 00
0x00007ffe87c16fa5:   00 48 81 c1 26 02 00 00 eb 05 b9 80 03 fe 7f 40
0x00007ffe87c16fb5:   38 39 74 2a 65 48 8b 04 25 60 00 00 00 44 84 b8
0x00007ffe87c16fc5:   78 03 00 00 74 18 48 8b 4c 24 60 49 8d 56 10 41
0x00007ffe87c16fd5:   b8 02 00 00 00 48 8b 49 18 e8 e5 30 06 00 66 44
0x00007ffe87c16fe5:   39 3c 25 6a 03 fe 7f 44 8b cf b8 64 00 00 00 44
0x00007ffe87c16ff5:   8b c7 44 0f 47 c8 41 ba 00 80 00 00 eb 05 48 8b
0x00007ffe87c17005:   5c 24 30 8b 5b 20 8b c3 48 8b 54 24 30 c1 e8 10
0x00007ffe87c17015:   66 41 85 c2 75 11 8b cb 8b c3 81 c9 00 00 00 80
0x00007ffe87c17025:   f0 0f b1 4a 20 74 0d 41 ff c0 45 3b c1 76 cf bb
0x00007ffe87c17035:   ff ff ff ff 41 c6 46 0f 80 4c 8d 42 10 83 fb ff
0x00007ffe87c17045:   75 12 49 8d 56 10 49 8b c8 e8 8d 9b ff ff 90 e9 


Stack slot to memory mapping:
stack at sp + 0 slots: 0x0 is NULL
stack at sp + 1 slots: 0x0 is NULL
stack at sp + 2 slots: 0x00000265457e2280 points into unknown readable memory: 0x00007ffe272c3200 | 00 32 2c 27 fe 7f 00 00
stack at sp + 3 slots: 0x00007ffe87b95ba1 ntdll.dll
stack at sp + 4 slots: 0x0000000000000100 is an unknown value
stack at sp + 5 slots: 0x00007ffe87b95ba1 ntdll.dll
stack at sp + 6 slots: 0x0000026560a8a640 is pointing into metadata
stack at sp + 7 slots: 0x00007ffe000000e7 is an unknown value


---------------  P R O C E S S  ---------------

Threads class SMR info:
_java_thread_list=0x0000026564cd5490, length=61, elements={
0x000002655c6980b0, 0x000002655c698f30, 0x000002655c6ae8e0, 0x000002655c7e56f0,
0x000002655c7e62b0, 0x000002655c7e9c90, 0x000002655c7f6120, 0x000002655c7eb390,
0x000002655c681b60, 0x00000265613084c0, 0x0000026561309370, 0x000002656130bf90,
0x00000265613b5080, 0x00000265613b6970, 0x00000265613b9050, 0x000002655c92e3b0,
0x00000265626b1830, 0x00000265635c8b60, 0x00000265635cd750, 0x00000265635cb8f0,
0x00000265635cbe00, 0x00000265635cb3e0, 0x00000265635ca4b0, 0x00000265635c9580,
0x00000265635cc310, 0x00000265635c8140, 0x00000265635ca9c0, 0x00000265635cc820,
0x00000265635c9070, 0x00000265635c62e0, 0x00000265635cd240, 0x00000265635cdc60,
0x00000265635c7720, 0x00000265635caed0, 0x00000265635c67f0, 0x00000265635c6d00,
0x00000265635c8650, 0x00000265635c9fa0, 0x00000265635c7210, 0x00000265643dafb0,
0x00000265643da080, 0x00000265643dd320, 0x00000265643dbee0, 0x00000265643daaa0,
0x00000265643db4c0, 0x00000265643dd830, 0x00000265643db9d0, 0x00000265643dc3f0,
0x0000026562e038e0, 0x0000026562e01f90, 0x0000026562e05230, 0x0000026562e07fc0,
0x0000026562e084d0, 0x0000026562e05c50, 0x0000026562e06160, 0x0000026562e06b80,
0x0000026562e07090, 0x0000026562e01a80, 0x0000026562e01060, 0x0000026562e033d0,
0x0000026562e04300
}

Java Threads: ( => current thread )
  0x000002655c6980b0 JavaThread "Reference Handler" daemon [_thread_blocked, id=13560, stack(0x0000008432400000,0x0000008432500000)]
  0x000002655c698f30 JavaThread "Finalizer" daemon [_thread_blocked, id=8732, stack(0x0000008432500000,0x0000008432600000)]
  0x000002655c6ae8e0 JavaThread "Signal Dispatcher" daemon [_thread_blocked, id=4900, stack(0x0000008432600000,0x0000008432700000)]
  0x000002655c7e56f0 JavaThread "Attach Listener" daemon [_thread_blocked, id=1308, stack(0x0000008432700000,0x0000008432800000)]
  0x000002655c7e62b0 JavaThread "Service Thread" daemon [_thread_blocked, id=10924, stack(0x0000008432800000,0x0000008432900000)]
  0x000002655c7e9c90 JavaThread "Monitor Deflation Thread" daemon [_thread_blocked, id=13320, stack(0x0000008432900000,0x0000008432a00000)]
  0x000002655c7f6120 JavaThread "C1 CompilerThread0" daemon [_thread_blocked, id=3848, stack(0x0000008432a00000,0x0000008432b00000)]
  0x000002655c7eb390 JavaThread "Sweeper thread" daemon [_thread_blocked, id=7320, stack(0x0000008432b00000,0x0000008432c00000)]
  0x000002655c681b60 JavaThread "Common-Cleaner" daemon [_thread_blocked, id=5860, stack(0x0000008432c00000,0x0000008432d00000)]
  0x00000265613084c0 JavaThread "JDWP Transport Listener: dt_socket" daemon [_thread_in_native, id=9612, stack(0x0000008432f00000,0x0000008433000000)]
  0x0000026561309370 JavaThread "JDWP Event Helper Thread" daemon [_thread_blocked, id=1044, stack(0x0000008433000000,0x0000008433100000)]
  0x000002656130bf90 JavaThread "Notification Thread" daemon [_thread_blocked, id=6084, stack(0x0000008433100000,0x0000008433200000)]
  0x00000265613b5080 JavaThread "Reference Reaper #1" daemon [_thread_blocked, id=13384, stack(0x0000008433300000,0x0000008433400000)]
  0x00000265613b6970 JavaThread "Reference Reaper #2" daemon [_thread_blocked, id=11268, stack(0x0000008433400000,0x0000008433500000)]
  0x00000265613b9050 JavaThread "Reference Reaper #3" daemon [_thread_blocked, id=2236, stack(0x0000008433500000,0x0000008433600000)]
  0x000002655c92e3b0 JavaThread "Quarkus Devmode keep alive thread" [_thread_blocked, id=8552, stack(0x0000008434000000,0x0000008434100000)]
  0x00000265626b1830 JavaThread "ForkJoinPool.commonPool-worker-1" daemon [_thread_blocked, id=10652, stack(0x0000008434600000,0x0000008434700000)]
  0x00000265635c8b60 JavaThread "mysql-cj-abandoned-connection-cleanup" daemon [_thread_blocked, id=4632, stack(0x000000843a500000,0x000000843a600000)]
  0x00000265635cd750 JavaThread "WindowsStreamPump" daemon [_thread_in_native, id=10900, stack(0x000000843a700000,0x000000843a800000)]
  0x00000265635cb8f0 JavaThread "Aesh InputStream Reader" daemon [_thread_blocked, id=4844, stack(0x000000843a800000,0x000000843a900000)]
  0x00000265635cbe00 JavaThread "ForkJoinPool.commonPool-worker-2" daemon [_thread_blocked, id=10512, stack(0x0000008434700000,0x0000008434800000)]
  0x00000265635cb3e0 JavaThread "ForkJoinPool.commonPool-worker-3" daemon [_thread_blocked, id=13576, stack(0x0000008434800000,0x0000008434900000)]
  0x00000265635ca4b0 JavaThread "ForkJoinPool.commonPool-worker-4" daemon [_thread_blocked, id=13548, stack(0x0000008434900000,0x0000008434a00000)]
  0x00000265635c9580 JavaThread "ForkJoinPool.commonPool-worker-5" daemon [_thread_blocked, id=12612, stack(0x0000008434a00000,0x0000008434b00000)]
  0x00000265635cc310 JavaThread "ForkJoinPool.commonPool-worker-6" daemon [_thread_blocked, id=1572, stack(0x0000008434b00000,0x0000008434c00000)]
  0x00000265635c8140 JavaThread "Quarkus Main Thread" [_thread_blocked, id=2364, stack(0x0000008434d00000,0x0000008434e00000)]
  0x00000265635ca9c0 JavaThread "executor-thread-1" daemon [_thread_blocked, id=12116, stack(0x0000008434e00000,0x0000008434f00000)]
  0x00000265635cc820 JavaThread "vertx-blocked-thread-checker" daemon [_thread_blocked, id=2908, stack(0x0000008434f00000,0x0000008435000000)]
  0x00000265635c9070 JavaThread "agroal-11" daemon [_thread_blocked, id=6428, stack(0x0000008435100000,0x0000008435200000)]
  0x00000265635c62e0 JavaThread "agroal-21" daemon [_thread_blocked, id=6720, stack(0x0000008435200000,0x0000008435300000)]
  0x00000265635cd240 JavaThread "QuarkusQuartzScheduler_Worker-1" [_thread_blocked, id=3884, stack(0x0000008435000000,0x0000008435100000)]
  0x00000265635cdc60 JavaThread "QuarkusQuartzScheduler_Worker-2" [_thread_blocked, id=8588, stack(0x0000008435300000,0x0000008435400000)]
  0x00000265635c7720 JavaThread "QuarkusQuartzScheduler_Worker-3" [_thread_blocked, id=1244, stack(0x0000008435400000,0x0000008435500000)]
  0x00000265635caed0 JavaThread "QuarkusQuartzScheduler_Worker-4" [_thread_blocked, id=6308, stack(0x0000008435500000,0x0000008435600000)]
  0x00000265635c67f0 JavaThread "QuarkusQuartzScheduler_Worker-5" [_thread_blocked, id=6936, stack(0x0000008435600000,0x0000008435700000)]
  0x00000265635c6d00 JavaThread "QuarkusQuartzScheduler_Worker-6" [_thread_blocked, id=6208, stack(0x0000008435700000,0x0000008435800000)]
  0x00000265635c8650 JavaThread "QuarkusQuartzScheduler_Worker-7" [_thread_blocked, id=11516, stack(0x0000008435800000,0x0000008435900000)]
  0x00000265635c9fa0 JavaThread "QuarkusQuartzScheduler_Worker-8" [_thread_blocked, id=6804, stack(0x0000008435900000,0x0000008435a00000)]
  0x00000265635c7210 JavaThread "QuarkusQuartzScheduler_Worker-9" [_thread_blocked, id=1964, stack(0x0000008435a00000,0x0000008435b00000)]
  0x00000265643dafb0 JavaThread "QuarkusQuartzScheduler_Worker-10" [_thread_blocked, id=5316, stack(0x0000008435b00000,0x0000008435c00000)]
  0x00000265643da080 JavaThread "QuarkusQuartzScheduler_Worker-11" [_thread_blocked, id=14324, stack(0x0000008435c00000,0x0000008435d00000)]
  0x00000265643dd320 JavaThread "QuarkusQuartzScheduler_Worker-12" [_thread_blocked, id=7596, stack(0x0000008435d00000,0x0000008435e00000)]
  0x00000265643dbee0 JavaThread "QuarkusQuartzScheduler_Worker-13" [_thread_blocked, id=496, stack(0x0000008435e00000,0x0000008435f00000)]
  0x00000265643daaa0 JavaThread "QuarkusQuartzScheduler_Worker-14" [_thread_blocked, id=13416, stack(0x0000008435f00000,0x0000008436000000)]
  0x00000265643db4c0 JavaThread "QuarkusQuartzScheduler_Worker-15" [_thread_blocked, id=7208, stack(0x0000008436000000,0x0000008436100000)]
  0x00000265643dd830 JavaThread "QuarkusQuartzScheduler_Worker-16" [_thread_blocked, id=4852, stack(0x0000008436100000,0x0000008436200000)]
  0x00000265643db9d0 JavaThread "QuarkusQuartzScheduler_Worker-17" [_thread_blocked, id=6432, stack(0x0000008436200000,0x0000008436300000)]
  0x00000265643dc3f0 JavaThread "QuarkusQuartzScheduler_Worker-18" [_thread_blocked, id=6096, stack(0x0000008436300000,0x0000008436400000)]
  0x0000026562e038e0 JavaThread "QuarkusQuartzScheduler_Worker-19" [_thread_blocked, id=4436, stack(0x0000008436400000,0x0000008436500000)]
  0x0000026562e01f90 JavaThread "QuarkusQuartzScheduler_Worker-20" [_thread_blocked, id=1600, stack(0x0000008436500000,0x0000008436600000)]
  0x0000026562e05230 JavaThread "QuarkusQuartzScheduler_Worker-21" [_thread_blocked, id=3932, stack(0x0000008436600000,0x0000008436700000)]
  0x0000026562e07fc0 JavaThread "QuarkusQuartzScheduler_Worker-22" [_thread_blocked, id=6616, stack(0x0000008436700000,0x0000008436800000)]
  0x0000026562e084d0 JavaThread "QuarkusQuartzScheduler_Worker-23" [_thread_blocked, id=12888, stack(0x0000008436800000,0x0000008436900000)]
  0x0000026562e05c50 JavaThread "QuarkusQuartzScheduler_Worker-24" [_thread_blocked, id=8944, stack(0x0000008436900000,0x0000008436a00000)]
  0x0000026562e06160 JavaThread "QuarkusQuartzScheduler_Worker-25" [_thread_blocked, id=11408, stack(0x0000008436a00000,0x0000008436b00000)]
  0x0000026562e06b80 JavaThread "QuarkusQuartzScheduler_QuartzSchedulerThread" [_thread_blocked, id=3268, stack(0x0000008436b00000,0x0000008436c00000)]
  0x0000026562e07090 JavaThread "vert.x-eventloop-thread-0" [_thread_in_native, id=2600, stack(0x0000008436c00000,0x0000008436d00000)]
  0x0000026562e01a80 JavaThread "vert.x-eventloop-thread-1" [_thread_in_native, id=2480, stack(0x0000008436d00000,0x0000008436e00000)]
  0x0000026562e01060 JavaThread "vert.x-acceptor-thread-0" [_thread_in_native, id=10608, stack(0x0000008436e00000,0x0000008436f00000)]
  0x0000026562e033d0 JavaThread "vert.x-eventloop-thread-2" [_thread_in_native, id=12396, stack(0x0000008436f00000,0x0000008437000000)]
  0x0000026562e04300 JavaThread "DestroyJavaVM" [_thread_blocked, id=9416, stack(0x0000008431d00000,0x0000008431e00000)]

Other Threads:
  0x000002655c692460 VMThread "VM Thread" [stack: 0x0000008432300000,0x0000008432400000] [id=12572]
  0x00000265457f3610 WatcherThread [stack: 0x0000008433200000,0x0000008433300000] [id=9168]
  0x000002654585c170 GCTaskThread "GC Thread#0" [stack: 0x0000008431e00000,0x0000008431f00000] [id=5400]
  0x00000265614d2a90 GCTaskThread "GC Thread#1" [stack: 0x0000008433700000,0x0000008433800000] [id=13512]
  0x00000265614d2d50 GCTaskThread "GC Thread#2" [stack: 0x0000008433800000,0x0000008433900000] [id=2760]
  0x00000265614d3010 GCTaskThread "GC Thread#3" [stack: 0x0000008433900000,0x0000008433a00000] [id=5472]
  0x00000265614d58f0 GCTaskThread "GC Thread#4" [stack: 0x0000008433a00000,0x0000008433b00000] [id=14028]
  0x00000265614d5bb0 GCTaskThread "GC Thread#5" [stack: 0x0000008433b00000,0x0000008433c00000] [id=8652]
  0x0000026561727ab0 GCTaskThread "GC Thread#6" [stack: 0x0000008433c00000,0x0000008433d00000] [id=10588]
  0x000002656265c930 GCTaskThread "GC Thread#7" [stack: 0x0000008434100000,0x0000008434200000] [id=5744]
  0x000002654586d730 ConcurrentGCThread "G1 Main Marker" [stack: 0x0000008431f00000,0x0000008432000000] [id=10672]
  0x000002654586e150 ConcurrentGCThread "G1 Conc#0" [stack: 0x0000008432000000,0x0000008432100000] [id=2648]
  0x0000026562a8a3d0 ConcurrentGCThread "G1 Conc#1" [stack: 0x000000843a600000,0x000000843a700000] [id=2592]
  0x000002655c548110 ConcurrentGCThread "G1 Refine#0" [stack: 0x0000008432100000,0x0000008432200000] [id=9412]
  0x00000265615a6110 ConcurrentGCThread "G1 Refine#1" [stack: 0x0000008433d00000,0x0000008433e00000] [id=10576]
  0x000002656171cca0 ConcurrentGCThread "G1 Refine#2" [stack: 0x0000008433e00000,0x0000008433f00000] [id=13748]
  0x00000265615a6400 ConcurrentGCThread "G1 Refine#3" [stack: 0x0000008433f00000,0x0000008434000000] [id=144]
  0x000002656261d960 ConcurrentGCThread "G1 Refine#4" [stack: 0x0000008434200000,0x0000008434300000] [id=6864]
  0x000002656260ba00 ConcurrentGCThread "G1 Refine#5" [stack: 0x0000008434300000,0x0000008434400000] [id=3048]
  0x0000026562648370 ConcurrentGCThread "G1 Refine#6" [stack: 0x0000008434400000,0x0000008434500000] [id=12064]
  0x0000026562610150 ConcurrentGCThread "G1 Refine#7" [stack: 0x0000008434500000,0x0000008434600000] [id=2300]
  0x000002655c548b40 ConcurrentGCThread "G1 Service" [stack: 0x0000008432200000,0x0000008432300000] [id=8352]

=>0x00000265635ccd30 (exited) JavaThread "Unknown thread" [_thread_in_vm, id=13820, stack(0x0000008434c00000,0x0000008434d00000)]

Threads with active compile tasks:

VM state: not at safepoint (normal execution)

VM Mutex/Monitor currently owned by a thread: None

Heap address: 0x0000000701200000, size: 4078 MB, Compressed Oops mode: Zero based, Oop shift amount: 3

CDS archive(s) mapped at: [0x0000026500000000-0x0000026500bb0000-0x0000026500bb0000), size 12255232, SharedBaseAddress: 0x0000026500000000, ArchiveRelocationMode: 1.
Compressed class space mapped at: 0x0000026501000000-0x0000026541000000, reserved size: 1073741824
Narrow klass base: 0x0000026500000000, Narrow klass shift: 0, Narrow klass range: 0x100000000

GC Precious Log:
 CPUs: 8 total, 8 available
 Memory: 16304M
 Large Page Support: Disabled
 NUMA Support: Disabled
 Compressed Oops: Enabled (Zero based)
 Heap Region Size: 2M
 Heap Min Capacity: 8M
 Heap Initial Capacity: 256M
 Heap Max Capacity: 4078M
 Pre-touch: Disabled
 Parallel Workers: 8
 Concurrent Workers: 2
 Concurrent Refinement Workers: 8
 Periodic GC: Disabled

Heap:
 garbage-first heap   total 280576K, used 147813K [0x0000000701200000, 0x0000000800000000)
  region size 2048K, 31 young (63488K), 3 survivors (6144K)
 Metaspace       used 85901K, committed 86656K, reserved 1179648K
  class space    used 12268K, committed 12608K, reserved 1048576K

Heap Regions: E=young(eden), S=young(survivor), O=old, HS=humongous(starts), HC=humongous(continues), CS=collection set, F=free, OA=open archive, CA=closed archive, TAMS=top-at-mark-start (previous, next)
|   0|0x0000000701200000, 0x0000000701400000, 0x0000000701400000|100%| O|  |TAMS 0x0000000701400000, 0x0000000701200000| Untracked 
|   1|0x0000000701400000, 0x0000000701600000, 0x0000000701600000|100%| O|  |TAMS 0x0000000701600000, 0x0000000701400000| Untracked 
|   2|0x0000000701600000, 0x0000000701800000, 0x0000000701800000|100%| O|  |TAMS 0x0000000701800000, 0x0000000701600000| Untracked 
|   3|0x0000000701800000, 0x0000000701a00000, 0x0000000701a00000|100%|HS|  |TAMS 0x0000000701a00000, 0x0000000701800000| Complete 
|   4|0x0000000701a00000, 0x0000000701c00000, 0x0000000701c00000|100%| O|  |TAMS 0x0000000701c00000, 0x0000000701a00000| Untracked 
|   5|0x0000000701c00000, 0x0000000701e00000, 0x0000000701e00000|100%| O|  |TAMS 0x0000000701e00000, 0x0000000701c00000| Untracked 
|   6|0x0000000701e00000, 0x0000000702000000, 0x0000000702000000|100%| O|  |TAMS 0x0000000702000000, 0x0000000701e00000| Untracked 
|   7|0x0000000702000000, 0x0000000702200000, 0x0000000702200000|100%| O|  |TAMS 0x0000000702200000, 0x0000000702000000| Untracked 
|   8|0x0000000702200000, 0x0000000702400000, 0x0000000702400000|100%| O|  |TAMS 0x0000000702400000, 0x0000000702200000| Untracked 
|   9|0x0000000702400000, 0x0000000702600000, 0x0000000702600000|100%| O|  |TAMS 0x0000000702600000, 0x0000000702400000| Untracked 
|  10|0x0000000702600000, 0x0000000702800000, 0x0000000702800000|100%| O|  |TAMS 0x0000000702800000, 0x0000000702600000| Untracked 
|  11|0x0000000702800000, 0x0000000702a00000, 0x0000000702a00000|100%| O|  |TAMS 0x0000000702a00000, 0x0000000702800000| Untracked 
|  12|0x0000000702a00000, 0x0000000702c00000, 0x0000000702c00000|100%| O|  |TAMS 0x0000000702a00000, 0x0000000702a00000| Untracked 
|  13|0x0000000702c00000, 0x0000000702e00000, 0x0000000702e00000|100%| O|  |TAMS 0x0000000702e00000, 0x0000000702c00000| Untracked 
|  14|0x0000000702e00000, 0x0000000703000000, 0x0000000703000000|100%| O|  |TAMS 0x0000000703000000, 0x0000000702e00000| Untracked 
|  15|0x0000000703000000, 0x0000000703200000, 0x0000000703200000|100%| O|  |TAMS 0x0000000703200000, 0x0000000703000000| Complete 
|  16|0x0000000703200000, 0x0000000703400000, 0x0000000703400000|100%| O|  |TAMS 0x0000000703400000, 0x0000000703200000| Untracked 
|  17|0x0000000703400000, 0x0000000703600000, 0x0000000703600000|100%| O|  |TAMS 0x0000000703600000, 0x0000000703400000| Untracked 
|  18|0x0000000703600000, 0x0000000703800000, 0x0000000703800000|100%| O|  |TAMS 0x0000000703800000, 0x0000000703600000| Untracked 
|  19|0x0000000703800000, 0x0000000703a00000, 0x0000000703a00000|100%| O|  |TAMS 0x0000000703a00000, 0x0000000703800000| Untracked 
|  20|0x0000000703a00000, 0x0000000703c00000, 0x0000000703c00000|100%| O|  |TAMS 0x0000000703c00000, 0x0000000703a00000| Untracked 
|  21|0x0000000703c00000, 0x0000000703e00000, 0x0000000703e00000|100%| O|  |TAMS 0x0000000703e00000, 0x0000000703c00000| Untracked 
|  22|0x0000000703e00000, 0x0000000704000000, 0x0000000704000000|100%| O|  |TAMS 0x0000000704000000, 0x0000000703e00000| Untracked 
|  23|0x0000000704000000, 0x0000000704200000, 0x0000000704200000|100%| O|  |TAMS 0x0000000704200000, 0x0000000704000000| Untracked 
|  24|0x0000000704200000, 0x0000000704400000, 0x0000000704400000|100%| O|  |TAMS 0x0000000704400000, 0x0000000704200000| Untracked 
|  25|0x0000000704400000, 0x0000000704600000, 0x0000000704600000|100%| O|  |TAMS 0x0000000704600000, 0x0000000704400000| Untracked 
|  26|0x0000000704600000, 0x0000000704800000, 0x0000000704800000|100%| O|  |TAMS 0x0000000704800000, 0x0000000704600000| Untracked 
|  27|0x0000000704800000, 0x0000000704a00000, 0x0000000704a00000|100%| O|  |TAMS 0x0000000704a00000, 0x0000000704800000| Untracked 
|  28|0x0000000704a00000, 0x0000000704c00000, 0x0000000704c00000|100%| O|  |TAMS 0x0000000704c00000, 0x0000000704a00000| Untracked 
|  29|0x0000000704c00000, 0x0000000704e00000, 0x0000000704e00000|100%| O|  |TAMS 0x0000000704e00000, 0x0000000704c00000| Untracked 
|  30|0x0000000704e00000, 0x0000000705000000, 0x0000000705000000|100%| O|  |TAMS 0x0000000705000000, 0x0000000704e00000| Untracked 
|  31|0x0000000705000000, 0x0000000705200000, 0x0000000705200000|100%| O|  |TAMS 0x0000000705200000, 0x0000000705000000| Untracked 
|  32|0x0000000705200000, 0x0000000705400000, 0x0000000705400000|100%| O|  |TAMS 0x0000000705400000, 0x0000000705200000| Untracked 
|  33|0x0000000705400000, 0x0000000705600000, 0x0000000705600000|100%| O|  |TAMS 0x0000000705600000, 0x0000000705400000| Untracked 
|  34|0x0000000705600000, 0x0000000705800000, 0x0000000705800000|100%|HS|  |TAMS 0x0000000705800000, 0x0000000705600000| Complete 
|  35|0x0000000705800000, 0x0000000705a00000, 0x0000000705a00000|100%| O|  |TAMS 0x0000000705800000, 0x0000000705800000| Untracked 
|  36|0x0000000705a00000, 0x0000000705c00000, 0x0000000705c00000|100%| O|  |TAMS 0x0000000705a00000, 0x0000000705a00000| Untracked 
|  37|0x0000000705c00000, 0x0000000705e00000, 0x0000000705e00000|100%| O|  |TAMS 0x0000000705c00000, 0x0000000705c00000| Untracked 
|  38|0x0000000705e00000, 0x0000000706000000, 0x0000000706000000|100%| O|  |TAMS 0x0000000705e00000, 0x0000000705e00000| Untracked 
|  39|0x0000000706000000, 0x0000000706200000, 0x0000000706200000|100%| O|  |TAMS 0x0000000706000000, 0x0000000706000000| Untracked 
|  40|0x0000000706200000, 0x0000000706400000, 0x0000000706400000|100%| O|  |TAMS 0x0000000706200000, 0x0000000706200000| Untracked 
|  41|0x0000000706400000, 0x0000000706600000, 0x0000000706600000|100%| O|  |TAMS 0x0000000706400000, 0x0000000706400000| Untracked 
|  42|0x0000000706600000, 0x0000000706800000, 0x0000000706800000|100%| O|  |TAMS 0x000000070662ac00, 0x0000000706600000| Untracked 
|  43|0x0000000706800000, 0x00000007068e4600, 0x0000000706a00000| 44%| O|  |TAMS 0x0000000706800000, 0x0000000706800000| Untracked 
|  44|0x0000000706a00000, 0x0000000706a00000, 0x0000000706c00000|  0%| F|  |TAMS 0x0000000706a00000, 0x0000000706a00000| Untracked 
|  45|0x0000000706c00000, 0x0000000706c00000, 0x0000000706e00000|  0%| F|  |TAMS 0x0000000706c00000, 0x0000000706c00000| Untracked 
|  46|0x0000000706e00000, 0x0000000706e00000, 0x0000000707000000|  0%| F|  |TAMS 0x0000000706e00000, 0x0000000706e00000| Untracked 
|  47|0x0000000707000000, 0x0000000707000000, 0x0000000707200000|  0%| F|  |TAMS 0x0000000707000000, 0x0000000707000000| Untracked 
|  48|0x0000000707200000, 0x0000000707200000, 0x0000000707400000|  0%| F|  |TAMS 0x0000000707200000, 0x0000000707200000| Untracked 
|  49|0x0000000707400000, 0x0000000707400000, 0x0000000707600000|  0%| F|  |TAMS 0x0000000707400000, 0x0000000707400000| Untracked 
|  50|0x0000000707600000, 0x0000000707600000, 0x0000000707800000|  0%| F|  |TAMS 0x0000000707600000, 0x0000000707600000| Untracked 
|  51|0x0000000707800000, 0x0000000707800000, 0x0000000707a00000|  0%| F|  |TAMS 0x0000000707800000, 0x0000000707800000| Untracked 
|  52|0x0000000707a00000, 0x0000000707a00000, 0x0000000707c00000|  0%| F|  |TAMS 0x0000000707a00000, 0x0000000707a00000| Untracked 
|  53|0x0000000707c00000, 0x0000000707c00000, 0x0000000707e00000|  0%| F|  |TAMS 0x0000000707c00000, 0x0000000707c00000| Untracked 
|  54|0x0000000707e00000, 0x0000000707e00000, 0x0000000708000000|  0%| F|  |TAMS 0x0000000707e00000, 0x0000000707e00000| Untracked 
|  55|0x0000000708000000, 0x0000000708000000, 0x0000000708200000|  0%| F|  |TAMS 0x0000000708000000, 0x0000000708000000| Untracked 
|  56|0x0000000708200000, 0x0000000708200000, 0x0000000708400000|  0%| F|  |TAMS 0x0000000708200000, 0x0000000708200000| Untracked 
|  57|0x0000000708400000, 0x0000000708400000, 0x0000000708600000|  0%| F|  |TAMS 0x0000000708400000, 0x0000000708400000| Untracked 
|  58|0x0000000708600000, 0x0000000708600000, 0x0000000708800000|  0%| F|  |TAMS 0x0000000708600000, 0x0000000708600000| Untracked 
|  59|0x0000000708800000, 0x0000000708800000, 0x0000000708a00000|  0%| F|  |TAMS 0x0000000708800000, 0x0000000708800000| Untracked 
|  60|0x0000000708a00000, 0x0000000708a00000, 0x0000000708c00000|  0%| F|  |TAMS 0x0000000708a00000, 0x0000000708a00000| Untracked 
|  61|0x0000000708c00000, 0x0000000708c00000, 0x0000000708e00000|  0%| F|  |TAMS 0x0000000708c00000, 0x0000000708c00000| Untracked 
|  62|0x0000000708e00000, 0x0000000708e00000, 0x0000000709000000|  0%| F|  |TAMS 0x0000000708e00000, 0x0000000708e00000| Untracked 
|  63|0x0000000709000000, 0x0000000709000000, 0x0000000709200000|  0%| F|  |TAMS 0x0000000709000000, 0x0000000709000000| Untracked 
|  64|0x0000000709200000, 0x0000000709200000, 0x0000000709400000|  0%| F|  |TAMS 0x0000000709200000, 0x0000000709200000| Untracked 
|  65|0x0000000709400000, 0x0000000709400000, 0x0000000709600000|  0%| F|  |TAMS 0x0000000709400000, 0x0000000709400000| Untracked 
|  66|0x0000000709600000, 0x0000000709600000, 0x0000000709800000|  0%| F|  |TAMS 0x0000000709600000, 0x0000000709600000| Untracked 
|  67|0x0000000709800000, 0x0000000709800000, 0x0000000709a00000|  0%| F|  |TAMS 0x0000000709800000, 0x0000000709800000| Untracked 
|  68|0x0000000709a00000, 0x0000000709a00000, 0x0000000709c00000|  0%| F|  |TAMS 0x0000000709a00000, 0x0000000709a00000| Untracked 
|  69|0x0000000709c00000, 0x0000000709c00000, 0x0000000709e00000|  0%| F|  |TAMS 0x0000000709c00000, 0x0000000709c00000| Untracked 
|  70|0x0000000709e00000, 0x0000000709e00000, 0x000000070a000000|  0%| F|  |TAMS 0x0000000709e00000, 0x0000000709e00000| Untracked 
|  71|0x000000070a000000, 0x000000070a000000, 0x000000070a200000|  0%| F|  |TAMS 0x000000070a000000, 0x000000070a000000| Untracked 
|  72|0x000000070a200000, 0x000000070a200000, 0x000000070a400000|  0%| F|  |TAMS 0x000000070a200000, 0x000000070a200000| Untracked 
|  73|0x000000070a400000, 0x000000070a400000, 0x000000070a600000|  0%| F|  |TAMS 0x000000070a400000, 0x000000070a400000| Untracked 
|  74|0x000000070a600000, 0x000000070a600000, 0x000000070a800000|  0%| F|  |TAMS 0x000000070a600000, 0x000000070a600000| Untracked 
|  75|0x000000070a800000, 0x000000070a800000, 0x000000070aa00000|  0%| F|  |TAMS 0x000000070a800000, 0x000000070a800000| Untracked 
|  76|0x000000070aa00000, 0x000000070aa00000, 0x000000070ac00000|  0%| F|  |TAMS 0x000000070aa00000, 0x000000070aa00000| Untracked 
|  77|0x000000070ac00000, 0x000000070ac00000, 0x000000070ae00000|  0%| F|  |TAMS 0x000000070ac00000, 0x000000070ac00000| Untracked 
|  78|0x000000070ae00000, 0x000000070ae00000, 0x000000070b000000|  0%| F|  |TAMS 0x000000070ae00000, 0x000000070ae00000| Untracked 
|  79|0x000000070b000000, 0x000000070b000000, 0x000000070b200000|  0%| F|  |TAMS 0x000000070b000000, 0x000000070b000000| Untracked 
|  80|0x000000070b200000, 0x000000070b200000, 0x000000070b400000|  0%| F|  |TAMS 0x000000070b200000, 0x000000070b200000| Untracked 
|  81|0x000000070b400000, 0x000000070b400000, 0x000000070b600000|  0%| F|  |TAMS 0x000000070b400000, 0x000000070b400000| Untracked 
|  82|0x000000070b600000, 0x000000070b600000, 0x000000070b800000|  0%| F|  |TAMS 0x000000070b600000, 0x000000070b600000| Untracked 
|  83|0x000000070b800000, 0x000000070b800000, 0x000000070ba00000|  0%| F|  |TAMS 0x000000070b800000, 0x000000070b800000| Untracked 
|  84|0x000000070ba00000, 0x000000070ba00000, 0x000000070bc00000|  0%| F|  |TAMS 0x000000070ba00000, 0x000000070ba00000| Untracked 
|  85|0x000000070bc00000, 0x000000070bc00000, 0x000000070be00000|  0%| F|  |TAMS 0x000000070bc00000, 0x000000070bc00000| Untracked 
|  86|0x000000070be00000, 0x000000070be00000, 0x000000070c000000|  0%| F|  |TAMS 0x000000070be00000, 0x000000070be00000| Untracked 
|  87|0x000000070c000000, 0x000000070c000000, 0x000000070c200000|  0%| F|  |TAMS 0x000000070c000000, 0x000000070c000000| Untracked 
|  88|0x000000070c200000, 0x000000070c374f60, 0x000000070c400000| 72%| S|CS|TAMS 0x000000070c200000, 0x000000070c200000| Complete 
|  89|0x000000070c400000, 0x000000070c600000, 0x000000070c600000|100%| S|CS|TAMS 0x000000070c400000, 0x000000070c400000| Complete 
|  90|0x000000070c600000, 0x000000070c800000, 0x000000070c800000|100%| S|CS|TAMS 0x000000070c600000, 0x000000070c600000| Complete 
|  91|0x000000070c800000, 0x000000070c800000, 0x000000070ca00000|  0%| F|  |TAMS 0x000000070c800000, 0x000000070c800000| Untracked 
|  92|0x000000070ca00000, 0x000000070ca00000, 0x000000070cc00000|  0%| F|  |TAMS 0x000000070ca00000, 0x000000070ca00000| Untracked 
|  93|0x000000070cc00000, 0x000000070cc00000, 0x000000070ce00000|  0%| F|  |TAMS 0x000000070cc00000, 0x000000070cc00000| Untracked 
|  94|0x000000070ce00000, 0x000000070ce00000, 0x000000070d000000|  0%| F|  |TAMS 0x000000070ce00000, 0x000000070ce00000| Untracked 
|  95|0x000000070d000000, 0x000000070d000000, 0x000000070d200000|  0%| F|  |TAMS 0x000000070d000000, 0x000000070d000000| Untracked 
|  96|0x000000070d200000, 0x000000070d200000, 0x000000070d400000|  0%| F|  |TAMS 0x000000070d200000, 0x000000070d200000| Untracked 
|  97|0x000000070d400000, 0x000000070d400000, 0x000000070d600000|  0%| F|  |TAMS 0x000000070d400000, 0x000000070d400000| Untracked 
|  98|0x000000070d600000, 0x000000070d600000, 0x000000070d800000|  0%| F|  |TAMS 0x000000070d600000, 0x000000070d600000| Untracked 
|  99|0x000000070d800000, 0x000000070d800000, 0x000000070da00000|  0%| F|  |TAMS 0x000000070d800000, 0x000000070d800000| Untracked 
| 100|0x000000070da00000, 0x000000070da00000, 0x000000070dc00000|  0%| F|  |TAMS 0x000000070da00000, 0x000000070da00000| Untracked 
| 101|0x000000070dc00000, 0x000000070dc00000, 0x000000070de00000|  0%| F|  |TAMS 0x000000070dc00000, 0x000000070dc00000| Untracked 
| 102|0x000000070de00000, 0x000000070de00000, 0x000000070e000000|  0%| F|  |TAMS 0x000000070de00000, 0x000000070de00000| Untracked 
| 103|0x000000070e000000, 0x000000070e000000, 0x000000070e200000|  0%| F|  |TAMS 0x000000070e000000, 0x000000070e000000| Untracked 
| 104|0x000000070e200000, 0x000000070e200000, 0x000000070e400000|  0%| F|  |TAMS 0x000000070e200000, 0x000000070e200000| Untracked 
| 105|0x000000070e400000, 0x000000070e400000, 0x000000070e600000|  0%| F|  |TAMS 0x000000070e400000, 0x000000070e400000| Untracked 
| 106|0x000000070e600000, 0x000000070e600000, 0x000000070e800000|  0%| F|  |TAMS 0x000000070e600000, 0x000000070e600000| Untracked 
| 107|0x000000070e800000, 0x000000070e800000, 0x000000070ea00000|  0%| F|  |TAMS 0x000000070e800000, 0x000000070e800000| Untracked 
| 108|0x000000070ea00000, 0x000000070ea00000, 0x000000070ec00000|  0%| F|  |TAMS 0x000000070ea00000, 0x000000070ea00000| Untracked 
| 109|0x000000070ec00000, 0x000000070edd3128, 0x000000070ee00000| 91%| E|  |TAMS 0x000000070ec00000, 0x000000070ec00000| Complete 
| 110|0x000000070ee00000, 0x000000070f000000, 0x000000070f000000|100%| E|CS|TAMS 0x000000070ee00000, 0x000000070ee00000| Complete 
| 111|0x000000070f000000, 0x000000070f200000, 0x000000070f200000|100%| E|CS|TAMS 0x000000070f000000, 0x000000070f000000| Complete 
| 112|0x000000070f200000, 0x000000070f400000, 0x000000070f400000|100%| E|CS|TAMS 0x000000070f200000, 0x000000070f200000| Complete 
| 113|0x000000070f400000, 0x000000070f600000, 0x000000070f600000|100%| E|CS|TAMS 0x000000070f400000, 0x000000070f400000| Complete 
| 114|0x000000070f600000, 0x000000070f800000, 0x000000070f800000|100%| E|CS|TAMS 0x000000070f600000, 0x000000070f600000| Complete 
| 115|0x000000070f800000, 0x000000070fa00000, 0x000000070fa00000|100%| E|CS|TAMS 0x000000070f800000, 0x000000070f800000| Complete 
| 116|0x000000070fa00000, 0x000000070fc00000, 0x000000070fc00000|100%| E|CS|TAMS 0x000000070fa00000, 0x000000070fa00000| Complete 
| 117|0x000000070fc00000, 0x000000070fe00000, 0x000000070fe00000|100%| E|CS|TAMS 0x000000070fc00000, 0x000000070fc00000| Complete 
| 118|0x000000070fe00000, 0x0000000710000000, 0x0000000710000000|100%| E|CS|TAMS 0x000000070fe00000, 0x000000070fe00000| Complete 
| 158|0x0000000714e00000, 0x0000000715000000, 0x0000000715000000|100%| E|CS|TAMS 0x0000000714e00000, 0x0000000714e00000| Complete 
| 159|0x0000000715000000, 0x0000000715200000, 0x0000000715200000|100%| E|CS|TAMS 0x0000000715000000, 0x0000000715000000| Complete 
| 160|0x0000000715200000, 0x0000000715400000, 0x0000000715400000|100%| E|CS|TAMS 0x0000000715200000, 0x0000000715200000| Complete 
| 161|0x0000000715400000, 0x0000000715600000, 0x0000000715600000|100%| E|CS|TAMS 0x0000000715400000, 0x0000000715400000| Complete 
| 162|0x0000000715600000, 0x0000000715800000, 0x0000000715800000|100%| E|CS|TAMS 0x0000000715600000, 0x0000000715600000| Complete 
| 163|0x0000000715800000, 0x0000000715a00000, 0x0000000715a00000|100%| E|CS|TAMS 0x0000000715800000, 0x0000000715800000| Complete 
| 164|0x0000000715a00000, 0x0000000715c00000, 0x0000000715c00000|100%| E|CS|TAMS 0x0000000715a00000, 0x0000000715a00000| Complete 
| 165|0x0000000715c00000, 0x0000000715e00000, 0x0000000715e00000|100%| E|CS|TAMS 0x0000000715c00000, 0x0000000715c00000| Complete 
| 188|0x0000000718a00000, 0x0000000718c00000, 0x0000000718c00000|100%| E|CS|TAMS 0x0000000718a00000, 0x0000000718a00000| Complete 
| 189|0x0000000718c00000, 0x0000000718e00000, 0x0000000718e00000|100%| E|  |TAMS 0x0000000718c00000, 0x0000000718c00000| Complete 
| 190|0x0000000718e00000, 0x0000000719000000, 0x0000000719000000|100%| E|CS|TAMS 0x0000000718e00000, 0x0000000718e00000| Complete 
| 191|0x0000000719000000, 0x0000000719200000, 0x0000000719200000|100%| E|CS|TAMS 0x0000000719000000, 0x0000000719000000| Complete 
| 192|0x0000000719200000, 0x0000000719400000, 0x0000000719400000|100%| E|CS|TAMS 0x0000000719200000, 0x0000000719200000| Complete 
| 193|0x0000000719400000, 0x0000000719600000, 0x0000000719600000|100%| E|CS|TAMS 0x0000000719400000, 0x0000000719400000| Complete 
| 194|0x0000000719600000, 0x0000000719800000, 0x0000000719800000|100%| E|CS|TAMS 0x0000000719600000, 0x0000000719600000| Complete 
| 195|0x0000000719800000, 0x0000000719a00000, 0x0000000719a00000|100%| E|CS|TAMS 0x0000000719800000, 0x0000000719800000| Complete 
| 196|0x0000000719a00000, 0x0000000719c00000, 0x0000000719c00000|100%| E|CS|TAMS 0x0000000719a00000, 0x0000000719a00000| Complete 
| 197|0x0000000719c00000, 0x0000000719e00000, 0x0000000719e00000|100%| E|CS|TAMS 0x0000000719c00000, 0x0000000719c00000| Complete 

Card table byte_map: [0x0000026550c20000,0x0000026551420000] _byte_map_base: 0x000002654d417000

Marking Bits (Prev, Next): (CMBitMap*) 0x000002654585c790, (CMBitMap*) 0x000002654585c7d0
 Prev Bits: [0x0000026551c20000, 0x0000026555bd8000)
 Next Bits: [0x0000026555be0000, 0x0000026559b98000)

Polling page: 0x0000026543750000

Metaspace:

Usage:
  Non-class:     71.91 MB used.
      Class:     11.98 MB used.
       Both:     83.89 MB used.

Virtual space:
  Non-class space:      128.00 MB reserved,      72.31 MB ( 56%) committed,  2 nodes.
      Class space:        1.00 GB reserved,      12.31 MB (  1%) committed,  1 nodes.
             Both:        1.12 GB reserved,      84.62 MB (  7%) committed. 

Chunk freelists:
   Non-Class:  7.02 MB
       Class:  3.69 MB
        Both:  10.70 MB

MaxMetaspaceSize: unlimited
CompressedClassSpaceSize: 1.00 GB
Initial GC threshold: 21.00 MB
Current GC threshold: 123.44 MB
CDS: on
MetaspaceReclaimPolicy: balanced
 - commit_granule_bytes: 65536.
 - commit_granule_words: 8192.
 - virtual_space_node_default_size: 8388608.
 - enlarge_chunks_in_place: 1.
 - new_chunks_are_fully_committed: 0.
 - uncommit_free_chunks: 1.
 - use_allocation_guard: 0.
 - handle_deallocations: 1.


Internal statistics:

num_allocs_failed_limit: 161.
num_arena_births: 1242.
num_arena_deaths: 0.
num_vsnodes_births: 3.
num_vsnodes_deaths: 0.
num_space_committed: 1352.
num_space_uncommitted: 0.
num_chunks_returned_to_freelist: 161.
num_chunks_taken_from_freelist: 4865.
num_chunk_merges: 161.
num_chunk_splits: 3381.
num_chunks_enlarged: 2153.
num_inconsistent_stats: 0.

CodeCache: size=49152Kb used=16438Kb max_used=18122Kb free=32713Kb
 bounds [0x000002654d310000, 0x000002654e4d0000, 0x0000026550310000]
 total_blobs=9513 nmethods=8762 adapters=677
 compilation: enabled
              stopped_count=0, restarted_count=0
 full_count=0

Compilation events (20 events):
Event: 11.162 Thread 0x000002655c8ea240 nmethod 8942 0x000002654e4bf390 code [0x000002654e4bf520, 0x000002654e4bf5d8]
Event: 11.212 Thread 0x000002655c8ea240 8943   !   1       jdk.proxy1.$Proxy0::annotationType (29 bytes)
Event: 11.213 Thread 0x000002655c8ea240 nmethod 8943 0x000002654e4bf990 code [0x000002654e4bfb60, 0x000002654e4bfdb8]
Event: 11.225 Thread 0x000002655c8ea240 8950       1       java.lang.StackStreamFactory$AbstractStackWalker::hasNext (13 bytes)
Event: 11.225 Thread 0x000002655c8e1d30 8951       1       java.lang.StackStreamFactory$FrameBuffer::getIndex (5 bytes)
Event: 11.225 Thread 0x0000026561443310 8952       1       java.lang.StackStreamFactory$AbstractStackWalker::checkState (163 bytes)
Event: 11.226 Thread 0x000002655c8e1d30 nmethod 8951 0x000002654e4c1110 code [0x000002654e4c12a0, 0x000002654e4c1378]
Event: 11.226 Thread 0x000002655c8ea240 nmethod 8950 0x000002654e4c1410 code [0x000002654e4c15a0, 0x000002654e4c16a8]
Event: 11.227 Thread 0x0000026561443310 nmethod 8952 0x000002654e4c1710 code [0x000002654e4c1980, 0x000002654e4c2108]
Event: 11.228 Thread 0x0000026561443310 8953  s    1       java.lang.StringBuffer::append (13 bytes)
Event: 11.228 Thread 0x0000026561443310 nmethod 8953 0x000002654e4c2510 code [0x000002654e4c26a0, 0x000002654e4c2868]
Event: 18.198 Thread 0x000002655c8e1d30 8955   !   1       jdk.internal.loader.URLClassPath::checkURL (16 bytes)
Event: 18.199 Thread 0x000002655c8e1d30 nmethod 8955 0x000002654d6fd690 code [0x000002654d6fd820, 0x000002654d6fd948]
Event: 38.530 Thread 0x000002655c7f6120 8956       1       org.jboss.threads.JDKSpecific::onSpinWait (4 bytes)
Event: 38.530 Thread 0x000002655c7f6120 nmethod 8956 0x000002654d6fd390 code [0x000002654d6fd520, 0x000002654d6fd5b8]
Event: 46.626 Thread 0x000002655c7f6120 8957       1       java.util.concurrent.TimeUnit::toNanos (45 bytes)
Event: 46.627 Thread 0x000002655c7f6120 nmethod 8957 0x000002654d6fcf90 code [0x000002654d6fd140, 0x000002654d6fd2d8]
Event: 52.628 Thread 0x000002655c7f6120 8958       1       java.util.WeakHashMap$Entry::getValue (5 bytes)
Event: 52.628 Thread 0x000002655c7f6120 nmethod 8958 0x000002654d6fcc90 code [0x000002654d6fce20, 0x000002654d6fcef8]
Event: 66.681 Thread 0x000002655c7f6120 8959   !   1       java.lang.ThreadGroup::remove (94 bytes)

GC Heap History (20 events):
Event: 1.680 GC heap before
{Heap before GC invocations=3 (full 0):
 garbage-first heap   total 262144K, used 78399K [0x0000000701200000, 0x0000000800000000)
  region size 2048K, 25 young (51200K), 2 survivors (4096K)
 Metaspace       used 5082K, committed 5376K, reserved 1114112K
  class space    used 622K, committed 768K, reserved 1048576K
}
Event: 1.714 GC heap after
{Heap after GC invocations=4 (full 0):
 garbage-first heap   total 262144K, used 46203K [0x0000000701200000, 0x0000000800000000)
  region size 2048K, 4 young (8192K), 4 survivors (8192K)
 Metaspace       used 5082K, committed 5376K, reserved 1114112K
  class space    used 622K, committed 768K, reserved 1048576K
}
Event: 2.064 GC heap before
{Heap before GC invocations=4 (full 0):
 garbage-first heap   total 262144K, used 60539K [0x0000000701200000, 0x0000000800000000)
  region size 2048K, 11 young (22528K), 4 survivors (8192K)
 Metaspace       used 6586K, committed 6848K, reserved 1114112K
  class space    used 875K, committed 1024K, reserved 1048576K
}
Event: 2.076 GC heap after
{Heap after GC invocations=5 (full 0):
 garbage-first heap   total 262144K, used 49808K [0x0000000701200000, 0x0000000800000000)
  region size 2048K, 2 young (4096K), 2 survivors (4096K)
 Metaspace       used 6586K, committed 6848K, reserved 1114112K
  class space    used 875K, committed 1024K, reserved 1048576K
}
Event: 3.000 GC heap before
{Heap before GC invocations=5 (full 0):
 garbage-first heap   total 262144K, used 148112K [0x0000000701200000, 0x0000000800000000)
  region size 2048K, 50 young (102400K), 2 survivors (4096K)
 Metaspace       used 16255K, committed 16576K, reserved 1114112K
  class space    used 2218K, committed 2368K, reserved 1048576K
}
Event: 3.013 GC heap after
{Heap after GC invocations=6 (full 0):
 garbage-first heap   total 405504K, used 55870K [0x0000000701200000, 0x0000000800000000)
  region size 2048K, 5 young (10240K), 5 survivors (10240K)
 Metaspace       used 16255K, committed 16576K, reserved 1114112K
  class space    used 2218K, committed 2368K, reserved 1048576K
}
Event: 3.427 GC heap before
{Heap before GC invocations=6 (full 0):
 garbage-first heap   total 405504K, used 119358K [0x0000000701200000, 0x0000000800000000)
  region size 2048K, 37 young (75776K), 5 survivors (10240K)
 Metaspace       used 21137K, committed 21504K, reserved 1114112K
  class space    used 2851K, committed 3072K, reserved 1048576K
}
Event: 3.445 GC heap after
{Heap after GC invocations=7 (full 0):
 garbage-first heap   total 405504K, used 62910K [0x0000000701200000, 0x0000000800000000)
  region size 2048K, 8 young (16384K), 8 survivors (16384K)
 Metaspace       used 21137K, committed 21504K, reserved 1114112K
  class space    used 2851K, committed 3072K, reserved 1048576K
}
Event: 4.635 GC heap before
{Heap before GC invocations=8 (full 0):
 garbage-first heap   total 280576K, used 230846K [0x0000000701200000, 0x0000000800000000)
  region size 2048K, 92 young (188416K), 8 survivors (16384K)
 Metaspace       used 33253K, committed 33792K, reserved 1114112K
  class space    used 4539K, committed 4800K, reserved 1048576K
}
Event: 4.658 GC heap after
{Heap after GC invocations=9 (full 0):
 garbage-first heap   total 280576K, used 68885K [0x0000000701200000, 0x0000000800000000)
  region size 2048K, 11 young (22528K), 11 survivors (22528K)
 Metaspace       used 33253K, committed 33792K, reserved 1114112K
  class space    used 4539K, committed 4800K, reserved 1048576K
}
Event: 4.677 GC heap before
{Heap before GC invocations=9 (full 0):
 garbage-first heap   total 280576K, used 70933K [0x0000000701200000, 0x0000000800000000)
  region size 2048K, 12 young (24576K), 11 survivors (22528K)
 Metaspace       used 33349K, committed 33920K, reserved 1114112K
  class space    used 4563K, committed 4864K, reserved 1048576K
}
Event: 4.703 GC heap after
{Heap after GC invocations=10 (full 0):
 garbage-first heap   total 280576K, used 69194K [0x0000000701200000, 0x0000000800000000)
  region size 2048K, 2 young (4096K), 2 survivors (4096K)
 Metaspace       used 33349K, committed 33920K, reserved 1114112K
  class space    used 4563K, committed 4864K, reserved 1048576K
}
Event: 5.041 GC heap before
{Heap before GC invocations=10 (full 0):
 garbage-first heap   total 280576K, used 138826K [0x0000000701200000, 0x0000000800000000)
  region size 2048K, 37 young (75776K), 2 survivors (4096K)
 Metaspace       used 36728K, committed 37248K, reserved 1114112K
  class space    used 5205K, committed 5504K, reserved 1048576K
}
Event: 5.048 GC heap after
{Heap after GC invocations=11 (full 0):
 garbage-first heap   total 280576K, used 69130K [0x0000000701200000, 0x0000000800000000)
  region size 2048K, 2 young (4096K), 2 survivors (4096K)
 Metaspace       used 36728K, committed 37248K, reserved 1114112K
  class space    used 5205K, committed 5504K, reserved 1048576K
}
Event: 5.841 GC heap before
{Heap before GC invocations=12 (full 0):
 garbage-first heap   total 280576K, used 210442K [0x0000000701200000, 0x0000000800000000)
  region size 2048K, 71 young (145408K), 2 survivors (4096K)
 Metaspace       used 43151K, committed 43712K, reserved 1114112K
  class space    used 6437K, committed 6720K, reserved 1048576K
}
Event: 5.850 GC heap after
{Heap after GC invocations=13 (full 0):
 garbage-first heap   total 280576K, used 80050K [0x0000000701200000, 0x0000000800000000)
  region size 2048K, 6 young (12288K), 6 survivors (12288K)
 Metaspace       used 43151K, committed 43712K, reserved 1114112K
  class space    used 6437K, committed 6720K, reserved 1048576K
}
Event: 7.498 GC heap before
{Heap before GC invocations=14 (full 0):
 garbage-first heap   total 280576K, used 231602K [0x0000000701200000, 0x0000000800000000)
  region size 2048K, 73 young (149504K), 6 survivors (12288K)
 Metaspace       used 55139K, committed 56000K, reserved 1114112K
  class space    used 8042K, committed 8448K, reserved 1048576K
}
Event: 7.510 GC heap after
{Heap after GC invocations=15 (full 0):
 garbage-first heap   total 280576K, used 89545K [0x0000000701200000, 0x0000000800000000)
  region size 2048K, 10 young (20480K), 10 survivors (20480K)
 Metaspace       used 55139K, committed 56000K, reserved 1114112K
  class space    used 8042K, committed 8448K, reserved 1048576K
}
Event: 9.354 GC heap before
{Heap before GC invocations=15 (full 0):
 garbage-first heap   total 280576K, used 179657K [0x0000000701200000, 0x0000000800000000)
  region size 2048K, 56 young (114688K), 10 survivors (20480K)
 Metaspace       used 73888K, committed 74688K, reserved 1114112K
  class space    used 10559K, committed 10944K, reserved 1048576K
}
Event: 9.379 GC heap after
{Heap after GC invocations=16 (full 0):
 garbage-first heap   total 280576K, used 94565K [0x0000000701200000, 0x0000000800000000)
  region size 2048K, 3 young (6144K), 3 survivors (6144K)
 Metaspace       used 73888K, committed 74688K, reserved 1114112K
  class space    used 10559K, committed 10944K, reserved 1048576K
}

Dll operation events (14 events):
Event: 0.012 Loaded shared library C:\Program Files\Java\microsoft-jdk-17.0.10-windows-x64\jdk-17.0.10+7\bin\java.dll
Event: 0.030 Loaded shared library C:\Program Files\Java\microsoft-jdk-17.0.10-windows-x64\jdk-17.0.10+7\bin\jsvml.dll
Event: 0.081 Loaded shared library C:\Program Files\Java\microsoft-jdk-17.0.10-windows-x64\jdk-17.0.10+7\bin\zip.dll
Event: 0.083 Loaded shared library C:\Program Files\Java\microsoft-jdk-17.0.10-windows-x64\jdk-17.0.10+7\bin\instrument.dll
Event: 0.089 Loaded shared library C:\Program Files\Java\microsoft-jdk-17.0.10-windows-x64\jdk-17.0.10+7\bin\net.dll
Event: 0.091 Loaded shared library C:\Program Files\Java\microsoft-jdk-17.0.10-windows-x64\jdk-17.0.10+7\bin\nio.dll
Event: 0.093 Loaded shared library C:\Program Files\Java\microsoft-jdk-17.0.10-windows-x64\jdk-17.0.10+7\bin\zip.dll
Event: 0.183 Loaded shared library C:\Program Files\Java\microsoft-jdk-17.0.10-windows-x64\jdk-17.0.10+7\bin\jimage.dll
Event: 1.786 Loaded shared library C:\Program Files\Java\microsoft-jdk-17.0.10-windows-x64\jdk-17.0.10+7\bin\verify.dll
Event: 3.334 Loaded shared library C:\Program Files\Java\microsoft-jdk-17.0.10-windows-x64\jdk-17.0.10+7\bin\management.dll
Event: 3.343 Loaded shared library C:\Program Files\Java\microsoft-jdk-17.0.10-windows-x64\jdk-17.0.10+7\bin\management_ext.dll
Event: 3.355 Loaded shared library C:\Users\Andriary\AppData\Local\Temp\jansi-2.4.0-d9bbdb94864ac61d-jansi.dll
Event: 8.662 Loaded shared library C:\Program Files\Java\microsoft-jdk-17.0.10-windows-x64\jdk-17.0.10+7\bin\sunmscapi.dll
Event: 8.718 Loaded shared library C:\Program Files\Java\microsoft-jdk-17.0.10-windows-x64\jdk-17.0.10+7\bin\extnet.dll

Deoptimization events (20 events):
Event: 11.072 Thread 0x00000265635c8140 DEOPT PACKING pc=0x000002654d706af4 sp=0x0000008434dfc6c0
Event: 11.072 Thread 0x00000265635c8140 DEOPT UNPACKING pc=0x000002654d367143 sp=0x0000008434dfbb58 mode 1
Event: 11.072 Thread 0x00000265635c8140 DEOPT PACKING pc=0x000002654d70617c sp=0x0000008434dfc790
Event: 11.072 Thread 0x00000265635c8140 DEOPT UNPACKING pc=0x000002654d367143 sp=0x0000008434dfbc38 mode 1
Event: 11.072 Thread 0x00000265635c8140 DEOPT PACKING pc=0x000002654e327f24 sp=0x0000008434dfc7e0
Event: 11.072 Thread 0x00000265635c8140 DEOPT UNPACKING pc=0x000002654d367143 sp=0x0000008434dfbdf0 mode 1
Event: 11.072 Thread 0x00000265635c8140 DEOPT PACKING pc=0x000002654d8964f4 sp=0x0000008434dfca20
Event: 11.072 Thread 0x00000265635c8140 DEOPT UNPACKING pc=0x000002654d367143 sp=0x0000008434dfbed8 mode 1
Event: 11.072 Thread 0x00000265635c8140 DEOPT PACKING pc=0x000002654db50d24 sp=0x0000008434dfd400
Event: 11.072 Thread 0x00000265635c8140 DEOPT UNPACKING pc=0x000002654d367143 sp=0x0000008434dfc8d0 mode 1
Event: 11.072 Thread 0x00000265635c8140 DEOPT PACKING pc=0x000002654d706af4 sp=0x0000008434dfc6c0
Event: 11.072 Thread 0x00000265635c8140 DEOPT UNPACKING pc=0x000002654d367143 sp=0x0000008434dfbb58 mode 1
Event: 11.072 Thread 0x00000265635c8140 DEOPT PACKING pc=0x000002654d70617c sp=0x0000008434dfc790
Event: 11.072 Thread 0x00000265635c8140 DEOPT UNPACKING pc=0x000002654d367143 sp=0x0000008434dfbc38 mode 1
Event: 11.072 Thread 0x00000265635c8140 DEOPT PACKING pc=0x000002654e327f24 sp=0x0000008434dfc7e0
Event: 11.072 Thread 0x00000265635c8140 DEOPT UNPACKING pc=0x000002654d367143 sp=0x0000008434dfbdf0 mode 1
Event: 11.072 Thread 0x00000265635c8140 DEOPT PACKING pc=0x000002654d8964f4 sp=0x0000008434dfca20
Event: 11.072 Thread 0x00000265635c8140 DEOPT UNPACKING pc=0x000002654d367143 sp=0x0000008434dfbed8 mode 1
Event: 11.072 Thread 0x00000265635c8140 DEOPT PACKING pc=0x000002654db50d24 sp=0x0000008434dfd400
Event: 11.072 Thread 0x00000265635c8140 DEOPT UNPACKING pc=0x000002654d367143 sp=0x0000008434dfc8d0 mode 1

Classes unloaded (0 events):
No events

Classes redefined (0 events):
No events

Internal exceptions (20 events):
Event: 10.016 Thread 0x00000265635cd240 Exception <a 'java/lang/NoSuchMethodError'{0x00000007157ce858}: 'java.lang.Object java.lang.invoke.DirectMethodHandle$Holder.invokeSpecial(java.lang.Object, java.lang.Object, java.lang.Object, java.lang.Object, java.lang.Object, java.lang.Object, java.lang.Object, java.lang.Object, int)'> (0x00000007157ce858) 
thrown [s\src\hotspot\share\interpreter\linkResolver.cpp, line 759]
Event: 10.016 Thread 0x00000265635cd240 Exception <a 'java/lang/NoSuchMethodError'{0x00000007157d3320}: 'java.lang.Object java.lang.invoke.Invokers$Holder.linkToTargetMethod(java.lang.Object, java.lang.Object, java.lang.Object, java.lang.Object, java.lang.Object, java.lang.Object, int, java.lang.Object)'> (0x00000007157d3320) 
thrown [s\src\hotspot\share\interpreter\linkResolver.cpp, line 759]
Event: 10.101 Thread 0x00000265635cd240 Exception <a 'java/lang/NoSuchMethodError'{0x00000007153d6af0}: 'void java.lang.invoke.DirectMethodHandle$Holder.invokeStatic(java.lang.Object, java.lang.Object, java.lang.Object, java.lang.Object, java.lang.Object, java.lang.Object, java.lang.Object, java.lang.Object, java.lang.Object)'> (0x00000007153d6af0) 
thrown [s\src\hotspot\share\interpreter\linkResolver.cpp, line 759]
Event: 10.881 Thread 0x00000265635c8140 Exception <a 'java/lang/NoSuchMethodError'{0x000000070ffac1c0}: 'void java.lang.invoke.DirectMethodHandle$Holder.invokeSpecial(java.lang.Object, java.lang.Object, float)'> (0x000000070ffac1c0) 
thrown [s\src\hotspot\share\interpreter\linkResolver.cpp, line 759]
Event: 10.907 Thread 0x00000265635c8140 Exception <a 'java/lang/IncompatibleClassChangeError'{0x000000070fd16050}: Found class java.lang.Object, but interface was expected> (0x000000070fd16050) 
thrown [s\src\hotspot\share\interpreter\linkResolver.cpp, line 826]
Event: 10.929 Thread 0x00000265635c8140 Exception <a 'java/lang/ClassNotFoundException'{0x000000070fa48db8}: org/quartz/simpl/SimpleInstanceIdGeneratorBeanInfo> (0x000000070fa48db8) 
thrown [s\src\hotspot\share\classfile\systemDictionary.cpp, line 256]
Event: 10.929 Thread 0x00000265635c8140 Exception <a 'java/lang/ClassNotFoundException'{0x000000070fa49ab0}: java/lang/ObjectBeanInfo> (0x000000070fa49ab0) 
thrown [s\src\hotspot\share\classfile\systemDictionary.cpp, line 256]
Event: 10.929 Thread 0x00000265635c8140 Exception <a 'java/lang/ClassNotFoundException'{0x000000070fa4a780}: java/lang/ObjectCustomizer> (0x000000070fa4a780) 
thrown [s\src\hotspot\share\classfile\systemDictionary.cpp, line 256]
Event: 10.931 Thread 0x00000265635c8140 Exception <a 'java/lang/ClassNotFoundException'{0x000000070fa535c0}: org/quartz/simpl/SimpleInstanceIdGeneratorCustomizer> (0x000000070fa535c0) 
thrown [s\src\hotspot\share\classfile\systemDictionary.cpp, line 256]
Event: 10.933 Thread 0x00000265635c8140 Exception <a 'java/lang/ClassNotFoundException'{0x000000070fa6a940}: org/quartz/simpl/SimpleThreadPoolBeanInfo> (0x000000070fa6a940) 
thrown [s\src\hotspot\share\classfile\systemDictionary.cpp, line 256]
Event: 10.934 Thread 0x00000265635c8140 Exception <a 'java/lang/ClassNotFoundException'{0x000000070fa6fda0}: org/quartz/simpl/SimpleThreadPoolCustomizer> (0x000000070fa6fda0) 
thrown [s\src\hotspot\share\classfile\systemDictionary.cpp, line 256]
Event: 10.945 Thread 0x00000265635c8140 Exception <a 'java/lang/ClassNotFoundException'{0x000000070fafaa78}: org/quartz/simpl/RAMJobStoreBeanInfo> (0x000000070fafaa78) 
thrown [s\src\hotspot\share\classfile\systemDictionary.cpp, line 256]
Event: 10.946 Thread 0x00000265635c8140 Exception <a 'java/lang/ClassNotFoundException'{0x000000070faffde8}: org/quartz/simpl/RAMJobStoreCustomizer> (0x000000070faffde8) 
thrown [s\src\hotspot\share\classfile\systemDictionary.cpp, line 256]
Event: 11.039 Thread 0x00000265635c8140 Exception <a 'java/lang/IncompatibleClassChangeError'{0x000000070f69a330}: Found class java.lang.Object, but interface was expected> (0x000000070f69a330) 
thrown [s\src\hotspot\share\interpreter\linkResolver.cpp, line 826]
Event: 11.042 Thread 0x00000265635c8140 Exception <a 'java/lang/IncompatibleClassChangeError'{0x000000070f6c84c0}: Found class java.lang.Object, but interface was expected> (0x000000070f6c84c0) 
thrown [s\src\hotspot\share\interpreter\linkResolver.cpp, line 826]
Event: 11.076 Thread 0x00000265635c8140 Exception <a 'java/lang/NoSuchMethodError'{0x000000070f43acb0}: 'void java.lang.invoke.DirectMethodHandle$Holder.invokeSpecialIFC(java.lang.Object, java.lang.Object, java.lang.Object)'> (0x000000070f43acb0) 
thrown [s\src\hotspot\share\interpreter\linkResolver.cpp, line 759]
Event: 11.130 Thread 0x0000026562e07090 Exception <a 'java/lang/NoSuchMethodError'{0x000000070f3225e0}: 'java.lang.Object java.lang.invoke.DirectMethodHandle$Holder.invokeStatic(java.lang.Object, long, java.lang.Object)'> (0x000000070f3225e0) 
thrown [s\src\hotspot\share\interpreter\linkResolver.cpp, line 759]
Event: 11.217 Thread 0x0000026562e07090 Exception <a 'java/lang/NoSuchMethodError'{0x000000070ec71158}: 'java.lang.Object java.lang.invoke.DirectMethodHandle$Holder.newInvokeSpecial(java.lang.Object, java.lang.Object, int, java.lang.Object, java.lang.Object)'> (0x000000070ec71158) 
thrown [s\src\hotspot\share\interpreter\linkResolver.cpp, line 759]
Event: 11.217 Thread 0x0000026562e07090 Exception <a 'java/lang/NoSuchMethodError'{0x000000070ec78790}: 'java.lang.Object java.lang.invoke.Invokers$Holder.linkToTargetMethod(java.lang.Object, int, java.lang.Object, java.lang.Object, java.lang.Object)'> (0x000000070ec78790) 
thrown [s\src\hotspot\share\interpreter\linkResolver.cpp, line 759]
Event: 11.235 Thread 0x00000265457f2650 Exception <a 'java/lang/IncompatibleClassChangeError'{0x000000070eccbc68}: Found class java.lang.Object, but interface was expected> (0x000000070eccbc68) 
thrown [s\src\hotspot\share\interpreter\linkResolver.cpp, line 826]

VM Operations (20 events):
Event: 9.465 Executing VM operation: CollectForMetadataAllocation
Event: 9.465 Executing VM operation: CollectForMetadataAllocation done
Event: 9.482 Executing VM operation: CollectForMetadataAllocation
Event: 9.482 Executing VM operation: CollectForMetadataAllocation done
Event: 9.501 Executing VM operation: G1PauseRemark
Event: 9.509 Executing VM operation: G1PauseRemark done
Event: 9.563 Executing VM operation: G1PauseCleanup
Event: 9.563 Executing VM operation: G1PauseCleanup done
Event: 9.906 Executing VM operation: HandshakeAllThreads
Event: 9.906 Executing VM operation: HandshakeAllThreads done
Event: 10.766 Executing VM operation: HandshakeAllThreads
Event: 10.766 Executing VM operation: HandshakeAllThreads done
Event: 10.766 Executing VM operation: Cleanup
Event: 10.766 Executing VM operation: Cleanup done
Event: 11.221 Executing VM operation: HandshakeAllThreads
Event: 11.221 Executing VM operation: HandshakeAllThreads done
Event: 12.221 Executing VM operation: Cleanup
Event: 12.221 Executing VM operation: Cleanup done
Event: 60.071 Executing VM operation: HandshakeAllThreads
Event: 60.071 Executing VM operation: HandshakeAllThreads done

Events (20 events):
Event: 11.206 loading class sun/nio/ch/DummySocketImpl
Event: 11.206 loading class sun/nio/ch/DummySocketImpl done
Event: 11.211 loading class sun/nio/ch/ServerSocketChannelImpl$DefaultOptionsHolder
Event: 11.211 loading class sun/nio/ch/ServerSocketChannelImpl$DefaultOptionsHolder done
Event: 11.214 Thread 0x0000026562e01060 Thread added: 0x0000026562e01060
Event: 11.215 loading class sun/nio/ch/SelectionKeyImpl
Event: 11.215 loading class java/nio/channels/spi/AbstractSelectionKey
Event: 11.215 loading class java/nio/channels/spi/AbstractSelectionKey done
Event: 11.215 loading class sun/nio/ch/SelectionKeyImpl done
Event: 11.220 loading class java/nio/channels/spi/AbstractSelector$1
Event: 11.220 loading class java/nio/channels/spi/AbstractSelector$1 done
Event: 11.221 Thread 0x0000026562e033d0 Thread added: 0x0000026562e033d0
Event: 11.223 loading class java/math/BigDecimal$StringBuilderHelper
Event: 11.223 loading class java/math/BigDecimal$StringBuilderHelper done
Event: 11.236 Thread 0x00000265457f2650 Thread exited: 0x00000265457f2650
Event: 11.236 Thread 0x0000026562e04300 Thread added: 0x0000026562e04300
Event: 16.228 Thread 0x0000026561443310 Thread exited: 0x0000026561443310
Event: 18.199 Thread 0x000002655c8ea240 Thread exited: 0x000002655c8ea240
Event: 23.199 Thread 0x000002655c8e1d30 Thread exited: 0x000002655c8e1d30
Event: 66.681 Thread 0x00000265635ccd30 Thread exited: 0x00000265635ccd30


Dynamic libraries:
0x00007ff6f9b90000 - 0x00007ff6f9b9e000 	C:\Program Files\Java\microsoft-jdk-17.0.10-windows-x64\jdk-17.0.10+7\bin\java.EXE
0x00007ffe87b70000 - 0x00007ffe87d68000 	C:\Windows\SYSTEM32\ntdll.dll
0x00007ffe85c50000 - 0x00007ffe85d0d000 	C:\Windows\System32\KERNEL32.DLL
0x00007ffe85530000 - 0x00007ffe85826000 	C:\Windows\System32\KERNELBASE.dll
0x00007ffe85430000 - 0x00007ffe85530000 	C:\Windows\System32\ucrtbase.dll
0x00007ffe84770000 - 0x00007ffe84787000 	C:\Program Files\Java\microsoft-jdk-17.0.10-windows-x64\jdk-17.0.10+7\bin\jli.dll
0x00007ffe84790000 - 0x00007ffe847ab000 	C:\Program Files\Java\microsoft-jdk-17.0.10-windows-x64\jdk-17.0.10+7\bin\VCRUNTIME140.dll
0x00007ffe87380000 - 0x00007ffe8751e000 	C:\Windows\System32\USER32.dll
0x00007ffe85b70000 - 0x00007ffe85b92000 	C:\Windows\System32\win32u.dll
0x00007ffe76bf0000 - 0x00007ffe76e8a000 	C:\Windows\WinSxS\amd64_microsoft.windows.common-controls_6595b64144ccf1df_6.0.19041.3636_none_60b6a03d71f818d5\COMCTL32.dll
0x00007ffe86e50000 - 0x00007ffe86e7b000 	C:\Windows\System32\GDI32.dll
0x00007ffe86e80000 - 0x00007ffe86f1e000 	C:\Windows\System32\msvcrt.dll
0x00007ffe85310000 - 0x00007ffe85427000 	C:\Windows\System32\gdi32full.dll
0x00007ffe85270000 - 0x00007ffe8530d000 	C:\Windows\System32\msvcp_win.dll
0x00007ffe87af0000 - 0x00007ffe87b22000 	C:\Windows\System32\IMM32.DLL
0x00007ffe84760000 - 0x00007ffe8476c000 	C:\Program Files\Java\microsoft-jdk-17.0.10-windows-x64\jdk-17.0.10+7\bin\vcruntime140_1.dll
0x00007ffe351c0000 - 0x00007ffe3524d000 	C:\Program Files\Java\microsoft-jdk-17.0.10-windows-x64\jdk-17.0.10+7\bin\msvcp140.dll
0x00007ffe26980000 - 0x00007ffe275e5000 	C:\Program Files\Java\microsoft-jdk-17.0.10-windows-x64\jdk-17.0.10+7\bin\server\jvm.dll
0x00007ffe86da0000 - 0x00007ffe86e50000 	C:\Windows\System32\ADVAPI32.dll
0x00007ffe85bb0000 - 0x00007ffe85c50000 	C:\Windows\System32\sechost.dll
0x00007ffe85dc0000 - 0x00007ffe85ee5000 	C:\Windows\System32\RPCRT4.dll
0x00007ffe85a90000 - 0x00007ffe85ab7000 	C:\Windows\System32\bcrypt.dll
0x00007ffe71340000 - 0x00007ffe71349000 	C:\Windows\SYSTEM32\WSOCK32.dll
0x00007ffe846c0000 - 0x00007ffe846e7000 	C:\Windows\SYSTEM32\WINMM.dll
0x00007ffe84e20000 - 0x00007ffe84e6b000 	C:\Windows\SYSTEM32\POWRPROF.dll
0x00007ffe87030000 - 0x00007ffe8709b000 	C:\Windows\System32\WS2_32.dll
0x00007ffe7d140000 - 0x00007ffe7d14a000 	C:\Windows\SYSTEM32\VERSION.dll
0x00007ffe84890000 - 0x00007ffe848a2000 	C:\Windows\SYSTEM32\UMPDC.dll
0x00007ffe82c50000 - 0x00007ffe82c62000 	C:\Windows\SYSTEM32\kernel.appcore.dll
0x00007ffe78770000 - 0x00007ffe7877a000 	C:\Program Files\Java\microsoft-jdk-17.0.10-windows-x64\jdk-17.0.10+7\bin\jimage.dll
0x00007ffe84c30000 - 0x00007ffe84e14000 	C:\Windows\SYSTEM32\DBGHELP.DLL
0x00007ffe849c0000 - 0x00007ffe849f4000 	C:\Windows\SYSTEM32\dbgcore.DLL
0x00007ffe85a00000 - 0x00007ffe85a82000 	C:\Windows\System32\bcryptPrimitives.dll
0x00007ffe67420000 - 0x00007ffe6742e000 	C:\Program Files\Java\microsoft-jdk-17.0.10-windows-x64\jdk-17.0.10+7\bin\instrument.dll
0x00007ffe6b870000 - 0x00007ffe6b895000 	C:\Program Files\Java\microsoft-jdk-17.0.10-windows-x64\jdk-17.0.10+7\bin\java.dll
0x00007ffe2ef70000 - 0x00007ffe2efab000 	C:\Program Files\Java\microsoft-jdk-17.0.10-windows-x64\jdk-17.0.10+7\bin\jdwp.dll
0x00007ffe350e0000 - 0x00007ffe351b7000 	C:\Program Files\Java\microsoft-jdk-17.0.10-windows-x64\jdk-17.0.10+7\bin\jsvml.dll
0x00007ffe86630000 - 0x00007ffe86d9b000 	C:\Windows\System32\SHELL32.dll
0x00007ffe824b0000 - 0x00007ffe82c4e000 	C:\Windows\SYSTEM32\windows.storage.dll
0x00007ffe85ef0000 - 0x00007ffe86243000 	C:\Windows\System32\combase.dll
0x00007ffe84550000 - 0x00007ffe8457e000 	C:\Windows\SYSTEM32\Wldp.dll
0x00007ffe86f20000 - 0x00007ffe86fed000 	C:\Windows\System32\OLEAUT32.dll
0x00007ffe85d10000 - 0x00007ffe85dbd000 	C:\Windows\System32\SHCORE.dll
0x00007ffe86250000 - 0x00007ffe862a5000 	C:\Windows\System32\shlwapi.dll
0x00007ffe85150000 - 0x00007ffe85175000 	C:\Windows\SYSTEM32\profapi.dll
0x00007ffe6b830000 - 0x00007ffe6b848000 	C:\Program Files\Java\microsoft-jdk-17.0.10-windows-x64\jdk-17.0.10+7\bin\zip.dll
0x00007ffe76710000 - 0x00007ffe76729000 	C:\Program Files\Java\microsoft-jdk-17.0.10-windows-x64\jdk-17.0.10+7\bin\net.dll
0x00007ffe7ce50000 - 0x00007ffe7cf5a000 	C:\Windows\SYSTEM32\WINHTTP.dll
0x00007ffe84420000 - 0x00007ffe8448a000 	C:\Windows\system32\mswsock.dll
0x00007ffe6b850000 - 0x00007ffe6b866000 	C:\Program Files\Java\microsoft-jdk-17.0.10-windows-x64\jdk-17.0.10+7\bin\nio.dll
0x00007ffe67320000 - 0x00007ffe6732c000 	C:\Program Files\Java\microsoft-jdk-17.0.10-windows-x64\jdk-17.0.10+7\bin\dt_socket.dll
0x00007ffe83fa0000 - 0x00007ffe83fdb000 	C:\Windows\SYSTEM32\IPHLPAPI.DLL
0x00007ffe83fe0000 - 0x00007ffe840ab000 	C:\Windows\SYSTEM32\DNSAPI.dll
0x00007ffe87010000 - 0x00007ffe87018000 	C:\Windows\System32\NSI.dll
0x00007ffe7d120000 - 0x00007ffe7d12a000 	C:\Windows\System32\rasadhlp.dll
0x00007ffe754d0000 - 0x00007ffe75550000 	C:\Windows\System32\fwpuclnt.dll
0x00007ffe71a30000 - 0x00007ffe71a40000 	C:\Program Files\Java\microsoft-jdk-17.0.10-windows-x64\jdk-17.0.10+7\bin\verify.dll
0x00007ffe64310000 - 0x00007ffe64319000 	C:\Program Files\Java\microsoft-jdk-17.0.10-windows-x64\jdk-17.0.10+7\bin\management.dll
0x00007ffe634f0000 - 0x00007ffe634fb000 	C:\Program Files\Java\microsoft-jdk-17.0.10-windows-x64\jdk-17.0.10+7\bin\management_ext.dll
0x00007ffe85ba0000 - 0x00007ffe85ba8000 	C:\Windows\System32\PSAPI.DLL
0x0000000069ac0000 - 0x0000000069ae4000 	C:\Users\Andriary\AppData\Local\Temp\jansi-2.4.0-d9bbdb94864ac61d-jansi.dll
0x00007ffe84f90000 - 0x00007ffe84fa8000 	C:\Windows\SYSTEM32\CRYPTSP.dll
0x00007ffe83c40000 - 0x00007ffe83c74000 	C:\Windows\system32\rsaenh.dll
0x00007ffe850d0000 - 0x00007ffe850fe000 	C:\Windows\SYSTEM32\USERENV.dll
0x00007ffe84510000 - 0x00007ffe8451c000 	C:\Windows\SYSTEM32\CRYPTBASE.dll
0x00007ffe7d350000 - 0x00007ffe7d367000 	C:\Windows\SYSTEM32\dhcpcsvc6.DLL
0x00007ffe7d870000 - 0x00007ffe7d88d000 	C:\Windows\SYSTEM32\dhcpcsvc.DLL
0x00007ffe62f30000 - 0x00007ffe62f3e000 	C:\Program Files\Java\microsoft-jdk-17.0.10-windows-x64\jdk-17.0.10+7\bin\sunmscapi.dll
0x00007ffe85830000 - 0x00007ffe8598d000 	C:\Windows\System32\CRYPT32.dll
0x00007ffe845c0000 - 0x00007ffe845e8000 	C:\Windows\SYSTEM32\ncrypt.dll
0x00007ffe84580000 - 0x00007ffe845bb000 	C:\Windows\SYSTEM32\NTASN1.dll
0x00007ffe62a00000 - 0x00007ffe62a07000 	C:\Windows\system32\wshunix.dll
0x00007ffe67a40000 - 0x00007ffe67a49000 	C:\Program Files\Java\microsoft-jdk-17.0.10-windows-x64\jdk-17.0.10+7\bin\extnet.dll

dbghelp: loaded successfully - version: 4.0.5 - missing functions: none
symbol engine: initialized successfully - sym options: 0x614 - pdb path: .;C:\Program Files\Java\microsoft-jdk-17.0.10-windows-x64\jdk-17.0.10+7\bin;C:\Windows\SYSTEM32;C:\Windows\WinSxS\amd64_microsoft.windows.common-controls_6595b64144ccf1df_6.0.19041.3636_none_60b6a03d71f818d5;C:\Program Files\Java\microsoft-jdk-17.0.10-windows-x64\jdk-17.0.10+7\bin\server;C:\Users\Andriary\AppData\Local\Temp

VM Arguments:
jvm_args: -Dquarkus-internal.serialized-app-model.path=D:\app_sms_833\app_sms_back\target\quarkus\bootstrap\dev-app-model.dat -javaagent:C:\Users\Andriary\.m2\repository\io\quarkus\quarkus-class-change-agent\3.8.2\quarkus-class-change-agent-3.8.2.jar -XX:TieredStopAtLevel=1 -agentlib:jdwp=transport=dt_socket,address=localhost:5005,server=y,suspend=n -Djava.util.logging.manager=org.jboss.logmanager.LogManager 
java_command: D:\app_sms_833\app_sms_back\target\app_sms_back-dev.jar
java_class_path (initial): D:\app_sms_833\app_sms_back\target\app_sms_back-dev.jar
Launcher Type: SUN_STANDARD

[Global flags]
     intx CICompilerCount                          = 4                                         {product} {ergonomic}
     uint ConcGCThreads                            = 2                                         {product} {ergonomic}
     uint G1ConcRefinementThreads                  = 8                                         {product} {ergonomic}
   size_t G1HeapRegionSize                         = 2097152                                   {product} {ergonomic}
    uintx GCDrainStackTargetSize                   = 64                                        {product} {ergonomic}
   size_t InitialHeapSize                          = 268435456                                 {product} {ergonomic}
   size_t MarkStackSize                            = 4194304                                   {product} {ergonomic}
   size_t MaxHeapSize                              = 4276092928                                {product} {ergonomic}
   size_t MaxNewSize                               = 2564816896                                {product} {ergonomic}
   size_t MinHeapDeltaBytes                        = 2097152                                   {product} {ergonomic}
   size_t MinHeapSize                              = 8388608                                   {product} {ergonomic}
    uintx NonProfiledCodeHeapSize                  = 0                                      {pd product} {ergonomic}
     bool ProfileInterpreter                       = false                                  {pd product} {command line}
    uintx ProfiledCodeHeapSize                     = 0                                      {pd product} {ergonomic}
   size_t SoftMaxHeapSize                          = 4276092928                             {manageable} {ergonomic}
     intx TieredStopAtLevel                        = 1                                         {product} {command line}
     bool UseCompressedClassPointers               = true                           {product lp64_product} {ergonomic}
     bool UseCompressedOops                        = true                           {product lp64_product} {ergonomic}
     bool UseG1GC                                  = true                                      {product} {ergonomic}
     bool UseLargePagesIndividualAllocation        = false                                  {pd product} {ergonomic}

Logging:
Log output configuration:
 #0: stdout all=warning uptime,level,tags
 #1: stderr all=off uptime,level,tags

Environment Variables:
JAVA_HOME=C:\Program Files\Java\microsoft-jdk-17.0.10-windows-x64\jdk-17.0.10+7
PATH=C:\Program Files\Common Files\Oracle\Java\javapath;C:\Program Files (x86)\Common Files\Oracle\Java\javapath;C:\Windows\system32;C:\Windows;C:\Windows\System32\Wbem;C:\Windows\System32\WindowsPowerShell\v1.0\;C:\Windows\System32\OpenSSH\;C:\Program Files\Git\cmd;C:\Program Files\nodejs\;C:\Program Files\Java\microsoft-jdk-17.0.10-windows-x64\jdk-17.0.10+7;C:\Program Files\Java\microsoft-jdk-17.0.10-windows-x64\jdk-17.0.10+7\bin;C:\Users\Andriary\AppData\Local\Microsoft\WindowsApps;C:\Users\Andriary\AppData\Roaming\npm;C:\Users\Andriary\AppData\Local\Programs\Microsoft VS Code\bin;C:\Program Files\JetBrains\IntelliJ IDEA 2023.3.3\bin;;C:\Program Files\Java\microsoft-jdk-17.0.10-windows-x64\jdk-17.0.10+7;C:\Program Files\Java\microsoft-jdk-17.0.10-windows-x64\jdk-17.0.10+7\bin;C:\Program Files (x86)\Common Files\Oracle\Java\javapath;;C:\Program Files\JetBrains\IntelliJ IDEA Community Edition 2023.3.4\bin;
USERNAME=Andriary
LANG=en_US.UTF-8
OS=Windows_NT
PROCESSOR_IDENTIFIER=Intel64 Family 6 Model 158 Stepping 9, GenuineIntel
TMP=C:\Users\Andriary\AppData\Local\Temp
TEMP=C:\Users\Andriary\AppData\Local\Temp



Periodic native trim disabled


---------------  S Y S T E M  ---------------

OS:
 Windows 10 , 64 bit Build 19041 (10.0.19041.3636)
OS uptime: 0 days 22:26 hours

CPU: total 8 (initial active 8) (4 cores per cpu, 2 threads per core) family 6 model 158 stepping 9 microcode 0xb4, cx8, cmov, fxsr, ht, mmx, 3dnowpref, sse, sse2, sse3, ssse3, sse4.1, sse4.2, popcnt, lzcnt, tsc, tscinvbit, avx, avx2, aes, erms, clmul, bmi1, bmi2, adx, fma, vzeroupper, clflush, clflushopt
Processor Information for all 8 processors :
  Max Mhz: 2801, Current Mhz: 2801, Mhz Limit: 2801

Memory: 4k page, system-wide physical 16304M (8998M free)
TotalPageFile size 19248M (AvailPageFile size 8452M)
current process WorkingSet (physical memory assigned to process): 474M, peak: 475M
current process commit charge ("private bytes"): 528M, peak: 565M

vm_info: OpenJDK 64-Bit Server VM (17.0.10+7-LTS) for windows-amd64 JRE (17.0.10+7-LTS), built on Jan 10 2024 19:47:12 by "MicrosoftCorporation" with MS VC++ 16.10 / 16.11 (VS2019)

END.
