#
# A fatal error has been detected by the Java Runtime Environment:
#
#  EXCEPTION_ACCESS_VIOLATION (0xc0000005) at pc=0x00007ffaf88ea582, pid=3632, tid=8964
#
# JRE version: OpenJDK Runtime Environment Microsoft-8902769 (17.0.10+7) (build 17.0.10+7-LTS)
# Java VM: OpenJDK 64-Bit Server VM Microsoft-8902769 (17.0.10+7-LTS, mixed mode, sharing, tiered, compressed oops, compressed class ptrs, g1 gc, windows-amd64)
# Problematic frame:
# V  [jvm.dll+0x7a582]
#
# No core dump will be written. Minidumps are not enabled by default on client versions of Windows
#
# If you would like to submit a bug report, please visit:
#   https://github.com/microsoft/openjdk/issues
#

---------------  S U M M A R Y ------------

Command Line: -Dmaven.multiModuleProjectDirectory=D:\app_sms_833\app_sms_back org.apache.maven.wrapper.MavenWrapperMain quarkus:dev

Host: Intel(R) Core(TM) i7-7700HQ CPU @ 2.80GHz, 8 cores, 15G,  Windows 10 , 64 bit Build 19041 (10.0.19041.3636)
Time: Thu Apr  4 09:16:17 2024 Afrique de l, 64 bit Build 19041 (10.0.19041.3636) elapsed time: 4.090870 seconds (0d 0h 0m 4s)

---------------  T H R E A D  ---------------

Current thread (0x0000016f285a6050):  JavaThread "C2 CompilerThread1" daemon [_thread_in_native, id=8964, stack(0x0000005501c00000,0x0000005501d00000)]


Current CompileTask:
C2:   4091 4760       4       org.codehaus.plexus.interpolation.PrefixedValueSourceWrapper::getValue (39 bytes)

Stack: [0x0000005501c00000,0x0000005501d00000],  sp=0x0000005501cfba80,  free space=1006k
Native frames: (J=compiled Java code, j=interpreted, Vv=VM code, C=native code)
V  [jvm.dll+0x7a582]
V  [jvm.dll+0x65d53e]
V  [jvm.dll+0x60b2a3]
V  [jvm.dll+0x610c5b]
V  [jvm.dll+0x611a32]
V  [jvm.dll+0x60ff84]
V  [jvm.dll+0x21a278]
V  [jvm.dll+0x219821]
V  [jvm.dll+0x1a5176]
V  [jvm.dll+0x22957e]
V  [jvm.dll+0x22774c]
V  [jvm.dll+0x7ec5d7]
V  [jvm.dll+0x7e69da]
V  [jvm.dll+0x67e715]
C  [ucrtbase.dll+0x21bb2]
C  [KERNEL32.DLL+0x17344]
C  [ntdll.dll+0x526b1]


siginfo: EXCEPTION_ACCESS_VIOLATION (0xc0000005), writing address 0x0000016f2f47f638


Registers:
RAX=0x0000000000000001, RBX=0x0000016f2b47f428, RCX=0x0000016f2f47f630, RDX=0x0000016f2b09e5a0
RSP=0x0000005501cfba80, RBP=0x0000005501cfc000, RSI=0x0000000000000001, RDI=0x0000016f2b09e5a0
R8 =0x0000000000000000, R9 =0x0000016f2b09e610, R10=0x0000016f2b09e618, R11=0x0000000000000000
R12=0x0000005501cfbbe0, R13=0x0000016f287f6900, R14=0x0000000000000218, R15=0x0000016f2b47f588
RIP=0x00007ffaf88ea582, EFLAGS=0x0000000000010293


Register to memory mapping:

RIP=0x00007ffaf88ea582 jvm.dll
RAX=0x0000000000000001 is an unknown value
RBX=0x0000016f2b47f428 points into unknown readable memory: 0x00007ffaf920e8b8 | b8 e8 20 f9 fa 7f 00 00
RCX=0x0000016f2f47f630 is an unknown value
RDX=0x0000016f2b09e5a0 points into unknown readable memory: 0x00007ffaf912fb88 | 88 fb 12 f9 fa 7f 00 00
RSP=0x0000005501cfba80 is pointing into the stack for thread: 0x0000016f285a6050
RBP=0x0000005501cfc000 is pointing into the stack for thread: 0x0000016f285a6050
RSI=0x0000000000000001 is an unknown value
RDI=0x0000016f2b09e5a0 points into unknown readable memory: 0x00007ffaf912fb88 | 88 fb 12 f9 fa 7f 00 00
R8 =0x0 is NULL
R9 =0x0000016f2b09e610 points into unknown readable memory: 0x0000016f2b480190 | 90 01 48 2b 6f 01 00 00
R10=0x0000016f2b09e618 points into unknown readable memory: 0x0000016f2b47f428 | 28 f4 47 2b 6f 01 00 00
R11=0x0 is NULL
R12=0x0000005501cfbbe0 is pointing into the stack for thread: 0x0000016f285a6050
R13=0x0000016f287f6900 points into unknown readable memory: 0x0000000000000082 | 82 00 00 00 00 00 00 00
R14=0x0000000000000218 is an unknown value
R15=0x0000016f2b47f588 points into unknown readable memory: 0x00007ffaf920e430 | 30 e4 20 f9 fa 7f 00 00


Top of Stack: (sp=0x0000005501cfba80)
0x0000005501cfba80:   0000016f2b09e5a0 0000000000000003
0x0000005501cfba90:   0000000000000020 0000016f2b47f588
0x0000005501cfbaa0:   0000016f2b47f428 00007ffaf8ecd53e
0x0000005501cfbab0:   0000016f2b09e5a0 0000005501cfbbe0
0x0000005501cfbac0:   0000016f287f6900 0000000000000860
0x0000005501cfbad0:   0000016f287f6900 00007ffaf8e7b2a3
0x0000005501cfbae0:   0000016f2b09e5a0 0000000000000860
0x0000005501cfbaf0:   0000016f00000218 0000000000000020
0x0000005501cfbb00:   0000016f2b09e5a0 0000016f00000001
0x0000005501cfbb10:   0000016f2b47f588 0000016f287f4960
0x0000005501cfbb20:   0000016f287f6900 0000000000000000
0x0000005501cfbb30:   0000005501cfc988 00007ffaf8e80c5b
0x0000005501cfbb40:   0000016f287f6900 0000000000000000
0x0000005501cfbb50:   0000005501cfc000 0000000000000001
0x0000005501cfbb60:   0000005501cfbbe8 0000000000000070
0x0000005501cfbb70:   00000000000027d8 0000016f287f7148
0x0000005501cfbb80:   0000000000000000 0000016f2b47f588
0x0000005501cfbb90:   0000000000000011 0000005501cfc000
0x0000005501cfbba0:   0000000000000000 0000000000000000
0x0000005501cfbbb0:   fffffffffffffff8 0000005501cfbc18
0x0000005501cfbbc0:   0000016f2b47f588 00007ffaf8e81a32
0x0000005501cfbbd0:   0000016f0000fffe 0000016f00000116
0x0000005501cfbbe0:   0000016f2b47f428 0000016f2b47f428
0x0000005501cfbbf0:   0000016f2ad63ff0 0000016f2add5e40
0x0000005501cfbc00:   0000016f2ad5ef80 0000016f28579c10
0x0000005501cfbc10:   0000005501cfea90 0000000000000000
0x0000005501cfbc20:   0000000000000000 0000005501cfc000
0x0000005501cfbc30:   0000005501cfbcc0 00007ffaf8e7ff84
0x0000005501cfbc40:   0000000000000004 000000000000395e
0x0000005501cfbc50:   0000000000000004 0000016f287484c0
0x0000005501cfbc60:   0000000000100000 0000000000000000
0x0000005501cfbc70:   0000000000000000 0000000000000000 

Instructions: (pc=0x00007ffaf88ea582)
0x00007ffaf88ea482:   05 d9 a2 83 00 c7 43 38 02 00 00 00 48 89 03 c6
0x00007ffaf88ea492:   43 3c 00 c7 43 2c 08 00 00 00 8b 4d 2c 83 e1 0f
0x00007ffaf88ea4a2:   80 f9 09 75 04 83 4b 30 40 4c 89 3b 0f 28 05 2b
0x00007ffaf88ea4b2:   da a9 00 0f 11 43 40 0f 28 0d 30 da a9 00 0f 11
0x00007ffaf88ea4c2:   4b 50 0f 28 05 35 da a9 00 0f 11 43 60 0f 28 0d
0x00007ffaf88ea4d2:   3a da a9 00 0f 11 4b 70 0f 28 05 3f da a9 00 0f
0x00007ffaf88ea4e2:   11 83 80 00 00 00 0f 28 0d 41 da a9 00 0f 11 8b
0x00007ffaf88ea4f2:   90 00 00 00 c7 83 a0 00 00 00 0f 00 00 00 c7 43
0x00007ffaf88ea502:   2c 08 02 00 00 eb 02 33 db 8b 77 18 8d 46 01 89
0x00007ffaf88ea512:   47 18 3b 77 08 72 0a 8b d6 48 8b cf e8 0d 2b 5e
0x00007ffaf88ea522:   00 48 8b 47 10 48 89 1c f0 48 8b c5 48 8b 6c 24
0x00007ffaf88ea532:   48 48 8b 5c 24 40 48 8b 74 24 50 48 83 c4 20 41
0x00007ffaf88ea542:   5f 41 5e 5f c3 cc cc cc cc cc cc cc cc cc 48 89
0x00007ffaf88ea552:   5c 24 08 57 48 83 ec 20 48 8b d9 48 8b fa 48 8b
0x00007ffaf88ea562:   49 10 48 85 c9 74 20 8b 43 20 3b 43 24 75 11 8b
0x00007ffaf88ea572:   d0 48 8b cb e8 65 3b 5e 00 8b 43 20 48 8b 4b 10
0x00007ffaf88ea582:   48 89 3c c1 ff 43 20 48 8b 5c 24 30 48 83 c4 20
0x00007ffaf88ea592:   5f c3 cc cc cc cc cc cc cc cc cc cc cc cc 48 89
0x00007ffaf88ea5a2:   5c 24 08 57 48 83 ec 20 48 8b 01 48 8b d9 ff 90
0x00007ffaf88ea5b2:   c8 00 00 00 8d 50 01 48 8b 43 08 48 8b 0c d0 48
0x00007ffaf88ea5c2:   8b 01 ff 50 28 48 8b 13 48 8b cb 48 8b f8 ff 92
0x00007ffaf88ea5d2:   c8 00 00 00 83 c0 02 39 43 18 77 0e 48 8b c7 48
0x00007ffaf88ea5e2:   8b 5c 24 30 48 83 c4 20 5f c3 48 8b 03 48 8b cb
0x00007ffaf88ea5f2:   ff 90 c8 00 00 00 8d 48 02 48 8b 43 08 48 8b 0c
0x00007ffaf88ea602:   c8 48 8b 01 ff 50 28 45 33 c0 48 8b cf 48 8b d0
0x00007ffaf88ea612:   48 8b 5c 24 30 48 83 c4 20 5f e9 6f 28 78 00 cc
0x00007ffaf88ea622:   cc cc cc cc cc cc cc cc cc cc cc cc cc cc 48 8b
0x00007ffaf88ea632:   41 60 c3 cc cc cc cc cc cc cc cc cc cc cc 48 8b
0x00007ffaf88ea642:   41 70 c3 cc cc cc cc cc cc cc cc cc cc cc 8b 81
0x00007ffaf88ea652:   a0 00 00 00 c3 cc cc cc cc cc cc cc cc cc 48 89
0x00007ffaf88ea662:   5c 24 08 48 89 74 24 10 57 48 83 ec 20 49 8b f0
0x00007ffaf88ea672:   8b da 48 8b f9 3b 51 08 72 07 8b d3 e8 ad 29 5e 


Stack slot to memory mapping:
stack at sp + 0 slots: 0x0000016f2b09e5a0 points into unknown readable memory: 0x00007ffaf912fb88 | 88 fb 12 f9 fa 7f 00 00
stack at sp + 1 slots: 0x0000000000000003 is an unknown value
stack at sp + 2 slots: 0x0000000000000020 is an unknown value
stack at sp + 3 slots: 0x0000016f2b47f588 points into unknown readable memory: 0x00007ffaf920e430 | 30 e4 20 f9 fa 7f 00 00
stack at sp + 4 slots: 0x0000016f2b47f428 points into unknown readable memory: 0x00007ffaf920e8b8 | b8 e8 20 f9 fa 7f 00 00
stack at sp + 5 slots: 0x00007ffaf8ecd53e jvm.dll
stack at sp + 6 slots: 0x0000016f2b09e5a0 points into unknown readable memory: 0x00007ffaf912fb88 | 88 fb 12 f9 fa 7f 00 00
stack at sp + 7 slots: 0x0000005501cfbbe0 is pointing into the stack for thread: 0x0000016f285a6050


---------------  P R O C E S S  ---------------

Threads class SMR info:
_java_thread_list=0x0000016f2866dd90, length=14, elements={
0x0000016ebf8de080, 0x0000016ee29245c0, 0x0000016ee2925350, 0x0000016ee293c560,
0x0000016ee293d030, 0x0000016ee2a722a0, 0x0000016ee2a72b70, 0x0000016ee2a74780,
0x0000016ee2a75090, 0x0000016ee2a77dc0, 0x0000016ee2bb7eb0, 0x0000016ee2bbc010,
0x0000016f285a6050, 0x0000016f285c5f10
}

Java Threads: ( => current thread )
  0x0000016ebf8de080 JavaThread "main" [_thread_in_native, id=856, stack(0x0000005500900000,0x0000005500a00000)]
  0x0000016ee29245c0 JavaThread "Reference Handler" daemon [_thread_blocked, id=6356, stack(0x0000005501000000,0x0000005501100000)]
  0x0000016ee2925350 JavaThread "Finalizer" daemon [_thread_blocked, id=10468, stack(0x0000005501100000,0x0000005501200000)]
  0x0000016ee293c560 JavaThread "Signal Dispatcher" daemon [_thread_blocked, id=9708, stack(0x0000005501200000,0x0000005501300000)]
  0x0000016ee293d030 JavaThread "Attach Listener" daemon [_thread_blocked, id=5064, stack(0x0000005501300000,0x0000005501400000)]
  0x0000016ee2a722a0 JavaThread "Service Thread" daemon [_thread_blocked, id=5524, stack(0x0000005501400000,0x0000005501500000)]
  0x0000016ee2a72b70 JavaThread "Monitor Deflation Thread" daemon [_thread_blocked, id=5092, stack(0x0000005501500000,0x0000005501600000)]
  0x0000016ee2a74780 JavaThread "C2 CompilerThread0" daemon [_thread_in_native, id=6788, stack(0x0000005501600000,0x0000005501700000)]
  0x0000016ee2a75090 JavaThread "C1 CompilerThread0" daemon [_thread_blocked, id=4056, stack(0x0000005501700000,0x0000005501800000)]
  0x0000016ee2a77dc0 JavaThread "Sweeper thread" daemon [_thread_blocked, id=2328, stack(0x0000005501800000,0x0000005501900000)]
  0x0000016ee2bb7eb0 JavaThread "Notification Thread" daemon [_thread_blocked, id=14672, stack(0x0000005501900000,0x0000005501a00000)]
  0x0000016ee2bbc010 JavaThread "Common-Cleaner" daemon [_thread_blocked, id=14136, stack(0x0000005501b00000,0x0000005501c00000)]
=>0x0000016f285a6050 JavaThread "C2 CompilerThread1" daemon [_thread_in_native, id=8964, stack(0x0000005501c00000,0x0000005501d00000)]
  0x0000016f285c5f10 JavaThread "C2 CompilerThread2" daemon [_thread_in_native, id=12636, stack(0x0000005501d00000,0x0000005501e00000)]

Other Threads:
  0x0000016ee291e3f0 VMThread "VM Thread" [stack: 0x0000005500f00000,0x0000005501000000] [id=6892]
  0x0000016ee2bbabb0 WatcherThread [stack: 0x0000005501a00000,0x0000005501b00000] [id=6072]
  0x0000016ebf949a10 GCTaskThread "GC Thread#0" [stack: 0x0000005500a00000,0x0000005500b00000] [id=2732]
  0x0000016f2882d620 GCTaskThread "GC Thread#1" [stack: 0x0000005501e00000,0x0000005501f00000] [id=13692]
  0x0000016f288c26f0 GCTaskThread "GC Thread#2" [stack: 0x0000005501f00000,0x0000005502000000] [id=5688]
  0x0000016f288c29b0 GCTaskThread "GC Thread#3" [stack: 0x0000005502000000,0x0000005502100000] [id=6140]
  0x0000016f287f7150 GCTaskThread "GC Thread#4" [stack: 0x0000005502100000,0x0000005502200000] [id=13084]
  0x0000016f287f7410 GCTaskThread "GC Thread#5" [stack: 0x0000005502200000,0x0000005502300000] [id=3416]
  0x0000016f286dd9a0 GCTaskThread "GC Thread#6" [stack: 0x0000005502300000,0x0000005502400000] [id=12520]
  0x0000016f28970a80 GCTaskThread "GC Thread#7" [stack: 0x0000005502400000,0x0000005502500000] [id=2240]
  0x0000016ebf95bb50 ConcurrentGCThread "G1 Main Marker" [stack: 0x0000005500b00000,0x0000005500c00000] [id=7920]
  0x0000016ebf95c480 ConcurrentGCThread "G1 Conc#0" [stack: 0x0000005500c00000,0x0000005500d00000] [id=9980]
  0x0000016ebf99e1c0 ConcurrentGCThread "G1 Refine#0" [stack: 0x0000005500d00000,0x0000005500e00000] [id=4048]
  0x0000016ebf99eb00 ConcurrentGCThread "G1 Service" [stack: 0x0000005500e00000,0x0000005500f00000] [id=13984]

Threads with active compile tasks:
C2 CompilerThread0     4176 4759       4       org.codehaus.plexus.interpolation.AbstractDelegatingValueSource::getValue (11 bytes)
C2 CompilerThread1     4176 4760       4       org.codehaus.plexus.interpolation.PrefixedValueSourceWrapper::getValue (39 bytes)
C2 CompilerThread2     4176 4683       4       org.codehaus.plexus.configuration.DefaultPlexusConfiguration::add (101 bytes)

VM state: not at safepoint (normal execution)

VM Mutex/Monitor currently owned by a thread: None

Heap address: 0x0000000701200000, size: 4078 MB, Compressed Oops mode: Zero based, Oop shift amount: 3

CDS archive(s) mapped at: [0x0000016ee3000000-0x0000016ee3bb0000-0x0000016ee3bb0000), size 12255232, SharedBaseAddress: 0x0000016ee3000000, ArchiveRelocationMode: 1.
Compressed class space mapped at: 0x0000016ee4000000-0x0000016f24000000, reserved size: 1073741824
Narrow klass base: 0x0000016ee3000000, Narrow klass shift: 0, Narrow klass range: 0x100000000

GC Precious Log:
 CPUs: 8 total, 8 available
 Memory: 16304M
 Large Page Support: Disabled
 NUMA Support: Disabled
 Compressed Oops: Enabled (Zero based)
 Heap Region Size: 2M
 Heap Min Capacity: 8M
 Heap Initial Capacity: 256M
 Heap Max Capacity: 4078M
 Pre-touch: Disabled
 Parallel Workers: 8
 Concurrent Workers: 2
 Concurrent Refinement Workers: 8
 Periodic GC: Disabled

Heap:
 garbage-first heap   total 262144K, used 103860K [0x0000000701200000, 0x0000000800000000)
  region size 2048K, 50 young (102400K), 8 survivors (16384K)
 Metaspace       used 18308K, committed 18560K, reserved 1114112K
  class space    used 2053K, committed 2176K, reserved 1048576K

Heap Regions: E=young(eden), S=young(survivor), O=old, HS=humongous(starts), HC=humongous(continues), CS=collection set, F=free, OA=open archive, CA=closed archive, TAMS=top-at-mark-start (previous, next)
|   0|0x0000000701200000, 0x0000000701400000, 0x0000000701400000|100%| O|  |TAMS 0x0000000701200000, 0x0000000701200000| Untracked 
|   1|0x0000000701400000, 0x0000000701585c00, 0x0000000701600000| 76%| O|  |TAMS 0x0000000701400000, 0x0000000701400000| Untracked 
|   2|0x0000000701600000, 0x0000000701600000, 0x0000000701800000|  0%| F|  |TAMS 0x0000000701600000, 0x0000000701600000| Untracked 
|   3|0x0000000701800000, 0x0000000701800000, 0x0000000701a00000|  0%| F|  |TAMS 0x0000000701800000, 0x0000000701800000| Untracked 
|   4|0x0000000701a00000, 0x0000000701a00000, 0x0000000701c00000|  0%| F|  |TAMS 0x0000000701a00000, 0x0000000701a00000| Untracked 
|   5|0x0000000701c00000, 0x0000000701c00000, 0x0000000701e00000|  0%| F|  |TAMS 0x0000000701c00000, 0x0000000701c00000| Untracked 
|   6|0x0000000701e00000, 0x0000000701e00000, 0x0000000702000000|  0%| F|  |TAMS 0x0000000701e00000, 0x0000000701e00000| Untracked 
|   7|0x0000000702000000, 0x0000000702000000, 0x0000000702200000|  0%| F|  |TAMS 0x0000000702000000, 0x0000000702000000| Untracked 
|   8|0x0000000702200000, 0x0000000702200000, 0x0000000702400000|  0%| F|  |TAMS 0x0000000702200000, 0x0000000702200000| Untracked 
|   9|0x0000000702400000, 0x0000000702400000, 0x0000000702600000|  0%| F|  |TAMS 0x0000000702400000, 0x0000000702400000| Untracked 
|  10|0x0000000702600000, 0x0000000702600000, 0x0000000702800000|  0%| F|  |TAMS 0x0000000702600000, 0x0000000702600000| Untracked 
|  11|0x0000000702800000, 0x0000000702800000, 0x0000000702a00000|  0%| F|  |TAMS 0x0000000702800000, 0x0000000702800000| Untracked 
|  12|0x0000000702a00000, 0x0000000702a00000, 0x0000000702c00000|  0%| F|  |TAMS 0x0000000702a00000, 0x0000000702a00000| Untracked 
|  13|0x0000000702c00000, 0x0000000702c00000, 0x0000000702e00000|  0%| F|  |TAMS 0x0000000702c00000, 0x0000000702c00000| Untracked 
|  14|0x0000000702e00000, 0x0000000702e00000, 0x0000000703000000|  0%| F|  |TAMS 0x0000000702e00000, 0x0000000702e00000| Untracked 
|  15|0x0000000703000000, 0x0000000703000000, 0x0000000703200000|  0%| F|  |TAMS 0x0000000703000000, 0x0000000703000000| Untracked 
|  16|0x0000000703200000, 0x0000000703200000, 0x0000000703400000|  0%| F|  |TAMS 0x0000000703200000, 0x0000000703200000| Untracked 
|  17|0x0000000703400000, 0x0000000703400000, 0x0000000703600000|  0%| F|  |TAMS 0x0000000703400000, 0x0000000703400000| Untracked 
|  18|0x0000000703600000, 0x0000000703600000, 0x0000000703800000|  0%| F|  |TAMS 0x0000000703600000, 0x0000000703600000| Untracked 
|  19|0x0000000703800000, 0x0000000703800000, 0x0000000703a00000|  0%| F|  |TAMS 0x0000000703800000, 0x0000000703800000| Untracked 
|  20|0x0000000703a00000, 0x0000000703a00000, 0x0000000703c00000|  0%| F|  |TAMS 0x0000000703a00000, 0x0000000703a00000| Untracked 
|  21|0x0000000703c00000, 0x0000000703c00000, 0x0000000703e00000|  0%| F|  |TAMS 0x0000000703c00000, 0x0000000703c00000| Untracked 
|  22|0x0000000703e00000, 0x0000000703e00000, 0x0000000704000000|  0%| F|  |TAMS 0x0000000703e00000, 0x0000000703e00000| Untracked 
|  23|0x0000000704000000, 0x0000000704000000, 0x0000000704200000|  0%| F|  |TAMS 0x0000000704000000, 0x0000000704000000| Untracked 
|  24|0x0000000704200000, 0x0000000704200000, 0x0000000704400000|  0%| F|  |TAMS 0x0000000704200000, 0x0000000704200000| Untracked 
|  25|0x0000000704400000, 0x0000000704400000, 0x0000000704600000|  0%| F|  |TAMS 0x0000000704400000, 0x0000000704400000| Untracked 
|  26|0x0000000704600000, 0x0000000704600000, 0x0000000704800000|  0%| F|  |TAMS 0x0000000704600000, 0x0000000704600000| Untracked 
|  27|0x0000000704800000, 0x0000000704800000, 0x0000000704a00000|  0%| F|  |TAMS 0x0000000704800000, 0x0000000704800000| Untracked 
|  28|0x0000000704a00000, 0x0000000704a00000, 0x0000000704c00000|  0%| F|  |TAMS 0x0000000704a00000, 0x0000000704a00000| Untracked 
|  29|0x0000000704c00000, 0x0000000704c00000, 0x0000000704e00000|  0%| F|  |TAMS 0x0000000704c00000, 0x0000000704c00000| Untracked 
|  30|0x0000000704e00000, 0x0000000704e00000, 0x0000000705000000|  0%| F|  |TAMS 0x0000000704e00000, 0x0000000704e00000| Untracked 
|  31|0x0000000705000000, 0x0000000705000000, 0x0000000705200000|  0%| F|  |TAMS 0x0000000705000000, 0x0000000705000000| Untracked 
|  32|0x0000000705200000, 0x0000000705200000, 0x0000000705400000|  0%| F|  |TAMS 0x0000000705200000, 0x0000000705200000| Untracked 
|  33|0x0000000705400000, 0x0000000705400000, 0x0000000705600000|  0%| F|  |TAMS 0x0000000705400000, 0x0000000705400000| Untracked 
|  34|0x0000000705600000, 0x0000000705600000, 0x0000000705800000|  0%| F|  |TAMS 0x0000000705600000, 0x0000000705600000| Untracked 
|  35|0x0000000705800000, 0x0000000705800000, 0x0000000705a00000|  0%| F|  |TAMS 0x0000000705800000, 0x0000000705800000| Untracked 
|  36|0x0000000705a00000, 0x0000000705a00000, 0x0000000705c00000|  0%| F|  |TAMS 0x0000000705a00000, 0x0000000705a00000| Untracked 
|  37|0x0000000705c00000, 0x0000000705c00000, 0x0000000705e00000|  0%| F|  |TAMS 0x0000000705c00000, 0x0000000705c00000| Untracked 
|  38|0x0000000705e00000, 0x0000000705e00000, 0x0000000706000000|  0%| F|  |TAMS 0x0000000705e00000, 0x0000000705e00000| Untracked 
|  39|0x0000000706000000, 0x0000000706000000, 0x0000000706200000|  0%| F|  |TAMS 0x0000000706000000, 0x0000000706000000| Untracked 
|  40|0x0000000706200000, 0x0000000706200000, 0x0000000706400000|  0%| F|  |TAMS 0x0000000706200000, 0x0000000706200000| Untracked 
|  41|0x0000000706400000, 0x0000000706400000, 0x0000000706600000|  0%| F|  |TAMS 0x0000000706400000, 0x0000000706400000| Untracked 
|  42|0x0000000706600000, 0x0000000706600000, 0x0000000706800000|  0%| F|  |TAMS 0x0000000706600000, 0x0000000706600000| Untracked 
|  43|0x0000000706800000, 0x0000000706800000, 0x0000000706a00000|  0%| F|  |TAMS 0x0000000706800000, 0x0000000706800000| Untracked 
|  44|0x0000000706a00000, 0x0000000706be77d0, 0x0000000706c00000| 95%| S|CS|TAMS 0x0000000706a00000, 0x0000000706a00000| Complete 
|  45|0x0000000706c00000, 0x0000000706e00000, 0x0000000706e00000|100%| S|CS|TAMS 0x0000000706c00000, 0x0000000706c00000| Complete 
|  46|0x0000000706e00000, 0x0000000707000000, 0x0000000707000000|100%| S|CS|TAMS 0x0000000706e00000, 0x0000000706e00000| Complete 
|  47|0x0000000707000000, 0x0000000707200000, 0x0000000707200000|100%| S|CS|TAMS 0x0000000707000000, 0x0000000707000000| Complete 
|  48|0x0000000707200000, 0x0000000707400000, 0x0000000707400000|100%| S|CS|TAMS 0x0000000707200000, 0x0000000707200000| Complete 
|  49|0x0000000707400000, 0x0000000707600000, 0x0000000707600000|100%| S|CS|TAMS 0x0000000707400000, 0x0000000707400000| Complete 
|  50|0x0000000707600000, 0x0000000707800000, 0x0000000707800000|100%| S|CS|TAMS 0x0000000707600000, 0x0000000707600000| Complete 
|  51|0x0000000707800000, 0x0000000707a00000, 0x0000000707a00000|100%| S|CS|TAMS 0x0000000707800000, 0x0000000707800000| Complete 
|  52|0x0000000707a00000, 0x0000000707a00000, 0x0000000707c00000|  0%| F|  |TAMS 0x0000000707a00000, 0x0000000707a00000| Untracked 
|  53|0x0000000707c00000, 0x0000000707c00000, 0x0000000707e00000|  0%| F|  |TAMS 0x0000000707c00000, 0x0000000707c00000| Untracked 
|  54|0x0000000707e00000, 0x0000000707e00000, 0x0000000708000000|  0%| F|  |TAMS 0x0000000707e00000, 0x0000000707e00000| Untracked 
|  55|0x0000000708000000, 0x0000000708000000, 0x0000000708200000|  0%| F|  |TAMS 0x0000000708000000, 0x0000000708000000| Untracked 
|  56|0x0000000708200000, 0x0000000708200000, 0x0000000708400000|  0%| F|  |TAMS 0x0000000708200000, 0x0000000708200000| Untracked 
|  57|0x0000000708400000, 0x0000000708400000, 0x0000000708600000|  0%| F|  |TAMS 0x0000000708400000, 0x0000000708400000| Untracked 
|  58|0x0000000708600000, 0x0000000708600000, 0x0000000708800000|  0%| F|  |TAMS 0x0000000708600000, 0x0000000708600000| Untracked 
|  59|0x0000000708800000, 0x0000000708800000, 0x0000000708a00000|  0%| F|  |TAMS 0x0000000708800000, 0x0000000708800000| Untracked 
|  60|0x0000000708a00000, 0x0000000708a00000, 0x0000000708c00000|  0%| F|  |TAMS 0x0000000708a00000, 0x0000000708a00000| Untracked 
|  61|0x0000000708c00000, 0x0000000708c00000, 0x0000000708e00000|  0%| F|  |TAMS 0x0000000708c00000, 0x0000000708c00000| Untracked 
|  62|0x0000000708e00000, 0x0000000708e00000, 0x0000000709000000|  0%| F|  |TAMS 0x0000000708e00000, 0x0000000708e00000| Untracked 
|  63|0x0000000709000000, 0x0000000709000000, 0x0000000709200000|  0%| F|  |TAMS 0x0000000709000000, 0x0000000709000000| Untracked 
|  64|0x0000000709200000, 0x0000000709200000, 0x0000000709400000|  0%| F|  |TAMS 0x0000000709200000, 0x0000000709200000| Untracked 
|  65|0x0000000709400000, 0x0000000709400000, 0x0000000709600000|  0%| F|  |TAMS 0x0000000709400000, 0x0000000709400000| Untracked 
|  66|0x0000000709600000, 0x0000000709600000, 0x0000000709800000|  0%| F|  |TAMS 0x0000000709600000, 0x0000000709600000| Untracked 
|  67|0x0000000709800000, 0x0000000709800000, 0x0000000709a00000|  0%| F|  |TAMS 0x0000000709800000, 0x0000000709800000| Untracked 
|  68|0x0000000709a00000, 0x0000000709a00000, 0x0000000709c00000|  0%| F|  |TAMS 0x0000000709a00000, 0x0000000709a00000| Untracked 
|  69|0x0000000709c00000, 0x0000000709c00000, 0x0000000709e00000|  0%| F|  |TAMS 0x0000000709c00000, 0x0000000709c00000| Untracked 
|  70|0x0000000709e00000, 0x0000000709e00000, 0x000000070a000000|  0%| F|  |TAMS 0x0000000709e00000, 0x0000000709e00000| Untracked 
|  71|0x000000070a000000, 0x000000070a000000, 0x000000070a200000|  0%| F|  |TAMS 0x000000070a000000, 0x000000070a000000| Untracked 
|  72|0x000000070a200000, 0x000000070a200000, 0x000000070a400000|  0%| F|  |TAMS 0x000000070a200000, 0x000000070a200000| Untracked 
|  73|0x000000070a400000, 0x000000070a400000, 0x000000070a600000|  0%| F|  |TAMS 0x000000070a400000, 0x000000070a400000| Untracked 
|  74|0x000000070a600000, 0x000000070a600000, 0x000000070a800000|  0%| F|  |TAMS 0x000000070a600000, 0x000000070a600000| Untracked 
|  75|0x000000070a800000, 0x000000070a800000, 0x000000070aa00000|  0%| F|  |TAMS 0x000000070a800000, 0x000000070a800000| Untracked 
|  76|0x000000070aa00000, 0x000000070aa00000, 0x000000070ac00000|  0%| F|  |TAMS 0x000000070aa00000, 0x000000070aa00000| Untracked 
|  77|0x000000070ac00000, 0x000000070ac00000, 0x000000070ae00000|  0%| F|  |TAMS 0x000000070ac00000, 0x000000070ac00000| Untracked 
|  78|0x000000070ae00000, 0x000000070ae00000, 0x000000070b000000|  0%| F|  |TAMS 0x000000070ae00000, 0x000000070ae00000| Untracked 
|  79|0x000000070b000000, 0x000000070b000000, 0x000000070b200000|  0%| F|  |TAMS 0x000000070b000000, 0x000000070b000000| Untracked 
|  80|0x000000070b200000, 0x000000070b200000, 0x000000070b400000|  0%| F|  |TAMS 0x000000070b200000, 0x000000070b200000| Untracked 
|  81|0x000000070b400000, 0x000000070b400000, 0x000000070b600000|  0%| F|  |TAMS 0x000000070b400000, 0x000000070b400000| Untracked 
|  82|0x000000070b600000, 0x000000070b600000, 0x000000070b800000|  0%| F|  |TAMS 0x000000070b600000, 0x000000070b600000| Untracked 
|  83|0x000000070b800000, 0x000000070b800000, 0x000000070ba00000|  0%| F|  |TAMS 0x000000070b800000, 0x000000070b800000| Untracked 
|  84|0x000000070ba00000, 0x000000070ba00000, 0x000000070bc00000|  0%| F|  |TAMS 0x000000070ba00000, 0x000000070ba00000| Untracked 
|  85|0x000000070bc00000, 0x000000070bc00000, 0x000000070be00000|  0%| F|  |TAMS 0x000000070bc00000, 0x000000070bc00000| Untracked 
|  86|0x000000070be00000, 0x000000070bf04010, 0x000000070c000000| 50%| E|  |TAMS 0x000000070be00000, 0x000000070be00000| Complete 
|  87|0x000000070c000000, 0x000000070c200000, 0x000000070c200000|100%| E|CS|TAMS 0x000000070c000000, 0x000000070c000000| Complete 
|  88|0x000000070c200000, 0x000000070c400000, 0x000000070c400000|100%| E|CS|TAMS 0x000000070c200000, 0x000000070c200000| Complete 
|  89|0x000000070c400000, 0x000000070c600000, 0x000000070c600000|100%| E|CS|TAMS 0x000000070c400000, 0x000000070c400000| Complete 
|  90|0x000000070c600000, 0x000000070c800000, 0x000000070c800000|100%| E|CS|TAMS 0x000000070c600000, 0x000000070c600000| Complete 
|  91|0x000000070c800000, 0x000000070ca00000, 0x000000070ca00000|100%| E|CS|TAMS 0x000000070c800000, 0x000000070c800000| Complete 
|  92|0x000000070ca00000, 0x000000070cc00000, 0x000000070cc00000|100%| E|CS|TAMS 0x000000070ca00000, 0x000000070ca00000| Complete 
|  93|0x000000070cc00000, 0x000000070ce00000, 0x000000070ce00000|100%| E|CS|TAMS 0x000000070cc00000, 0x000000070cc00000| Complete 
|  94|0x000000070ce00000, 0x000000070d000000, 0x000000070d000000|100%| E|CS|TAMS 0x000000070ce00000, 0x000000070ce00000| Complete 
|  95|0x000000070d000000, 0x000000070d200000, 0x000000070d200000|100%| E|CS|TAMS 0x000000070d000000, 0x000000070d000000| Complete 
|  96|0x000000070d200000, 0x000000070d400000, 0x000000070d400000|100%| E|CS|TAMS 0x000000070d200000, 0x000000070d200000| Complete 
|  97|0x000000070d400000, 0x000000070d600000, 0x000000070d600000|100%| E|CS|TAMS 0x000000070d400000, 0x000000070d400000| Complete 
|  98|0x000000070d600000, 0x000000070d800000, 0x000000070d800000|100%| E|CS|TAMS 0x000000070d600000, 0x000000070d600000| Complete 
|  99|0x000000070d800000, 0x000000070da00000, 0x000000070da00000|100%| E|CS|TAMS 0x000000070d800000, 0x000000070d800000| Complete 
| 100|0x000000070da00000, 0x000000070dc00000, 0x000000070dc00000|100%| E|CS|TAMS 0x000000070da00000, 0x000000070da00000| Complete 
| 101|0x000000070dc00000, 0x000000070de00000, 0x000000070de00000|100%| E|CS|TAMS 0x000000070dc00000, 0x000000070dc00000| Complete 
| 102|0x000000070de00000, 0x000000070e000000, 0x000000070e000000|100%| E|CS|TAMS 0x000000070de00000, 0x000000070de00000| Complete 
| 103|0x000000070e000000, 0x000000070e200000, 0x000000070e200000|100%| E|CS|TAMS 0x000000070e000000, 0x000000070e000000| Complete 
| 104|0x000000070e200000, 0x000000070e400000, 0x000000070e400000|100%| E|CS|TAMS 0x000000070e200000, 0x000000070e200000| Complete 
| 105|0x000000070e400000, 0x000000070e600000, 0x000000070e600000|100%| E|CS|TAMS 0x000000070e400000, 0x000000070e400000| Complete 
| 106|0x000000070e600000, 0x000000070e800000, 0x000000070e800000|100%| E|CS|TAMS 0x000000070e600000, 0x000000070e600000| Complete 
| 107|0x000000070e800000, 0x000000070ea00000, 0x000000070ea00000|100%| E|CS|TAMS 0x000000070e800000, 0x000000070e800000| Complete 
| 108|0x000000070ea00000, 0x000000070ec00000, 0x000000070ec00000|100%| E|CS|TAMS 0x000000070ea00000, 0x000000070ea00000| Complete 
| 109|0x000000070ec00000, 0x000000070ee00000, 0x000000070ee00000|100%| E|CS|TAMS 0x000000070ec00000, 0x000000070ec00000| Complete 
| 110|0x000000070ee00000, 0x000000070f000000, 0x000000070f000000|100%| E|CS|TAMS 0x000000070ee00000, 0x000000070ee00000| Complete 
| 111|0x000000070f000000, 0x000000070f200000, 0x000000070f200000|100%| E|CS|TAMS 0x000000070f000000, 0x000000070f000000| Complete 
| 112|0x000000070f200000, 0x000000070f400000, 0x000000070f400000|100%| E|CS|TAMS 0x000000070f200000, 0x000000070f200000| Complete 
| 113|0x000000070f400000, 0x000000070f600000, 0x000000070f600000|100%| E|CS|TAMS 0x000000070f400000, 0x000000070f400000| Complete 
| 114|0x000000070f600000, 0x000000070f800000, 0x000000070f800000|100%| E|CS|TAMS 0x000000070f600000, 0x000000070f600000| Complete 
| 115|0x000000070f800000, 0x000000070fa00000, 0x000000070fa00000|100%| E|CS|TAMS 0x000000070f800000, 0x000000070f800000| Complete 
| 116|0x000000070fa00000, 0x000000070fc00000, 0x000000070fc00000|100%| E|CS|TAMS 0x000000070fa00000, 0x000000070fa00000| Complete 
| 117|0x000000070fc00000, 0x000000070fe00000, 0x000000070fe00000|100%| E|CS|TAMS 0x000000070fc00000, 0x000000070fc00000| Complete 
| 118|0x000000070fe00000, 0x0000000710000000, 0x0000000710000000|100%| E|CS|TAMS 0x000000070fe00000, 0x000000070fe00000| Complete 
| 119|0x0000000710000000, 0x0000000710200000, 0x0000000710200000|100%| E|CS|TAMS 0x0000000710000000, 0x0000000710000000| Complete 
| 120|0x0000000710200000, 0x0000000710400000, 0x0000000710400000|100%| E|CS|TAMS 0x0000000710200000, 0x0000000710200000| Complete 
| 121|0x0000000710400000, 0x0000000710600000, 0x0000000710600000|100%| E|CS|TAMS 0x0000000710400000, 0x0000000710400000| Complete 
| 122|0x0000000710600000, 0x0000000710800000, 0x0000000710800000|100%| E|CS|TAMS 0x0000000710600000, 0x0000000710600000| Complete 
| 123|0x0000000710800000, 0x0000000710a00000, 0x0000000710a00000|100%| E|CS|TAMS 0x0000000710800000, 0x0000000710800000| Complete 
| 124|0x0000000710a00000, 0x0000000710c00000, 0x0000000710c00000|100%| E|CS|TAMS 0x0000000710a00000, 0x0000000710a00000| Complete 
| 125|0x0000000710c00000, 0x0000000710e00000, 0x0000000710e00000|100%| E|CS|TAMS 0x0000000710c00000, 0x0000000710c00000| Complete 
| 126|0x0000000710e00000, 0x0000000711000000, 0x0000000711000000|100%| E|CS|TAMS 0x0000000710e00000, 0x0000000710e00000| Complete 
| 127|0x0000000711000000, 0x0000000711200000, 0x0000000711200000|100%| E|CS|TAMS 0x0000000711000000, 0x0000000711000000| Complete 

Card table byte_map: [0x0000016ed6f30000,0x0000016ed7730000] _byte_map_base: 0x0000016ed3727000

Marking Bits (Prev, Next): (CMBitMap*) 0x0000016ebf94b350, (CMBitMap*) 0x0000016ebf94b390
 Prev Bits: [0x0000016ed7f30000, 0x0000016edbee8000)
 Next Bits: [0x0000016edbef0000, 0x0000016edfea8000)

Polling page: 0x0000016ebd840000

Metaspace:

Usage:
  Non-class:     15.88 MB used.
      Class:      2.01 MB used.
       Both:     17.88 MB used.

Virtual space:
  Non-class space:       64.00 MB reserved,      16.00 MB ( 25%) committed,  1 nodes.
      Class space:        1.00 GB reserved,       2.12 MB ( <1%) committed,  1 nodes.
             Both:        1.06 GB reserved,      18.12 MB (  2%) committed. 

Chunk freelists:
   Non-Class:  15.89 MB
       Class:  13.75 MB
        Both:  29.64 MB

MaxMetaspaceSize: unlimited
CompressedClassSpaceSize: 1.00 GB
Initial GC threshold: 21.00 MB
Current GC threshold: 21.00 MB
CDS: on
MetaspaceReclaimPolicy: balanced
 - commit_granule_bytes: 65536.
 - commit_granule_words: 8192.
 - virtual_space_node_default_size: 8388608.
 - enlarge_chunks_in_place: 1.
 - new_chunks_are_fully_committed: 0.
 - uncommit_free_chunks: 1.
 - use_allocation_guard: 0.
 - handle_deallocations: 1.


Internal statistics:

num_allocs_failed_limit: 0.
num_arena_births: 154.
num_arena_deaths: 0.
num_vsnodes_births: 2.
num_vsnodes_deaths: 0.
num_space_committed: 290.
num_space_uncommitted: 0.
num_chunks_returned_to_freelist: 0.
num_chunks_taken_from_freelist: 804.
num_chunk_merges: 0.
num_chunk_splits: 541.
num_chunks_enlarged: 426.
num_inconsistent_stats: 0.

CodeHeap 'non-profiled nmethods': size=120000Kb used=2402Kb max_used=3000Kb free=117597Kb
 bounds [0x0000016eceed0000, 0x0000016ecf1c0000, 0x0000016ed6400000]
CodeHeap 'profiled nmethods': size=120000Kb used=8672Kb max_used=10867Kb free=111328Kb
 bounds [0x0000016ec7400000, 0x0000016ec7ea0000, 0x0000016ece930000]
CodeHeap 'non-nmethods': size=5760Kb used=1187Kb max_used=1273Kb free=4573Kb
 bounds [0x0000016ece930000, 0x0000016eceba0000, 0x0000016eceed0000]
 total_blobs=4676 nmethods=4200 adapters=386
 compilation: enabled
              stopped_count=0, restarted_count=0
 full_count=0

Compilation events (20 events):
Event: 4.028 Thread 0x0000016ee2a75090 4886       1       org.apache.maven.model.CiManagement::getUrl (5 bytes)
Event: 4.028 Thread 0x0000016ee2a75090 nmethod 4886 0x0000016ecf1bda10 code [0x0000016ecf1bdba0, 0x0000016ecf1bdc78]
Event: 4.040 Thread 0x0000016ee2a75090 4887       3       org.eclipse.aether.internal.impl.DefaultArtifactResolver::isLocallyInstalled (54 bytes)
Event: 4.041 Thread 0x0000016ee2a75090 nmethod 4887 0x0000016ec7e81090 code [0x0000016ec7e81260, 0x0000016ec7e817a8]
Event: 4.041 Thread 0x0000016ee2a75090 4888       3       org.eclipse.aether.resolution.ArtifactResult::setRepository (7 bytes)
Event: 4.041 Thread 0x0000016ee2a75090 nmethod 4888 0x0000016ec7e81910 code [0x0000016ec7e81aa0, 0x0000016ec7e81bf8]
Event: 4.041 Thread 0x0000016ee2a75090 4889   !   3       org.eclipse.aether.internal.impl.DefaultArtifactResolver::getFile (163 bytes)
Event: 4.043 Thread 0x0000016ee2a75090 nmethod 4889 0x0000016ec7e81c90 code [0x0000016ec7e82180, 0x0000016ec7e84628]
Event: 4.043 Thread 0x0000016ee2a75090 4890       3       org.eclipse.aether.artifact.AbstractArtifact::isSnapshot (8 bytes)
Event: 4.043 Thread 0x0000016ee2a75090 nmethod 4890 0x0000016ec7e85390 code [0x0000016ec7e855a0, 0x0000016ec7e85b68]
Event: 4.043 Thread 0x0000016ee2a75090 4895       3       org.eclipse.aether.repository.LocalArtifactRequest::<init> (36 bytes)
Event: 4.043 Thread 0x0000016ee2a75090 nmethod 4895 0x0000016ec7e85e10 code [0x0000016ec7e86000, 0x0000016ec7e86698]
Event: 4.044 Thread 0x0000016ee2a75090 4891       3       org.eclipse.aether.artifact.AbstractArtifact::isSnapshot (28 bytes)
Event: 4.044 Thread 0x0000016ee2a75090 nmethod 4891 0x0000016ec7e86810 code [0x0000016ec7e86a20, 0x0000016ec7e86f48]
Event: 4.044 Thread 0x0000016ee2a75090 4892       3       org.eclipse.aether.resolution.ArtifactResult::setArtifact (7 bytes)
Event: 4.044 Thread 0x0000016ee2a75090 nmethod 4892 0x0000016ec7e87190 code [0x0000016ec7e87320, 0x0000016ec7e87478]
Event: 4.044 Thread 0x0000016ee2a75090 4893       3       org.eclipse.aether.internal.impl.DefaultArtifactResolver::artifactResolved (74 bytes)
Event: 4.044 Thread 0x0000016ee2a75090 nmethod 4893 0x0000016ec7e87510 code [0x0000016ec7e87740, 0x0000016ec7e88048]
Event: 4.044 Thread 0x0000016ee2a75090 4894       1       org.apache.maven.ReactorReader::getRepository (5 bytes)
Event: 4.045 Thread 0x0000016ee2a75090 nmethod 4894 0x0000016ecf1bdd10 code [0x0000016ecf1bdea0, 0x0000016ecf1bdf78]

GC Heap History (6 events):
Event: 0.670 GC heap before
{Heap before GC invocations=0 (full 0):
 garbage-first heap   total 262144K, used 22528K [0x0000000701200000, 0x0000000800000000)
  region size 2048K, 11 young (22528K), 0 survivors (0K)
 Metaspace       used 5725K, committed 5952K, reserved 1114112K
  class space    used 682K, committed 768K, reserved 1048576K
}
Event: 0.673 GC heap after
{Heap after GC invocations=1 (full 0):
 garbage-first heap   total 262144K, used 3837K [0x0000000701200000, 0x0000000800000000)
  region size 2048K, 2 young (4096K), 2 survivors (4096K)
 Metaspace       used 5725K, committed 5952K, reserved 1114112K
  class space    used 682K, committed 768K, reserved 1048576K
}
Event: 1.130 GC heap before
{Heap before GC invocations=1 (full 0):
 garbage-first heap   total 262144K, used 34557K [0x0000000701200000, 0x0000000800000000)
  region size 2048K, 17 young (34816K), 2 survivors (4096K)
 Metaspace       used 9351K, committed 9536K, reserved 1114112K
  class space    used 1136K, committed 1216K, reserved 1048576K
}
Event: 1.134 GC heap after
{Heap after GC invocations=2 (full 0):
 garbage-first heap   total 262144K, used 5306K [0x0000000701200000, 0x0000000800000000)
  region size 2048K, 1 young (2048K), 1 survivors (2048K)
 Metaspace       used 9351K, committed 9536K, reserved 1114112K
  class space    used 1136K, committed 1216K, reserved 1048576K
}
Event: 3.412 GC heap before
{Heap before GC invocations=2 (full 0):
 garbage-first heap   total 262144K, used 158906K [0x0000000701200000, 0x0000000800000000)
  region size 2048K, 76 young (155648K), 1 survivors (2048K)
 Metaspace       used 16541K, committed 16704K, reserved 1114112K
  class space    used 1878K, committed 1920K, reserved 1048576K
}
Event: 3.422 GC heap after
{Heap after GC invocations=3 (full 0):
 garbage-first heap   total 262144K, used 19892K [0x0000000701200000, 0x0000000800000000)
  region size 2048K, 8 young (16384K), 8 survivors (16384K)
 Metaspace       used 16541K, committed 16704K, reserved 1114112K
  class space    used 1878K, committed 1920K, reserved 1048576K
}

Dll operation events (8 events):
Event: 0.006 Loaded shared library C:\Program Files\Java\microsoft-jdk-17.0.10-windows-x64\jdk-17.0.10+7\bin\java.dll
Event: 0.022 Loaded shared library C:\Program Files\Java\microsoft-jdk-17.0.10-windows-x64\jdk-17.0.10+7\bin\jsvml.dll
Event: 0.064 Loaded shared library C:\Program Files\Java\microsoft-jdk-17.0.10-windows-x64\jdk-17.0.10+7\bin\net.dll
Event: 0.065 Loaded shared library C:\Program Files\Java\microsoft-jdk-17.0.10-windows-x64\jdk-17.0.10+7\bin\nio.dll
Event: 0.084 Loaded shared library C:\Program Files\Java\microsoft-jdk-17.0.10-windows-x64\jdk-17.0.10+7\bin\zip.dll
Event: 0.089 Loaded shared library C:\Program Files\Java\microsoft-jdk-17.0.10-windows-x64\jdk-17.0.10+7\bin\jimage.dll
Event: 0.274 Loaded shared library C:\Users\Andriary\AppData\Local\Temp\jansi-2.4.0-2ae6e22d179bd96b-jansi.dll
Event: 0.285 Loaded shared library C:\Program Files\Java\microsoft-jdk-17.0.10-windows-x64\jdk-17.0.10+7\bin\verify.dll

Deoptimization events (20 events):
Event: 3.744 Thread 0x0000016ebf8de080 Uncommon trap: trap_request=0xffffff45 fr.pc=0x0000016ecefe9b84 relative=0x00000000000000e4
Event: 3.744 Thread 0x0000016ebf8de080 Uncommon trap: reason=unstable_if action=reinterpret pc=0x0000016ecefe9b84 method=java.util.HashMap.hash(Ljava/lang/Object;)I @ 1 c2
Event: 3.744 Thread 0x0000016ebf8de080 DEOPT PACKING pc=0x0000016ecefe9b84 sp=0x00000055009fd500
Event: 3.744 Thread 0x0000016ebf8de080 DEOPT UNPACKING pc=0x0000016ece9869a3 sp=0x00000055009fd440 mode 2
Event: 3.749 Thread 0x0000016ebf8de080 Uncommon trap: trap_request=0xffffff45 fr.pc=0x0000016ecf12d4a0 relative=0x00000000000006e0
Event: 3.749 Thread 0x0000016ebf8de080 Uncommon trap: reason=unstable_if action=reinterpret pc=0x0000016ecf12d4a0 method=java.util.HashMap$HashIterator.<init>(Ljava/util/HashMap;)V @ 45 c2
Event: 3.749 Thread 0x0000016ebf8de080 DEOPT PACKING pc=0x0000016ecf12d4a0 sp=0x00000055009fd040
Event: 3.749 Thread 0x0000016ebf8de080 DEOPT UNPACKING pc=0x0000016ece9869a3 sp=0x00000055009fcec8 mode 2
Event: 3.749 Thread 0x0000016ebf8de080 Uncommon trap: trap_request=0xffffff45 fr.pc=0x0000016ecf0163e8 relative=0x00000000000003c8
Event: 3.749 Thread 0x0000016ebf8de080 Uncommon trap: reason=unstable_if action=reinterpret pc=0x0000016ecf0163e8 method=java.util.HashMap$HashIterator.<init>(Ljava/util/HashMap;)V @ 45 c2
Event: 3.749 Thread 0x0000016ebf8de080 DEOPT PACKING pc=0x0000016ecf0163e8 sp=0x00000055009fcf70
Event: 3.749 Thread 0x0000016ebf8de080 DEOPT UNPACKING pc=0x0000016ece9869a3 sp=0x00000055009fcf28 mode 2
Event: 3.778 Thread 0x0000016ebf8de080 Uncommon trap: trap_request=0xfffffff4 fr.pc=0x0000016ecf113f90 relative=0x0000000000007a50
Event: 3.778 Thread 0x0000016ebf8de080 Uncommon trap: reason=null_check action=make_not_entrant pc=0x0000016ecf113f90 method=org.codehaus.plexus.interpolation.reflection.ReflectionValueExtractor.getClassMap(Ljava/lang/Class;)Lorg/codehaus/plexus/interpolation/reflection/ClassMap; @ 21 c2
Event: 3.778 Thread 0x0000016ebf8de080 DEOPT PACKING pc=0x0000016ecf113f90 sp=0x00000055009fbd70
Event: 3.778 Thread 0x0000016ebf8de080 DEOPT UNPACKING pc=0x0000016ece9869a3 sp=0x00000055009fbbd0 mode 2
Event: 3.972 Thread 0x0000016ebf8de080 Uncommon trap: trap_request=0xffffff45 fr.pc=0x0000016ecf0ba198 relative=0x00000000000067d8
Event: 3.972 Thread 0x0000016ebf8de080 Uncommon trap: reason=unstable_if action=reinterpret pc=0x0000016ecf0ba198 method=org.codehaus.plexus.interpolation.StringSearchInterpolator.interpolate(Ljava/lang/String;Lorg/codehaus/plexus/interpolation/RecursionInterceptor;Ljava/util/Set;)Ljava/lang/S
Event: 3.972 Thread 0x0000016ebf8de080 DEOPT PACKING pc=0x0000016ecf0ba198 sp=0x00000055009fb390
Event: 3.972 Thread 0x0000016ebf8de080 DEOPT UNPACKING pc=0x0000016ece9869a3 sp=0x00000055009fb370 mode 2

Classes unloaded (0 events):
No events

Classes redefined (0 events):
No events

Internal exceptions (20 events):
Event: 1.301 Thread 0x0000016ebf8de080 Implicit null exception at 0x0000016ecef6332f to 0x0000016ecef63494
Event: 1.303 Thread 0x0000016ebf8de080 Exception <a 'java/lang/NoSuchMethodError'{0x000000071082b950}: 'java.lang.Object java.lang.invoke.Invokers$Holder.invokeExact_MT(java.lang.Object, int, java.lang.Object)'> (0x000000071082b950) 
thrown [s\src\hotspot\share\interpreter\linkResolver.cpp, line 759]
Event: 1.314 Thread 0x0000016ebf8de080 Exception <a 'java/lang/NoSuchMethodError'{0x000000071089b148}: 'void java.lang.invoke.DirectMethodHandle$Holder.invokeStatic(java.lang.Object, java.lang.Object)'> (0x000000071089b148) 
thrown [s\src\hotspot\share\interpreter\linkResolver.cpp, line 759]
Event: 1.317 Thread 0x0000016ebf8de080 Exception <a 'java/lang/NoSuchMethodError'{0x00000007108ac0a0}: 'int java.lang.invoke.DirectMethodHandle$Holder.invokeSpecial(java.lang.Object, java.lang.Object, java.lang.Object, java.lang.Object)'> (0x00000007108ac0a0) 
thrown [s\src\hotspot\share\interpreter\linkResolver.cpp, line 759]
Event: 1.521 Thread 0x0000016ebf8de080 Exception <a 'java/lang/NoClassDefFoundError'{0x000000070fe194c8}: com/google/inject/servlet/ServletModuleTargetVisitor> (0x000000070fe194c8) 
thrown [s\src\hotspot\share\classfile\systemDictionary.cpp, line 245]
Event: 1.564 Thread 0x0000016ebf8de080 Exception <a 'java/lang/NoSuchMethodError'{0x000000070ffc0c60}: 'void java.lang.invoke.DirectMethodHandle$Holder.invokeVirtual(java.lang.Object, java.lang.Object)'> (0x000000070ffc0c60) 
thrown [s\src\hotspot\share\interpreter\linkResolver.cpp, line 759]
Event: 1.580 Thread 0x0000016ebf8de080 Exception <a 'java/lang/NoSuchMethodError'{0x000000070fc3a210}: 'java.lang.Object java.lang.invoke.DirectMethodHandle$Holder.invokeStaticInit(java.lang.Object, int, int, int, int)'> (0x000000070fc3a210) 
thrown [s\src\hotspot\share\interpreter\linkResolver.cpp, line 759]
Event: 1.672 Thread 0x0000016ebf8de080 Implicit null exception at 0x0000016ecef166f2 to 0x0000016ecef16d4c
Event: 1.672 Thread 0x0000016ebf8de080 Implicit null exception at 0x0000016ecef01472 to 0x0000016ecef01aec
Event: 3.697 Thread 0x0000016ebf8de080 Exception <a 'java/lang/NoSuchMethodError'{0x000000070fe1a308}: 'java.lang.Object java.lang.invoke.DirectMethodHandle$Holder.invokeSpecial(java.lang.Object, java.lang.Object, long, java.lang.Object, java.lang.Object, java.lang.Object, java.lang.Object, java.lang.Object, java.lang.Object)'> (0x000000070fe1a308) 
thrown [s\src\hotspot\share\interpreter\linkResolver.cpp, line 759]
Event: 3.697 Thread 0x0000016ebf8de080 Exception <a 'java/lang/NoSuchMethodError'{0x000000070fe1ee30}: 'java.lang.Object java.lang.invoke.DelegatingMethodHandle$Holder.reinvoke_L(java.lang.Object, long, java.lang.Object, java.lang.Object, java.lang.Object, java.lang.Object, java.lang.Object, java.lang.Object)'> (0x000000070fe1ee30) 
thrown [s\src\hotspot\share\interpreter\linkResolver.cpp, line 759]
Event: 3.698 Thread 0x0000016ebf8de080 Exception <a 'java/lang/NoSuchMethodError'{0x000000070fe2c548}: 'java.lang.Object java.lang.invoke.Invokers$Holder.linkToTargetMethod(java.lang.Object, java.lang.Object, java.lang.Object, java.lang.Object, java.lang.Object, java.lang.Object, java.lang.Object)'> (0x000000070fe2c548) 
thrown [s\src\hotspot\share\interpreter\linkResolver.cpp, line 759]
Event: 3.698 Thread 0x0000016ebf8de080 Exception <a 'sun/nio/fs/WindowsException'{0x000000070fe2fda8}> (0x000000070fe2fda8) 
thrown [s\src\hotspot\share\prims\jni.cpp, line 516]
Event: 3.698 Thread 0x0000016ebf8de080 Exception <a 'sun/nio/fs/WindowsException'{0x000000070fe30040}> (0x000000070fe30040) 
thrown [s\src\hotspot\share\prims\jni.cpp, line 516]
Event: 3.704 Thread 0x0000016ebf8de080 Implicit null exception at 0x0000016ecf0fab8b to 0x0000016ecf0ffeec
Event: 3.744 Thread 0x0000016ebf8de080 Implicit null exception at 0x0000016eceff91b6 to 0x0000016eceff92b0
Event: 3.744 Thread 0x0000016ebf8de080 Implicit null exception at 0x0000016ecefd14ef to 0x0000016ecefd16fc
Event: 3.744 Thread 0x0000016ebf8de080 Implicit null exception at 0x0000016ecefe9ae0 to 0x0000016ecefe9b7a
Event: 3.747 Thread 0x0000016ebf8de080 Exception <a 'java/lang/NoSuchMethodError'{0x000000070f8ab428}: 'int java.lang.invoke.DirectMethodHandle$Holder.invokeSpecialIFC(java.lang.Object, java.lang.Object, java.lang.Object, java.lang.Object)'> (0x000000070f8ab428) 
thrown [s\src\hotspot\share\interpreter\linkResolver.cpp, line 759]
Event: 3.778 Thread 0x0000016ebf8de080 Implicit null exception at 0x0000016ecf10e02d to 0x0000016ecf113f64

VM Operations (20 events):
Event: 1.922 Executing VM operation: ICBufferFull
Event: 1.922 Executing VM operation: ICBufferFull done
Event: 2.038 Executing VM operation: HandshakeAllThreads
Event: 2.038 Executing VM operation: HandshakeAllThreads done
Event: 2.243 Executing VM operation: ICBufferFull
Event: 2.243 Executing VM operation: ICBufferFull done
Event: 2.841 Executing VM operation: ICBufferFull
Event: 2.841 Executing VM operation: ICBufferFull done
Event: 3.412 Executing VM operation: G1CollectForAllocation
Event: 3.423 Executing VM operation: G1CollectForAllocation done
Event: 3.555 Executing VM operation: HandshakeAllThreads
Event: 3.555 Executing VM operation: HandshakeAllThreads done
Event: 3.685 Executing VM operation: HandshakeAllThreads
Event: 3.685 Executing VM operation: HandshakeAllThreads done
Event: 3.761 Executing VM operation: ICBufferFull
Event: 3.761 Executing VM operation: ICBufferFull done
Event: 3.896 Executing VM operation: ICBufferFull
Event: 3.896 Executing VM operation: ICBufferFull done
Event: 3.972 Executing VM operation: HandshakeAllThreads
Event: 3.972 Executing VM operation: HandshakeAllThreads done

Events (20 events):
Event: 3.681 loading class java/util/Base64$Encoder
Event: 3.681 loading class java/util/Base64$Encoder done
Event: 3.683 loading class java/nio/file/FileChannelLinesSpliterator
Event: 3.684 loading class java/nio/file/FileChannelLinesSpliterator done
Event: 3.684 loading class sun/nio/fs/WindowsChannelFactory$2
Event: 3.684 loading class sun/nio/fs/WindowsChannelFactory$2 done
Event: 3.685 loading class java/util/stream/Streams$1
Event: 3.685 loading class java/util/stream/Streams$1 done
Event: 3.685 loading class java/nio/file/FileChannelLinesSpliterator$1
Event: 3.685 loading class java/nio/file/FileChannelLinesSpliterator$1 done
Event: 3.715 loading class java/util/stream/MatchOps$MatchKind
Event: 3.716 loading class java/util/stream/MatchOps$MatchKind done
Event: 3.716 loading class java/util/stream/MatchOps
Event: 3.716 loading class java/util/stream/MatchOps done
Event: 3.716 loading class java/util/stream/MatchOps$MatchOp
Event: 3.716 loading class java/util/stream/MatchOps$MatchOp done
Event: 3.716 loading class java/util/stream/MatchOps$BooleanTerminalSink
Event: 3.716 loading class java/util/stream/MatchOps$BooleanTerminalSink done
Event: 3.717 loading class java/util/stream/MatchOps$1MatchSink
Event: 3.717 loading class java/util/stream/MatchOps$1MatchSink done


Dynamic libraries:
0x00007ff772ab0000 - 0x00007ff772abe000 	C:\Program Files\Java\microsoft-jdk-17.0.10-windows-x64\jdk-17.0.10+7\bin\java.exe
0x00007ffb61990000 - 0x00007ffb61b88000 	C:\Windows\SYSTEM32\ntdll.dll
0x00007ffb60590000 - 0x00007ffb6064d000 	C:\Windows\System32\KERNEL32.DLL
0x00007ffb5f040000 - 0x00007ffb5f336000 	C:\Windows\System32\KERNELBASE.dll
0x00007ffb5f660000 - 0x00007ffb5f760000 	C:\Windows\System32\ucrtbase.dll
0x00007ffb40bd0000 - 0x00007ffb40be7000 	C:\Program Files\Java\microsoft-jdk-17.0.10-windows-x64\jdk-17.0.10+7\bin\jli.dll
0x00007ffb45a60000 - 0x00007ffb45a7b000 	C:\Program Files\Java\microsoft-jdk-17.0.10-windows-x64\jdk-17.0.10+7\bin\VCRUNTIME140.dll
0x00007ffb61480000 - 0x00007ffb6161e000 	C:\Windows\System32\USER32.dll
0x00007ffb5f5e0000 - 0x00007ffb5f602000 	C:\Windows\System32\win32u.dll
0x00007ffb50080000 - 0x00007ffb5031a000 	C:\Windows\WinSxS\amd64_microsoft.windows.common-controls_6595b64144ccf1df_6.0.19041.3636_none_60b6a03d71f818d5\COMCTL32.dll
0x00007ffb61020000 - 0x00007ffb6104b000 	C:\Windows\System32\GDI32.dll
0x00007ffb613e0000 - 0x00007ffb6147e000 	C:\Windows\System32\msvcrt.dll
0x00007ffb5f7d0000 - 0x00007ffb5f8e7000 	C:\Windows\System32\gdi32full.dll
0x00007ffb5f8f0000 - 0x00007ffb5f98d000 	C:\Windows\System32\msvcp_win.dll
0x00007ffb5fc40000 - 0x00007ffb5fc72000 	C:\Windows\System32\IMM32.DLL
0x00007ffb5bb60000 - 0x00007ffb5bb6c000 	C:\Program Files\Java\microsoft-jdk-17.0.10-windows-x64\jdk-17.0.10+7\bin\vcruntime140_1.dll
0x00007ffb3f9f0000 - 0x00007ffb3fa7d000 	C:\Program Files\Java\microsoft-jdk-17.0.10-windows-x64\jdk-17.0.10+7\bin\msvcp140.dll
0x00007ffaf8870000 - 0x00007ffaf94d5000 	C:\Program Files\Java\microsoft-jdk-17.0.10-windows-x64\jdk-17.0.10+7\bin\server\jvm.dll
0x00007ffb60ef0000 - 0x00007ffb60fa0000 	C:\Windows\System32\ADVAPI32.dll
0x00007ffb61760000 - 0x00007ffb61800000 	C:\Windows\System32\sechost.dll
0x00007ffb61250000 - 0x00007ffb61375000 	C:\Windows\System32\RPCRT4.dll
0x00007ffb5f990000 - 0x00007ffb5f9b7000 	C:\Windows\System32\bcrypt.dll
0x00007ffb5bb30000 - 0x00007ffb5bb39000 	C:\Windows\SYSTEM32\WSOCK32.dll
0x00007ffb5ec40000 - 0x00007ffb5ec8b000 	C:\Windows\SYSTEM32\POWRPROF.dll
0x00007ffb61050000 - 0x00007ffb610bb000 	C:\Windows\System32\WS2_32.dll
0x00007ffb4aef0000 - 0x00007ffb4af17000 	C:\Windows\SYSTEM32\WINMM.dll
0x00007ffb56fb0000 - 0x00007ffb56fba000 	C:\Windows\SYSTEM32\VERSION.dll
0x00007ffb5e6b0000 - 0x00007ffb5e6c2000 	C:\Windows\SYSTEM32\UMPDC.dll
0x00007ffb5ca60000 - 0x00007ffb5ca72000 	C:\Windows\SYSTEM32\kernel.appcore.dll
0x00007ffb45970000 - 0x00007ffb4597a000 	C:\Program Files\Java\microsoft-jdk-17.0.10-windows-x64\jdk-17.0.10+7\bin\jimage.dll
0x00007ffb5ea50000 - 0x00007ffb5ec34000 	C:\Windows\SYSTEM32\DBGHELP.DLL
0x00007ffb5e7e0000 - 0x00007ffb5e814000 	C:\Windows\SYSTEM32\dbgcore.DLL
0x00007ffb5f4a0000 - 0x00007ffb5f522000 	C:\Windows\System32\bcryptPrimitives.dll
0x00007ffb40ba0000 - 0x00007ffb40bc5000 	C:\Program Files\Java\microsoft-jdk-17.0.10-windows-x64\jdk-17.0.10+7\bin\java.dll
0x00007ffb0cce0000 - 0x00007ffb0cdb7000 	C:\Program Files\Java\microsoft-jdk-17.0.10-windows-x64\jdk-17.0.10+7\bin\jsvml.dll
0x00007ffb5fce0000 - 0x00007ffb6044b000 	C:\Windows\System32\SHELL32.dll
0x00007ffb5ca80000 - 0x00007ffb5d21e000 	C:\Windows\SYSTEM32\windows.storage.dll
0x00007ffb60660000 - 0x00007ffb609b3000 	C:\Windows\System32\combase.dll
0x00007ffb5e370000 - 0x00007ffb5e39e000 	C:\Windows\SYSTEM32\Wldp.dll
0x00007ffb5f9c0000 - 0x00007ffb5fa8d000 	C:\Windows\System32\OLEAUT32.dll
0x00007ffb604e0000 - 0x00007ffb6058d000 	C:\Windows\System32\SHCORE.dll
0x00007ffb61380000 - 0x00007ffb613d5000 	C:\Windows\System32\shlwapi.dll
0x00007ffb5ef70000 - 0x00007ffb5ef95000 	C:\Windows\SYSTEM32\profapi.dll
0x00007ffb40100000 - 0x00007ffb40119000 	C:\Program Files\Java\microsoft-jdk-17.0.10-windows-x64\jdk-17.0.10+7\bin\net.dll
0x00007ffb56c90000 - 0x00007ffb56d9a000 	C:\Windows\SYSTEM32\WINHTTP.dll
0x00007ffb5e210000 - 0x00007ffb5e27a000 	C:\Windows\system32\mswsock.dll
0x00007ffb3fff0000 - 0x00007ffb40006000 	C:\Program Files\Java\microsoft-jdk-17.0.10-windows-x64\jdk-17.0.10+7\bin\nio.dll
0x00007ffb3fc20000 - 0x00007ffb3fc38000 	C:\Program Files\Java\microsoft-jdk-17.0.10-windows-x64\jdk-17.0.10+7\bin\zip.dll
0x0000000069ac0000 - 0x0000000069ae4000 	C:\Users\Andriary\AppData\Local\Temp\jansi-2.4.0-2ae6e22d179bd96b-jansi.dll
0x00007ffb419a0000 - 0x00007ffb419b0000 	C:\Program Files\Java\microsoft-jdk-17.0.10-windows-x64\jdk-17.0.10+7\bin\verify.dll

dbghelp: loaded successfully - version: 4.0.5 - missing functions: none
symbol engine: initialized successfully - sym options: 0x614 - pdb path: .;C:\Program Files\Java\microsoft-jdk-17.0.10-windows-x64\jdk-17.0.10+7\bin;C:\Windows\SYSTEM32;C:\Windows\WinSxS\amd64_microsoft.windows.common-controls_6595b64144ccf1df_6.0.19041.3636_none_60b6a03d71f818d5;C:\Program Files\Java\microsoft-jdk-17.0.10-windows-x64\jdk-17.0.10+7\bin\server;C:\Users\Andriary\AppData\Local\Temp

VM Arguments:
jvm_args: -Dmaven.multiModuleProjectDirectory=D:\app_sms_833\app_sms_back 
java_command: org.apache.maven.wrapper.MavenWrapperMain quarkus:dev
java_class_path (initial): D:\app_sms_833\app_sms_back\.mvn\wrapper\maven-wrapper.jar
Launcher Type: SUN_STANDARD

[Global flags]
     intx CICompilerCount                          = 4                                         {product} {ergonomic}
     uint ConcGCThreads                            = 2                                         {product} {ergonomic}
     uint G1ConcRefinementThreads                  = 8                                         {product} {ergonomic}
   size_t G1HeapRegionSize                         = 2097152                                   {product} {ergonomic}
    uintx GCDrainStackTargetSize                   = 64                                        {product} {ergonomic}
   size_t InitialHeapSize                          = 268435456                                 {product} {ergonomic}
   size_t MarkStackSize                            = 4194304                                   {product} {ergonomic}
   size_t MaxHeapSize                              = 4276092928                                {product} {ergonomic}
   size_t MaxNewSize                               = 2564816896                                {product} {ergonomic}
   size_t MinHeapDeltaBytes                        = 2097152                                   {product} {ergonomic}
   size_t MinHeapSize                              = 8388608                                   {product} {ergonomic}
    uintx NonNMethodCodeHeapSize                   = 5839372                                {pd product} {ergonomic}
    uintx NonProfiledCodeHeapSize                  = 122909434                              {pd product} {ergonomic}
    uintx ProfiledCodeHeapSize                     = 122909434                              {pd product} {ergonomic}
    uintx ReservedCodeCacheSize                    = 251658240                              {pd product} {ergonomic}
     bool SegmentedCodeCache                       = true                                      {product} {ergonomic}
   size_t SoftMaxHeapSize                          = 4276092928                             {manageable} {ergonomic}
     bool UseCompressedClassPointers               = true                           {product lp64_product} {ergonomic}
     bool UseCompressedOops                        = true                           {product lp64_product} {ergonomic}
     bool UseG1GC                                  = true                                      {product} {ergonomic}
     bool UseLargePagesIndividualAllocation        = false                                  {pd product} {ergonomic}

Logging:
Log output configuration:
 #0: stdout all=warning uptime,level,tags
 #1: stderr all=off uptime,level,tags

Environment Variables:
JAVA_HOME=C:\Program Files\Java\microsoft-jdk-17.0.10-windows-x64\jdk-17.0.10+7
PATH=C:\Program Files\Common Files\Oracle\Java\javapath;C:\Program Files (x86)\Common Files\Oracle\Java\javapath;C:\Windows\system32;C:\Windows;C:\Windows\System32\Wbem;C:\Windows\System32\WindowsPowerShell\v1.0\;C:\Windows\System32\OpenSSH\;C:\Program Files\Git\cmd;C:\Program Files\nodejs\;C:\Program Files\Java\microsoft-jdk-17.0.10-windows-x64\jdk-17.0.10+7;C:\Program Files\Java\microsoft-jdk-17.0.10-windows-x64\jdk-17.0.10+7\bin;C:\Users\Andriary\AppData\Local\Microsoft\WindowsApps;C:\Users\Andriary\AppData\Roaming\npm;C:\Users\Andriary\AppData\Local\Programs\Microsoft VS Code\bin;C:\Program Files\JetBrains\IntelliJ IDEA 2023.3.3\bin;;C:\Program Files\Java\microsoft-jdk-17.0.10-windows-x64\jdk-17.0.10+7;C:\Program Files\Java\microsoft-jdk-17.0.10-windows-x64\jdk-17.0.10+7\bin;C:\Program Files (x86)\Common Files\Oracle\Java\javapath;;C:\Program Files\JetBrains\IntelliJ IDEA Community Edition 2023.3.4\bin;
USERNAME=Andriary
OS=Windows_NT
PROCESSOR_IDENTIFIER=Intel64 Family 6 Model 158 Stepping 9, GenuineIntel
TMP=C:\Users\Andriary\AppData\Local\Temp
TEMP=C:\Users\Andriary\AppData\Local\Temp



Periodic native trim disabled


---------------  S Y S T E M  ---------------

OS:
 Windows 10 , 64 bit Build 19041 (10.0.19041.3636)
OS uptime: 0 days 17:28 hours

CPU: total 8 (initial active 8) (4 cores per cpu, 2 threads per core) family 6 model 158 stepping 9 microcode 0xb4, cx8, cmov, fxsr, ht, mmx, 3dnowpref, sse, sse2, sse3, ssse3, sse4.1, sse4.2, popcnt, lzcnt, tsc, tscinvbit, avx, avx2, aes, erms, clmul, bmi1, bmi2, adx, fma, vzeroupper, clflush, clflushopt
Processor Information for all 8 processors :
  Max Mhz: 2801, Current Mhz: 2801, Mhz Limit: 2801

Memory: 4k page, system-wide physical 16304M (10280M free)
TotalPageFile size 19632M (AvailPageFile size 9693M)
current process WorkingSet (physical memory assigned to process): 293M, peak: 298M
current process commit charge ("private bytes"): 426M, peak: 432M

vm_info: OpenJDK 64-Bit Server VM (17.0.10+7-LTS) for windows-amd64 JRE (17.0.10+7-LTS), built on Jan 10 2024 19:47:12 by "MicrosoftCorporation" with MS VC++ 16.10 / 16.11 (VS2019)

END.
