#
# A fatal error has been detected by the Java Runtime Environment:
#
#  EXCEPTION_ACCESS_VIOLATION (0xc0000005) at pc=0x00007ff95a50c6f9, pid=5944, tid=3880
#
# JRE version: OpenJDK Runtime Environment Microsoft-8902769 (17.0.10+7) (build 17.0.10+7-LTS)
# Java VM: OpenJDK 64-Bit Server VM Microsoft-8902769 (17.0.10+7-LTS, mixed mode, emulated-client, sharing, tiered, compressed oops, compressed class ptrs, g1 gc, windows-amd64)
# Problematic frame:
# V  [jvm.dll+0x30c6f9]
#
# No core dump will be written. Minidumps are not enabled by default on client versions of Windows
#
# If you would like to submit a bug report, please visit:
#   https://github.com/microsoft/openjdk/issues
#

---------------  S U M M A R Y ------------

Command Line: -Dquarkus-internal.serialized-app-model.path=D:\app_sms_833\app_sms_back\target\quarkus\bootstrap\dev-app-model.dat -javaagent:C:\Users\Andriary\.m2\repository\io\quarkus\quarkus-class-change-agent\3.8.2\quarkus-class-change-agent-3.8.2.jar -XX:TieredStopAtLevel=1 -agentlib:jdwp=transport=dt_socket,address=localhost:5005,server=y,suspend=n -Djava.util.logging.manager=org.jboss.logmanager.LogManager D:\app_sms_833\app_sms_back\target\app_sms_back-dev.jar

Host: Intel(R) Core(TM) i7-7700HQ CPU @ 2.80GHz, 8 cores, 15G,  Windows 10 , 64 bit Build 19041 (10.0.19041.3636)
Time: Tue Apr 16 12:08:36 2024 Afrique de l, 64 bit Build 19041 (10.0.19041.3636) elapsed time: 4246.892755 seconds (0d 1h 10m 46s)

---------------  T H R E A D  ---------------

Current thread (0x0000023ff651be00):  GCTaskThread "GC Thread#5" [stack: 0x0000005989c00000,0x0000005989d00000] [id=3880]

Stack: [0x0000005989c00000,0x0000005989d00000],  sp=0x0000005989cff850,  free space=1022k
Native frames: (J=compiled Java code, j=interpreted, Vv=VM code, C=native code)
V  [jvm.dll+0x30c6f9]
V  [jvm.dll+0x30c2e8]
V  [jvm.dll+0x2df974]
V  [jvm.dll+0x2e011a]
V  [jvm.dll+0x2e0217]
V  [jvm.dll+0x2e580b]
V  [jvm.dll+0x864c7b]
V  [jvm.dll+0x864cc6]
V  [jvm.dll+0x7e69da]
V  [jvm.dll+0x67e715]
C  [ucrtbase.dll+0x21bb2]
C  [KERNEL32.DLL+0x17344]
C  [ntdll.dll+0x526b1]


siginfo: EXCEPTION_ACCESS_VIOLATION (0xc0000005), reading address 0x000000030d67cc78


Registers:
RAX=0x0000000000000000, RBX=0x0000000707508721, RCX=0x0000000000000015, RDX=0x0000000000000007
RSP=0x0000005989cff850, RBP=0x000000000000047a, RSI=0x0000000707508720, RDI=0x0000023ff8816900
R8 =0x0000000707508710, R9 =0x0000000701a3a898, R10=0x000000030d67cc78, R11=0x0000023fd8bb98e0
R12=0x0000000000000003, R13=0x0000005989cff9b0, R14=0x0000000000000000, R15=0x0000000000000000
RIP=0x00007ff95a50c6f9, EFLAGS=0x0000000000010246


Register to memory mapping:

RIP=0x00007ff95a50c6f9 jvm.dll
RAX=0x0 is NULL
RBX=
[error occurred during error reporting (printing register info), id 0xc0000005, EXCEPTION_ACCESS_VIOLATION (0xc0000005) at pc=0x00007ff95a4d77f1]

Top of Stack: (sp=0x0000005989cff850)
0x0000005989cff850:   0000023ff8810000 0000000000000001
0x0000005989cff860:   0000000000000010 0000000000000009
0x0000005989cff870:   0000000000000014 0000023ff8816900
0x0000005989cff880:   00000059884fee00 0000000707798310
0x0000005989cff890:   0000023fd8ba1f30 00007ff95a50c2e8
0x0000005989cff8a0:   0000106000000000 0000023ff8816900
0x0000005989cff8b0:   0000000000000010 0000000000000009
0x0000005989cff8c0:   0000005989cff930 00007ff95a4df974
0x0000005989cff8d0:   0000000707798311 00007ff95ab5a488
0x0000005989cff8e0:   00000059884fee00 0000000000000000
0x0000005989cff8f0:   0000000000000008 00007ff95a500fd7
0x0000005989cff900:   0000000000000000 0000000000000000
0x0000005989cff910:   0000005900000000 00007ff95a9f524e
0x0000005989cff920:   0000000000000000 0000000000000000
0x0000005989cff930:   0000023ff1c12920 0000023ff6516d30
0x0000005989cff940:   00000000000003d8 0000023ff1c12d08
0x0000005989cff950:   00000059884fee30 0000000000000013
0x0000005989cff960:   0000000000000001 00007ff95a4e011a
0x0000005989cff970:   0000000000000003 0000023ff8816900
0x0000005989cff980:   0000023ff8816900 0000000000000000
0x0000005989cff990:   00007ff95ab5dbc0 0000000100000001
0x0000005989cff9a0:   00000009e355a048 00000ad88e847fa0
0x0000005989cff9b0:   00007ff95ab56328 0000000000000000
0x0000005989cff9c0:   0000000000000000 0000000000000000
0x0000005989cff9d0:   0000023fd8bb0ed0 0000023ff8816900
0x0000005989cff9e0:   0000023fd8ba1f30 00000059884fee60
0x0000005989cff9f0:   0000000000000013 0000000000000000
0x0000005989cffa00:   0000000000000000 0000000000000000
0x0000005989cffa10:   0000023ff1c12930 00007ff95a4e0217
0x0000005989cffa20:   0000023ff8816900 0000000000000001
0x0000005989cffa30:   0000023ff65d7ec0 00000059884fee30
0x0000005989cffa40:   0000000000000015 0000000000000013 

Instructions: (pc=0x00007ff95a50c6f9)
0x00007ff95a50c5f9:   ff 48 8d 53 fe 48 8b cf e8 6a f4 ff ff e9 35 fd
0x00007ff95a50c609:   ff ff 0f 1f 44 00 00 48 8b 77 10 8b ae 80 00 00
0x00007ff95a50c619:   00 8b cd 8b 86 00 01 00 00 2b c8 81 e1 ff ff 01
0x00007ff95a50c629:   00 41 3b ce 0f 86 e9 02 00 00 ff cd 81 e5 ff ff
0x00007ff95a50c639:   01 00 89 ae 80 00 00 00 e8 7a 45 36 00 90 8b d5
0x00007ff95a50c649:   8b 86 00 01 00 00 8b cd 48 8b 9e 80 01 00 00 2b
0x00007ff95a50c659:   c8 81 e1 ff ff 01 00 81 f9 ff ff 01 00 48 8b 1c
0x00007ff95a50c669:   eb 41 0f 44 cf 85 c9 75 3d 90 89 6c 24 50 48 8b
0x00007ff95a50c679:   86 00 01 00 00 48 8b c8 48 c1 e9 20 ff c1 89 4c
0x00007ff95a50c689:   24 54 3b e8 0f 85 77 02 00 00 48 c1 e1 20 48 0b
0x00007ff95a50c699:   ca f0 48 0f b1 8e 00 01 00 00 0f 85 61 02 00 00
0x00007ff95a50c6a9:   8b 86 00 01 00 00 f6 c3 01 0f 84 2f 01 00 00 8b
0x00007ff95a50c6b9:   0d 2a dc 80 00 48 8d 73 ff 48 8b 47 08 44 8b 16
0x00007ff95a50c6c9:   49 d3 e2 4c 03 15 0d dc 80 00 8b 88 90 05 00 00
0x00007ff95a50c6d9:   49 8b d2 48 8b 80 80 05 00 00 48 d3 ea 0f b7 14
0x00007ff95a50c6e9:   50 0f b7 c2 66 c1 e8 08 84 c0 0f 88 17 ff ff ff
0x00007ff95a50c6f9:   4d 8b 02 41 0f b6 c0 24 03 3c 03 75 1e 44 38 3d
0x00007ff95a50c709:   b2 9d 87 00 74 0f 41 0f b6 c0 24 07 3c 05 75 05
0x00007ff95a50c719:   4d 8b c7 eb 17 49 83 e0 fc eb 11 4d 8b c8 48 8b
0x00007ff95a50c729:   cf 4d 8b c2 e8 2e ef ff ff 4c 8b c0 8b 0d ad db
0x00007ff95a50c739:   80 00 49 8b d0 48 2b 15 9b db 80 00 48 d3 ea 89
0x00007ff95a50c749:   16 49 8b d0 8b 0d 7d a6 87 00 48 33 d6 48 d3 ea
0x00007ff95a50c759:   48 85 d2 0f 84 ae fe ff ff 48 8b 47 08 48 8b d6
0x00007ff95a50c769:   8b 88 c0 01 00 00 48 8b 80 b0 01 00 00 48 d3 ea
0x00007ff95a50c779:   48 8b 0c d0 8b 81 94 00 00 00 d1 e8 a8 01 0f 85
0x00007ff95a50c789:   83 fe ff ff 48 8b 47 08 8b 88 90 05 00 00 48 8b
0x00007ff95a50c799:   80 80 05 00 00 49 d3 e8 46 38 3c 40 0f 84 65 fe
0x00007ff95a50c7a9:   ff ff 48 8b 47 60 48 c1 ee 09 48 8b 58 40 48 8b
0x00007ff95a50c7b9:   48 38 48 03 de 48 2b d9 48 39 9f b0 01 00 00 0f
0x00007ff95a50c7c9:   84 42 fe ff ff 48 8d 14 0b 48 8d 4f 18 e8 a5 40
0x00007ff95a50c7d9:   00 00 48 89 9f b0 01 00 00 e9 29 fe ff ff f6 c3
0x00007ff95a50c7e9:   03 0f 85 09 01 00 00 48 8b 47 08 4c 8b 13 49 8b 


Stack slot to memory mapping:
stack at sp + 0 slots: 0x0000023ff8810000 points into unknown readable memory: 0x796669746f6e2065 | 65 20 6e 6f 74 69 66 79
stack at sp + 1 slots: 0x0000000000000001 is an unknown value
stack at sp + 2 slots: 0x0000000000000010 is an unknown value
stack at sp + 3 slots: 0x0000000000000009 is an unknown value
stack at sp + 4 slots: 0x0000000000000014 is an unknown value
stack at sp + 5 slots: 0x0000023ff8816900 points into unknown readable memory: 0x00007ff95ab5caf8 | f8 ca b5 5a f9 7f 00 00
stack at sp + 6 slots: 0x00000059884fee00 points into unknown readable memory: 0x0000023fd8bb8210 | 10 82 bb d8 3f 02 00 00
stack at sp + 7 slots: 0x0000000707798310 is pointing into object: [Ljava.lang.Object; 
{0x0000000707797ee8} - klass: 'java/lang/Object'[]
 - length: 370


---------------  P R O C E S S  ---------------

Threads class SMR info:
_java_thread_list=0x0000023ffa6cacb0, length=101, elements={
0x0000023ff1a337e0, 0x0000023ff1a34660, 0x0000023ff1a49690, 0x0000023ff1a4b3c0,
0x0000023ff1a4dd90, 0x0000023ff1a4f760, 0x0000023ff1a501d0, 0x0000023ff1a50bd0,
0x0000023ff14b5e10, 0x0000023ff6347370, 0x0000023ff63487b0, 0x0000023ff634afc0,
0x0000023ff63f3ae0, 0x0000023ff63f87f0, 0x0000023ff63fcef0, 0x0000023ff1badc70,
0x0000023ff88cf250, 0x0000023ff88d2a00, 0x0000023ff88cb590, 0x0000023ff88d0690,
0x0000023ffa509010, 0x0000023ffa509a30, 0x0000023ffa509f40, 0x0000023ffa505860,
0x0000023ffa504420, 0x0000023ffa50a450, 0x0000023ffa506ca0, 0x0000023ffa504e40,
0x0000023ffa5071b0, 0x0000023ffa508b00, 0x0000023ff8a433a0, 0x0000023ff8633ac0,
0x0000023ff862eb10, 0x0000023ffa507bd0, 0x0000023ffa5080e0, 0x0000023ffa5085f0,
0x0000023ffa506790, 0x0000023ffa50ae70, 0x0000023ffa50a960, 0x0000023ffa50b890,
0x0000023ffa50bda0, 0x0000023ffa504930, 0x0000023ffa505350, 0x0000023ffa505d70,
0x0000023ffa506280, 0x0000023ff88cc4c0, 0x0000023ff88cfc70, 0x0000023ff88d1fe0,
0x0000023ff88ccee0, 0x0000023ff88d1ad0, 0x0000023ff88cd3f0, 0x0000023ff88cbfb0,
0x0000023ff88ce320, 0x0000023ff88ce830, 0x0000023ff88d0180, 0x0000023ff88cc9d0,
0x0000023ff88cd900, 0x0000023ff88d15c0, 0x0000023ff88d24f0, 0x0000023ff88cb080,
0x0000023ff88ced40, 0x0000023ff88cbaa0, 0x0000023ff88cde10, 0x0000023ff88cf760,
0x0000023ff88d0ba0, 0x0000023ff92dad10, 0x0000023ff92dbc40, 0x0000023ff92d9de0,
0x0000023ff92db730, 0x0000023ff92d98d0, 0x0000023ff92da2f0, 0x0000023ff92db220,
0x0000023ff92da800, 0x0000023ff92d8490, 0x0000023ff92d89a0, 0x0000023fffdcc650,
0x0000023fffdcd070, 0x0000023fffdcf8f0, 0x0000023fffdcd580, 0x0000023fffdcfe00,
0x0000023fffdd0310, 0x0000023fffdcdfa0, 0x0000023fffdcbc30, 0x0000023fffdce4b0,
0x0000023fffdd2680, 0x0000023fffdccb60, 0x0000023fffdd0820, 0x0000023fffdd0d30,
0x0000023fffdcda90, 0x0000023fffdd1240, 0x0000023fffdce9c0, 0x0000023fffdcf3e0,
0x0000023fffdd1750, 0x0000023fffdd2b90, 0x0000023fffdceed0, 0x0000023fffdd1c60,
0x0000023fffdd2170, 0x0000023fffdd30a0, 0x0000023fffdd35b0, 0x0000023fffdcc140,
0x0000023fffec8760
}

Java Threads: ( => current thread )
  0x0000023ff1a337e0 JavaThread "Reference Handler" daemon [_thread_blocked, id=3888, stack(0x0000005988500000,0x0000005988600000)]
  0x0000023ff1a34660 JavaThread "Finalizer" daemon [_thread_blocked, id=13932, stack(0x0000005988600000,0x0000005988700000)]
  0x0000023ff1a49690 JavaThread "Signal Dispatcher" daemon [_thread_blocked, id=14748, stack(0x0000005988700000,0x0000005988800000)]
  0x0000023ff1a4b3c0 JavaThread "Attach Listener" daemon [_thread_blocked, id=5580, stack(0x0000005988800000,0x0000005988900000)]
  0x0000023ff1a4dd90 JavaThread "Service Thread" daemon [_thread_blocked, id=10512, stack(0x0000005988900000,0x0000005988a00000)]
  0x0000023ff1a4f760 JavaThread "Monitor Deflation Thread" daemon [_thread_blocked, id=14592, stack(0x0000005988a00000,0x0000005988b00000)]
  0x0000023ff1a501d0 JavaThread "C1 CompilerThread0" daemon [_thread_blocked, id=5976, stack(0x0000005988b00000,0x0000005988c00000)]
  0x0000023ff1a50bd0 JavaThread "Sweeper thread" daemon [_thread_blocked, id=2388, stack(0x0000005988c00000,0x0000005988d00000)]
  0x0000023ff14b5e10 JavaThread "Common-Cleaner" daemon [_thread_blocked, id=8460, stack(0x0000005988d00000,0x0000005988e00000)]
  0x0000023ff6347370 JavaThread "JDWP Transport Listener: dt_socket" daemon [_thread_in_native, id=15096, stack(0x0000005989100000,0x0000005989200000)]
  0x0000023ff63487b0 JavaThread "JDWP Event Helper Thread" daemon [_thread_blocked, id=15212, stack(0x0000005989200000,0x0000005989300000)]
  0x0000023ff634afc0 JavaThread "Notification Thread" daemon [_thread_blocked, id=7900, stack(0x0000005989300000,0x0000005989400000)]
  0x0000023ff63f3ae0 JavaThread "Reference Reaper #1" daemon [_thread_blocked, id=14524, stack(0x0000005989500000,0x0000005989600000)]
  0x0000023ff63f87f0 JavaThread "Reference Reaper #2" daemon [_thread_blocked, id=8236, stack(0x0000005989600000,0x0000005989700000)]
  0x0000023ff63fcef0 JavaThread "Reference Reaper #3" daemon [_thread_blocked, id=6444, stack(0x0000005989700000,0x0000005989800000)]
  0x0000023ff1badc70 JavaThread "Quarkus Devmode keep alive thread" [_thread_blocked, id=1296, stack(0x000000598a000000,0x000000598a100000)]
  0x0000023ff88cf250 JavaThread "mysql-cj-abandoned-connection-cleanup" daemon [_thread_blocked, id=1048, stack(0x000000598f800000,0x000000598f900000)]
  0x0000023ff88d2a00 JavaThread "WindowsStreamPump" daemon [_thread_in_native, id=7252, stack(0x000000598fa00000,0x000000598fb00000)]
  0x0000023ff88cb590 JavaThread "Aesh InputStream Reader" daemon [_thread_blocked, id=15228, stack(0x000000598fb00000,0x000000598fc00000)]
  0x0000023ff88d0690 JavaThread "vertx-blocked-thread-checker" daemon [_thread_blocked, id=9200, stack(0x000000598b000000,0x000000598b100000)]
  0x0000023ffa509010 JavaThread "vert.x-eventloop-thread-0" [_thread_in_native, id=6432, stack(0x000000598cd00000,0x000000598ce00000)]
  0x0000023ffa509a30 JavaThread "vert.x-eventloop-thread-1" [_thread_in_native, id=12424, stack(0x000000598ce00000,0x000000598cf00000)]
  0x0000023ffa509f40 JavaThread "vert.x-acceptor-thread-0" [_thread_in_native, id=9352, stack(0x000000598cf00000,0x000000598d000000)]
  0x0000023ffa505860 JavaThread "vert.x-eventloop-thread-2" [_thread_in_native, id=4320, stack(0x000000598d000000,0x000000598d100000)]
  0x0000023ffa504420 JavaThread "DestroyJavaVM" [_thread_blocked, id=13804, stack(0x0000005987e00000,0x0000005987f00000)]
  0x0000023ffa50a450 JavaThread "vert.x-worker-thread-1" [_thread_blocked, id=14704, stack(0x0000005987b00000,0x0000005987c00000)]
  0x0000023ffa506ca0 JavaThread "vert.x-internal-blocking-1" [_thread_blocked, id=11120, stack(0x0000005987c00000,0x0000005987d00000)]
  0x0000023ffa504e40 JavaThread "vert.x-internal-blocking-2" [_thread_blocked, id=14852, stack(0x000000598ac00000,0x000000598ad00000)]
  0x0000023ffa5071b0 JavaThread "vert.x-eventloop-thread-3" [_thread_in_native, id=6620, stack(0x000000598ad00000,0x000000598ae00000)]
  0x0000023ffa508b00 JavaThread "ForkJoinPool.commonPool-worker-8" daemon [_thread_blocked, id=12056, stack(0x0000005988f00000,0x0000005989000000)]
  0x0000023ff8a433a0 JavaThread "C1 CompilerThread1" daemon [_thread_blocked, id=13608, stack(0x0000005989000000,0x0000005989100000)]
  0x0000023ff8633ac0 JavaThread "C1 CompilerThread2" daemon [_thread_blocked, id=7288, stack(0x000000598a100000,0x000000598a200000)]
  0x0000023ff862eb10 JavaThread "C1 CompilerThread3" daemon [_thread_blocked, id=1836, stack(0x000000598a800000,0x000000598a900000)]
  0x0000023ffa507bd0 JavaThread "ForkJoinPool.commonPool-worker-9" daemon [_thread_blocked, id=8860, stack(0x0000005987d00000,0x0000005987e00000)]
  0x0000023ffa5080e0 JavaThread "ForkJoinPool.commonPool-worker-10" daemon [_thread_blocked, id=8576, stack(0x0000005988e00000,0x0000005988f00000)]
  0x0000023ffa5085f0 JavaThread "ForkJoinPool.commonPool-worker-11" daemon [_thread_blocked, id=11924, stack(0x000000598a900000,0x000000598aa00000)]
  0x0000023ffa506790 JavaThread "ForkJoinPool.commonPool-worker-12" daemon [_thread_blocked, id=12220, stack(0x000000598aa00000,0x000000598ab00000)]
  0x0000023ffa50ae70 JavaThread "ForkJoinPool.commonPool-worker-13" daemon [_thread_blocked, id=1832, stack(0x000000598ab00000,0x000000598ac00000)]
  0x0000023ffa50a960 JavaThread "ForkJoinPool.commonPool-worker-14" daemon [_thread_blocked, id=5460, stack(0x000000598ae00000,0x000000598af00000)]
  0x0000023ffa50b890 JavaThread "build-2" [_thread_blocked, id=13116, stack(0x000000598af00000,0x000000598b000000)]
  0x0000023ffa50bda0 JavaThread "build-3" [_thread_blocked, id=3824, stack(0x000000598b100000,0x000000598b200000)]
  0x0000023ffa504930 JavaThread "build-4" [_thread_blocked, id=2420, stack(0x000000598b200000,0x000000598b300000)]
  0x0000023ffa505350 JavaThread "build-5" [_thread_blocked, id=14468, stack(0x000000598b300000,0x000000598b400000)]
  0x0000023ffa505d70 JavaThread "build-6" [_thread_blocked, id=1828, stack(0x000000598b400000,0x000000598b500000)]
  0x0000023ffa506280 JavaThread "build-7" [_thread_blocked, id=14784, stack(0x000000598b500000,0x000000598b600000)]
  0x0000023ff88cc4c0 JavaThread "build-8" [_thread_blocked, id=10580, stack(0x000000598b600000,0x000000598b700000)]
  0x0000023ff88cfc70 JavaThread "build-9" [_thread_blocked, id=5340, stack(0x000000598b700000,0x000000598b800000)]
  0x0000023ff88d1fe0 JavaThread "build-10" [_thread_blocked, id=5588, stack(0x000000598b800000,0x000000598b900000)]
  0x0000023ff88ccee0 JavaThread "build-11" [_thread_blocked, id=3192, stack(0x000000598b900000,0x000000598ba00000)]
  0x0000023ff88d1ad0 JavaThread "build-12" [_thread_blocked, id=12180, stack(0x000000598ba00000,0x000000598bb00000)]
  0x0000023ff88cd3f0 JavaThread "build-13" [_thread_blocked, id=5828, stack(0x000000598bb00000,0x000000598bc00000)]
  0x0000023ff88cbfb0 JavaThread "build-14" [_thread_blocked, id=9204, stack(0x000000598bc00000,0x000000598bd00000)]
  0x0000023ff88ce320 JavaThread "build-15" [_thread_blocked, id=1512, stack(0x000000598bd00000,0x000000598be00000)]
  0x0000023ff88ce830 JavaThread "build-16" [_thread_blocked, id=9236, stack(0x000000598be00000,0x000000598bf00000)]
  0x0000023ff88d0180 JavaThread "build-17" [_thread_blocked, id=4728, stack(0x000000598bf00000,0x000000598c000000)]
  0x0000023ff88cc9d0 JavaThread "build-18" [_thread_blocked, id=10340, stack(0x000000598c000000,0x000000598c100000)]
  0x0000023ff88cd900 JavaThread "build-19" [_thread_blocked, id=2660, stack(0x000000598c100000,0x000000598c200000)]
  0x0000023ff88d15c0 JavaThread "build-20" [_thread_blocked, id=4772, stack(0x000000598c200000,0x000000598c300000)]
  0x0000023ff88d24f0 JavaThread "build-21" [_thread_blocked, id=11876, stack(0x000000598c300000,0x000000598c400000)]
  0x0000023ff88cb080 JavaThread "build-22" [_thread_blocked, id=3124, stack(0x000000598c400000,0x000000598c500000)]
  0x0000023ff88ced40 JavaThread "build-23" [_thread_blocked, id=4932, stack(0x000000598c500000,0x000000598c600000)]
  0x0000023ff88cbaa0 JavaThread "build-24" [_thread_blocked, id=11528, stack(0x000000598c600000,0x000000598c700000)]
  0x0000023ff88cde10 JavaThread "build-25" [_thread_blocked, id=3104, stack(0x000000598c700000,0x000000598c800000)]
  0x0000023ff88cf760 JavaThread "build-26" [_thread_blocked, id=14216, stack(0x000000598c800000,0x000000598c900000)]
  0x0000023ff88d0ba0 JavaThread "build-27" [_thread_blocked, id=5564, stack(0x000000598c900000,0x000000598ca00000)]
  0x0000023ff92dad10 JavaThread "build-28" [_thread_blocked, id=15248, stack(0x000000598ca00000,0x000000598cb00000)]
  0x0000023ff92dbc40 JavaThread "build-29" [_thread_blocked, id=11248, stack(0x000000598cb00000,0x000000598cc00000)]
  0x0000023ff92d9de0 JavaThread "build-30" [_thread_blocked, id=14120, stack(0x000000598cc00000,0x000000598cd00000)]
  0x0000023ff92db730 JavaThread "build-31" [_thread_blocked, id=4628, stack(0x000000598d100000,0x000000598d200000)]
  0x0000023ff92d98d0 JavaThread "build-32" [_thread_blocked, id=1360, stack(0x000000598d200000,0x000000598d300000)]
  0x0000023ff92da2f0 JavaThread "build-33" [_thread_blocked, id=14940, stack(0x000000598d300000,0x000000598d400000)]
  0x0000023ff92db220 JavaThread "build-34" [_thread_blocked, id=10380, stack(0x000000598d400000,0x000000598d500000)]
  0x0000023ff92da800 JavaThread "build-35" [_thread_blocked, id=3184, stack(0x000000598d500000,0x000000598d600000)]
  0x0000023ff92d8490 JavaThread "build-36" [_thread_blocked, id=6208, stack(0x000000598d600000,0x000000598d700000)]
  0x0000023ff92d89a0 JavaThread "build-37" [_thread_blocked, id=7572, stack(0x000000598d700000,0x000000598d800000)]
  0x0000023fffdcc650 JavaThread "build-39" [_thread_blocked, id=4236, stack(0x000000598d800000,0x000000598d900000)]
  0x0000023fffdcd070 JavaThread "build-38" [_thread_blocked, id=8088, stack(0x000000598d900000,0x000000598da00000)]
  0x0000023fffdcf8f0 JavaThread "build-40" [_thread_blocked, id=10496, stack(0x000000598da00000,0x000000598db00000)]
  0x0000023fffdcd580 JavaThread "build-42" [_thread_blocked, id=12072, stack(0x000000598db00000,0x000000598dc00000)]
  0x0000023fffdcfe00 JavaThread "build-43" [_thread_blocked, id=5324, stack(0x000000598dc00000,0x000000598dd00000)]
  0x0000023fffdd0310 JavaThread "build-44" [_thread_blocked, id=11848, stack(0x000000598dd00000,0x000000598de00000)]
  0x0000023fffdcdfa0 JavaThread "build-45" [_thread_blocked, id=5840, stack(0x000000598de00000,0x000000598df00000)]
  0x0000023fffdcbc30 JavaThread "build-46" [_thread_blocked, id=15116, stack(0x000000598df00000,0x000000598e000000)]
  0x0000023fffdce4b0 JavaThread "build-47" [_thread_blocked, id=14388, stack(0x000000598e000000,0x000000598e100000)]
  0x0000023fffdd2680 JavaThread "build-48" [_thread_blocked, id=3828, stack(0x000000598e100000,0x000000598e200000)]
  0x0000023fffdccb60 JavaThread "build-41" [_thread_blocked, id=12744, stack(0x000000598e200000,0x000000598e300000)]
  0x0000023fffdd0820 JavaThread "build-49" [_thread_blocked, id=8068, stack(0x000000598e300000,0x000000598e400000)]
  0x0000023fffdd0d30 JavaThread "build-50" [_thread_blocked, id=13816, stack(0x000000598e400000,0x000000598e500000)]
  0x0000023fffdcda90 JavaThread "build-51" [_thread_blocked, id=10128, stack(0x000000598e500000,0x000000598e600000)]
  0x0000023fffdd1240 JavaThread "build-52" [_thread_blocked, id=2532, stack(0x000000598e600000,0x000000598e700000)]
  0x0000023fffdce9c0 JavaThread "build-53" [_thread_blocked, id=7596, stack(0x000000598e700000,0x000000598e800000)]
  0x0000023fffdcf3e0 JavaThread "build-54" [_thread_blocked, id=5428, stack(0x000000598e800000,0x000000598e900000)]
  0x0000023fffdd1750 JavaThread "build-55" [_thread_blocked, id=14392, stack(0x000000598e900000,0x000000598ea00000)]
  0x0000023fffdd2b90 JavaThread "build-56" [_thread_blocked, id=14904, stack(0x000000598ea00000,0x000000598eb00000)]
  0x0000023fffdceed0 JavaThread "build-57" [_thread_blocked, id=3012, stack(0x000000598eb00000,0x000000598ec00000)]
  0x0000023fffdd1c60 JavaThread "build-58" [_thread_blocked, id=3232, stack(0x000000598ec00000,0x000000598ed00000)]
  0x0000023fffdd2170 JavaThread "build-59" [_thread_blocked, id=12012, stack(0x000000598ed00000,0x000000598ee00000)]
  0x0000023fffdd30a0 JavaThread "build-60" [_thread_blocked, id=13856, stack(0x000000598ee00000,0x000000598ef00000)]
  0x0000023fffdd35b0 JavaThread "build-61" [_thread_blocked, id=6556, stack(0x000000598ef00000,0x000000598f000000)]
  0x0000023fffdcc140 JavaThread "build-63" [_thread_blocked, id=4468, stack(0x000000598f000000,0x000000598f100000)]
  0x0000023fffec8760 JavaThread "build-62" [_thread_blocked, id=6356, stack(0x000000598f100000,0x000000598f200000)]

Other Threads:
  0x0000023ff1a2ad90 VMThread "VM Thread" [stack: 0x0000005988400000,0x0000005988500000] [id=14652]
  0x0000023fd8ba1200 WatcherThread [stack: 0x0000005989400000,0x0000005989500000] [id=12860]
  0x0000023fd8c0a970 GCTaskThread "GC Thread#0" [stack: 0x0000005987f00000,0x0000005988000000] [id=856]
  0x0000023ff651b0f0 GCTaskThread "GC Thread#1" [stack: 0x0000005989800000,0x0000005989900000] [id=4592]
  0x0000023ff651b3b0 GCTaskThread "GC Thread#2" [stack: 0x0000005989900000,0x0000005989a00000] [id=14744]
  0x0000023ff651b670 GCTaskThread "GC Thread#3" [stack: 0x0000005989a00000,0x0000005989b00000] [id=13980]
  0x0000023ff651b930 GCTaskThread "GC Thread#4" [stack: 0x0000005989b00000,0x0000005989c00000] [id=13668]
=>0x0000023ff651be00 GCTaskThread "GC Thread#5" [stack: 0x0000005989c00000,0x0000005989d00000] [id=3880]
  0x0000023ff65bf4c0 GCTaskThread "GC Thread#6" [stack: 0x0000005989d00000,0x0000005989e00000] [id=15048]
  0x0000023ff79dc980 GCTaskThread "GC Thread#7" [stack: 0x000000598a200000,0x000000598a300000] [id=8124]
  0x0000023fd8c1b790 ConcurrentGCThread "G1 Main Marker" [stack: 0x0000005988000000,0x0000005988100000] [id=1312]
  0x0000023fd8c1c1b0 ConcurrentGCThread "G1 Conc#0" [stack: 0x0000005988100000,0x0000005988200000] [id=3820]
  0x0000023ff7cad120 ConcurrentGCThread "G1 Conc#1" [stack: 0x000000598f900000,0x000000598fa00000] [id=3628]
  0x0000023ff13863e0 ConcurrentGCThread "G1 Refine#0" [stack: 0x0000005988200000,0x0000005988300000] [id=12776]
  0x0000023ff67f9a90 ConcurrentGCThread "G1 Refine#1" [stack: 0x0000005989e00000,0x0000005989f00000] [id=4648]
  0x0000023ff718b890 ConcurrentGCThread "G1 Refine#2" [stack: 0x0000005989f00000,0x000000598a000000] [id=2916]
  0x0000023ff79d2120 ConcurrentGCThread "G1 Refine#3" [stack: 0x000000598a300000,0x000000598a400000] [id=5924]
  0x0000023ff65d7120 ConcurrentGCThread "G1 Refine#4" [stack: 0x000000598a400000,0x000000598a500000] [id=14988]
  0x0000023ff7799190 ConcurrentGCThread "G1 Refine#5" [stack: 0x000000598a500000,0x000000598a600000] [id=14268]
  0x0000023ff7799480 ConcurrentGCThread "G1 Refine#6" [stack: 0x000000598a600000,0x000000598a700000] [id=2932]
  0x0000023ff79d1020 ConcurrentGCThread "G1 Refine#7" [stack: 0x000000598a700000,0x000000598a800000] [id=1264]
  0x0000023fd8c56500 ConcurrentGCThread "G1 Service" [stack: 0x0000005988300000,0x0000005988400000] [id=8112]

Threads with active compile tasks:
C1 CompilerThread0  4246949 11030       1       io.quarkus.gizmo.BytecodeCreatorImpl$4::writeBytecode (80 bytes)
C1 CompilerThread1  4246949 10983       1       io.quarkus.deployment.ExtensionLoader::loadStepsFromClass (3934 bytes)
C1 CompilerThread2  4246949 11022       1       org.jboss.jandex.Indexer::isInnerConstructor (150 bytes)
C1 CompilerThread3  4246949 11014       1       org.jboss.threads.EnhancedQueueExecutor$ThreadBody::run (488 bytes)

VM state: at safepoint (normal execution)

VM Mutex/Monitor currently owned by a thread:  ([mutex/lock_event])
[0x0000023fd8b9c3a0] Threads_lock - owner thread: 0x0000023ff1a2ad90
[0x0000023fd8b9b860] Heap_lock - owner thread: 0x0000023ff88cde10

Heap address: 0x0000000701200000, size: 4078 MB, Compressed Oops mode: Zero based, Oop shift amount: 3

CDS archive(s) mapped at: [0x0000023f80000000-0x0000023f80bb0000-0x0000023f80bb0000), size 12255232, SharedBaseAddress: 0x0000023f80000000, ArchiveRelocationMode: 1.
Compressed class space mapped at: 0x0000023f81000000-0x0000023fc1000000, reserved size: 1073741824
Narrow klass base: 0x0000023f80000000, Narrow klass shift: 0, Narrow klass range: 0x100000000

GC Precious Log:
 CPUs: 8 total, 8 available
 Memory: 16304M
 Large Page Support: Disabled
 NUMA Support: Disabled
 Compressed Oops: Enabled (Zero based)
 Heap Region Size: 2M
 Heap Min Capacity: 8M
 Heap Initial Capacity: 256M
 Heap Max Capacity: 4078M
 Pre-touch: Disabled
 Parallel Workers: 8
 Concurrent Workers: 2
 Concurrent Refinement Workers: 8
 Periodic GC: Disabled

Heap:
 garbage-first heap   total 342016K, used 313644K [0x0000000701200000, 0x0000000800000000)
  region size 2048K, 116 young (237568K), 11 survivors (22528K)
 Metaspace       used 110854K, committed 111872K, reserved 1179648K
  class space    used 15510K, committed 16000K, reserved 1048576K

Heap Regions: E=young(eden), S=young(survivor), O=old, HS=humongous(starts), HC=humongous(continues), CS=collection set, F=free, OA=open archive, CA=closed archive, TAMS=top-at-mark-start (previous, next)
|   0|0x0000000701200000, 0x0000000701400000, 0x0000000701400000|100%| O|  |TAMS 0x0000000701400000, 0x0000000701200000| Untracked 
|   1|0x0000000701400000, 0x0000000701600000, 0x0000000701600000|100%| O|  |TAMS 0x0000000701600000, 0x0000000701400000| Untracked 
|   2|0x0000000701600000, 0x0000000701800000, 0x0000000701800000|100%| O|  |TAMS 0x0000000701800000, 0x0000000701600000| Untracked 
|   3|0x0000000701800000, 0x0000000701a00000, 0x0000000701a00000|100%|HS|  |TAMS 0x0000000701a00000, 0x0000000701800000| Complete 
|   4|0x0000000701a00000, 0x0000000701c00000, 0x0000000701c00000|100%| O|  |TAMS 0x0000000701c00000, 0x0000000701a00000| Untracked 
|   5|0x0000000701c00000, 0x0000000701e00000, 0x0000000701e00000|100%| O|  |TAMS 0x0000000701e00000, 0x0000000701c00000| Untracked 
|   6|0x0000000701e00000, 0x0000000702000000, 0x0000000702000000|100%| O|  |TAMS 0x0000000702000000, 0x0000000701e00000| Untracked 
|   7|0x0000000702000000, 0x0000000702200000, 0x0000000702200000|100%| O|  |TAMS 0x0000000702200000, 0x0000000702000000| Untracked 
|   8|0x0000000702200000, 0x0000000702400000, 0x0000000702400000|100%| O|  |TAMS 0x0000000702400000, 0x0000000702200000| Untracked 
|   9|0x0000000702400000, 0x0000000702600000, 0x0000000702600000|100%| O|  |TAMS 0x0000000702600000, 0x0000000702400000| Untracked 
|  10|0x0000000702600000, 0x0000000702800000, 0x0000000702800000|100%| O|  |TAMS 0x0000000702800000, 0x0000000702600000| Untracked 
|  11|0x0000000702800000, 0x0000000702a00000, 0x0000000702a00000|100%| O|  |TAMS 0x0000000702a00000, 0x0000000702800000| Untracked 
|  12|0x0000000702a00000, 0x0000000702c00000, 0x0000000702c00000|100%| O|  |TAMS 0x0000000702c00000, 0x0000000702a00000| Untracked 
|  13|0x0000000702c00000, 0x0000000702e00000, 0x0000000702e00000|100%| O|  |TAMS 0x0000000702e00000, 0x0000000702c00000| Untracked 
|  14|0x0000000702e00000, 0x0000000703000000, 0x0000000703000000|100%| O|  |TAMS 0x0000000703000000, 0x0000000702e00000| Untracked 
|  15|0x0000000703000000, 0x0000000703200000, 0x0000000703200000|100%| O|  |TAMS 0x0000000703200000, 0x0000000703000000| Untracked 
|  16|0x0000000703200000, 0x0000000703400000, 0x0000000703400000|100%|HS|  |TAMS 0x0000000703200000, 0x0000000703200000| Complete 
|  17|0x0000000703400000, 0x0000000703600000, 0x0000000703600000|100%| O|  |TAMS 0x0000000703600000, 0x0000000703400000| Untracked 
|  18|0x0000000703600000, 0x0000000703800000, 0x0000000703800000|100%| O|  |TAMS 0x0000000703800000, 0x0000000703600000| Untracked 
|  19|0x0000000703800000, 0x0000000703a00000, 0x0000000703a00000|100%| O|  |TAMS 0x0000000703a00000, 0x0000000703800000| Untracked 
|  20|0x0000000703a00000, 0x0000000703c00000, 0x0000000703c00000|100%| O|  |TAMS 0x0000000703c00000, 0x0000000703a00000| Untracked 
|  21|0x0000000703c00000, 0x0000000703e00000, 0x0000000703e00000|100%| O|  |TAMS 0x0000000703e00000, 0x0000000703c00000| Untracked 
|  22|0x0000000703e00000, 0x0000000704000000, 0x0000000704000000|100%| O|  |TAMS 0x0000000704000000, 0x0000000703e00000| Untracked 
|  23|0x0000000704000000, 0x0000000704200000, 0x0000000704200000|100%| O|  |TAMS 0x0000000704200000, 0x0000000704000000| Untracked 
|  24|0x0000000704200000, 0x000000070436f800, 0x0000000704400000| 71%| O|  |TAMS 0x000000070436f800, 0x0000000704200000| Complete 
|  25|0x0000000704400000, 0x0000000704600000, 0x0000000704600000|100%| O|  |TAMS 0x0000000704600000, 0x0000000704400000| Untracked 
|  26|0x0000000704600000, 0x0000000704800000, 0x0000000704800000|100%| O|  |TAMS 0x0000000704800000, 0x0000000704600000| Untracked 
|  27|0x0000000704800000, 0x0000000704a00000, 0x0000000704a00000|100%| O|  |TAMS 0x0000000704a00000, 0x0000000704800000| Untracked 
|  28|0x0000000704a00000, 0x0000000704c00000, 0x0000000704c00000|100%| O|  |TAMS 0x0000000704c00000, 0x0000000704a00000| Untracked 
|  29|0x0000000704c00000, 0x0000000704e00000, 0x0000000704e00000|100%| O|  |TAMS 0x0000000704e00000, 0x0000000704c00000| Untracked 
|  30|0x0000000704e00000, 0x0000000705000000, 0x0000000705000000|100%| O|  |TAMS 0x0000000705000000, 0x0000000704e00000| Untracked 
|  31|0x0000000705000000, 0x0000000705200000, 0x0000000705200000|100%| O|  |TAMS 0x0000000705200000, 0x0000000705000000| Untracked 
|  32|0x0000000705200000, 0x0000000705400000, 0x0000000705400000|100%|HS|  |TAMS 0x0000000705200000, 0x0000000705200000| Complete 
|  33|0x0000000705400000, 0x0000000705600000, 0x0000000705600000|100%| O|  |TAMS 0x0000000705600000, 0x0000000705400000| Untracked 
|  34|0x0000000705600000, 0x0000000705800000, 0x0000000705800000|100%| O|  |TAMS 0x0000000705800000, 0x0000000705600000| Untracked 
|  35|0x0000000705800000, 0x0000000705a00000, 0x0000000705a00000|100%| O|  |TAMS 0x0000000705a00000, 0x0000000705800000| Untracked 
|  36|0x0000000705a00000, 0x0000000705c00000, 0x0000000705c00000|100%| O|  |TAMS 0x0000000705c00000, 0x0000000705a00000| Complete 
|  37|0x0000000705c00000, 0x0000000705e00000, 0x0000000705e00000|100%| O|  |TAMS 0x0000000705e00000, 0x0000000705c00000| Complete 
|  38|0x0000000705e00000, 0x0000000706000000, 0x0000000706000000|100%| O|  |TAMS 0x0000000706000000, 0x0000000705e00000| Complete 
|  39|0x0000000706000000, 0x0000000706200000, 0x0000000706200000|100%| O|  |TAMS 0x0000000706200000, 0x0000000706000000| Complete 
|  40|0x0000000706200000, 0x0000000706400000, 0x0000000706400000|100%| O|  |TAMS 0x0000000706400000, 0x0000000706200000| Untracked 
|  41|0x0000000706400000, 0x0000000706600000, 0x0000000706600000|100%| O|  |TAMS 0x0000000706600000, 0x0000000706400000| Untracked 
|  42|0x0000000706600000, 0x0000000706800000, 0x0000000706800000|100%| O|  |TAMS 0x0000000706800000, 0x0000000706600000| Untracked 
|  43|0x0000000706800000, 0x0000000706a00000, 0x0000000706a00000|100%| O|  |TAMS 0x0000000706a00000, 0x0000000706800000| Untracked 
|  44|0x0000000706a00000, 0x0000000706c00000, 0x0000000706c00000|100%| O|  |TAMS 0x0000000706c00000, 0x0000000706a00000| Untracked 
|  45|0x0000000706c00000, 0x0000000706e00000, 0x0000000706e00000|100%| O|  |TAMS 0x0000000706e00000, 0x0000000706c00000| Untracked 
|  46|0x0000000706e00000, 0x0000000706fd4400, 0x0000000707000000| 91%| O|  |TAMS 0x0000000706fd4400, 0x0000000706e00000| Untracked 
|  47|0x0000000707000000, 0x0000000707000000, 0x0000000707200000|  0%| F|  |TAMS 0x0000000707000000, 0x0000000707000000| Untracked 
|  48|0x0000000707200000, 0x0000000707200000, 0x0000000707400000|  0%| F|  |TAMS 0x0000000707200000, 0x0000000707200000| Untracked 
|  49|0x0000000707400000, 0x0000000707543730, 0x0000000707600000| 63%| S|  |TAMS 0x0000000707400000, 0x0000000707400000| Complete 
|  50|0x0000000707600000, 0x0000000707800000, 0x0000000707800000|100%| S|  |TAMS 0x0000000707600000, 0x0000000707600000| Complete 
|  51|0x0000000707800000, 0x0000000707a00000, 0x0000000707a00000|100%| S|  |TAMS 0x0000000707800000, 0x0000000707800000| Complete 
|  52|0x0000000707a00000, 0x0000000707c00000, 0x0000000707c00000|100%| S|  |TAMS 0x0000000707a00000, 0x0000000707a00000| Complete 
|  53|0x0000000707c00000, 0x0000000707e00000, 0x0000000707e00000|100%| S|  |TAMS 0x0000000707c00000, 0x0000000707c00000| Complete 
|  54|0x0000000707e00000, 0x0000000708000000, 0x0000000708000000|100%| S|  |TAMS 0x0000000707e00000, 0x0000000707e00000| Complete 
|  55|0x0000000708000000, 0x0000000708200000, 0x0000000708200000|100%| S|  |TAMS 0x0000000708000000, 0x0000000708000000| Complete 
|  56|0x0000000708200000, 0x0000000708400000, 0x0000000708400000|100%| S|  |TAMS 0x0000000708200000, 0x0000000708200000| Complete 
|  57|0x0000000708400000, 0x0000000708600000, 0x0000000708600000|100%| S|  |TAMS 0x0000000708400000, 0x0000000708400000| Complete 
|  58|0x0000000708600000, 0x0000000708800000, 0x0000000708800000|100%| S|  |TAMS 0x0000000708600000, 0x0000000708600000| Complete 
|  59|0x0000000708800000, 0x0000000708a00000, 0x0000000708a00000|100%| S|  |TAMS 0x0000000708800000, 0x0000000708800000| Complete 
|  60|0x0000000708a00000, 0x0000000708c00000, 0x0000000708c00000|100%| E|CS|TAMS 0x0000000708a00000, 0x0000000708a00000| Complete 
|  61|0x0000000708c00000, 0x0000000708e00000, 0x0000000708e00000|100%| E|CS|TAMS 0x0000000708c00000, 0x0000000708c00000| Complete 
|  62|0x0000000708e00000, 0x0000000709000000, 0x0000000709000000|100%| E|CS|TAMS 0x0000000708e00000, 0x0000000708e00000| Complete 
|  63|0x0000000709000000, 0x0000000709200000, 0x0000000709200000|100%| E|CS|TAMS 0x0000000709000000, 0x0000000709000000| Complete 
|  64|0x0000000709200000, 0x0000000709400000, 0x0000000709400000|100%| E|CS|TAMS 0x0000000709200000, 0x0000000709200000| Complete 
|  65|0x0000000709400000, 0x0000000709600000, 0x0000000709600000|100%| E|CS|TAMS 0x0000000709400000, 0x0000000709400000| Complete 
|  66|0x0000000709600000, 0x0000000709800000, 0x0000000709800000|100%| E|CS|TAMS 0x0000000709600000, 0x0000000709600000| Complete 
|  67|0x0000000709800000, 0x0000000709a00000, 0x0000000709a00000|100%| E|CS|TAMS 0x0000000709800000, 0x0000000709800000| Complete 
|  68|0x0000000709a00000, 0x0000000709c00000, 0x0000000709c00000|100%| E|CS|TAMS 0x0000000709a00000, 0x0000000709a00000| Complete 
|  69|0x0000000709c00000, 0x0000000709e00000, 0x0000000709e00000|100%| E|CS|TAMS 0x0000000709c00000, 0x0000000709c00000| Complete 
|  70|0x0000000709e00000, 0x000000070a000000, 0x000000070a000000|100%| E|CS|TAMS 0x0000000709e00000, 0x0000000709e00000| Complete 
|  71|0x000000070a000000, 0x000000070a200000, 0x000000070a200000|100%| E|CS|TAMS 0x000000070a000000, 0x000000070a000000| Complete 
|  72|0x000000070a200000, 0x000000070a400000, 0x000000070a400000|100%| E|CS|TAMS 0x000000070a200000, 0x000000070a200000| Complete 
|  73|0x000000070a400000, 0x000000070a600000, 0x000000070a600000|100%| E|CS|TAMS 0x000000070a400000, 0x000000070a400000| Complete 
|  74|0x000000070a600000, 0x000000070a800000, 0x000000070a800000|100%| E|CS|TAMS 0x000000070a600000, 0x000000070a600000| Complete 
|  75|0x000000070a800000, 0x000000070aa00000, 0x000000070aa00000|100%| E|CS|TAMS 0x000000070a800000, 0x000000070a800000| Complete 
|  76|0x000000070aa00000, 0x000000070ac00000, 0x000000070ac00000|100%| E|CS|TAMS 0x000000070aa00000, 0x000000070aa00000| Complete 
|  77|0x000000070ac00000, 0x000000070ae00000, 0x000000070ae00000|100%| E|CS|TAMS 0x000000070ac00000, 0x000000070ac00000| Complete 
|  78|0x000000070ae00000, 0x000000070b000000, 0x000000070b000000|100%| E|CS|TAMS 0x000000070ae00000, 0x000000070ae00000| Complete 
|  79|0x000000070b000000, 0x000000070b200000, 0x000000070b200000|100%| E|CS|TAMS 0x000000070b000000, 0x000000070b000000| Complete 
|  80|0x000000070b200000, 0x000000070b400000, 0x000000070b400000|100%| E|CS|TAMS 0x000000070b200000, 0x000000070b200000| Complete 
|  81|0x000000070b400000, 0x000000070b600000, 0x000000070b600000|100%| E|CS|TAMS 0x000000070b400000, 0x000000070b400000| Complete 
|  82|0x000000070b600000, 0x000000070b800000, 0x000000070b800000|100%| E|CS|TAMS 0x000000070b600000, 0x000000070b600000| Complete 
|  83|0x000000070b800000, 0x000000070ba00000, 0x000000070ba00000|100%| E|CS|TAMS 0x000000070b800000, 0x000000070b800000| Complete 
|  84|0x000000070ba00000, 0x000000070bc00000, 0x000000070bc00000|100%| E|CS|TAMS 0x000000070ba00000, 0x000000070ba00000| Complete 
|  85|0x000000070bc00000, 0x000000070be00000, 0x000000070be00000|100%| E|CS|TAMS 0x000000070bc00000, 0x000000070bc00000| Complete 
|  86|0x000000070be00000, 0x000000070c000000, 0x000000070c000000|100%| E|CS|TAMS 0x000000070be00000, 0x000000070be00000| Complete 
|  87|0x000000070c000000, 0x000000070c200000, 0x000000070c200000|100%| E|CS|TAMS 0x000000070c000000, 0x000000070c000000| Complete 
|  88|0x000000070c200000, 0x000000070c400000, 0x000000070c400000|100%| E|CS|TAMS 0x000000070c200000, 0x000000070c200000| Complete 
|  89|0x000000070c400000, 0x000000070c600000, 0x000000070c600000|100%| E|CS|TAMS 0x000000070c400000, 0x000000070c400000| Complete 
|  90|0x000000070c600000, 0x000000070c800000, 0x000000070c800000|100%| E|CS|TAMS 0x000000070c600000, 0x000000070c600000| Complete 
|  91|0x000000070c800000, 0x000000070ca00000, 0x000000070ca00000|100%| E|CS|TAMS 0x000000070c800000, 0x000000070c800000| Complete 
|  92|0x000000070ca00000, 0x000000070cc00000, 0x000000070cc00000|100%| E|CS|TAMS 0x000000070ca00000, 0x000000070ca00000| Complete 
|  93|0x000000070cc00000, 0x000000070ce00000, 0x000000070ce00000|100%| E|CS|TAMS 0x000000070cc00000, 0x000000070cc00000| Complete 
|  94|0x000000070ce00000, 0x000000070d000000, 0x000000070d000000|100%| E|CS|TAMS 0x000000070ce00000, 0x000000070ce00000| Complete 
|  95|0x000000070d000000, 0x000000070d200000, 0x000000070d200000|100%| E|CS|TAMS 0x000000070d000000, 0x000000070d000000| Complete 
|  96|0x000000070d200000, 0x000000070d400000, 0x000000070d400000|100%| E|CS|TAMS 0x000000070d200000, 0x000000070d200000| Complete 
|  97|0x000000070d400000, 0x000000070d600000, 0x000000070d600000|100%| E|CS|TAMS 0x000000070d400000, 0x000000070d400000| Complete 
|  98|0x000000070d600000, 0x000000070d707580, 0x000000070d800000| 51%| E|CS|TAMS 0x000000070d600000, 0x000000070d600000| Complete 
|  99|0x000000070d800000, 0x000000070da00000, 0x000000070da00000|100%| E|CS|TAMS 0x000000070d800000, 0x000000070d800000| Complete 
| 100|0x000000070da00000, 0x000000070dc00000, 0x000000070dc00000|100%| E|CS|TAMS 0x000000070da00000, 0x000000070da00000| Complete 
| 101|0x000000070dc00000, 0x000000070de00000, 0x000000070de00000|100%| E|CS|TAMS 0x000000070dc00000, 0x000000070dc00000| Complete 
| 102|0x000000070de00000, 0x000000070e000000, 0x000000070e000000|100%| E|CS|TAMS 0x000000070de00000, 0x000000070de00000| Complete 
| 103|0x000000070e000000, 0x000000070e200000, 0x000000070e200000|100%| E|CS|TAMS 0x000000070e000000, 0x000000070e000000| Complete 
| 104|0x000000070e200000, 0x000000070e400000, 0x000000070e400000|100%| E|CS|TAMS 0x000000070e200000, 0x000000070e200000| Complete 
| 105|0x000000070e400000, 0x000000070e600000, 0x000000070e600000|100%| E|CS|TAMS 0x000000070e400000, 0x000000070e400000| Complete 
| 106|0x000000070e600000, 0x000000070e800000, 0x000000070e800000|100%| E|CS|TAMS 0x000000070e600000, 0x000000070e600000| Complete 
| 107|0x000000070e800000, 0x000000070ea00000, 0x000000070ea00000|100%| E|CS|TAMS 0x000000070e800000, 0x000000070e800000| Complete 
| 108|0x000000070ea00000, 0x000000070ec00000, 0x000000070ec00000|100%| E|CS|TAMS 0x000000070ea00000, 0x000000070ea00000| Complete 
| 109|0x000000070ec00000, 0x000000070ee00000, 0x000000070ee00000|100%| E|CS|TAMS 0x000000070ec00000, 0x000000070ec00000| Complete 
| 110|0x000000070ee00000, 0x000000070f000000, 0x000000070f000000|100%| E|CS|TAMS 0x000000070ee00000, 0x000000070ee00000| Complete 
| 111|0x000000070f000000, 0x000000070f200000, 0x000000070f200000|100%| E|CS|TAMS 0x000000070f000000, 0x000000070f000000| Complete 
| 112|0x000000070f200000, 0x000000070f400000, 0x000000070f400000|100%| E|CS|TAMS 0x000000070f200000, 0x000000070f200000| Complete 
| 113|0x000000070f400000, 0x000000070f600000, 0x000000070f600000|100%| E|CS|TAMS 0x000000070f400000, 0x000000070f400000| Complete 
| 114|0x000000070f600000, 0x000000070f800000, 0x000000070f800000|100%| E|CS|TAMS 0x000000070f600000, 0x000000070f600000| Complete 
| 115|0x000000070f800000, 0x000000070fa00000, 0x000000070fa00000|100%| E|CS|TAMS 0x000000070f800000, 0x000000070f800000| Complete 
| 116|0x000000070fa00000, 0x000000070fc00000, 0x000000070fc00000|100%| E|CS|TAMS 0x000000070fa00000, 0x000000070fa00000| Complete 
| 117|0x000000070fc00000, 0x000000070fe00000, 0x000000070fe00000|100%| E|CS|TAMS 0x000000070fc00000, 0x000000070fc00000| Complete 
| 118|0x000000070fe00000, 0x0000000710000000, 0x0000000710000000|100%| E|CS|TAMS 0x000000070fe00000, 0x000000070fe00000| Complete 
| 119|0x0000000710000000, 0x0000000710200000, 0x0000000710200000|100%| E|CS|TAMS 0x0000000710000000, 0x0000000710000000| Complete 
| 120|0x0000000710200000, 0x0000000710400000, 0x0000000710400000|100%| E|CS|TAMS 0x0000000710200000, 0x0000000710200000| Complete 
| 121|0x0000000710400000, 0x0000000710600000, 0x0000000710600000|100%| E|CS|TAMS 0x0000000710400000, 0x0000000710400000| Complete 
| 122|0x0000000710600000, 0x0000000710800000, 0x0000000710800000|100%| E|CS|TAMS 0x0000000710600000, 0x0000000710600000| Complete 
| 123|0x0000000710800000, 0x0000000710a00000, 0x0000000710a00000|100%| E|CS|TAMS 0x0000000710800000, 0x0000000710800000| Complete 
| 124|0x0000000710a00000, 0x0000000710c00000, 0x0000000710c00000|100%| E|CS|TAMS 0x0000000710a00000, 0x0000000710a00000| Complete 
| 125|0x0000000710c00000, 0x0000000710e00000, 0x0000000710e00000|100%| E|CS|TAMS 0x0000000710c00000, 0x0000000710c00000| Complete 
| 126|0x0000000710e00000, 0x0000000711000000, 0x0000000711000000|100%| E|CS|TAMS 0x0000000710e00000, 0x0000000710e00000| Complete 
| 127|0x0000000711000000, 0x0000000711200000, 0x0000000711200000|100%| E|CS|TAMS 0x0000000711000000, 0x0000000711000000| Complete 
| 128|0x0000000711200000, 0x0000000711400000, 0x0000000711400000|100%| E|CS|TAMS 0x0000000711200000, 0x0000000711200000| Complete 
| 129|0x0000000711400000, 0x0000000711600000, 0x0000000711600000|100%| E|CS|TAMS 0x0000000711400000, 0x0000000711400000| Complete 
| 130|0x0000000711600000, 0x0000000711800000, 0x0000000711800000|100%| E|CS|TAMS 0x0000000711600000, 0x0000000711600000| Complete 
| 131|0x0000000711800000, 0x0000000711a00000, 0x0000000711a00000|100%| E|CS|TAMS 0x0000000711800000, 0x0000000711800000| Complete 
| 132|0x0000000711a00000, 0x0000000711c00000, 0x0000000711c00000|100%| E|CS|TAMS 0x0000000711a00000, 0x0000000711a00000| Complete 
| 133|0x0000000711c00000, 0x0000000711e00000, 0x0000000711e00000|100%| E|CS|TAMS 0x0000000711c00000, 0x0000000711c00000| Complete 
| 134|0x0000000711e00000, 0x0000000712000000, 0x0000000712000000|100%| E|CS|TAMS 0x0000000711e00000, 0x0000000711e00000| Complete 
| 135|0x0000000712000000, 0x0000000712200000, 0x0000000712200000|100%| E|CS|TAMS 0x0000000712000000, 0x0000000712000000| Complete 
| 136|0x0000000712200000, 0x0000000712400000, 0x0000000712400000|100%| E|CS|TAMS 0x0000000712200000, 0x0000000712200000| Complete 
| 137|0x0000000712400000, 0x0000000712600000, 0x0000000712600000|100%| E|CS|TAMS 0x0000000712400000, 0x0000000712400000| Complete 
| 138|0x0000000712600000, 0x0000000712800000, 0x0000000712800000|100%| E|CS|TAMS 0x0000000712600000, 0x0000000712600000| Complete 
| 139|0x0000000712800000, 0x0000000712a00000, 0x0000000712a00000|100%| E|CS|TAMS 0x0000000712800000, 0x0000000712800000| Complete 
| 140|0x0000000712a00000, 0x0000000712c00000, 0x0000000712c00000|100%| E|CS|TAMS 0x0000000712a00000, 0x0000000712a00000| Complete 
| 141|0x0000000712c00000, 0x0000000712e00000, 0x0000000712e00000|100%| E|CS|TAMS 0x0000000712c00000, 0x0000000712c00000| Complete 
| 142|0x0000000712e00000, 0x0000000713000000, 0x0000000713000000|100%| E|CS|TAMS 0x0000000712e00000, 0x0000000712e00000| Complete 
| 143|0x0000000713000000, 0x0000000713200000, 0x0000000713200000|100%| E|CS|TAMS 0x0000000713000000, 0x0000000713000000| Complete 
| 144|0x0000000713200000, 0x0000000713400000, 0x0000000713400000|100%| E|CS|TAMS 0x0000000713200000, 0x0000000713200000| Complete 
| 145|0x0000000713400000, 0x0000000713600000, 0x0000000713600000|100%| E|CS|TAMS 0x0000000713400000, 0x0000000713400000| Complete 
| 146|0x0000000713600000, 0x0000000713800000, 0x0000000713800000|100%| E|CS|TAMS 0x0000000713600000, 0x0000000713600000| Complete 
| 147|0x0000000713800000, 0x0000000713a00000, 0x0000000713a00000|100%| E|CS|TAMS 0x0000000713800000, 0x0000000713800000| Complete 
| 148|0x0000000713a00000, 0x0000000713c00000, 0x0000000713c00000|100%| E|CS|TAMS 0x0000000713a00000, 0x0000000713a00000| Complete 
| 149|0x0000000713c00000, 0x0000000713e00000, 0x0000000713e00000|100%| E|CS|TAMS 0x0000000713c00000, 0x0000000713c00000| Complete 
| 150|0x0000000713e00000, 0x0000000714000000, 0x0000000714000000|100%| E|CS|TAMS 0x0000000713e00000, 0x0000000713e00000| Complete 
| 151|0x0000000714000000, 0x0000000714200000, 0x0000000714200000|100%| E|CS|TAMS 0x0000000714000000, 0x0000000714000000| Complete 
| 152|0x0000000714200000, 0x0000000714400000, 0x0000000714400000|100%| E|CS|TAMS 0x0000000714200000, 0x0000000714200000| Complete 
| 153|0x0000000714400000, 0x0000000714600000, 0x0000000714600000|100%| E|CS|TAMS 0x0000000714400000, 0x0000000714400000| Complete 
| 154|0x0000000714600000, 0x0000000714800000, 0x0000000714800000|100%| E|CS|TAMS 0x0000000714600000, 0x0000000714600000| Complete 
| 155|0x0000000714800000, 0x0000000714a00000, 0x0000000714a00000|100%| E|CS|TAMS 0x0000000714800000, 0x0000000714800000| Complete 
| 156|0x0000000714a00000, 0x0000000714c00000, 0x0000000714c00000|100%| E|CS|TAMS 0x0000000714a00000, 0x0000000714a00000| Complete 
| 157|0x0000000714c00000, 0x0000000714e00000, 0x0000000714e00000|100%| E|CS|TAMS 0x0000000714c00000, 0x0000000714c00000| Complete 
| 158|0x0000000714e00000, 0x0000000715000000, 0x0000000715000000|100%| E|CS|TAMS 0x0000000714e00000, 0x0000000714e00000| Complete 
| 159|0x0000000715000000, 0x0000000715200000, 0x0000000715200000|100%| E|CS|TAMS 0x0000000715000000, 0x0000000715000000| Complete 
| 160|0x0000000715200000, 0x0000000715400000, 0x0000000715400000|100%| E|CS|TAMS 0x0000000715200000, 0x0000000715200000| Complete 
| 161|0x0000000715400000, 0x0000000715600000, 0x0000000715600000|100%| E|CS|TAMS 0x0000000715400000, 0x0000000715400000| Complete 
| 162|0x0000000715600000, 0x0000000715800000, 0x0000000715800000|100%| E|CS|TAMS 0x0000000715600000, 0x0000000715600000| Complete 
| 163|0x0000000715800000, 0x0000000715a00000, 0x0000000715a00000|100%| E|CS|TAMS 0x0000000715800000, 0x0000000715800000| Complete 
| 351|0x000000072d000000, 0x000000072d200000, 0x000000072d200000|100%| E|CS|TAMS 0x000000072d000000, 0x000000072d000000| Complete 
| 352|0x000000072d200000, 0x000000072d400000, 0x000000072d400000|100%| E|CS|TAMS 0x000000072d200000, 0x000000072d200000| Complete 
| 353|0x000000072d400000, 0x000000072d600000, 0x000000072d600000|100%| E|CS|TAMS 0x000000072d400000, 0x000000072d400000| Complete 

Card table byte_map: [0x0000023fe5f80000,0x0000023fe6780000] _byte_map_base: 0x0000023fe2777000

Marking Bits (Prev, Next): (CMBitMap*) 0x0000023fd8c0af90, (CMBitMap*) 0x0000023fd8c0afd0
 Prev Bits: [0x0000023fe6f80000, 0x0000023feaf38000)
 Next Bits: [0x0000023feaf40000, 0x0000023feeef8000)

Polling page: 0x0000023fd8c60000

Metaspace:

Usage:
  Non-class:     93.11 MB used.
      Class:     15.15 MB used.
       Both:    108.26 MB used.

Virtual space:
  Non-class space:      128.00 MB reserved,      93.62 MB ( 73%) committed,  2 nodes.
      Class space:        1.00 GB reserved,      15.62 MB (  2%) committed,  1 nodes.
             Both:        1.12 GB reserved,     109.25 MB (  9%) committed. 

Chunk freelists:
   Non-Class:  2.05 MB
       Class:  368.00 KB
        Both:  2.41 MB

MaxMetaspaceSize: unlimited
CompressedClassSpaceSize: 1.00 GB
Initial GC threshold: 21.00 MB
Current GC threshold: 147.62 MB
CDS: on
MetaspaceReclaimPolicy: balanced
 - commit_granule_bytes: 65536.
 - commit_granule_words: 8192.
 - virtual_space_node_default_size: 8388608.
 - enlarge_chunks_in_place: 1.
 - new_chunks_are_fully_committed: 0.
 - uncommit_free_chunks: 1.
 - use_allocation_guard: 0.
 - handle_deallocations: 1.


Internal statistics:

num_allocs_failed_limit: 252.
num_arena_births: 1344.
num_arena_deaths: 2.
num_vsnodes_births: 3.
num_vsnodes_deaths: 0.
num_space_committed: 1746.
num_space_uncommitted: 0.
num_chunks_returned_to_freelist: 255.
num_chunks_taken_from_freelist: 5835.
num_chunk_merges: 252.
num_chunk_splits: 4280.
num_chunks_enlarged: 2859.
num_inconsistent_stats: 0.

CodeCache: size=49152Kb used=21773Kb max_used=21773Kb free=27378Kb
 bounds [0x0000023fe1ea0000, 0x0000023fe33f0000, 0x0000023fe4ea0000]
 total_blobs=11647 nmethods=10827 adapters=743
 compilation: enabled
              stopped_count=0, restarted_count=0
 full_count=0

Compilation events (20 events):
Event: 4246.846 Thread 0x0000023ff1a501d0 nmethod 11008 0x0000023fe33bc490 code [0x0000023fe33bc640, 0x0000023fe33bc858]
Event: 4246.846 Thread 0x0000023ff1a501d0 11011       1       org.aesh.command.impl.internal.ProcessedOption::name (5 bytes)
Event: 4246.846 Thread 0x0000023ff862eb10 nmethod 11010 0x0000023fe33bca10 code [0x0000023fe33bcbc0, 0x0000023fe33bcd28]
Event: 4246.846 Thread 0x0000023ff1a501d0 nmethod 11011 0x0000023fe33bd290 code [0x0000023fe33bd420, 0x0000023fe33bd4f8]
Event: 4246.846 Thread 0x0000023ff8633ac0 nmethod 11009 0x0000023fe33bce10 code [0x0000023fe33bcfc0, 0x0000023fe33bd168]
Event: 4246.848 Thread 0x0000023ff862eb10 11012       1       io.quarkus.deployment.proxy.ProxyFactory::addMethodsOfClass (13 bytes)
Event: 4246.848 Thread 0x0000023ff1a501d0 11013       1       io.quarkus.gizmo.BytecodeCreatorImpl$5::writeBytecode (65 bytes)
Event: 4246.850 Thread 0x0000023ff862eb10 nmethod 11012 0x0000023fe33bd590 code [0x0000023fe33bd740, 0x0000023fe33bd968]
Event: 4246.852 Thread 0x0000023ff862eb10 11014       1       org.jboss.threads.EnhancedQueueExecutor$ThreadBody::run (488 bytes)
Event: 4246.852 Thread 0x0000023ff8633ac0 11015       1       sun.net.www.protocol.jar.JarURLConnection::setUseCaches (9 bytes)
Event: 4246.855 Thread 0x0000023ff8633ac0 nmethod 11015 0x0000023fe33df210 code [0x0000023fe33df3a0, 0x0000023fe33df4a8]
Event: 4246.856 Thread 0x0000023ff8633ac0 11021       1       org.jboss.jandex.Indexer::processLocalVariableTable (235 bytes)
Event: 4246.859 Thread 0x0000023ff1a501d0 nmethod 11013 0x0000023fe33df510 code [0x0000023fe33df740, 0x0000023fe33dfc48]
Event: 4246.861 Thread 0x0000023ff1a501d0 11027       1       org.jboss.jandex.Indexer::processMethodParameters (110 bytes)
Event: 4246.865 Thread 0x0000023ff8633ac0 nmethod 11021 0x0000023fe33e0210 code [0x0000023fe33e0440, 0x0000023fe33e0b58]
Event: 4246.865 Thread 0x0000023ff8633ac0 11022       1       org.jboss.jandex.Indexer::isInnerConstructor (150 bytes)
Event: 4246.866 Thread 0x0000023ff1a501d0 nmethod 11027 0x0000023fe33e2990 code [0x0000023fe33e2ba0, 0x0000023fe33e3078]
Event: 4246.866 Thread 0x0000023ff1a501d0 11030       1       io.quarkus.gizmo.BytecodeCreatorImpl$4::writeBytecode (80 bytes)
Event: 4246.866 Thread 0x0000023ff862eb10 nmethod 11014 0x0000023fe33e1090 code [0x0000023fe33e1340, 0x0000023fe33e20b8]
Event: 4246.867 Thread 0x0000023ff8a433a0 nmethod 10983 0x0000023fe33bda90 code [0x0000023fe33c0140, 0x0000023fe33cdfd8]

GC Heap History (20 events):
Event: 2.995 GC heap after
{Heap after GC invocations=7 (full 0):
 garbage-first heap   total 350208K, used 64220K [0x0000000701200000, 0x0000000800000000)
  region size 2048K, 7 young (14336K), 7 survivors (14336K)
 Metaspace       used 21118K, committed 21504K, reserved 1114112K
  class space    used 2848K, committed 3072K, reserved 1048576K
}
Event: 3.597 GC heap before
{Heap before GC invocations=8 (full 0):
 garbage-first heap   total 266240K, used 226012K [0x0000000701200000, 0x0000000800000000)
  region size 2048K, 88 young (180224K), 7 survivors (14336K)
 Metaspace       used 32577K, committed 33024K, reserved 1114112K
  class space    used 4408K, committed 4608K, reserved 1048576K
}
Event: 3.608 GC heap after
{Heap after GC invocations=9 (full 0):
 garbage-first heap   total 266240K, used 69666K [0x0000000701200000, 0x0000000800000000)
  region size 2048K, 10 young (20480K), 10 survivors (20480K)
 Metaspace       used 32577K, committed 33024K, reserved 1114112K
  class space    used 4408K, committed 4608K, reserved 1048576K
}
Event: 3.614 GC heap before
{Heap before GC invocations=9 (full 0):
 garbage-first heap   total 266240K, used 71714K [0x0000000701200000, 0x0000000800000000)
  region size 2048K, 11 young (22528K), 10 survivors (20480K)
 Metaspace       used 32646K, committed 33152K, reserved 1114112K
  class space    used 4422K, committed 4672K, reserved 1048576K
}
Event: 3.624 GC heap after
{Heap after GC invocations=10 (full 0):
 garbage-first heap   total 266240K, used 68660K [0x0000000701200000, 0x0000000800000000)
  region size 2048K, 2 young (4096K), 2 survivors (4096K)
 Metaspace       used 32646K, committed 33152K, reserved 1114112K
  class space    used 4422K, committed 4672K, reserved 1048576K
}
Event: 3.800 GC heap before
{Heap before GC invocations=10 (full 0):
 garbage-first heap   total 266240K, used 140340K [0x0000000701200000, 0x0000000800000000)
  region size 2048K, 38 young (77824K), 2 survivors (4096K)
 Metaspace       used 36425K, committed 36928K, reserved 1114112K
  class space    used 5129K, committed 5376K, reserved 1048576K
}
Event: 3.804 GC heap after
{Heap after GC invocations=11 (full 0):
 garbage-first heap   total 266240K, used 70640K [0x0000000701200000, 0x0000000800000000)
  region size 2048K, 3 young (6144K), 3 survivors (6144K)
 Metaspace       used 36425K, committed 36928K, reserved 1114112K
  class space    used 5129K, committed 5376K, reserved 1048576K
}
Event: 4.420 GC heap before
{Heap before GC invocations=12 (full 0):
 garbage-first heap   total 266240K, used 197616K [0x0000000701200000, 0x0000000800000000)
  region size 2048K, 64 young (131072K), 3 survivors (6144K)
 Metaspace       used 42655K, committed 43264K, reserved 1114112K
  class space    used 6262K, committed 6528K, reserved 1048576K
}
Event: 4.424 GC heap after
{Heap after GC invocations=13 (full 0):
 garbage-first heap   total 266240K, used 75110K [0x0000000701200000, 0x0000000800000000)
  region size 2048K, 4 young (8192K), 4 survivors (8192K)
 Metaspace       used 42655K, committed 43264K, reserved 1114112K
  class space    used 6262K, committed 6528K, reserved 1048576K
}
Event: 4.440 GC heap before
{Heap before GC invocations=13 (full 0):
 garbage-first heap   total 266240K, used 77158K [0x0000000701200000, 0x0000000800000000)
  region size 2048K, 6 young (12288K), 4 survivors (8192K)
 Metaspace       used 42798K, committed 43392K, reserved 1114112K
  class space    used 6288K, committed 6592K, reserved 1048576K
}
Event: 4.446 GC heap after
{Heap after GC invocations=14 (full 0):
 garbage-first heap   total 266240K, used 74908K [0x0000000701200000, 0x0000000800000000)
  region size 2048K, 1 young (2048K), 1 survivors (2048K)
 Metaspace       used 42798K, committed 43392K, reserved 1114112K
  class space    used 6288K, committed 6592K, reserved 1048576K
}
Event: 5.473 GC heap before
{Heap before GC invocations=14 (full 0):
 garbage-first heap   total 266240K, used 216220K [0x0000000701200000, 0x0000000800000000)
  region size 2048K, 64 young (131072K), 1 survivors (2048K)
 Metaspace       used 51705K, committed 52416K, reserved 1114112K
  class space    used 7535K, committed 7872K, reserved 1048576K
}
Event: 5.481 GC heap after
{Heap after GC invocations=15 (full 0):
 garbage-first heap   total 266240K, used 88571K [0x0000000701200000, 0x0000000800000000)
  region size 2048K, 8 young (16384K), 8 survivors (16384K)
 Metaspace       used 51705K, committed 52416K, reserved 1114112K
  class space    used 7535K, committed 7872K, reserved 1048576K
}
Event: 6.781 GC heap before
{Heap before GC invocations=16 (full 0):
 garbage-first heap   total 266240K, used 199163K [0x0000000701200000, 0x0000000800000000)
  region size 2048K, 63 young (129024K), 8 survivors (16384K)
 Metaspace       used 74933K, committed 75712K, reserved 1114112K
  class space    used 10604K, committed 11008K, reserved 1048576K
}
Event: 6.790 GC heap after
{Heap after GC invocations=17 (full 0):
 garbage-first heap   total 266240K, used 94257K [0x0000000701200000, 0x0000000800000000)
  region size 2048K, 3 young (6144K), 3 survivors (6144K)
 Metaspace       used 74933K, committed 75712K, reserved 1114112K
  class space    used 10604K, committed 11008K, reserved 1048576K
}
Event: 6.883 GC heap before
{Heap before GC invocations=17 (full 0):
 garbage-first heap   total 266240K, used 98353K [0x0000000701200000, 0x0000000800000000)
  region size 2048K, 6 young (12288K), 3 survivors (6144K)
 Metaspace       used 76845K, committed 77632K, reserved 1179648K
  class space    used 10955K, committed 11328K, reserved 1048576K
}
Event: 6.887 GC heap after
{Heap after GC invocations=18 (full 0):
 garbage-first heap   total 266240K, used 94755K [0x0000000701200000, 0x0000000800000000)
  region size 2048K, 1 young (2048K), 1 survivors (2048K)
 Metaspace       used 76845K, committed 77632K, reserved 1179648K
  class space    used 10955K, committed 11328K, reserved 1048576K
}
Event: 158.858 GC heap before
{Heap before GC invocations=18 (full 0):
 garbage-first heap   total 266240K, used 150051K [0x0000000701200000, 0x0000000800000000)
  region size 2048K, 30 young (61440K), 1 survivors (2048K)
 Metaspace       used 88685K, committed 89536K, reserved 1179648K
  class space    used 12515K, committed 12928K, reserved 1048576K
}
Event: 158.863 GC heap after
{Heap after GC invocations=19 (full 0):
 garbage-first heap   total 724992K, used 96556K [0x0000000701200000, 0x0000000800000000)
  region size 2048K, 2 young (4096K), 2 survivors (4096K)
 Metaspace       used 88685K, committed 89536K, reserved 1179648K
  class space    used 12515K, committed 12928K, reserved 1048576K
}
Event: 4246.867 GC heap before
{Heap before GC invocations=20 (full 0):
 garbage-first heap   total 342016K, used 309548K [0x0000000701200000, 0x0000000800000000)
  region size 2048K, 107 young (219136K), 2 survivors (4096K)
 Metaspace       used 110854K, committed 111872K, reserved 1179648K
  class space    used 15510K, committed 16000K, reserved 1048576K
}

Dll operation events (14 events):
Event: 0.008 Loaded shared library C:\Program Files\Java\microsoft-jdk-17.0.10-windows-x64\jdk-17.0.10+7\bin\java.dll
Event: 0.023 Loaded shared library C:\Program Files\Java\microsoft-jdk-17.0.10-windows-x64\jdk-17.0.10+7\bin\jsvml.dll
Event: 0.057 Loaded shared library C:\Program Files\Java\microsoft-jdk-17.0.10-windows-x64\jdk-17.0.10+7\bin\zip.dll
Event: 0.058 Loaded shared library C:\Program Files\Java\microsoft-jdk-17.0.10-windows-x64\jdk-17.0.10+7\bin\instrument.dll
Event: 0.065 Loaded shared library C:\Program Files\Java\microsoft-jdk-17.0.10-windows-x64\jdk-17.0.10+7\bin\net.dll
Event: 0.067 Loaded shared library C:\Program Files\Java\microsoft-jdk-17.0.10-windows-x64\jdk-17.0.10+7\bin\nio.dll
Event: 0.069 Loaded shared library C:\Program Files\Java\microsoft-jdk-17.0.10-windows-x64\jdk-17.0.10+7\bin\zip.dll
Event: 0.166 Loaded shared library C:\Program Files\Java\microsoft-jdk-17.0.10-windows-x64\jdk-17.0.10+7\bin\jimage.dll
Event: 1.852 Loaded shared library C:\Program Files\Java\microsoft-jdk-17.0.10-windows-x64\jdk-17.0.10+7\bin\verify.dll
Event: 2.927 Loaded shared library C:\Program Files\Java\microsoft-jdk-17.0.10-windows-x64\jdk-17.0.10+7\bin\management.dll
Event: 2.932 Loaded shared library C:\Program Files\Java\microsoft-jdk-17.0.10-windows-x64\jdk-17.0.10+7\bin\management_ext.dll
Event: 2.964 Loaded shared library C:\Users\Andriary\AppData\Local\Temp\jansi-2.4.0-32b30051940da514-jansi.dll
Event: 6.320 Loaded shared library C:\Program Files\Java\microsoft-jdk-17.0.10-windows-x64\jdk-17.0.10+7\bin\sunmscapi.dll
Event: 6.345 Loaded shared library C:\Program Files\Java\microsoft-jdk-17.0.10-windows-x64\jdk-17.0.10+7\bin\extnet.dll

Deoptimization events (20 events):
Event: 4246.862 Thread 0x0000023fffdcd580 DEOPT PACKING pc=0x0000023fe230b14c sp=0x000000598dbfdb20
Event: 4246.862 Thread 0x0000023fffdcd580 DEOPT UNPACKING pc=0x0000023fe1ef7143 sp=0x000000598dbfd008 mode 1
Event: 4246.862 Thread 0x0000023fffdcd580 DEOPT PACKING pc=0x0000023fe230924c sp=0x000000598dbfdc10
Event: 4246.862 Thread 0x0000023fffdcd580 DEOPT UNPACKING pc=0x0000023fe1ef7143 sp=0x000000598dbfd130 mode 1
Event: 4246.863 Thread 0x0000023fffdcd580 DEOPT PACKING pc=0x0000023fe289a79c sp=0x000000598dbfdd00
Event: 4246.863 Thread 0x0000023fffdcd580 DEOPT UNPACKING pc=0x0000023fe1ef7143 sp=0x000000598dbfd1f8 mode 1
Event: 4246.864 Thread 0x0000023fffdcd580 DEOPT PACKING pc=0x0000023fe289baec sp=0x000000598dbfdb40
Event: 4246.864 Thread 0x0000023fffdcd580 DEOPT UNPACKING pc=0x0000023fe1ef7143 sp=0x000000598dbfcff0 mode 1
Event: 4246.864 Thread 0x0000023fffdcd580 DEOPT PACKING pc=0x0000023fe2eec01c sp=0x000000598dbfdbb0
Event: 4246.864 Thread 0x0000023fffdcd580 DEOPT UNPACKING pc=0x0000023fe1ef7143 sp=0x000000598dbfd160 mode 1
Event: 4246.865 Thread 0x0000023fffdcd580 DEOPT PACKING pc=0x0000023fe288afbc sp=0x000000598dbfddb0
Event: 4246.865 Thread 0x0000023fffdcd580 DEOPT UNPACKING pc=0x0000023fe1ef7143 sp=0x000000598dbfd2f0 mode 1
Event: 4246.865 Thread 0x0000023fffdcd580 DEOPT PACKING pc=0x0000023fe23410bc sp=0x000000598dbfdee0
Event: 4246.865 Thread 0x0000023fffdcd580 DEOPT UNPACKING pc=0x0000023fe1ef7143 sp=0x000000598dbfd380 mode 1
Event: 4246.866 Thread 0x0000023fffdcd580 DEOPT PACKING pc=0x0000023fe2308bc4 sp=0x000000598dbfda70
Event: 4246.866 Thread 0x0000023fffdcd580 DEOPT UNPACKING pc=0x0000023fe1ef7143 sp=0x000000598dbfcf30 mode 1
Event: 4246.866 Thread 0x0000023fffdcd580 DEOPT PACKING pc=0x0000023fe230b14c sp=0x000000598dbfdb20
Event: 4246.866 Thread 0x0000023fffdcd580 DEOPT UNPACKING pc=0x0000023fe1ef7143 sp=0x000000598dbfd008 mode 1
Event: 4246.866 Thread 0x0000023fffdcd580 DEOPT PACKING pc=0x0000023fe230924c sp=0x000000598dbfdc10
Event: 4246.866 Thread 0x0000023fffdcd580 DEOPT UNPACKING pc=0x0000023fe1ef7143 sp=0x000000598dbfd130 mode 1

Classes unloaded (1 events):
Event: 5.540 Thread 0x0000023ff1a2ad90 Unloading class 0x0000023f8167ac00 'java/lang/invoke/LambdaForm$DMH+0x0000023f8167ac00'

Classes redefined (0 events):
No events

Internal exceptions (20 events):
Event: 4246.746 Thread 0x0000023ffa50a450 Exception <a 'sun/nio/fs/WindowsException'{0x000000070ad99c28}> (0x000000070ad99c28) 
thrown [s\src\hotspot\share\prims\jni.cpp, line 516]
Event: 4246.746 Thread 0x0000023ffa50a450 Exception <a 'sun/nio/fs/WindowsException'{0x000000070ad9a218}> (0x000000070ad9a218) 
thrown [s\src\hotspot\share\prims\jni.cpp, line 516]
Event: 4246.746 Thread 0x0000023ffa50a450 Exception <a 'sun/nio/fs/WindowsException'{0x000000070ad9a3c0}> (0x000000070ad9a3c0) 
thrown [s\src\hotspot\share\prims\jni.cpp, line 516]
Event: 4246.750 Thread 0x0000023ffa50a450 Exception <a 'sun/nio/fs/WindowsException'{0x000000070adecc58}> (0x000000070adecc58) 
thrown [s\src\hotspot\share\prims\jni.cpp, line 516]
Event: 4246.770 Thread 0x0000023ffa50a450 Exception <a 'sun/nio/fs/WindowsException'{0x000000070a830258}> (0x000000070a830258) 
thrown [s\src\hotspot\share\prims\jni.cpp, line 516]
Event: 4246.770 Thread 0x0000023ffa50a450 Exception <a 'sun/nio/fs/WindowsException'{0x000000070a830858}> (0x000000070a830858) 
thrown [s\src\hotspot\share\prims\jni.cpp, line 516]
Event: 4246.770 Thread 0x0000023ffa50a450 Exception <a 'sun/nio/fs/WindowsException'{0x000000070a831450}> (0x000000070a831450) 
thrown [s\src\hotspot\share\prims\jni.cpp, line 516]
Event: 4246.770 Thread 0x0000023ffa50a450 Exception <a 'sun/nio/fs/WindowsException'{0x000000070a831c00}> (0x000000070a831c00) 
thrown [s\src\hotspot\share\prims\jni.cpp, line 516]
Event: 4246.770 Thread 0x0000023ffa50a450 Exception <a 'sun/nio/fs/WindowsException'{0x000000070a832270}> (0x000000070a832270) 
thrown [s\src\hotspot\share\prims\jni.cpp, line 516]
Event: 4246.770 Thread 0x0000023ffa50a450 Exception <a 'sun/nio/fs/WindowsException'{0x000000070a8328d8}> (0x000000070a8328d8) 
thrown [s\src\hotspot\share\prims\jni.cpp, line 516]
Event: 4246.770 Thread 0x0000023ffa50a450 Exception <a 'sun/nio/fs/WindowsException'{0x000000070a832b68}> (0x000000070a832b68) 
thrown [s\src\hotspot\share\prims\jni.cpp, line 516]
Event: 4246.771 Thread 0x0000023ffa50a450 Exception <a 'sun/nio/fs/WindowsException'{0x000000070a843ed8}> (0x000000070a843ed8) 
thrown [s\src\hotspot\share\prims\jni.cpp, line 516]
Event: 4246.771 Thread 0x0000023ffa50a450 Exception <a 'sun/nio/fs/WindowsException'{0x000000070a844510}> (0x000000070a844510) 
thrown [s\src\hotspot\share\prims\jni.cpp, line 516]
Event: 4246.771 Thread 0x0000023ffa50a450 Exception <a 'sun/nio/fs/WindowsException'{0x000000070a844b00}> (0x000000070a844b00) 
thrown [s\src\hotspot\share\prims\jni.cpp, line 516]
Event: 4246.771 Thread 0x0000023ffa50a450 Exception <a 'sun/nio/fs/WindowsException'{0x000000070a844ca8}> (0x000000070a844ca8) 
thrown [s\src\hotspot\share\prims\jni.cpp, line 516]
Event: 4246.773 Thread 0x0000023ffa50a450 Exception <a 'sun/nio/fs/WindowsException'{0x000000070a88a160}> (0x000000070a88a160) 
thrown [s\src\hotspot\share\prims\jni.cpp, line 516]
Event: 4246.858 Thread 0x0000023ff92db730 Exception <a 'sun/nio/fs/WindowsException'{0x0000000709676de0}> (0x0000000709676de0) 
thrown [s\src\hotspot\share\prims\jni.cpp, line 516]
Event: 4246.860 Thread 0x0000023fffdcd580 Exception <a 'sun/nio/fs/WindowsException'{0x00000007091c1d38}> (0x00000007091c1d38) 
thrown [s\src\hotspot\share\prims\jni.cpp, line 516]
Event: 4246.863 Thread 0x0000023fffdcd580 Exception <a 'sun/nio/fs/WindowsException'{0x00000007091c1f68}> (0x00000007091c1f68) 
thrown [s\src\hotspot\share\prims\jni.cpp, line 516]
Event: 4246.866 Thread 0x0000023fffdcd580 Exception <a 'sun/nio/fs/WindowsException'{0x00000007091c2810}> (0x00000007091c2810) 
thrown [s\src\hotspot\share\prims\jni.cpp, line 516]

VM Operations (20 events):
Event: 1743.114 Executing VM operation: HandshakeAllThreads done
Event: 4244.483 Executing VM operation: HandshakeAllThreads
Event: 4244.483 Executing VM operation: HandshakeAllThreads done
Event: 4244.483 Executing VM operation: Cleanup
Event: 4244.483 Executing VM operation: Cleanup done
Event: 4244.723 Executing VM operation: HandshakeAllThreads
Event: 4244.723 Executing VM operation: HandshakeAllThreads done
Event: 4245.724 Executing VM operation: Cleanup
Event: 4245.724 Executing VM operation: Cleanup done
Event: 4245.766 Executing VM operation: HandshakeAllThreads
Event: 4245.766 Executing VM operation: HandshakeAllThreads done
Event: 4245.994 Executing VM operation: HandshakeAllThreads
Event: 4245.994 Executing VM operation: HandshakeAllThreads done
Event: 4246.122 Executing VM operation: HandshakeAllThreads
Event: 4246.122 Executing VM operation: HandshakeAllThreads done
Event: 4246.123 Executing VM operation: ICBufferFull
Event: 4246.123 Executing VM operation: ICBufferFull done
Event: 4246.681 Executing VM operation: HandshakeAllThreads
Event: 4246.681 Executing VM operation: HandshakeAllThreads done
Event: 4246.866 Executing VM operation: G1CollectForAllocation

Events (20 events):
Event: 4246.847 Thread 0x0000023fffdcdfa0 Thread added: 0x0000023fffdcdfa0
Event: 4246.847 Thread 0x0000023fffdcbc30 Thread added: 0x0000023fffdcbc30
Event: 4246.847 Thread 0x0000023fffdce4b0 Thread added: 0x0000023fffdce4b0
Event: 4246.847 Thread 0x0000023fffdd2680 Thread added: 0x0000023fffdd2680
Event: 4246.847 Thread 0x0000023fffdccb60 Thread added: 0x0000023fffdccb60
Event: 4246.848 Thread 0x0000023fffdd0820 Thread added: 0x0000023fffdd0820
Event: 4246.848 Thread 0x0000023fffdd0d30 Thread added: 0x0000023fffdd0d30
Event: 4246.849 Thread 0x0000023fffdcda90 Thread added: 0x0000023fffdcda90
Event: 4246.850 Thread 0x0000023fffdd1240 Thread added: 0x0000023fffdd1240
Event: 4246.850 Thread 0x0000023fffdce9c0 Thread added: 0x0000023fffdce9c0
Event: 4246.852 Thread 0x0000023fffdcf3e0 Thread added: 0x0000023fffdcf3e0
Event: 4246.853 Thread 0x0000023fffdd1750 Thread added: 0x0000023fffdd1750
Event: 4246.854 Thread 0x0000023fffdd2b90 Thread added: 0x0000023fffdd2b90
Event: 4246.854 Thread 0x0000023fffdceed0 Thread added: 0x0000023fffdceed0
Event: 4246.856 Thread 0x0000023fffdd1c60 Thread added: 0x0000023fffdd1c60
Event: 4246.857 Thread 0x0000023fffdd2170 Thread added: 0x0000023fffdd2170
Event: 4246.858 Thread 0x0000023fffdd30a0 Thread added: 0x0000023fffdd30a0
Event: 4246.859 Thread 0x0000023fffdd35b0 Thread added: 0x0000023fffdd35b0
Event: 4246.860 Thread 0x0000023fffdcc140 Thread added: 0x0000023fffdcc140
Event: 4246.861 Thread 0x0000023fffec8760 Thread added: 0x0000023fffec8760


Dynamic libraries:
0x00007ff690460000 - 0x00007ff69046e000 	C:\Program Files\Java\microsoft-jdk-17.0.10-windows-x64\jdk-17.0.10+7\bin\java.EXE
0x00007ff9984d0000 - 0x00007ff9986c8000 	C:\Windows\SYSTEM32\ntdll.dll
0x00007ff997510000 - 0x00007ff9975cd000 	C:\Windows\System32\KERNEL32.DLL
0x00007ff995d10000 - 0x00007ff996006000 	C:\Windows\System32\KERNELBASE.dll
0x00007ff996010000 - 0x00007ff996110000 	C:\Windows\System32\ucrtbase.dll
0x00007ff984630000 - 0x00007ff984647000 	C:\Program Files\Java\microsoft-jdk-17.0.10-windows-x64\jdk-17.0.10+7\bin\jli.dll
0x00007ff9846a0000 - 0x00007ff9846bb000 	C:\Program Files\Java\microsoft-jdk-17.0.10-windows-x64\jdk-17.0.10+7\bin\VCRUNTIME140.dll
0x00007ff9972d0000 - 0x00007ff99746f000 	C:\Windows\System32\USER32.dll
0x00007ff994f50000 - 0x00007ff9951ea000 	C:\Windows\WinSxS\amd64_microsoft.windows.common-controls_6595b64144ccf1df_6.0.19041.3636_none_60b6a03d71f818d5\COMCTL32.dll
0x00007ff996370000 - 0x00007ff996392000 	C:\Windows\System32\win32u.dll
0x00007ff997470000 - 0x00007ff99750e000 	C:\Windows\System32\msvcrt.dll
0x00007ff996bf0000 - 0x00007ff996c1b000 	C:\Windows\System32\GDI32.dll
0x00007ff996110000 - 0x00007ff996227000 	C:\Windows\System32\gdi32full.dll
0x00007ff996460000 - 0x00007ff9964fd000 	C:\Windows\System32\msvcp_win.dll
0x00007ff997290000 - 0x00007ff9972c2000 	C:\Windows\System32\IMM32.DLL
0x00007ff98f4e0000 - 0x00007ff98f4ec000 	C:\Program Files\Java\microsoft-jdk-17.0.10-windows-x64\jdk-17.0.10+7\bin\vcruntime140_1.dll
0x00007ff972670000 - 0x00007ff9726fd000 	C:\Program Files\Java\microsoft-jdk-17.0.10-windows-x64\jdk-17.0.10+7\bin\msvcp140.dll
0x00007ff95a200000 - 0x00007ff95ae65000 	C:\Program Files\Java\microsoft-jdk-17.0.10-windows-x64\jdk-17.0.10+7\bin\server\jvm.dll
0x00007ff997980000 - 0x00007ff997a30000 	C:\Windows\System32\ADVAPI32.dll
0x00007ff997640000 - 0x00007ff9976e0000 	C:\Windows\System32\sechost.dll
0x00007ff998280000 - 0x00007ff9983a3000 	C:\Windows\System32\RPCRT4.dll
0x00007ff995ce0000 - 0x00007ff995d07000 	C:\Windows\System32\bcrypt.dll
0x00007ff993f70000 - 0x00007ff993f79000 	C:\Windows\SYSTEM32\WSOCK32.dll
0x00007ff995780000 - 0x00007ff9957cb000 	C:\Windows\SYSTEM32\POWRPROF.dll
0x00007ff97c0c0000 - 0x00007ff97c0e7000 	C:\Windows\SYSTEM32\WINMM.dll
0x00007ff9975d0000 - 0x00007ff99763b000 	C:\Windows\System32\WS2_32.dll
0x00007ff98d8e0000 - 0x00007ff98d8ea000 	C:\Windows\SYSTEM32\VERSION.dll
0x00007ff9951f0000 - 0x00007ff995202000 	C:\Windows\SYSTEM32\UMPDC.dll
0x00007ff9935e0000 - 0x00007ff9935f2000 	C:\Windows\SYSTEM32\kernel.appcore.dll
0x00007ff984f40000 - 0x00007ff984f4a000 	C:\Program Files\Java\microsoft-jdk-17.0.10-windows-x64\jdk-17.0.10+7\bin\jimage.dll
0x00007ff995590000 - 0x00007ff995774000 	C:\Windows\SYSTEM32\DBGHELP.DLL
0x00007ff995320000 - 0x00007ff995354000 	C:\Windows\SYSTEM32\dbgcore.DLL
0x00007ff9962e0000 - 0x00007ff996362000 	C:\Windows\System32\bcryptPrimitives.dll
0x00007ff993ec0000 - 0x00007ff993ece000 	C:\Program Files\Java\microsoft-jdk-17.0.10-windows-x64\jdk-17.0.10+7\bin\instrument.dll
0x00007ff981410000 - 0x00007ff981435000 	C:\Program Files\Java\microsoft-jdk-17.0.10-windows-x64\jdk-17.0.10+7\bin\java.dll
0x00007ff993e80000 - 0x00007ff993ebb000 	C:\Program Files\Java\microsoft-jdk-17.0.10-windows-x64\jdk-17.0.10+7\bin\jdwp.dll
0x00007ff972590000 - 0x00007ff972667000 	C:\Program Files\Java\microsoft-jdk-17.0.10-windows-x64\jdk-17.0.10+7\bin\jsvml.dll
0x00007ff997b10000 - 0x00007ff99827b000 	C:\Windows\System32\SHELL32.dll
0x00007ff992e30000 - 0x00007ff9935ce000 	C:\Windows\SYSTEM32\windows.storage.dll
0x00007ff996eb0000 - 0x00007ff997203000 	C:\Windows\System32\combase.dll
0x00007ff994eb0000 - 0x00007ff994ede000 	C:\Windows\SYSTEM32\Wldp.dll
0x00007ff997a40000 - 0x00007ff997b0d000 	C:\Windows\System32\OLEAUT32.dll
0x00007ff997750000 - 0x00007ff9977fd000 	C:\Windows\System32\SHCORE.dll
0x00007ff9976e0000 - 0x00007ff997735000 	C:\Windows\System32\shlwapi.dll
0x00007ff995ab0000 - 0x00007ff995ad3000 	C:\Windows\SYSTEM32\profapi.dll
0x00007ff97f900000 - 0x00007ff97f918000 	C:\Program Files\Java\microsoft-jdk-17.0.10-windows-x64\jdk-17.0.10+7\bin\zip.dll
0x00007ff982920000 - 0x00007ff982939000 	C:\Program Files\Java\microsoft-jdk-17.0.10-windows-x64\jdk-17.0.10+7\bin\net.dll
0x00007ff98d690000 - 0x00007ff98d79a000 	C:\Windows\SYSTEM32\WINHTTP.dll
0x00007ff994d80000 - 0x00007ff994dea000 	C:\Windows\system32\mswsock.dll
0x00007ff97ffa0000 - 0x00007ff97ffb6000 	C:\Program Files\Java\microsoft-jdk-17.0.10-windows-x64\jdk-17.0.10+7\bin\nio.dll
0x00007ff993e70000 - 0x00007ff993e7c000 	C:\Program Files\Java\microsoft-jdk-17.0.10-windows-x64\jdk-17.0.10+7\bin\dt_socket.dll
0x00007ff9948f0000 - 0x00007ff99492b000 	C:\Windows\SYSTEM32\IPHLPAPI.DLL
0x00007ff994930000 - 0x00007ff9949fb000 	C:\Windows\SYSTEM32\DNSAPI.dll
0x00007ff9966c0000 - 0x00007ff9966c8000 	C:\Windows\System32\NSI.dll
0x00007ff98d9c0000 - 0x00007ff98d9ca000 	C:\Windows\System32\rasadhlp.dll
0x00007ff985ea0000 - 0x00007ff985f20000 	C:\Windows\System32\fwpuclnt.dll
0x00007ff982860000 - 0x00007ff982870000 	C:\Program Files\Java\microsoft-jdk-17.0.10-windows-x64\jdk-17.0.10+7\bin\verify.dll
0x00007ff993e60000 - 0x00007ff993e69000 	C:\Program Files\Java\microsoft-jdk-17.0.10-windows-x64\jdk-17.0.10+7\bin\management.dll
0x00007ff993e50000 - 0x00007ff993e5b000 	C:\Program Files\Java\microsoft-jdk-17.0.10-windows-x64\jdk-17.0.10+7\bin\management_ext.dll
0x00007ff997a30000 - 0x00007ff997a38000 	C:\Windows\System32\PSAPI.DLL
0x0000000069ac0000 - 0x0000000069ae4000 	C:\Users\Andriary\AppData\Local\Temp\jansi-2.4.0-32b30051940da514-jansi.dll
0x00007ff9958f0000 - 0x00007ff995908000 	C:\Windows\SYSTEM32\CRYPTSP.dll
0x00007ff994590000 - 0x00007ff9945c4000 	C:\Windows\system32\rsaenh.dll
0x00007ff995a30000 - 0x00007ff995a5e000 	C:\Windows\SYSTEM32\USERENV.dll
0x00007ff994e70000 - 0x00007ff994e7c000 	C:\Windows\SYSTEM32\CRYPTBASE.dll
0x00007ff98dba0000 - 0x00007ff98dbb7000 	C:\Windows\SYSTEM32\dhcpcsvc6.DLL
0x00007ff98e170000 - 0x00007ff98e18d000 	C:\Windows\SYSTEM32\dhcpcsvc.DLL
0x00007ff993e40000 - 0x00007ff993e4e000 	C:\Program Files\Java\microsoft-jdk-17.0.10-windows-x64\jdk-17.0.10+7\bin\sunmscapi.dll
0x00007ff995b80000 - 0x00007ff995cde000 	C:\Windows\System32\CRYPT32.dll
0x00007ff994f20000 - 0x00007ff994f48000 	C:\Windows\SYSTEM32\ncrypt.dll
0x00007ff994ee0000 - 0x00007ff994f1b000 	C:\Windows\SYSTEM32\NTASN1.dll
0x00007ff98bce0000 - 0x00007ff98bce7000 	C:\Windows\system32\wshunix.dll
0x00007ff984e10000 - 0x00007ff984e19000 	C:\Program Files\Java\microsoft-jdk-17.0.10-windows-x64\jdk-17.0.10+7\bin\extnet.dll
0x00007ff97d0e0000 - 0x00007ff97d0f7000 	C:\Windows\system32\napinsp.dll
0x00007ff97d0c0000 - 0x00007ff97d0db000 	C:\Windows\system32\pnrpnsp.dll
0x00007ff98f990000 - 0x00007ff98f9a5000 	C:\Windows\system32\wshbth.dll
0x00007ff990720000 - 0x00007ff99073d000 	C:\Windows\system32\NLAapi.dll
0x00007ff97d0a0000 - 0x00007ff97d0b2000 	C:\Windows\System32\winrnr.dll

dbghelp: loaded successfully - version: 4.0.5 - missing functions: none
symbol engine: initialized successfully - sym options: 0x614 - pdb path: .;C:\Program Files\Java\microsoft-jdk-17.0.10-windows-x64\jdk-17.0.10+7\bin;C:\Windows\SYSTEM32;C:\Windows\WinSxS\amd64_microsoft.windows.common-controls_6595b64144ccf1df_6.0.19041.3636_none_60b6a03d71f818d5;C:\Program Files\Java\microsoft-jdk-17.0.10-windows-x64\jdk-17.0.10+7\bin\server;C:\Users\Andriary\AppData\Local\Temp

VM Arguments:
jvm_args: -Dquarkus-internal.serialized-app-model.path=D:\app_sms_833\app_sms_back\target\quarkus\bootstrap\dev-app-model.dat -javaagent:C:\Users\Andriary\.m2\repository\io\quarkus\quarkus-class-change-agent\3.8.2\quarkus-class-change-agent-3.8.2.jar -XX:TieredStopAtLevel=1 -agentlib:jdwp=transport=dt_socket,address=localhost:5005,server=y,suspend=n -Djava.util.logging.manager=org.jboss.logmanager.LogManager 
java_command: D:\app_sms_833\app_sms_back\target\app_sms_back-dev.jar
java_class_path (initial): D:\app_sms_833\app_sms_back\target\app_sms_back-dev.jar
Launcher Type: SUN_STANDARD

[Global flags]
     intx CICompilerCount                          = 4                                         {product} {ergonomic}
     uint ConcGCThreads                            = 2                                         {product} {ergonomic}
     uint G1ConcRefinementThreads                  = 8                                         {product} {ergonomic}
   size_t G1HeapRegionSize                         = 2097152                                   {product} {ergonomic}
    uintx GCDrainStackTargetSize                   = 64                                        {product} {ergonomic}
   size_t InitialHeapSize                          = 268435456                                 {product} {ergonomic}
   size_t MarkStackSize                            = 4194304                                   {product} {ergonomic}
   size_t MaxHeapSize                              = 4276092928                                {product} {ergonomic}
   size_t MaxNewSize                               = 2564816896                                {product} {ergonomic}
   size_t MinHeapDeltaBytes                        = 2097152                                   {product} {ergonomic}
   size_t MinHeapSize                              = 8388608                                   {product} {ergonomic}
    uintx NonProfiledCodeHeapSize                  = 0                                      {pd product} {ergonomic}
     bool ProfileInterpreter                       = false                                  {pd product} {command line}
    uintx ProfiledCodeHeapSize                     = 0                                      {pd product} {ergonomic}
   size_t SoftMaxHeapSize                          = 4276092928                             {manageable} {ergonomic}
     intx TieredStopAtLevel                        = 1                                         {product} {command line}
     bool UseCompressedClassPointers               = true                           {product lp64_product} {ergonomic}
     bool UseCompressedOops                        = true                           {product lp64_product} {ergonomic}
     bool UseG1GC                                  = true                                      {product} {ergonomic}
     bool UseLargePagesIndividualAllocation        = false                                  {pd product} {ergonomic}

Logging:
Log output configuration:
 #0: stdout all=warning uptime,level,tags
 #1: stderr all=off uptime,level,tags

Environment Variables:
JAVA_HOME=C:\Program Files\Java\microsoft-jdk-17.0.10-windows-x64\jdk-17.0.10+7
PATH=C:\Program Files\Common Files\Oracle\Java\javapath;C:\Program Files (x86)\Common Files\Oracle\Java\javapath;C:\Windows\system32;C:\Windows;C:\Windows\System32\Wbem;C:\Windows\System32\WindowsPowerShell\v1.0\;C:\Windows\System32\OpenSSH\;C:\Program Files\Git\cmd;C:\Program Files\nodejs\;C:\Program Files\Java\microsoft-jdk-17.0.10-windows-x64\jdk-17.0.10+7;C:\Program Files\Java\microsoft-jdk-17.0.10-windows-x64\jdk-17.0.10+7\bin;C:\Users\Andriary\AppData\Local\Microsoft\WindowsApps;C:\Users\Andriary\AppData\Roaming\npm;C:\Users\Andriary\AppData\Local\Programs\Microsoft VS Code\bin;C:\Program Files\JetBrains\IntelliJ IDEA 2023.3.3\bin;;C:\Program Files\Java\microsoft-jdk-17.0.10-windows-x64\jdk-17.0.10+7;C:\Program Files\Java\microsoft-jdk-17.0.10-windows-x64\jdk-17.0.10+7\bin;C:\Program Files (x86)\Common Files\Oracle\Java\javapath;;C:\Program Files\JetBrains\IntelliJ IDEA Community Edition 2023.3.4\bin;
USERNAME=Andriary
OS=Windows_NT
PROCESSOR_IDENTIFIER=Intel64 Family 6 Model 158 Stepping 9, GenuineIntel
TMP=C:\Users\Andriary\AppData\Local\Temp
TEMP=C:\Users\Andriary\AppData\Local\Temp



Periodic native trim disabled


---------------  S Y S T E M  ---------------

OS:
 Windows 10 , 64 bit Build 19041 (10.0.19041.3636)
OS uptime: 0 days 2:53 hours

CPU: total 8 (initial active 8) (4 cores per cpu, 2 threads per core) family 6 model 158 stepping 9 microcode 0xb4, cx8, cmov, fxsr, ht, mmx, 3dnowpref, sse, sse2, sse3, ssse3, sse4.1, sse4.2, popcnt, lzcnt, tsc, tscinvbit, avx, avx2, aes, erms, clmul, bmi1, bmi2, adx, fma, vzeroupper, clflush, clflushopt
Processor Information for all 8 processors :
  Max Mhz: 2801, Current Mhz: 2801, Mhz Limit: 2801

Memory: 4k page, system-wide physical 16304M (8020M free)
TotalPageFile size 19120M (AvailPageFile size 4610M)
current process WorkingSet (physical memory assigned to process): 364M, peak: 522M
current process commit charge ("private bytes"): 645M, peak: 984M

vm_info: OpenJDK 64-Bit Server VM (17.0.10+7-LTS) for windows-amd64 JRE (17.0.10+7-LTS), built on Jan 10 2024 19:47:12 by "MicrosoftCorporation" with MS VC++ 16.10 / 16.11 (VS2019)

END.
